<?xml version="1.0" encoding="UTF-8"?>
<coverage generated="1703247324207" clover="3.2.0">
  <project timestamp="1703247324207" name="All files">
    <metrics statements="1543" coveredstatements="1296" conditionals="530" coveredconditionals="371" methods="287" coveredmethods="214" elements="2360" coveredelements="1881" complexity="0" loc="1543" ncloc="1543" packages="12" files="84" classes="84"/>
    <package name="src">
      <metrics statements="44" coveredstatements="36" conditionals="27" coveredconditionals="19" methods="3" coveredmethods="3"/>
      <file name="app.js" path="C:\Users\aliaa gheis\Desktop\backend\src\app.js">
        <metrics statements="28" coveredstatements="27" conditionals="2" coveredconditionals="1" methods="2" coveredmethods="2"/>
        <line num="34" count="25" type="stmt"/>
        <line num="38" count="25" type="stmt"/>
        <line num="39" count="74" type="stmt"/>
        <line num="42" count="25" type="stmt"/>
        <line num="43" count="25" type="stmt"/>
        <line num="46" count="25" type="stmt"/>
        <line num="47" count="25" type="stmt"/>
        <line num="49" count="25" type="stmt"/>
        <line num="50" count="25" type="stmt"/>
        <line num="51" count="25" type="stmt"/>
        <line num="52" count="25" type="stmt"/>
        <line num="54" count="25" type="stmt"/>
        <line num="56" count="25" type="cond" truecount="1" falsecount="1"/>
        <line num="57" count="0" type="stmt"/>
        <line num="60" count="25" type="stmt"/>
        <line num="67" count="25" type="stmt"/>
        <line num="68" count="25" type="stmt"/>
        <line num="69" count="25" type="stmt"/>
        <line num="70" count="25" type="stmt"/>
        <line num="72" count="25" type="stmt"/>
        <line num="74" count="25" type="stmt"/>
        <line num="76" count="25" type="stmt"/>
        <line num="78" count="25" type="stmt"/>
        <line num="79" count="25" type="stmt"/>
        <line num="82" count="25" type="stmt"/>
        <line num="83" count="1" type="stmt"/>
        <line num="86" count="25" type="stmt"/>
        <line num="88" count="25" type="stmt"/>
      </file>
      <file name="prisma.js" path="C:\Users\aliaa gheis\Desktop\backend\src\prisma.js">
        <metrics statements="16" coveredstatements="9" conditionals="25" coveredconditionals="18" methods="1" coveredmethods="1"/>
        <line num="3" count="25" type="stmt"/>
        <line num="7" count="25" type="stmt"/>
        <line num="8" count="1132" type="stmt"/>
        <line num="9" count="1132" type="cond" truecount="2" falsecount="0"/>
        <line num="14" count="570" type="cond" truecount="1" falsecount="1"/>
        <line num="19" count="0" type="stmt"/>
        <line num="21" count="0" type="cond" truecount="0" falsecount="2"/>
        <line num="22" count="0" type="cond" truecount="0" falsecount="2"/>
        <line num="23" count="0" type="stmt"/>
        <line num="25" count="0" type="stmt"/>
        <line num="29" count="570" type="cond" truecount="2" falsecount="0"/>
        <line num="36" count="278" type="cond" truecount="2" falsecount="0"/>
        <line num="37" count="1" type="stmt"/>
        <line num="40" count="1132" type="stmt"/>
        <line num="42" count="0" type="stmt"/>
        <line num="43" count="0" type="stmt"/>
      </file>
    </package>
    <package name="src.config">
      <metrics statements="1" coveredstatements="1" conditionals="0" coveredconditionals="0" methods="0" coveredmethods="0"/>
      <file name="emailConfig.js" path="C:\Users\aliaa gheis\Desktop\backend\src\config\emailConfig.js">
        <metrics statements="1" coveredstatements="1" conditionals="0" coveredconditionals="0" methods="0" coveredmethods="0"/>
        <line num="4" count="25" type="stmt"/>
      </file>
      <file name="serviceAccountKeyFirebase.js" path="C:\Users\aliaa gheis\Desktop\backend\src\config\serviceAccountKeyFirebase.js">
        <metrics statements="0" coveredstatements="0" conditionals="0" coveredconditionals="0" methods="0" coveredmethods="0"/>
      </file>
      <file name="swaggerConfig.js" path="C:\Users\aliaa gheis\Desktop\backend\src\config\swaggerConfig.js">
        <metrics statements="0" coveredstatements="0" conditionals="0" coveredconditionals="0" methods="0" coveredmethods="0"/>
      </file>
    </package>
    <package name="src.controllers">
      <metrics statements="387" coveredstatements="346" conditionals="191" coveredconditionals="133" methods="44" coveredmethods="35"/>
      <file name="conversationController.js" path="C:\Users\aliaa gheis\Desktop\backend\src\controllers\conversationController.js">
        <metrics statements="48" coveredstatements="46" conditionals="21" coveredconditionals="16" methods="5" coveredmethods="5"/>
        <line num="5" count="25" type="stmt"/>
        <line num="7" count="1" type="stmt"/>
        <line num="12" count="1" type="stmt"/>
        <line num="17" count="1" type="stmt"/>
        <line num="20" count="25" type="stmt"/>
        <line num="21" count="3" type="stmt"/>
        <line num="23" count="3" type="stmt"/>
        <line num="27" count="3" type="cond" truecount="2" falsecount="0"/>
        <line num="28" count="1" type="stmt"/>
        <line num="33" count="2" type="stmt"/>
        <line num="38" count="2" type="cond" truecount="2" falsecount="0"/>
        <line num="39" count="1" type="stmt"/>
        <line num="40" count="1" type="stmt"/>
        <line num="43" count="1" type="stmt"/>
        <line num="47" count="1" type="cond" truecount="1" falsecount="1"/>
        <line num="48" count="0" type="stmt"/>
        <line num="51" count="1" type="stmt"/>
        <line num="56" count="1" type="stmt"/>
        <line num="62" count="25" type="stmt"/>
        <line num="63" count="4" type="stmt"/>
        <line num="64" count="4" type="stmt"/>
        <line num="66" count="4" type="cond" truecount="4" falsecount="1"/>
        <line num="67" count="1" type="stmt"/>
        <line num="70" count="3" type="stmt"/>
        <line num="74" count="3" type="cond" truecount="2" falsecount="0"/>
        <line num="75" count="2" type="stmt"/>
        <line num="78" count="1" type="cond" truecount="1" falsecount="1"/>
        <line num="81" count="1" type="stmt"/>
        <line num="83" count="1" type="stmt"/>
        <line num="88" count="1" type="cond" truecount="1" falsecount="1"/>
        <line num="89" count="0" type="stmt"/>
        <line num="92" count="1" type="stmt"/>
        <line num="101" count="1" type="stmt"/>
        <line num="107" count="25" type="stmt"/>
        <line num="108" count="3" type="stmt"/>
        <line num="111" count="3" type="stmt"/>
        <line num="116" count="3" type="cond" truecount="2" falsecount="0"/>
        <line num="117" count="1" type="stmt"/>
        <line num="120" count="2" type="stmt"/>
        <line num="125" count="2" type="stmt"/>
        <line num="129" count="2" type="stmt"/>
        <line num="130" count="2" type="stmt"/>
        <line num="131" count="2" type="stmt"/>
        <line num="133" count="2" type="stmt"/>
        <line num="135" count="2" type="stmt"/>
        <line num="138" count="25" type="stmt"/>
        <line num="139" count="2" type="stmt"/>
        <line num="142" count="2" type="stmt"/>
      </file>
      <file name="homeController.js" path="C:\Users\aliaa gheis\Desktop\backend\src\controllers\homeController.js">
        <metrics statements="8" coveredstatements="8" conditionals="0" coveredconditionals="0" methods="1" coveredmethods="1"/>
        <line num="11" count="25" type="stmt"/>
        <line num="13" count="1" type="stmt"/>
        <line num="17" count="1" type="stmt"/>
        <line num="21" count="1" type="stmt"/>
        <line num="24" count="1" type="stmt"/>
        <line num="33" count="1" type="stmt"/>
        <line num="36" count="1" type="stmt"/>
        <line num="44" count="1" type="stmt"/>
      </file>
      <file name="interactionController.js" path="C:\Users\aliaa gheis\Desktop\backend\src\controllers\interactionController.js">
        <metrics statements="121" coveredstatements="114" conditionals="73" coveredconditionals="58" methods="15" coveredmethods="13"/>
        <line num="17" count="25" type="stmt"/>
        <line num="19" count="25" type="stmt"/>
        <line num="21" count="3" type="stmt"/>
        <line num="24" count="3" type="cond" truecount="2" falsecount="0"/>
        <line num="25" count="1" type="stmt"/>
        <line num="29" count="2" type="stmt"/>
        <line num="33" count="2" type="cond" truecount="2" falsecount="0"/>
        <line num="34" count="1" type="stmt"/>
        <line num="37" count="1" type="stmt"/>
        <line num="42" count="1" type="cond" truecount="1" falsecount="1"/>
        <line num="43" count="0" type="stmt"/>
        <line num="46" count="1" type="stmt"/>
        <line num="49" count="25" type="stmt"/>
        <line num="51" count="2" type="stmt"/>
        <line num="54" count="2" type="cond" truecount="2" falsecount="0"/>
        <line num="55" count="1" type="stmt"/>
        <line num="57" count="1" type="stmt"/>
        <line num="58" count="1" type="stmt"/>
        <line num="69" count="1" type="stmt"/>
        <line num="70" count="1" type="stmt"/>
        <line num="71" count="3" type="stmt"/>
        <line num="72" count="1" type="stmt"/>
        <line num="73" count="3" type="stmt"/>
        <line num="74" count="3" type="stmt"/>
        <line num="77" count="3" type="cond" truecount="4" falsecount="0"/>
        <line num="78" count="1" type="stmt"/>
        <line num="81" count="2" type="stmt"/>
        <line num="82" count="2" type="stmt"/>
        <line num="83" count="2" type="stmt"/>
        <line num="84" count="2" type="stmt"/>
        <line num="86" count="2" type="stmt"/>
        <line num="89" count="1" type="stmt"/>
        <line num="96" count="25" type="stmt"/>
        <line num="97" count="4" type="stmt"/>
        <line num="98" count="4" type="stmt"/>
        <line num="101" count="4" type="cond" truecount="4" falsecount="1"/>
        <line num="102" count="1" type="stmt"/>
        <line num="105" count="3" type="stmt"/>
        <line num="109" count="3" type="cond" truecount="4" falsecount="0"/>
        <line num="110" count="1" type="stmt"/>
        <line num="112" count="2" type="stmt"/>
        <line num="114" count="2" type="stmt"/>
        <line num="116" count="2" type="stmt"/>
        <line num="122" count="2" type="cond" truecount="1" falsecount="1"/>
        <line num="123" count="0" type="stmt"/>
        <line num="125" count="0" type="stmt"/>
        <line num="127" count="0" type="stmt"/>
        <line num="132" count="2" type="stmt"/>
        <line num="143" count="2" type="stmt"/>
        <line num="144" count="2" type="stmt"/>
        <line num="146" count="2" type="stmt"/>
        <line num="150" count="2" type="stmt"/>
        <line num="153" count="25" type="stmt"/>
        <line num="155" count="5" type="stmt"/>
        <line num="158" count="5" type="cond" truecount="4" falsecount="0"/>
        <line num="159" count="1" type="stmt"/>
        <line num="161" count="4" type="stmt"/>
        <line num="162" count="4" type="stmt"/>
        <line num="164" count="4" type="stmt"/>
        <line num="168" count="4" type="cond" truecount="2" falsecount="0"/>
        <line num="169" count="1" type="stmt"/>
        <line num="172" count="3" type="stmt"/>
        <line num="178" count="3" type="stmt"/>
        <line num="182" count="3" type="stmt"/>
        <line num="185" count="25" type="stmt"/>
        <line num="187" count="3" type="stmt"/>
        <line num="190" count="3" type="cond" truecount="2" falsecount="0"/>
        <line num="191" count="1" type="stmt"/>
        <line num="193" count="2" type="stmt"/>
        <line num="195" count="2" type="stmt"/>
        <line num="201" count="2" type="cond" truecount="2" falsecount="0"/>
        <line num="202" count="1" type="stmt"/>
        <line num="205" count="1" type="stmt"/>
        <line num="211" count="1" type="stmt"/>
        <line num="217" count="25" type="stmt"/>
        <line num="218" count="2" type="stmt"/>
        <line num="221" count="2" type="cond" truecount="2" falsecount="0"/>
        <line num="223" count="1" type="stmt"/>
        <line num="224" count="1" type="stmt"/>
        <line num="226" count="1" type="stmt"/>
        <line num="227" count="1" type="stmt"/>
        <line num="235" count="1" type="stmt"/>
        <line num="238" count="1" type="stmt"/>
        <line num="246" count="1" type="stmt"/>
        <line num="253" count="25" type="stmt"/>
        <line num="254" count="7" type="stmt"/>
        <line num="257" count="7" type="cond" truecount="2" falsecount="0"/>
        <line num="258" count="1" type="stmt"/>
        <line num="260" count="6" type="cond" truecount="4" falsecount="0"/>
        <line num="261" count="3" type="stmt"/>
        <line num="262" count="0" type="cond" truecount="0" falsecount="4"/>
        <line num="263" count="0" type="stmt"/>
        <line num="265" count="6" type="cond" truecount="2" falsecount="0"/>
        <line num="266" count="3" type="stmt"/>
        <line num="269" count="3" type="stmt"/>
        <line num="270" count="3" type="cond" truecount="4" falsecount="0"/>
        <line num="271" count="1" type="stmt"/>
        <line num="274" count="6" type="stmt"/>
        <line num="279" count="6" type="stmt"/>
        <line num="283" count="6" type="stmt"/>
        <line num="287" count="5" type="stmt"/>
        <line num="290" count="25" type="stmt"/>
        <line num="291" count="2" type="stmt"/>
        <line num="294" count="2" type="cond" truecount="2" falsecount="0"/>
        <line num="295" count="1" type="stmt"/>
        <line num="297" count="1" type="stmt"/>
        <line num="298" count="1" type="stmt"/>
        <line num="312" count="1" type="stmt"/>
        <line num="313" count="1" type="stmt"/>
        <line num="315" count="2" type="stmt"/>
        <line num="316" count="1" type="stmt"/>
        <line num="317" count="2" type="stmt"/>
        <line num="318" count="2" type="stmt"/>
        <line num="321" count="2" type="cond" truecount="3" falsecount="1"/>
        <line num="322" count="0" type="stmt"/>
        <line num="325" count="2" type="stmt"/>
        <line num="326" count="2" type="stmt"/>
        <line num="327" count="2" type="stmt"/>
        <line num="328" count="2" type="stmt"/>
        <line num="330" count="2" type="stmt"/>
        <line num="333" count="1" type="stmt"/>
      </file>
      <file name="notificationController.js" path="C:\Users\aliaa gheis\Desktop\backend\src\controllers\notificationController.js">
        <metrics statements="113" coveredstatements="86" conditionals="72" coveredconditionals="39" methods="14" coveredmethods="8"/>
        <line num="5" count="25" type="stmt"/>
        <line num="6" count="1" type="cond" truecount="1" falsecount="1"/>
        <line num="8" count="1" type="stmt"/>
        <line num="12" count="1" type="stmt"/>
        <line num="16" count="1" type="stmt"/>
        <line num="20" count="1" type="stmt"/>
        <line num="27" count="1" type="stmt"/>
        <line num="30" count="25" type="stmt"/>
        <line num="31" count="3" type="cond" truecount="2" falsecount="0"/>
        <line num="33" count="2" type="stmt"/>
        <line num="37" count="2" type="stmt"/>
        <line num="41" count="2" type="stmt"/>
        <line num="45" count="2" type="stmt"/>
        <line num="52" count="2" type="stmt"/>
        <line num="55" count="25" type="stmt"/>
        <line num="56" count="0" type="cond" truecount="0" falsecount="2"/>
        <line num="57" count="0" type="stmt"/>
        <line num="59" count="0" type="stmt"/>
        <line num="60" count="0" type="stmt"/>
        <line num="66" count="25" type="stmt"/>
        <line num="67" count="0" type="cond" truecount="0" falsecount="2"/>
        <line num="68" count="0" type="stmt"/>
        <line num="70" count="0" type="stmt"/>
        <line num="71" count="0" type="stmt"/>
        <line num="77" count="25" type="stmt"/>
        <line num="78" count="2" type="cond" truecount="2" falsecount="0"/>
        <line num="79" count="1" type="stmt"/>
        <line num="84" count="1" type="stmt"/>
        <line num="88" count="1" type="stmt"/>
        <line num="92" count="1" type="stmt"/>
        <line num="100" count="2" type="stmt"/>
        <line num="103" count="25" type="stmt"/>
        <line num="104" count="1" type="stmt"/>
        <line num="106" count="1" type="stmt"/>
        <line num="156" count="1" type="stmt"/>
        <line num="158" count="1" type="stmt"/>
        <line num="159" count="1" type="stmt"/>
        <line num="161" count="1" type="stmt"/>
        <line num="162" count="6" type="stmt"/>
        <line num="163" count="6" type="stmt"/>
        <line num="164" count="6" type="stmt"/>
        <line num="165" count="6" type="stmt"/>
        <line num="166" count="6" type="stmt"/>
        <line num="167" count="6" type="cond" truecount="1" falsecount="1"/>
        <line num="168" count="6" type="cond" truecount="2" falsecount="0"/>
        <line num="169" count="1" type="stmt"/>
        <line num="171" count="1" type="stmt"/>
        <line num="172" count="1" type="stmt"/>
        <line num="173" count="5" type="stmt"/>
        <line num="174" count="6" type="stmt"/>
        <line num="176" count="1" type="stmt"/>
        <line num="177" count="1" type="stmt"/>
        <line num="178" count="1" type="stmt"/>
        <line num="179" count="6" type="cond" truecount="1" falsecount="1"/>
        <line num="184" count="0" type="stmt"/>
        <line num="187" count="6" type="cond" truecount="2" falsecount="0"/>
        <line num="194" count="1" type="stmt"/>
        <line num="197" count="5" type="cond" truecount="2" falsecount="0"/>
        <line num="204" count="1" type="stmt"/>
        <line num="207" count="4" type="cond" truecount="1" falsecount="1"/>
        <line num="214" count="0" type="stmt"/>
        <line num="218" count="4" type="stmt"/>
        <line num="219" count="4" type="cond" truecount="2" falsecount="0"/>
        <line num="220" count="1" type="stmt"/>
        <line num="223" count="3" type="cond" truecount="2" falsecount="0"/>
        <line num="224" count="1" type="stmt"/>
        <line num="227" count="2" type="cond" truecount="2" falsecount="0"/>
        <line num="228" count="1" type="stmt"/>
        <line num="231" count="1" type="cond" truecount="1" falsecount="1"/>
        <line num="232" count="0" type="stmt"/>
        <line num="235" count="1" type="cond" truecount="1" falsecount="1"/>
        <line num="236" count="1" type="stmt"/>
        <line num="239" count="4" type="stmt"/>
        <line num="242" count="1" type="stmt"/>
        <line num="248" count="1" type="stmt"/>
        <line num="255" count="25" type="stmt"/>
        <line num="256" count="10" type="stmt"/>
        <line num="257" count="10" type="stmt"/>
        <line num="258" count="3" type="cond" truecount="1" falsecount="1"/>
        <line num="260" count="10" type="cond" truecount="2" falsecount="0"/>
        <line num="261" count="3" type="stmt"/>
        <line num="266" count="3" type="stmt"/>
        <line num="270" count="3" type="stmt"/>
        <line num="274" count="3" type="stmt"/>
        <line num="281" count="3" type="stmt"/>
        <line num="282" count="7" type="stmt"/>
        <line num="285" count="25" type="stmt"/>
        <line num="286" count="0" type="stmt"/>
        <line num="288" count="0" type="stmt"/>
        <line num="339" count="0" type="stmt"/>
        <line num="341" count="0" type="stmt"/>
        <line num="342" count="0" type="stmt"/>
        <line num="343" count="0" type="stmt"/>
        <line num="344" count="0" type="cond" truecount="0" falsecount="2"/>
        <line num="370" count="0" type="stmt"/>
        <line num="372" count="0" type="stmt"/>
        <line num="376" count="0" type="stmt"/>
        <line num="381" count="25" type="stmt"/>
        <line num="382" count="5" type="cond" truecount="1" falsecount="1"/>
        <line num="383" count="5" type="stmt"/>
        <line num="387" count="5" type="stmt"/>
        <line num="391" count="5" type="stmt"/>
        <line num="395" count="5" type="stmt"/>
        <line num="402" count="5" type="stmt"/>
        <line num="404" count="25" type="stmt"/>
        <line num="405" count="0" type="stmt"/>
        <line num="406" count="0" type="stmt"/>
        <line num="412" count="25" type="stmt"/>
        <line num="413" count="0" type="stmt"/>
        <line num="414" count="0" type="stmt"/>
        <line num="420" count="25" type="stmt"/>
        <line num="421" count="0" type="stmt"/>
        <line num="425" count="0" type="stmt"/>
      </file>
      <file name="profileController.js" path="C:\Users\aliaa gheis\Desktop\backend\src\controllers\profileController.js">
        <metrics statements="36" coveredstatements="34" conditionals="10" coveredconditionals="8" methods="3" coveredmethods="3"/>
        <line num="18" count="25" type="stmt"/>
        <line num="19" count="2" type="stmt"/>
        <line num="20" count="2" type="cond" truecount="2" falsecount="0"/>
        <line num="22" count="1" type="stmt"/>
        <line num="23" count="1" type="cond" truecount="1" falsecount="1"/>
        <line num="24" count="0" type="stmt"/>
        <line num="29" count="1" type="stmt"/>
        <line num="31" count="1" type="stmt"/>
        <line num="32" count="1" type="stmt"/>
        <line num="34" count="1" type="stmt"/>
        <line num="41" count="1" type="stmt"/>
        <line num="44" count="1" type="stmt"/>
        <line num="52" count="1" type="stmt"/>
        <line num="59" count="25" type="stmt"/>
        <line num="60" count="2" type="stmt"/>
        <line num="61" count="2" type="cond" truecount="2" falsecount="0"/>
        <line num="63" count="1" type="stmt"/>
        <line num="64" count="1" type="cond" truecount="1" falsecount="1"/>
        <line num="65" count="0" type="stmt"/>
        <line num="71" count="1" type="stmt"/>
        <line num="73" count="1" type="stmt"/>
        <line num="74" count="1" type="stmt"/>
        <line num="76" count="1" type="stmt"/>
        <line num="82" count="1" type="stmt"/>
        <line num="84" count="1" type="stmt"/>
        <line num="92" count="1" type="stmt"/>
        <line num="99" count="25" type="stmt"/>
        <line num="100" count="2" type="stmt"/>
        <line num="101" count="2" type="cond" truecount="2" falsecount="0"/>
        <line num="103" count="1" type="stmt"/>
        <line num="105" count="1" type="stmt"/>
        <line num="106" count="1" type="stmt"/>
        <line num="108" count="1" type="stmt"/>
        <line num="114" count="1" type="stmt"/>
        <line num="116" count="1" type="stmt"/>
        <line num="124" count="1" type="stmt"/>
      </file>
      <file name="trendController.js" path="C:\Users\aliaa gheis\Desktop\backend\src\controllers\trendController.js">
        <metrics statements="16" coveredstatements="16" conditionals="0" coveredconditionals="0" methods="2" coveredmethods="2"/>
        <line num="10" count="25" type="stmt"/>
        <line num="12" count="2" type="stmt"/>
        <line num="15" count="2" type="stmt"/>
        <line num="17" count="2" type="stmt"/>
        <line num="20" count="2" type="stmt"/>
        <line num="23" count="2" type="stmt"/>
        <line num="31" count="2" type="stmt"/>
        <line num="38" count="25" type="stmt"/>
        <line num="40" count="1" type="stmt"/>
        <line num="41" count="1" type="stmt"/>
        <line num="44" count="1" type="stmt"/>
        <line num="46" count="1" type="stmt"/>
        <line num="48" count="1" type="stmt"/>
        <line num="57" count="1" type="stmt"/>
        <line num="59" count="1" type="stmt"/>
        <line num="67" count="1" type="stmt"/>
      </file>
      <file name="tweetController.js" path="C:\Users\aliaa gheis\Desktop\backend\src\controllers\tweetController.js">
        <metrics statements="45" coveredstatements="42" conditionals="15" coveredconditionals="12" methods="4" coveredmethods="3"/>
        <line num="15" count="25" type="stmt"/>
        <line num="17" count="25" type="stmt"/>
        <line num="18" count="9" type="stmt"/>
        <line num="19" count="9" type="stmt"/>
        <line num="22" count="9" type="cond" truecount="4" falsecount="1"/>
        <line num="23" count="1" type="stmt"/>
        <line num="25" count="8" type="stmt"/>
        <line num="27" count="8" type="stmt"/>
        <line num="32" count="8" type="stmt"/>
        <line num="33" count="8" type="cond" truecount="1" falsecount="1"/>
        <line num="34" count="0" type="stmt"/>
        <line num="36" count="0" type="stmt"/>
        <line num="38" count="0" type="stmt"/>
        <line num="42" count="8" type="stmt"/>
        <line num="51" count="8" type="stmt"/>
        <line num="52" count="8" type="stmt"/>
        <line num="56" count="8" type="stmt"/>
        <line num="60" count="8" type="stmt"/>
        <line num="63" count="25" type="stmt"/>
        <line num="64" count="3" type="stmt"/>
        <line num="65" count="3" type="stmt"/>
        <line num="66" count="3" type="stmt"/>
        <line num="67" count="3" type="cond" truecount="1" falsecount="1"/>
        <line num="68" count="3" type="stmt"/>
        <line num="70" count="3" type="cond" truecount="2" falsecount="0"/>
        <line num="72" count="2" type="stmt"/>
        <line num="73" count="2" type="cond" truecount="2" falsecount="0"/>
        <line num="74" count="1" type="stmt"/>
        <line num="76" count="1" type="stmt"/>
        <line num="78" count="2" type="stmt"/>
        <line num="82" count="2" type="stmt"/>
        <line num="84" count="2" type="cond" truecount="2" falsecount="0"/>
        <line num="85" count="1" type="stmt"/>
        <line num="93" count="1" type="stmt"/>
        <line num="101" count="2" type="stmt"/>
        <line num="103" count="2" type="stmt"/>
        <line num="111" count="2" type="stmt"/>
        <line num="118" count="25" type="stmt"/>
        <line num="119" count="2" type="stmt"/>
        <line num="120" count="2" type="stmt"/>
        <line num="122" count="2" type="stmt"/>
        <line num="123" count="2" type="stmt"/>
        <line num="125" count="2" type="stmt"/>
        <line num="131" count="2" type="stmt"/>
        <line num="139" count="2" type="stmt"/>
      </file>
    </package>
    <package name="src.controllers.authController">
      <metrics statements="125" coveredstatements="88" conditionals="45" coveredconditionals="26" methods="13" coveredmethods="8"/>
      <file name="captcha.js" path="C:\Users\aliaa gheis\Desktop\backend\src\controllers\authController\captcha.js">
        <metrics statements="10" coveredstatements="1" conditionals="6" coveredconditionals="0" methods="2" coveredmethods="0"/>
        <line num="7" count="25" type="stmt"/>
        <line num="8" count="0" type="cond" truecount="0" falsecount="2"/>
        <line num="9" count="0" type="stmt"/>
        <line num="12" count="0" type="stmt"/>
        <line num="15" count="0" type="stmt"/>
        <line num="20" count="0" type="stmt"/>
        <line num="23" count="0" type="stmt"/>
        <line num="26" count="0" type="cond" truecount="0" falsecount="4"/>
        <line num="27" count="0" type="stmt"/>
        <line num="30" count="0" type="stmt"/>
      </file>
      <file name="checkEmailVerification.js" path="C:\Users\aliaa gheis\Desktop\backend\src\controllers\authController\checkEmailVerification.js">
        <metrics statements="4" coveredstatements="4" conditionals="0" coveredconditionals="0" methods="1" coveredmethods="1"/>
        <line num="3" count="25" type="stmt"/>
        <line num="4" count="4" type="stmt"/>
        <line num="6" count="4" type="stmt"/>
        <line num="8" count="1" type="stmt"/>
      </file>
      <file name="checkResetToken.js" path="C:\Users\aliaa gheis\Desktop\backend\src\controllers\authController\checkResetToken.js">
        <metrics statements="4" coveredstatements="4" conditionals="0" coveredconditionals="0" methods="1" coveredmethods="1"/>
        <line num="3" count="25" type="stmt"/>
        <line num="4" count="4" type="stmt"/>
        <line num="6" count="4" type="stmt"/>
        <line num="8" count="1" type="stmt"/>
      </file>
      <file name="forgetPassword.js" path="C:\Users\aliaa gheis\Desktop\backend\src\controllers\authController\forgetPassword.js">
        <metrics statements="12" coveredstatements="12" conditionals="7" coveredconditionals="7" methods="1" coveredmethods="1"/>
        <line num="11" count="25" type="stmt"/>
        <line num="12" count="7" type="stmt"/>
        <line num="13" count="7" type="stmt"/>
        <line num="15" count="7" type="stmt"/>
        <line num="23" count="7" type="cond" truecount="2" falsecount="0"/>
        <line num="24" count="1" type="stmt"/>
        <line num="27" count="6" type="cond" truecount="2" falsecount="0"/>
        <line num="32" count="1" type="stmt"/>
        <line num="40" count="5" type="stmt"/>
        <line num="42" count="5" type="stmt"/>
        <line num="44" count="5" type="stmt"/>
        <line num="50" count="5" type="stmt"/>
      </file>
      <file name="googleAuthController.js" path="C:\Users\aliaa gheis\Desktop\backend\src\controllers\authController\googleAuthController.js">
        <metrics statements="30" coveredstatements="4" conditionals="8" coveredconditionals="0" methods="3" coveredmethods="0"/>
        <line num="7" count="25" type="stmt"/>
        <line num="13" count="25" type="stmt"/>
        <line num="14" count="0" type="stmt"/>
        <line num="19" count="0" type="stmt"/>
        <line num="21" count="0" type="stmt"/>
        <line num="24" count="25" type="stmt"/>
        <line num="25" count="0" type="cond" truecount="0" falsecount="2"/>
        <line num="28" count="0" type="stmt"/>
        <line num="29" count="0" type="stmt"/>
        <line num="30" count="0" type="stmt"/>
        <line num="31" count="0" type="cond" truecount="0" falsecount="2"/>
        <line num="32" count="0" type="stmt"/>
        <line num="34" count="0" type="stmt"/>
        <line num="35" count="0" type="stmt"/>
        <line num="36" count="0" type="stmt"/>
        <line num="39" count="25" type="stmt"/>
        <line num="40" count="0" type="stmt"/>
        <line num="41" count="0" type="stmt"/>
        <line num="42" count="0" type="stmt"/>
        <line num="43" count="0" type="stmt"/>
        <line num="45" count="0" type="stmt"/>
        <line num="47" count="0" type="cond" truecount="0" falsecount="2"/>
        <line num="48" count="0" type="stmt"/>
        <line num="50" count="0" type="stmt"/>
        <line num="51" count="0" type="stmt"/>
        <line num="52" count="0" type="cond" truecount="0" falsecount="2"/>
        <line num="53" count="0" type="stmt"/>
        <line num="55" count="0" type="stmt"/>
        <line num="56" count="0" type="stmt"/>
        <line num="57" count="0" type="stmt"/>
      </file>
      <file name="index.js" path="C:\Users\aliaa gheis\Desktop\backend\src\controllers\authController\index.js">
        <metrics statements="0" coveredstatements="0" conditionals="0" coveredconditionals="0" methods="0" coveredmethods="0"/>
      </file>
      <file name="login.js" path="C:\Users\aliaa gheis\Desktop\backend\src\controllers\authController\login.js">
        <metrics statements="11" coveredstatements="11" conditionals="4" coveredconditionals="4" methods="1" coveredmethods="1"/>
        <line num="8" count="25" type="stmt"/>
        <line num="9" count="6" type="stmt"/>
        <line num="11" count="6" type="stmt"/>
        <line num="13" count="6" type="cond" truecount="2" falsecount="0"/>
        <line num="14" count="1" type="stmt"/>
        <line num="16" count="5" type="stmt"/>
        <line num="17" count="5" type="cond" truecount="2" falsecount="0"/>
        <line num="18" count="1" type="stmt"/>
        <line num="20" count="4" type="stmt"/>
        <line num="21" count="4" type="stmt"/>
        <line num="22" count="4" type="stmt"/>
      </file>
      <file name="logout.js" path="C:\Users\aliaa gheis\Desktop\backend\src\controllers\authController\logout.js">
        <metrics statements="7" coveredstatements="6" conditionals="6" coveredconditionals="3" methods="1" coveredmethods="1"/>
        <line num="7" count="25" type="stmt"/>
        <line num="8" count="3" type="stmt"/>
        <line num="13" count="3" type="stmt"/>
        <line num="14" count="3" type="cond" truecount="1" falsecount="1"/>
        <line num="16" count="3" type="cond" truecount="2" falsecount="2"/>
        <line num="17" count="0" type="stmt"/>
        <line num="19" count="3" type="stmt"/>
      </file>
      <file name="resetPassword.js" path="C:\Users\aliaa gheis\Desktop\backend\src\controllers\authController\resetPassword.js">
        <metrics statements="9" coveredstatements="9" conditionals="0" coveredconditionals="0" methods="1" coveredmethods="1"/>
        <line num="12" count="25" type="stmt"/>
        <line num="13" count="7" type="stmt"/>
        <line num="14" count="7" type="stmt"/>
        <line num="16" count="7" type="stmt"/>
        <line num="19" count="4" type="stmt"/>
        <line num="20" count="4" type="stmt"/>
        <line num="23" count="4" type="stmt"/>
        <line num="24" count="4" type="stmt"/>
        <line num="26" count="4" type="stmt"/>
      </file>
      <file name="sendEmailVerification.js" path="C:\Users\aliaa gheis\Desktop\backend\src\controllers\authController\sendEmailVerification.js">
        <metrics statements="15" coveredstatements="15" conditionals="8" coveredconditionals="8" methods="1" coveredmethods="1"/>
        <line num="15" count="25" type="stmt"/>
        <line num="16" count="5" type="stmt"/>
        <line num="17" count="5" type="stmt"/>
        <line num="19" count="5" type="stmt"/>
        <line num="21" count="5" type="cond" truecount="2" falsecount="0"/>
        <line num="22" count="1" type="stmt"/>
        <line num="25" count="4" type="stmt"/>
        <line num="28" count="4" type="cond" truecount="2" falsecount="0"/>
        <line num="32" count="1" type="stmt"/>
        <line num="40" count="3" type="stmt"/>
        <line num="43" count="3" type="stmt"/>
        <line num="45" count="3" type="cond" truecount="2" falsecount="0"/>
        <line num="46" count="1" type="stmt"/>
        <line num="51" count="2" type="stmt"/>
        <line num="58" count="3" type="stmt"/>
      </file>
      <file name="signup.js" path="C:\Users\aliaa gheis\Desktop\backend\src\controllers\authController\signup.js">
        <metrics statements="23" coveredstatements="22" conditionals="6" coveredconditionals="4" methods="1" coveredmethods="1"/>
        <line num="14" count="25" type="stmt"/>
        <line num="16" count="4" type="stmt"/>
        <line num="17" count="4" type="stmt"/>
        <line num="19" count="4" type="stmt"/>
        <line num="24" count="4" type="cond" truecount="2" falsecount="0"/>
        <line num="25" count="1" type="stmt"/>
        <line num="33" count="3" type="stmt"/>
        <line num="36" count="1" type="stmt"/>
        <line num="38" count="1" type="stmt"/>
        <line num="40" count="1" type="stmt"/>
        <line num="41" count="1" type="stmt"/>
        <line num="42" count="1" type="stmt"/>
        <line num="43" count="1" type="cond" truecount="1" falsecount="1"/>
        <line num="46" count="1" type="stmt"/>
        <line num="48" count="1" type="stmt"/>
        <line num="50" count="1" type="stmt"/>
        <line num="58" count="1" type="cond" truecount="1" falsecount="1"/>
        <line num="59" count="0" type="stmt"/>
        <line num="62" count="1" type="stmt"/>
        <line num="65" count="1" type="stmt"/>
        <line num="67" count="1" type="stmt"/>
        <line num="68" count="1" type="stmt"/>
        <line num="69" count="1" type="stmt"/>
      </file>
    </package>
    <package name="src.controllers.userController">
      <metrics statements="240" coveredstatements="190" conditionals="80" coveredconditionals="60" methods="32" coveredmethods="24"/>
      <file name="checkUserData.js" path="C:\Users\aliaa gheis\Desktop\backend\src\controllers\userController\checkUserData.js">
        <metrics statements="18" coveredstatements="18" conditionals="6" coveredconditionals="6" methods="4" coveredmethods="4"/>
        <line num="5" count="25" type="stmt"/>
        <line num="6" count="2" type="stmt"/>
        <line num="7" count="2" type="cond" truecount="2" falsecount="0"/>
        <line num="8" count="1" type="stmt"/>
        <line num="10" count="1" type="stmt"/>
        <line num="13" count="25" type="stmt"/>
        <line num="14" count="2" type="stmt"/>
        <line num="15" count="2" type="cond" truecount="2" falsecount="0"/>
        <line num="16" count="1" type="stmt"/>
        <line num="18" count="1" type="stmt"/>
        <line num="21" count="25" type="stmt"/>
        <line num="22" count="4" type="stmt"/>
        <line num="23" count="4" type="stmt"/>
        <line num="24" count="4" type="cond" truecount="2" falsecount="0"/>
        <line num="25" count="1" type="stmt"/>
        <line num="27" count="3" type="stmt"/>
        <line num="30" count="25" type="stmt"/>
        <line num="31" count="1" type="stmt"/>
      </file>
      <file name="getUsers.js" path="C:\Users\aliaa gheis\Desktop\backend\src\controllers\userController\getUsers.js">
        <metrics statements="19" coveredstatements="19" conditionals="4" coveredconditionals="3" methods="3" coveredmethods="3"/>
        <line num="5" count="25" type="stmt"/>
        <line num="6" count="2" type="stmt"/>
        <line num="7" count="2" type="cond" truecount="2" falsecount="0"/>
        <line num="8" count="1" type="stmt"/>
        <line num="10" count="1" type="stmt"/>
        <line num="13" count="25" type="stmt"/>
        <line num="14" count="1" type="stmt"/>
        <line num="15" count="1" type="stmt"/>
        <line num="16" count="1" type="cond" truecount="1" falsecount="1"/>
        <line num="17" count="1" type="stmt"/>
        <line num="62" count="1" type="stmt"/>
        <line num="63" count="1" type="stmt"/>
        <line num="65" count="1" type="stmt"/>
        <line num="66" count="2" type="stmt"/>
        <line num="67" count="2" type="stmt"/>
        <line num="68" count="2" type="stmt"/>
        <line num="69" count="2" type="stmt"/>
        <line num="70" count="2" type="stmt"/>
        <line num="73" count="1" type="stmt"/>
      </file>
      <file name="index.js" path="C:\Users\aliaa gheis\Desktop\backend\src\controllers\userController\index.js">
        <metrics statements="0" coveredstatements="0" conditionals="0" coveredconditionals="0" methods="0" coveredmethods="0"/>
      </file>
      <file name="updateUserData.js" path="C:\Users\aliaa gheis\Desktop\backend\src\controllers\userController\updateUserData.js">
        <metrics statements="56" coveredstatements="51" conditionals="26" coveredconditionals="20" methods="7" coveredmethods="7"/>
        <line num="10" count="25" type="stmt"/>
        <line num="12" count="25" type="stmt"/>
        <line num="13" count="2" type="cond" truecount="2" falsecount="0"/>
        <line num="14" count="1" type="stmt"/>
        <line num="15" count="1" type="stmt"/>
        <line num="16" count="1" type="stmt"/>
        <line num="17" count="1" type="stmt"/>
        <line num="20" count="25" type="stmt"/>
        <line num="21" count="2" type="cond" truecount="4" falsecount="0"/>
        <line num="22" count="1" type="stmt"/>
        <line num="23" count="1" type="stmt"/>
        <line num="24" count="1" type="stmt"/>
        <line num="25" count="1" type="stmt"/>
        <line num="28" count="25" type="stmt"/>
        <line num="29" count="3" type="stmt"/>
        <line num="31" count="3" type="cond" truecount="3" falsecount="1"/>
        <line num="32" count="0" type="stmt"/>
        <line num="34" count="3" type="stmt"/>
        <line num="46" count="3" type="stmt"/>
        <line num="47" count="6" type="stmt"/>
        <line num="50" count="3" type="cond" truecount="1" falsecount="1"/>
        <line num="51" count="0" type="stmt"/>
        <line num="52" count="0" type="cond" truecount="0" falsecount="2"/>
        <line num="55" count="3" type="cond" truecount="1" falsecount="1"/>
        <line num="56" count="0" type="stmt"/>
        <line num="59" count="3" type="stmt"/>
        <line num="60" count="3" type="cond" truecount="2" falsecount="0"/>
        <line num="61" count="1" type="stmt"/>
        <line num="62" count="1" type="stmt"/>
        <line num="63" count="1" type="stmt"/>
        <line num="66" count="3" type="cond" truecount="2" falsecount="0"/>
        <line num="67" count="1" type="stmt"/>
        <line num="68" count="1" type="stmt"/>
        <line num="69" count="1" type="stmt"/>
        <line num="72" count="3" type="stmt"/>
        <line num="73" count="3" type="stmt"/>
        <line num="76" count="25" type="stmt"/>
        <line num="77" count="2" type="stmt"/>
        <line num="78" count="2" type="stmt"/>
        <line num="83" count="2" type="cond" truecount="2" falsecount="0"/>
        <line num="84" count="1" type="stmt"/>
        <line num="86" count="1" type="stmt"/>
        <line num="87" count="1" type="stmt"/>
        <line num="90" count="25" type="stmt"/>
        <line num="91" count="2" type="cond" truecount="1" falsecount="1"/>
        <line num="92" count="0" type="stmt"/>
        <line num="99" count="2" type="cond" truecount="2" falsecount="0"/>
        <line num="100" count="1" type="stmt"/>
        <line num="107" count="1" type="stmt"/>
        <line num="108" count="1" type="stmt"/>
        <line num="109" count="1" type="stmt"/>
        <line num="112" count="25" type="stmt"/>
        <line num="113" count="3" type="stmt"/>
        <line num="114" count="1" type="stmt"/>
        <line num="115" count="1" type="stmt"/>
        <line num="116" count="1" type="stmt"/>
      </file>
      <file name="userBlock.js" path="C:\Users\aliaa gheis\Desktop\backend\src\controllers\userController\userBlock.js">
        <metrics statements="29" coveredstatements="3" conditionals="10" coveredconditionals="0" methods="4" coveredmethods="0"/>
        <line num="5" count="25" type="stmt"/>
        <line num="6" count="0" type="cond" truecount="0" falsecount="2"/>
        <line num="7" count="0" type="stmt"/>
        <line num="8" count="0" type="stmt"/>
        <line num="11" count="0" type="cond" truecount="0" falsecount="2"/>
        <line num="12" count="0" type="stmt"/>
        <line num="14" count="0" type="stmt"/>
        <line num="15" count="0" type="stmt"/>
        <line num="19" count="0" type="cond" truecount="0" falsecount="2"/>
        <line num="20" count="0" type="stmt"/>
        <line num="22" count="0" type="stmt"/>
        <line num="23" count="0" type="stmt"/>
        <line num="26" count="25" type="stmt"/>
        <line num="27" count="0" type="stmt"/>
        <line num="30" count="0" type="cond" truecount="0" falsecount="2"/>
        <line num="31" count="0" type="stmt"/>
        <line num="33" count="0" type="stmt"/>
        <line num="34" count="0" type="stmt"/>
        <line num="38" count="0" type="cond" truecount="0" falsecount="2"/>
        <line num="39" count="0" type="stmt"/>
        <line num="41" count="0" type="stmt"/>
        <line num="42" count="0" type="stmt"/>
        <line num="45" count="25" type="stmt"/>
        <line num="46" count="0" type="stmt"/>
        <line num="47" count="0" type="stmt"/>
        <line num="64" count="0" type="stmt"/>
        <line num="65" count="0" type="stmt"/>
        <line num="66" count="0" type="stmt"/>
        <line num="67" count="0" type="stmt"/>
      </file>
      <file name="userFollow.js" path="C:\Users\aliaa gheis\Desktop\backend\src\controllers\userController\userFollow.js">
        <metrics statements="76" coveredstatements="76" conditionals="22" coveredconditionals="22" methods="8" coveredmethods="8"/>
        <line num="5" count="25" type="stmt"/>
        <line num="6" count="6" type="cond" truecount="2" falsecount="0"/>
        <line num="7" count="1" type="stmt"/>
        <line num="8" count="5" type="stmt"/>
        <line num="11" count="5" type="stmt"/>
        <line num="12" count="5" type="cond" truecount="2" falsecount="0"/>
        <line num="13" count="1" type="stmt"/>
        <line num="15" count="4" type="stmt"/>
        <line num="16" count="4" type="stmt"/>
        <line num="21" count="4" type="cond" truecount="2" falsecount="0"/>
        <line num="22" count="1" type="stmt"/>
        <line num="25" count="3" type="stmt"/>
        <line num="30" count="3" type="cond" truecount="2" falsecount="0"/>
        <line num="31" count="1" type="stmt"/>
        <line num="34" count="2" type="stmt"/>
        <line num="39" count="2" type="cond" truecount="2" falsecount="0"/>
        <line num="40" count="1" type="stmt"/>
        <line num="43" count="1" type="stmt"/>
        <line num="44" count="1" type="stmt"/>
        <line num="45" count="1" type="stmt"/>
        <line num="48" count="25" type="stmt"/>
        <line num="49" count="3" type="stmt"/>
        <line num="52" count="3" type="cond" truecount="2" falsecount="0"/>
        <line num="53" count="1" type="stmt"/>
        <line num="55" count="2" type="stmt"/>
        <line num="56" count="2" type="stmt"/>
        <line num="60" count="2" type="cond" truecount="2" falsecount="0"/>
        <line num="61" count="1" type="stmt"/>
        <line num="63" count="1" type="stmt"/>
        <line num="64" count="1" type="stmt"/>
        <line num="67" count="25" type="stmt"/>
        <line num="68" count="3" type="stmt"/>
        <line num="69" count="3" type="stmt"/>
        <line num="73" count="3" type="cond" truecount="2" falsecount="0"/>
        <line num="74" count="1" type="stmt"/>
        <line num="76" count="2" type="stmt"/>
        <line num="77" count="2" type="cond" truecount="2" falsecount="0"/>
        <line num="78" count="1" type="stmt"/>
        <line num="82" count="1" type="stmt"/>
        <line num="131" count="1" type="stmt"/>
        <line num="132" count="1" type="stmt"/>
        <line num="133" count="2" type="stmt"/>
        <line num="135" count="1" type="stmt"/>
        <line num="136" count="2" type="stmt"/>
        <line num="137" count="2" type="stmt"/>
        <line num="138" count="2" type="stmt"/>
        <line num="139" count="2" type="stmt"/>
        <line num="140" count="2" type="stmt"/>
        <line num="141" count="2" type="stmt"/>
        <line num="142" count="2" type="stmt"/>
        <line num="143" count="2" type="stmt"/>
        <line num="144" count="2" type="stmt"/>
        <line num="147" count="1" type="stmt"/>
        <line num="154" count="25" type="stmt"/>
        <line num="155" count="3" type="stmt"/>
        <line num="156" count="3" type="stmt"/>
        <line num="159" count="3" type="cond" truecount="2" falsecount="0"/>
        <line num="160" count="1" type="stmt"/>
        <line num="162" count="2" type="stmt"/>
        <line num="163" count="2" type="cond" truecount="2" falsecount="0"/>
        <line num="164" count="1" type="stmt"/>
        <line num="168" count="1" type="stmt"/>
        <line num="216" count="1" type="stmt"/>
        <line num="217" count="1" type="stmt"/>
        <line num="218" count="2" type="stmt"/>
        <line num="220" count="1" type="stmt"/>
        <line num="221" count="2" type="stmt"/>
        <line num="222" count="2" type="stmt"/>
        <line num="223" count="2" type="stmt"/>
        <line num="224" count="2" type="stmt"/>
        <line num="225" count="2" type="stmt"/>
        <line num="226" count="2" type="stmt"/>
        <line num="227" count="2" type="stmt"/>
        <line num="228" count="2" type="stmt"/>
        <line num="229" count="2" type="stmt"/>
        <line num="231" count="1" type="stmt"/>
      </file>
      <file name="userMute.js" path="C:\Users\aliaa gheis\Desktop\backend\src\controllers\userController\userMute.js">
        <metrics statements="42" coveredstatements="23" conditionals="12" coveredconditionals="9" methods="6" coveredmethods="2"/>
        <line num="5" count="25" type="stmt"/>
        <line num="6" count="3" type="cond" truecount="1" falsecount="1"/>
        <line num="7" count="0" type="stmt"/>
        <line num="8" count="3" type="stmt"/>
        <line num="9" count="3" type="cond" truecount="2" falsecount="0"/>
        <line num="10" count="1" type="stmt"/>
        <line num="12" count="2" type="stmt"/>
        <line num="13" count="2" type="stmt"/>
        <line num="14" count="2" type="cond" truecount="2" falsecount="0"/>
        <line num="15" count="1" type="stmt"/>
        <line num="17" count="1" type="stmt"/>
        <line num="18" count="1" type="stmt"/>
        <line num="21" count="25" type="stmt"/>
        <line num="22" count="3" type="stmt"/>
        <line num="23" count="3" type="cond" truecount="2" falsecount="0"/>
        <line num="24" count="1" type="stmt"/>
        <line num="26" count="2" type="stmt"/>
        <line num="28" count="2" type="stmt"/>
        <line num="30" count="2" type="cond" truecount="2" falsecount="0"/>
        <line num="31" count="1" type="stmt"/>
        <line num="33" count="1" type="stmt"/>
        <line num="34" count="1" type="stmt"/>
        <line num="37" count="25" type="stmt"/>
        <line num="38" count="0" type="stmt"/>
        <line num="39" count="0" type="stmt"/>
        <line num="72" count="0" type="stmt"/>
        <line num="73" count="0" type="stmt"/>
        <line num="74" count="0" type="stmt"/>
        <line num="75" count="0" type="stmt"/>
        <line num="76" count="0" type="stmt"/>
        <line num="77" count="0" type="stmt"/>
        <line num="78" count="0" type="stmt"/>
        <line num="79" count="0" type="stmt"/>
        <line num="80" count="0" type="stmt"/>
        <line num="82" count="0" type="stmt"/>
        <line num="89" count="25" type="stmt"/>
        <line num="90" count="0" type="stmt"/>
        <line num="91" count="0" type="cond" truecount="0" falsecount="2"/>
        <line num="92" count="0" type="stmt"/>
        <line num="94" count="0" type="stmt"/>
        <line num="95" count="0" type="stmt"/>
        <line num="96" count="0" type="stmt"/>
      </file>
    </package>
    <package name="src.errors">
      <metrics statements="21" coveredstatements="14" conditionals="14" coveredconditionals="6" methods="5" coveredmethods="3"/>
      <file name="appError.js" path="C:\Users\aliaa gheis\Desktop\backend\src\errors\appError.js">
        <metrics statements="5" coveredstatements="5" conditionals="2" coveredconditionals="1" methods="1" coveredmethods="1"/>
        <line num="3" count="94" type="stmt"/>
        <line num="5" count="94" type="stmt"/>
        <line num="8" count="94" type="cond" truecount="1" falsecount="1"/>
        <line num="10" count="94" type="stmt"/>
        <line num="13" count="94" type="stmt"/>
      </file>
      <file name="globalErrorHandlerMiddleware.js" path="C:\Users\aliaa gheis\Desktop\backend\src\errors\globalErrorHandlerMiddleware.js">
        <metrics statements="7" coveredstatements="5" conditionals="10" coveredconditionals="5" methods="1" coveredmethods="1"/>
        <line num="11" count="25" type="stmt"/>
        <line num="13" count="94" type="cond" truecount="1" falsecount="1"/>
        <line num="14" count="94" type="cond" truecount="1" falsecount="1"/>
        <line num="16" count="94" type="cond" truecount="1" falsecount="1"/>
        <line num="20" count="94" type="stmt"/>
        <line num="21" count="0" type="cond" truecount="0" falsecount="2"/>
        <line num="22" count="0" type="stmt"/>
      </file>
      <file name="sendErrorDev.js" path="C:\Users\aliaa gheis\Desktop\backend\src\errors\sendErrorDev.js">
        <metrics statements="2" coveredstatements="2" conditionals="0" coveredconditionals="0" methods="1" coveredmethods="1"/>
        <line num="8" count="25" type="stmt"/>
        <line num="15" count="94" type="stmt"/>
      </file>
      <file name="sendErrorProd.js" path="C:\Users\aliaa gheis\Desktop\backend\src\errors\sendErrorProd.js">
        <metrics statements="5" coveredstatements="1" conditionals="2" coveredconditionals="0" methods="1" coveredmethods="0"/>
        <line num="9" count="25" type="stmt"/>
        <line num="10" count="0" type="cond" truecount="0" falsecount="2"/>
        <line num="11" count="0" type="stmt"/>
        <line num="16" count="0" type="stmt"/>
        <line num="18" count="0" type="stmt"/>
      </file>
      <file name="sendOperationalErrorProd.js" path="C:\Users\aliaa gheis\Desktop\backend\src\errors\sendOperationalErrorProd.js">
        <metrics statements="2" coveredstatements="1" conditionals="0" coveredconditionals="0" methods="1" coveredmethods="0"/>
        <line num="8" count="25" type="stmt"/>
        <line num="9" count="0" type="stmt"/>
      </file>
    </package>
    <package name="src.middlewares">
      <metrics statements="44" coveredstatements="37" conditionals="20" coveredconditionals="15" methods="6" coveredmethods="5"/>
      <file name="addMedia.js" path="C:\Users\aliaa gheis\Desktop\backend\src\middlewares\addMedia.js">
        <metrics statements="5" coveredstatements="2" conditionals="2" coveredconditionals="0" methods="1" coveredmethods="0"/>
        <line num="3" count="25" type="stmt"/>
        <line num="6" count="25" type="stmt"/>
        <line num="10" count="0" type="cond" truecount="0" falsecount="2"/>
        <line num="15" count="0" type="stmt"/>
        <line num="17" count="0" type="stmt"/>
      </file>
      <file name="auth.js" path="C:\Users\aliaa gheis\Desktop\backend\src\middlewares\auth.js">
        <metrics statements="21" coveredstatements="18" conditionals="10" coveredconditionals="8" methods="1" coveredmethods="1"/>
        <line num="7" count="25" type="stmt"/>
        <line num="8" count="124" type="stmt"/>
        <line num="9" count="124" type="cond" truecount="1" falsecount="1"/>
        <line num="10" count="0" type="stmt"/>
        <line num="11" count="124" type="cond" truecount="2" falsecount="0"/>
        <line num="12" count="117" type="stmt"/>
        <line num="14" count="7" type="stmt"/>
        <line num="17" count="117" type="cond" truecount="1" falsecount="1"/>
        <line num="18" count="0" type="stmt"/>
        <line num="20" count="117" type="stmt"/>
        <line num="21" count="117" type="stmt"/>
        <line num="22" count="117" type="stmt"/>
        <line num="24" count="0" type="stmt"/>
        <line num="27" count="117" type="stmt"/>
        <line num="29" count="117" type="stmt"/>
        <line num="31" count="117" type="cond" truecount="2" falsecount="0"/>
        <line num="34" count="116" type="stmt"/>
        <line num="36" count="116" type="cond" truecount="2" falsecount="0"/>
        <line num="37" count="2" type="stmt"/>
        <line num="40" count="114" type="stmt"/>
        <line num="41" count="114" type="stmt"/>
      </file>
      <file name="avatar.js" path="C:\Users\aliaa gheis\Desktop\backend\src\middlewares\avatar.js">
        <metrics statements="5" coveredstatements="4" conditionals="2" coveredconditionals="1" methods="1" coveredmethods="1"/>
        <line num="3" count="25" type="stmt"/>
        <line num="6" count="25" type="stmt"/>
        <line num="10" count="2" type="cond" truecount="1" falsecount="1"/>
        <line num="11" count="0" type="stmt"/>
        <line num="13" count="2" type="stmt"/>
      </file>
      <file name="checkPassword.js" path="C:\Users\aliaa gheis\Desktop\backend\src\middlewares\checkPassword.js">
        <metrics statements="8" coveredstatements="8" conditionals="6" coveredconditionals="6" methods="1" coveredmethods="1"/>
        <line num="6" count="25" type="stmt"/>
        <line num="7" count="6" type="stmt"/>
        <line num="9" count="6" type="cond" truecount="2" falsecount="0"/>
        <line num="10" count="3" type="cond" truecount="2" falsecount="0"/>
        <line num="11" count="1" type="stmt"/>
        <line num="12" count="5" type="cond" truecount="2" falsecount="0"/>
        <line num="13" count="2" type="stmt"/>
        <line num="15" count="3" type="stmt"/>
      </file>
      <file name="validateMiddleware.js" path="C:\Users\aliaa gheis\Desktop\backend\src\middlewares\validateMiddleware.js">
        <metrics statements="5" coveredstatements="5" conditionals="0" coveredconditionals="0" methods="2" coveredmethods="2"/>
        <line num="3" count="850" type="stmt"/>
        <line num="4" count="125" type="stmt"/>
        <line num="5" count="125" type="stmt"/>
        <line num="10" count="111" type="stmt"/>
        <line num="12" count="14" type="stmt"/>
      </file>
    </package>
    <package name="src.routes">
      <metrics statements="80" coveredstatements="74" conditionals="2" coveredconditionals="0" methods="2" coveredmethods="0"/>
      <file name="authRoutes.js" path="C:\Users\aliaa gheis\Desktop\backend\src\routes\authRoutes.js">
        <metrics statements="12" coveredstatements="12" conditionals="0" coveredconditionals="0" methods="0" coveredmethods="0"/>
        <line num="1105" count="25" type="stmt"/>
        <line num="1107" count="25" type="stmt"/>
        <line num="1111" count="25" type="stmt"/>
        <line num="1115" count="25" type="stmt"/>
        <line num="1117" count="25" type="stmt"/>
        <line num="1123" count="25" type="stmt"/>
        <line num="1125" count="25" type="stmt"/>
        <line num="1131" count="25" type="stmt"/>
        <line num="1137" count="25" type="stmt"/>
        <line num="1143" count="25" type="stmt"/>
        <line num="1149" count="25" type="stmt"/>
        <line num="1150" count="25" type="stmt"/>
      </file>
      <file name="conversationsRoutes.js" path="C:\Users\aliaa gheis\Desktop\backend\src\routes\conversationsRoutes.js">
        <metrics statements="4" coveredstatements="4" conditionals="0" coveredconditionals="0" methods="0" coveredmethods="0"/>
        <line num="926" count="25" type="stmt"/>
        <line num="927" count="25" type="stmt"/>
        <line num="935" count="25" type="stmt"/>
        <line num="938" count="25" type="stmt"/>
      </file>
      <file name="homeRoutes.js" path="C:\Users\aliaa gheis\Desktop\backend\src\routes\homeRoutes.js">
        <metrics statements="2" coveredstatements="2" conditionals="0" coveredconditionals="0" methods="0" coveredmethods="0"/>
        <line num="262" count="25" type="stmt"/>
        <line num="264" count="25" type="stmt"/>
      </file>
      <file name="imagesRoute.js" path="C:\Users\aliaa gheis\Desktop\backend\src\routes\imagesRoute.js">
        <metrics statements="6" coveredstatements="2" conditionals="2" coveredconditionals="0" methods="1" coveredmethods="0"/>
        <line num="4" count="25" type="stmt"/>
        <line num="6" count="25" type="stmt"/>
        <line num="7" count="0" type="stmt"/>
        <line num="8" count="0" type="stmt"/>
        <line num="10" count="0" type="cond" truecount="0" falsecount="2"/>
        <line num="11" count="0" type="stmt"/>
      </file>
      <file name="interactionRoutes.js" path="C:\Users\aliaa gheis\Desktop\backend\src\routes\interactionRoutes.js">
        <metrics statements="10" coveredstatements="10" conditionals="0" coveredconditionals="0" methods="0" coveredmethods="0"/>
        <line num="1171" count="25" type="stmt"/>
        <line num="1172" count="25" type="stmt"/>
        <line num="1179" count="25" type="stmt"/>
        <line num="1187" count="25" type="stmt"/>
        <line num="1196" count="25" type="stmt"/>
        <line num="1205" count="25" type="stmt"/>
        <line num="1216" count="25" type="stmt"/>
        <line num="1224" count="25" type="stmt"/>
        <line num="1233" count="25" type="stmt"/>
        <line num="1240" count="25" type="stmt"/>
      </file>
      <file name="notificationRoutes.js" path="C:\Users\aliaa gheis\Desktop\backend\src\routes\notificationRoutes.js">
        <metrics statements="8" coveredstatements="8" conditionals="0" coveredconditionals="0" methods="0" coveredmethods="0"/>
        <line num="749" count="25" type="stmt"/>
        <line num="750" count="25" type="stmt"/>
        <line num="751" count="25" type="stmt"/>
        <line num="755" count="25" type="stmt"/>
        <line num="762" count="25" type="stmt"/>
        <line num="770" count="25" type="stmt"/>
        <line num="778" count="25" type="stmt"/>
        <line num="786" count="25" type="stmt"/>
      </file>
      <file name="trendRoutes.js" path="C:\Users\aliaa gheis\Desktop\backend\src\routes\trendRoutes.js">
        <metrics statements="3" coveredstatements="3" conditionals="0" coveredconditionals="0" methods="0" coveredmethods="0"/>
        <line num="381" count="25" type="stmt"/>
        <line num="383" count="25" type="stmt"/>
        <line num="384" count="25" type="stmt"/>
      </file>
      <file name="tweetRouts.js" path="C:\Users\aliaa gheis\Desktop\backend\src\routes\tweetRouts.js">
        <metrics statements="5" coveredstatements="5" conditionals="0" coveredconditionals="0" methods="0" coveredmethods="0"/>
        <line num="593" count="25" type="stmt"/>
        <line num="594" count="25" type="stmt"/>
        <line num="604" count="25" type="stmt"/>
        <line num="606" count="25" type="stmt"/>
        <line num="608" count="25" type="stmt"/>
      </file>
      <file name="userRoutes.js" path="C:\Users\aliaa gheis\Desktop\backend\src\routes\userRoutes.js">
        <metrics statements="30" coveredstatements="28" conditionals="0" coveredconditionals="0" methods="1" coveredmethods="0"/>
        <line num="3810" count="25" type="stmt"/>
        <line num="3815" count="25" type="stmt"/>
        <line num="3816" count="0" type="stmt"/>
        <line num="3823" count="0" type="stmt"/>
        <line num="3826" count="25" type="stmt"/>
        <line num="3829" count="25" type="stmt"/>
        <line num="3832" count="25" type="stmt"/>
        <line num="3836" count="25" type="stmt"/>
        <line num="3839" count="25" type="stmt"/>
        <line num="3841" count="25" type="stmt"/>
        <line num="3842" count="25" type="stmt"/>
        <line num="3844" count="25" type="stmt"/>
        <line num="3848" count="25" type="stmt"/>
        <line num="3850" count="25" type="stmt"/>
        <line num="3852" count="25" type="stmt"/>
        <line num="3868" count="25" type="stmt"/>
        <line num="3872" count="25" type="stmt"/>
        <line num="3874" count="25" type="stmt"/>
        <line num="3883" count="25" type="stmt"/>
        <line num="3887" count="25" type="stmt"/>
        <line num="3895" count="25" type="stmt"/>
        <line num="3899" count="25" type="stmt"/>
        <line num="3903" count="25" type="stmt"/>
        <line num="3907" count="25" type="stmt"/>
        <line num="3908" count="25" type="stmt"/>
        <line num="3909" count="25" type="stmt"/>
        <line num="3911" count="25" type="stmt"/>
        <line num="3913" count="25" type="stmt"/>
        <line num="3914" count="25" type="stmt"/>
        <line num="3915" count="25" type="stmt"/>
      </file>
    </package>
    <package name="src.services">
      <metrics statements="300" coveredstatements="261" conditionals="61" coveredconditionals="39" methods="106" coveredmethods="88"/>
      <file name="authService.js" path="C:\Users\aliaa gheis\Desktop\backend\src\services\authService.js">
        <metrics statements="12" coveredstatements="8" conditionals="4" coveredconditionals="0" methods="4" coveredmethods="3"/>
        <line num="18" count="25" type="stmt"/>
        <line num="19" count="5" type="stmt"/>
        <line num="42" count="25" type="stmt"/>
        <line num="43" count="3" type="stmt"/>
        <line num="44" count="3" type="stmt"/>
        <line num="61" count="25" type="stmt"/>
        <line num="62" count="116" type="stmt"/>
        <line num="69" count="25" type="stmt"/>
        <line num="70" count="0" type="cond" truecount="0" falsecount="2"/>
        <line num="71" count="0" type="stmt"/>
        <line num="74" count="0" type="cond" truecount="0" falsecount="2"/>
        <line num="75" count="0" type="stmt"/>
      </file>
      <file name="conversationService.js" path="C:\Users\aliaa gheis\Desktop\backend\src\services\conversationService.js">
        <metrics statements="39" coveredstatements="38" conditionals="10" coveredconditionals="7" methods="12" coveredmethods="11"/>
        <line num="16" count="25" type="stmt"/>
        <line num="17" count="1" type="stmt"/>
        <line num="117" count="25" type="stmt"/>
        <line num="118" count="1" type="stmt"/>
        <line num="119" count="1" type="cond" truecount="1" falsecount="1"/>
        <line num="120" count="1" type="cond" truecount="2" falsecount="0"/>
        <line num="121" count="1" type="stmt"/>
        <line num="130" count="1" type="stmt"/>
        <line num="131" count="1" type="stmt"/>
        <line num="134" count="25" type="stmt"/>
        <line num="135" count="1" type="cond" truecount="3" falsecount="1"/>
        <line num="136" count="1" type="stmt"/>
        <line num="137" count="1" type="stmt"/>
        <line num="138" count="1" type="stmt"/>
        <line num="139" count="1" type="stmt"/>
        <line num="141" count="1" type="stmt"/>
        <line num="142" count="1" type="stmt"/>
        <line num="143" count="1" type="stmt"/>
        <line num="144" count="1" type="stmt"/>
        <line num="146" count="1" type="stmt"/>
        <line num="158" count="25" type="stmt"/>
        <line num="159" count="2" type="stmt"/>
        <line num="184" count="25" type="stmt"/>
        <line num="185" count="1" type="stmt"/>
        <line num="202" count="25" type="stmt"/>
        <line num="203" count="2" type="stmt"/>
        <line num="215" count="2" type="stmt"/>
        <line num="227" count="25" type="stmt"/>
        <line num="228" count="2" type="stmt"/>
        <line num="262" count="25" type="stmt"/>
        <line num="269" count="1" type="stmt"/>
        <line num="270" count="0" type="stmt"/>
        <line num="272" count="1" type="stmt"/>
        <line num="298" count="1" type="stmt"/>
        <line num="307" count="1" type="stmt"/>
        <line num="320" count="25" type="stmt"/>
        <line num="321" count="6" type="stmt"/>
        <line num="388" count="25" type="stmt"/>
        <line num="389" count="2" type="stmt"/>
      </file>
      <file name="emailVerificationTokenService.js" path="C:\Users\aliaa gheis\Desktop\backend\src\services\emailVerificationTokenService.js">
        <metrics statements="8" coveredstatements="8" conditionals="0" coveredconditionals="0" methods="4" coveredmethods="4"/>
        <line num="17" count="25" type="stmt"/>
        <line num="18" count="14" type="stmt"/>
        <line num="35" count="25" type="stmt"/>
        <line num="36" count="2" type="stmt"/>
        <line num="54" count="25" type="stmt"/>
        <line num="55" count="1" type="stmt"/>
        <line num="74" count="25" type="stmt"/>
        <line num="75" count="2" type="stmt"/>
      </file>
      <file name="index.js" path="C:\Users\aliaa gheis\Desktop\backend\src\services\index.js">
        <metrics statements="3" coveredstatements="3" conditionals="0" coveredconditionals="0" methods="1" coveredmethods="1"/>
        <line num="28" count="25" type="stmt"/>
        <line num="59" count="25" type="stmt"/>
        <line num="60" count="2" type="stmt"/>
      </file>
      <file name="interactionService.js" path="C:\Users\aliaa gheis\Desktop\backend\src\services\interactionService.js">
        <metrics statements="80" coveredstatements="73" conditionals="24" coveredconditionals="20" methods="29" coveredmethods="25"/>
        <line num="16" count="25" type="stmt"/>
        <line num="17" count="0" type="stmt"/>
        <line num="36" count="0" type="stmt"/>
        <line num="53" count="0" type="stmt"/>
        <line num="79" count="25" type="stmt"/>
        <line num="80" count="8" type="stmt"/>
        <line num="85" count="2" type="stmt"/>
        <line num="92" count="0" type="stmt"/>
        <line num="105" count="8" type="stmt"/>
        <line num="106" count="8" type="stmt"/>
        <line num="119" count="25" type="stmt"/>
        <line num="120" count="10" type="stmt"/>
        <line num="124" count="12" type="stmt"/>
        <line num="142" count="25" type="stmt"/>
        <line num="143" count="1" type="stmt"/>
        <line num="160" count="25" type="stmt"/>
        <line num="161" count="2" type="stmt"/>
        <line num="168" count="2" type="cond" truecount="2" falsecount="0"/>
        <line num="169" count="1" type="stmt"/>
        <line num="181" count="25" type="stmt"/>
        <line num="182" count="30" type="stmt"/>
        <line num="210" count="30" type="cond" truecount="2" falsecount="0"/>
        <line num="211" count="8" type="stmt"/>
        <line num="223" count="25" type="stmt"/>
        <line num="224" count="10" type="cond" truecount="3" falsecount="1"/>
        <line num="225" count="0" type="stmt"/>
        <line num="227" count="10" type="stmt"/>
        <line num="240" count="10" type="stmt"/>
        <line num="241" count="3" type="stmt"/>
        <line num="242" count="0" type="stmt"/>
        <line num="245" count="3" type="cond" truecount="1" falsecount="1"/>
        <line num="246" count="3" type="stmt"/>
        <line num="247" count="3" type="stmt"/>
        <line num="251" count="10" type="stmt"/>
        <line num="264" count="25" type="stmt"/>
        <line num="265" count="2" type="stmt"/>
        <line num="267" count="5" type="stmt"/>
        <line num="286" count="25" type="stmt"/>
        <line num="294" count="2" type="stmt"/>
        <line num="299" count="1" type="stmt"/>
        <line num="306" count="0" type="stmt"/>
        <line num="320" count="2" type="stmt"/>
        <line num="321" count="2" type="stmt"/>
        <line num="332" count="25" type="stmt"/>
        <line num="333" count="3" type="stmt"/>
        <line num="350" count="25" type="stmt"/>
        <line num="351" count="6" type="stmt"/>
        <line num="359" count="6" type="cond" truecount="2" falsecount="0"/>
        <line num="360" count="4" type="stmt"/>
        <line num="371" count="25" type="stmt"/>
        <line num="372" count="1" type="stmt"/>
        <line num="390" count="25" type="stmt"/>
        <line num="392" count="2" type="cond" truecount="2" falsecount="0"/>
        <line num="393" count="1" type="stmt"/>
        <line num="405" count="1" type="stmt"/>
        <line num="416" count="2" type="stmt"/>
        <line num="433" count="25" type="stmt"/>
        <line num="440" count="1" type="stmt"/>
        <line num="456" count="1" type="stmt"/>
        <line num="472" count="25" type="stmt"/>
        <line num="473" count="1" type="stmt"/>
        <line num="489" count="1" type="stmt"/>
        <line num="501" count="25" type="stmt"/>
        <line num="502" count="2" type="stmt"/>
        <line num="503" count="2" type="stmt"/>
        <line num="504" count="2" type="stmt"/>
        <line num="529" count="2" type="stmt"/>
        <line num="530" count="4" type="stmt"/>
        <line num="546" count="25" type="stmt"/>
        <line num="547" count="2" type="cond" truecount="1" falsecount="1"/>
        <line num="548" count="2" type="stmt"/>
        <line num="577" count="25" type="stmt"/>
        <line num="578" count="1" type="stmt"/>
        <line num="608" count="1" type="stmt"/>
        <line num="621" count="25" type="stmt"/>
        <line num="622" count="1" type="stmt"/>
        <line num="640" count="25" type="stmt"/>
        <line num="641" count="6" type="cond" truecount="2" falsecount="0"/>
        <line num="642" count="3" type="stmt"/>
        <line num="656" count="3" type="stmt"/>
      </file>
      <file name="interactionTimelineService.js" path="C:\Users\aliaa gheis\Desktop\backend\src\services\interactionTimelineService.js">
        <metrics statements="5" coveredstatements="5" conditionals="0" coveredconditionals="0" methods="2" coveredmethods="2"/>
        <line num="66" count="25" type="stmt"/>
        <line num="67" count="1" type="stmt"/>
        <line num="207" count="1" type="stmt"/>
        <line num="219" count="25" type="stmt"/>
        <line num="220" count="1" type="stmt"/>
      </file>
      <file name="nofiticationService.js" path="C:\Users\aliaa gheis\Desktop\backend\src\services\nofiticationService.js">
        <metrics statements="44" coveredstatements="24" conditionals="12" coveredconditionals="2" methods="15" coveredmethods="8"/>
        <line num="16" count="25" type="stmt"/>
        <line num="17" count="0" type="stmt"/>
        <line num="20" count="0" type="stmt"/>
        <line num="32" count="25" type="stmt"/>
        <line num="33" count="0" type="stmt"/>
        <line num="45" count="0" type="stmt"/>
        <line num="56" count="25" type="stmt"/>
        <line num="57" count="1" type="stmt"/>
        <line num="76" count="25" type="stmt"/>
        <line num="77" count="2" type="stmt"/>
        <line num="97" count="25" type="stmt"/>
        <line num="98" count="1" type="stmt"/>
        <line num="119" count="25" type="stmt"/>
        <line num="120" count="0" type="cond" truecount="0" falsecount="2"/>
        <line num="121" count="0" type="stmt"/>
        <line num="128" count="0" type="stmt"/>
        <line num="146" count="25" type="stmt"/>
        <line num="147" count="0" type="stmt"/>
        <line num="148" count="0" type="cond" truecount="0" falsecount="2"/>
        <line num="149" count="0" type="stmt"/>
        <line num="155" count="0" type="stmt"/>
        <line num="160" count="0" type="stmt"/>
        <line num="161" count="0" type="stmt"/>
        <line num="172" count="25" type="stmt"/>
        <line num="173" count="24" type="cond" truecount="2" falsecount="0"/>
        <line num="174" count="12" type="stmt"/>
        <line num="185" count="12" type="stmt"/>
        <line num="187" count="12" type="stmt"/>
        <line num="197" count="12" type="stmt"/>
        <line num="209" count="25" type="stmt"/>
        <line num="210" count="3" type="stmt"/>
        <line num="219" count="3" type="stmt"/>
        <line num="231" count="25" type="stmt"/>
        <line num="232" count="1" type="stmt"/>
        <line num="251" count="25" type="stmt"/>
        <line num="252" count="5" type="stmt"/>
        <line num="262" count="25" type="stmt"/>
        <line num="263" count="0" type="stmt"/>
        <line num="264" count="0" type="cond" truecount="0" falsecount="2"/>
        <line num="265" count="0" type="stmt"/>
        <line num="268" count="0" type="cond" truecount="0" falsecount="2"/>
        <line num="269" count="0" type="stmt"/>
        <line num="271" count="0" type="cond" truecount="0" falsecount="2"/>
        <line num="272" count="0" type="stmt"/>
      </file>
      <file name="profileService.js" path="C:\Users\aliaa gheis\Desktop\backend\src\services\profileService.js">
        <metrics statements="15" coveredstatements="15" conditionals="0" coveredconditionals="0" methods="6" coveredmethods="6"/>
        <line num="16" count="25" type="stmt"/>
        <line num="17" count="1" type="stmt"/>
        <line num="40" count="25" type="stmt"/>
        <line num="41" count="1" type="stmt"/>
        <line num="57" count="25" type="stmt"/>
        <line num="58" count="1" type="stmt"/>
        <line num="76" count="25" type="stmt"/>
        <line num="77" count="1" type="stmt"/>
        <line num="105" count="1" type="stmt"/>
        <line num="119" count="25" type="stmt"/>
        <line num="120" count="1" type="stmt"/>
        <line num="147" count="1" type="stmt"/>
        <line num="161" count="25" type="stmt"/>
        <line num="162" count="1" type="stmt"/>
        <line num="187" count="1" type="stmt"/>
      </file>
      <file name="trendService.js" path="C:\Users\aliaa gheis\Desktop\backend\src\services\trendService.js">
        <metrics statements="13" coveredstatements="13" conditionals="0" coveredconditionals="0" methods="5" coveredmethods="5"/>
        <line num="16" count="25" type="stmt"/>
        <line num="17" count="2" type="stmt"/>
        <line num="30" count="2" type="stmt"/>
        <line num="31" count="2" type="stmt"/>
        <line num="47" count="25" type="stmt"/>
        <line num="48" count="1" type="stmt"/>
        <line num="69" count="1" type="stmt"/>
        <line num="80" count="25" type="stmt"/>
        <line num="81" count="2" type="stmt"/>
        <line num="84" count="2" type="stmt"/>
        <line num="95" count="25" type="stmt"/>
        <line num="96" count="1" type="stmt"/>
        <line num="112" count="1" type="stmt"/>
      </file>
      <file name="userService.js" path="C:\Users\aliaa gheis\Desktop\backend\src\services\userService.js">
        <metrics statements="81" coveredstatements="74" conditionals="11" coveredconditionals="10" methods="28" coveredmethods="23"/>
        <line num="16" count="25" type="stmt"/>
        <line num="17" count="117" type="stmt"/>
        <line num="34" count="25" type="stmt"/>
        <line num="35" count="6" type="stmt"/>
        <line num="58" count="25" type="stmt"/>
        <line num="59" count="2" type="stmt"/>
        <line num="75" count="25" type="stmt"/>
        <line num="76" count="23" type="stmt"/>
        <line num="93" count="25" type="stmt"/>
        <line num="94" count="8" type="stmt"/>
        <line num="159" count="8" type="cond" truecount="2" falsecount="0"/>
        <line num="161" count="4" type="stmt"/>
        <line num="162" count="4" type="stmt"/>
        <line num="163" count="4" type="stmt"/>
        <line num="164" count="4" type="stmt"/>
        <line num="165" count="4" type="stmt"/>
        <line num="166" count="4" type="stmt"/>
        <line num="167" count="4" type="stmt"/>
        <line num="168" count="4" type="stmt"/>
        <line num="169" count="4" type="stmt"/>
        <line num="170" count="4" type="stmt"/>
        <line num="171" count="4" type="stmt"/>
        <line num="183" count="25" type="stmt"/>
        <line num="184" count="5" type="stmt"/>
        <line num="200" count="25" type="stmt"/>
        <line num="201" count="0" type="stmt"/>
        <line num="223" count="25" type="stmt"/>
        <line num="231" count="1" type="stmt"/>
        <line num="262" count="25" type="cond" truecount="0" falsecount="1"/>
        <line num="263" count="34" type="stmt"/>
        <line num="279" count="34" type="stmt"/>
        <line num="292" count="25" type="stmt"/>
        <line num="293" count="13" type="stmt"/>
        <line num="307" count="13" type="stmt"/>
        <line num="319" count="25" type="stmt"/>
        <line num="320" count="0" type="stmt"/>
        <line num="333" count="0" type="stmt"/>
        <line num="347" count="25" type="stmt"/>
        <line num="348" count="5" type="stmt"/>
        <line num="369" count="25" type="stmt"/>
        <line num="370" count="11" type="stmt"/>
        <line num="378" count="11" type="stmt"/>
        <line num="391" count="25" type="stmt"/>
        <line num="392" count="6" type="stmt"/>
        <line num="400" count="6" type="cond" truecount="2" falsecount="0"/>
        <line num="401" count="4" type="stmt"/>
        <line num="415" count="25" type="stmt"/>
        <line num="416" count="1" type="stmt"/>
        <line num="435" count="25" type="stmt"/>
        <line num="436" count="1" type="stmt"/>
        <line num="455" count="25" type="stmt"/>
        <line num="456" count="0" type="stmt"/>
        <line num="469" count="0" type="stmt"/>
[...]
        <line num="241" count="24" type="stmt"/>
        <line num="243" count="25" type="stmt"/>
        <line num="244" count="23" type="stmt"/>
        <line num="252" count="25" type="stmt"/>
        <line num="253" count="6" type="stmt"/>
        <line num="261" count="25" type="stmt"/>
        <line num="262" count="25" type="stmt"/>
        <line num="266" count="25" type="stmt"/>
        <line num="268" count="25" type="stmt"/>
        <line num="270" count="4" type="stmt"/>
        <line num="271" count="6" type="stmt"/>
        <line num="279" count="25" type="stmt"/>
        <line num="280" count="2" type="stmt"/>
        <line num="307" count="25" type="stmt"/>
      </file>
    </package>
    <package name="src.utils">
      <metrics statements="214" coveredstatements="162" conditionals="89" coveredconditionals="72" methods="51" coveredmethods="23"/>
      <file name="addAuthCookie.js" path="C:\Users\aliaa gheis\Desktop\backend\src\utils\addAuthCookie.js">
        <metrics statements="4" coveredstatements="4" conditionals="0" coveredconditionals="0" methods="1" coveredmethods="1"/>
        <line num="13" count="25" type="stmt"/>
        <line num="18" count="9" type="stmt"/>
        <line num="23" count="9" type="stmt"/>
        <line num="27" count="9" type="stmt"/>
      </file>
      <file name="aws.js" path="C:\Users\aliaa gheis\Desktop\backend\src\utils\aws.js">
        <metrics statements="36" coveredstatements="15" conditionals="8" coveredconditionals="2" methods="7" coveredmethods="2"/>
        <line num="5" count="25" type="stmt"/>
        <line num="6" count="25" type="stmt"/>
        <line num="7" count="25" type="stmt"/>
        <line num="8" count="25" type="stmt"/>
        <line num="10" count="25" type="stmt"/>
        <line num="19" count="2" type="stmt"/>
        <line num="20" count="2" type="stmt"/>
        <line num="21" count="2" type="cond" truecount="1" falsecount="1"/>
        <line num="22" count="2" type="stmt"/>
        <line num="25" count="2" type="cond" truecount="1" falsecount="1"/>
        <line num="26" count="0" type="stmt"/>
        <line num="28" count="2" type="stmt"/>
        <line num="33" count="2" type="stmt"/>
        <line num="34" count="2" type="stmt"/>
        <line num="38" count="0" type="stmt"/>
        <line num="39" count="0" type="stmt"/>
        <line num="41" count="0" type="stmt"/>
        <line num="42" count="0" type="cond" truecount="0" falsecount="2"/>
        <line num="43" count="0" type="stmt"/>
        <line num="46" count="0" type="cond" truecount="0" falsecount="2"/>
        <line num="47" count="0" type="stmt"/>
        <line num="50" count="0" type="stmt"/>
        <line num="51" count="0" type="stmt"/>
        <line num="56" count="0" type="stmt"/>
        <line num="59" count="0" type="stmt"/>
        <line num="64" count="0" type="stmt"/>
        <line num="68" count="0" type="stmt"/>
        <line num="69" count="0" type="stmt"/>
        <line num="70" count="0" type="stmt"/>
        <line num="71" count="0" type="stmt"/>
        <line num="73" count="0" type="stmt"/>
        <line num="79" count="2" type="stmt"/>
        <line num="84" count="2" type="stmt"/>
        <line num="89" count="0" type="stmt"/>
        <line num="92" count="0" type="stmt"/>
        <line num="96" count="0" type="stmt"/>
      </file>
      <file name="catchAsync.js" path="C:\Users\aliaa gheis\Desktop\backend\src\utils\catchAsync.js">
        <metrics statements="3" coveredstatements="3" conditionals="0" coveredconditionals="0" methods="2" coveredmethods="2"/>
        <line num="16" count="25" type="stmt"/>
        <line num="24" count="1750" type="stmt"/>
        <line num="25" count="304" type="stmt"/>
      </file>
      <file name="checkVerificationTokens.js" path="C:\Users\aliaa gheis\Desktop\backend\src\utils\checkVerificationTokens.js">
        <metrics statements="2" coveredstatements="2" conditionals="0" coveredconditionals="0" methods="1" coveredmethods="1"/>
        <line num="21" count="13" type="stmt"/>
        <line num="23" count="13" type="stmt"/>
      </file>
      <file name="createRandomByteToken.js" path="C:\Users\aliaa gheis\Desktop\backend\src\utils\createRandomByteToken.js">
        <metrics statements="3" coveredstatements="3" conditionals="1" coveredconditionals="0" methods="1" coveredmethods="1"/>
        <line num="22" count="8" type="stmt"/>
        <line num="24" count="8" type="stmt"/>
        <line num="29" count="8" type="stmt"/>
      </file>
      <file name="generateToken.js" path="C:\Users\aliaa gheis\Desktop\backend\src\utils\generateToken.js">
        <metrics statements="3" coveredstatements="3" conditionals="0" coveredconditionals="0" methods="1" coveredmethods="1"/>
        <line num="19" count="25" type="stmt"/>
        <line num="20" count="97" type="stmt"/>
        <line num="24" count="97" type="stmt"/>
      </file>
      <file name="generateUsername.js" path="C:\Users\aliaa gheis\Desktop\backend\src\utils\generateUsername.js">
        <metrics statements="5" coveredstatements="5" conditionals="0" coveredconditionals="0" methods="1" coveredmethods="1"/>
        <line num="1" count="25" type="stmt"/>
        <line num="2" count="1" type="stmt"/>
        <line num="4" count="1" type="stmt"/>
        <line num="6" count="1" type="stmt"/>
        <line num="8" count="1" type="stmt"/>
      </file>
      <file name="getFullUrl.js" path="C:\Users\aliaa gheis\Desktop\backend\src\utils\getFullUrl.js">
        <metrics statements="3" coveredstatements="3" conditionals="0" coveredconditionals="0" methods="1" coveredmethods="1"/>
        <line num="19" count="25" type="stmt"/>
        <line num="20" count="21" type="stmt"/>
        <line num="22" count="21" type="stmt"/>
      </file>
      <file name="handleWrongEmailVerification.js" path="C:\Users\aliaa gheis\Desktop\backend\src\utils\handleWrongEmailVerification.js">
        <metrics statements="10" coveredstatements="10" conditionals="6" coveredconditionals="6" methods="1" coveredmethods="1"/>
        <line num="29" count="25" type="stmt"/>
        <line num="31" count="10" type="stmt"/>
        <line num="33" count="10" type="cond" truecount="2" falsecount="0"/>
        <line num="34" count="3" type="stmt"/>
        <line num="38" count="7" type="stmt"/>
        <line num="40" count="7" type="stmt"/>
        <line num="42" count="7" type="cond" truecount="2" falsecount="0"/>
        <line num="43" count="1" type="stmt"/>
        <line num="46" count="6" type="cond" truecount="2" falsecount="0"/>
        <line num="47" count="3" type="stmt"/>
      </file>
      <file name="handleWrongResetToken.js" path="C:\Users\aliaa gheis\Desktop\backend\src\utils\handleWrongResetToken.js">
        <metrics statements="12" coveredstatements="11" conditionals="8" coveredconditionals="7" methods="1" coveredmethods="1"/>
        <line num="30" count="25" type="stmt"/>
        <line num="32" count="11" type="stmt"/>
        <line num="35" count="11" type="stmt"/>
        <line num="42" count="11" type="cond" truecount="2" falsecount="0"/>
        <line num="43" count="2" type="stmt"/>
        <line num="46" count="9" type="cond" truecount="1" falsecount="1"/>
        <line num="47" count="0" type="stmt"/>
        <line num="50" count="9" type="cond" truecount="2" falsecount="0"/>
        <line num="51" count="2" type="stmt"/>
        <line num="54" count="7" type="cond" truecount="2" falsecount="0"/>
        <line num="55" count="2" type="stmt"/>
        <line num="58" count="5" type="stmt"/>
      </file>
      <file name="index.js" path="C:\Users\aliaa gheis\Desktop\backend\src\utils\index.js">
        <metrics statements="0" coveredstatements="0" conditionals="0" coveredconditionals="0" methods="0" coveredmethods="0"/>
      </file>
      <file name="isUUID.js" path="C:\Users\aliaa gheis\Desktop\backend\src\utils\isUUID.js">
        <metrics statements="6" coveredstatements="6" conditionals="9" coveredconditionals="9" methods="1" coveredmethods="1"/>
        <line num="18" count="31" type="stmt"/>
        <line num="24" count="31" type="stmt"/>
        <line num="27" count="31" type="cond" truecount="4" falsecount="0"/>
        <line num="30" count="10" type="cond" truecount="5" falsecount="0"/>
        <line num="31" count="8" type="stmt"/>
        <line num="34" count="2" type="stmt"/>
      </file>
      <file name="mapInteractions.js" path="C:\Users\aliaa gheis\Desktop\backend\src\utils\mapInteractions.js">
        <metrics statements="15" coveredstatements="15" conditionals="24" coveredconditionals="22" methods="2" coveredmethods="2"/>
        <line num="9" count="25" type="stmt"/>
        <line num="10" count="8" type="stmt"/>
        <line num="11" count="8" type="stmt"/>
        <line num="13" count="16" type="stmt"/>
        <line num="16" count="16" type="cond" truecount="2" falsecount="0"/>
        <line num="19" count="16" type="stmt"/>
        <line num="42" count="16" type="cond" truecount="4" falsecount="0"/>
        <line num="43" count="2" type="cond" truecount="1" falsecount="1"/>
        <line num="46" count="2" type="cond" truecount="2" falsecount="0"/>
        <line num="50" count="16" type="cond" truecount="4" falsecount="0"/>
        <line num="51" count="2" type="cond" truecount="2" falsecount="0"/>
        <line num="54" count="2" type="cond" truecount="2" falsecount="0"/>
        <line num="60" count="16" type="cond" truecount="2" falsecount="0"/>
        <line num="85" count="16" type="stmt"/>
        <line num="88" count="8" type="stmt"/>
      </file>
      <file name="pagination.js" path="C:\Users\aliaa gheis\Desktop\backend\src\utils\pagination.js">
        <metrics statements="24" coveredstatements="24" conditionals="7" coveredconditionals="6" methods="4" coveredmethods="4"/>
        <line num="33" count="25" type="stmt"/>
        <line num="34" count="22" type="cond" truecount="2" falsecount="0"/>
        <line num="36" count="22" type="stmt"/>
        <line num="37" count="22" type="stmt"/>
        <line num="38" count="22" type="stmt"/>
        <line num="40" count="22" type="stmt"/>
        <line num="51" count="25" type="cond" truecount="0" falsecount="1"/>
        <line num="52" count="9" type="stmt"/>
        <line num="66" count="25" type="stmt"/>
        <line num="67" count="21" type="stmt"/>
        <line num="69" count="21" type="stmt"/>
        <line num="70" count="21" type="stmt"/>
        <line num="72" count="21" type="stmt"/>
        <line num="78" count="21" type="stmt"/>
        <line num="84" count="21" type="cond" truecount="2" falsecount="0"/>
        <line num="87" count="21" type="cond" truecount="2" falsecount="0"/>
        <line num="91" count="21" type="stmt"/>
        <line num="112" count="25" type="stmt"/>
        <line num="114" count="9" type="stmt"/>
        <line num="116" count="9" type="stmt"/>
        <line num="119" count="9" type="stmt"/>
        <line num="121" count="9" type="stmt"/>
        <line num="123" count="9" type="stmt"/>
        <line num="126" count="9" type="stmt"/>
      </file>
      <file name="sendEmail.js" path="C:\Users\aliaa gheis\Desktop\backend\src\utils\sendEmail.js">
        <metrics statements="23" coveredstatements="9" conditionals="0" coveredconditionals="0" methods="8" coveredmethods="0"/>
        <line num="3" count="25" type="stmt"/>
        <line num="17" count="25" type="stmt"/>
        <line num="36" count="25" type="stmt"/>
        <line num="37" count="0" type="stmt"/>
        <line num="49" count="0" type="stmt"/>
        <line num="61" count="25" type="stmt"/>
        <line num="62" count="0" type="stmt"/>
        <line num="72" count="0" type="stmt"/>
        <line num="84" count="25" type="stmt"/>
        <line num="85" count="0" type="stmt"/>
        <line num="99" count="0" type="stmt"/>
        <line num="113" count="25" type="stmt"/>
        <line num="114" count="0" type="stmt"/>
        <line num="122" count="0" type="stmt"/>
        <line num="135" count="25" type="stmt"/>
        <line num="136" count="0" type="stmt"/>
        <line num="137" count="0" type="stmt"/>
        <line num="151" count="25" type="stmt"/>
        <line num="152" count="0" type="stmt"/>
        <line num="153" count="0" type="stmt"/>
        <line num="172" count="25" type="stmt"/>
        <line num="173" count="0" type="stmt"/>
        <line num="174" count="0" type="stmt"/>
      </file>
      <file name="sendNotification.js" path="C:\Users\aliaa gheis\Desktop\backend\src\utils\sendNotification.js">
        <metrics statements="55" coveredstatements="40" conditionals="18" coveredconditionals="13" methods="16" coveredmethods="1"/>
        <line num="2" count="25" type="stmt"/>
        <line num="9" count="12" type="cond" truecount="2" falsecount="0"/>
        <line num="10" count="1" type="stmt"/>
        <line num="11" count="1" type="stmt"/>
        <line num="12" count="0" type="stmt"/>
        <line num="22" count="1" type="stmt"/>
        <line num="23" count="0" type="stmt"/>
        <line num="34" count="1" type="stmt"/>
        <line num="36" count="1" type="stmt"/>
        <line num="37" count="0" type="stmt"/>
        <line num="39" count="1" type="stmt"/>
        <line num="43" count="11" type="cond" truecount="2" falsecount="0"/>
        <line num="44" count="2" type="stmt"/>
        <line num="45" count="2" type="cond" truecount="1" falsecount="1"/>
        <line num="48" count="2" type="stmt"/>
        <line num="49" count="0" type="stmt"/>
        <line num="59" count="2" type="stmt"/>
        <line num="60" count="0" type="stmt"/>
        <line num="71" count="2" type="stmt"/>
        <line num="72" count="2" type="stmt"/>
        <line num="73" count="0" type="stmt"/>
        <line num="75" count="2" type="stmt"/>
        <line num="79" count="9" type="cond" truecount="2" falsecount="0"/>
        <line num="80" count="5" type="stmt"/>
        <line num="81" count="5" type="cond" truecount="1" falsecount="1"/>
        <line num="84" count="5" type="stmt"/>
        <line num="85" count="0" type="stmt"/>
        <line num="95" count="5" type="stmt"/>
        <line num="96" count="0" type="stmt"/>
        <line num="107" count="5" type="stmt"/>
        <line num="108" count="5" type="stmt"/>
        <line num="109" count="0" type="stmt"/>
        <line num="111" count="5" type="stmt"/>
        <line num="115" count="4" type="cond" truecount="2" falsecount="0"/>
        <line num="116" count="1" type="stmt"/>
        <line num="117" count="1" type="cond" truecount="1" falsecount="1"/>
        <line num="120" count="1" type="stmt"/>
        <line num="121" count="0" type="stmt"/>
        <line num="131" count="1" type="stmt"/>
        <line num="132" count="0" type="stmt"/>
        <line num="143" count="1" type="stmt"/>
        <line num="144" count="1" type="stmt"/>
        <line num="145" count="0" type="stmt"/>
        <line num="147" count="1" type="stmt"/>
        <line num="151" count="3" type="cond" truecount="1" falsecount="1"/>
        <line num="152" count="3" type="stmt"/>
        <line num="153" count="3" type="cond" truecount="1" falsecount="1"/>
        <line num="156" count="3" type="stmt"/>
        <line num="157" count="0" type="stmt"/>
        <line num="167" count="3" type="stmt"/>
        <line num="168" count="0" type="stmt"/>
        <line num="178" count="3" type="stmt"/>
        <line num="180" count="3" type="stmt"/>
        <line num="181" count="0" type="stmt"/>
        <line num="183" count="3" type="stmt"/>
      </file>
      <file name="separateMentionsTrends.js" path="C:\Users\aliaa gheis\Desktop\backend\src\utils\separateMentionsTrends.js">
        <metrics statements="10" coveredstatements="9" conditionals="8" coveredconditionals="7" methods="3" coveredmethods="3"/>
        <line num="1" count="25" type="stmt"/>
        <line num="2" count="10" type="cond" truecount="3" falsecount="1"/>
        <line num="3" count="0" type="stmt"/>
        <line num="6" count="10" type="stmt"/>
        <line num="7" count="10" type="stmt"/>
        <line num="10" count="10" type="cond" truecount="2" falsecount="0"/>
        <line num="11" count="10" type="cond" truecount="2" falsecount="0"/>
        <line num="13" count="10" type="stmt"/>
        <line num="14" count="3" type="stmt"/>
        <line num="15" count="12" type="stmt"/>
      </file>
    </package>
    <package name="src.validations">
      <metrics statements="33" coveredstatements="33" conditionals="0" coveredconditionals="0" methods="1" coveredmethods="1"/>
      <file name="authSchema.js" path="C:\Users\aliaa gheis\Desktop\backend\src\validations\authSchema.js">
        <metrics statements="7" coveredstatements="7" conditionals="0" coveredconditionals="0" methods="0" coveredmethods="0"/>
        <line num="3" count="25" type="stmt"/>
        <line num="12" count="25" type="stmt"/>
        <line num="31" count="25" type="stmt"/>
        <line num="37" count="25" type="stmt"/>
        <line num="44" count="25" type="stmt"/>
        <line num="50" count="25" type="stmt"/>
        <line num="60" count="25" type="stmt"/>
      </file>
      <file name="conversationSchema.js" path="C:\Users\aliaa gheis\Desktop\backend\src\validations\conversationSchema.js">
        <metrics statements="3" coveredstatements="3" conditionals="0" coveredconditionals="0" methods="0" coveredmethods="0"/>
        <line num="3" count="25" type="stmt"/>
        <line num="5" count="25" type="stmt"/>
        <line num="11" count="25" type="stmt"/>
      </file>
      <file name="fields.js" path="C:\Users\aliaa gheis\Desktop\backend\src\validations\fields.js">
        <metrics statements="8" coveredstatements="8" conditionals="0" coveredconditionals="0" methods="1" coveredmethods="1"/>
        <line num="4" count="25" type="stmt"/>
        <line num="8" count="25" type="stmt"/>
        <line num="13" count="25" type="stmt"/>
        <line num="18" count="25" type="stmt"/>
        <line num="30" count="25" type="stmt"/>
        <line num="36" count="25" type="stmt"/>
        <line num="46" count="25" type="stmt"/>
        <line num="47" count="100" type="stmt"/>
      </file>
      <file name="interactionSchema.js" path="C:\Users\aliaa gheis\Desktop\backend\src\validations\interactionSchema.js">
        <metrics statements="3" coveredstatements="3" conditionals="0" coveredconditionals="0" methods="0" coveredmethods="0"/>
        <line num="3" count="25" type="stmt"/>
        <line num="5" count="25" type="stmt"/>
        <line num="14" count="25" type="stmt"/>
      </file>
      <file name="statusSchema.js" path="C:\Users\aliaa gheis\Desktop\backend\src\validations\statusSchema.js">
        <metrics statements="2" coveredstatements="2" conditionals="0" coveredconditionals="0" methods="0" coveredmethods="0"/>
        <line num="3" count="25" type="stmt"/>
        <line num="5" count="25" type="stmt"/>
      </file>
      <file name="tokenSchema.js" path="C:\Users\aliaa gheis\Desktop\backend\src\validations\tokenSchema.js">
        <metrics statements="2" coveredstatements="2" conditionals="0" coveredconditionals="0" methods="0" coveredmethods="0"/>
        <line num="3" count="25" type="stmt"/>
        <line num="5" count="25" type="stmt"/>
      </file>
      <file name="userSchema.js" path="C:\Users\aliaa gheis\Desktop\backend\src\validations\userSchema.js">
        <metrics statements="8" coveredstatements="8" conditionals="0" coveredconditionals="0" methods="0" coveredmethods="0"/>
        <line num="3" count="25" type="stmt"/>
        <line num="13" count="25" type="stmt"/>
        <line num="19" count="25" type="stmt"/>
        <line num="27" count="25" type="stmt"/>
        <line num="33" count="25" type="stmt"/>
        <line num="39" count="25" type="stmt"/>
        <line num="72" count="25" type="stmt"/>
        <line num="79" count="25" type="stmt"/>
      </file>
    </package>
  </project>
</coverage>
