<?xml version="1.0" encoding="UTF-8"?>
<coverage generated="1701011233793" clover="3.2.0">
  <project timestamp="1701011233793" name="All files">
    <metrics statements="621" coveredstatements="468" conditionals="189" coveredconditionals="122" methods="127" coveredmethods="89" elements="937" coveredelements="679" complexity="0" loc="621" ncloc="621" packages="11" files="56" classes="56"/>
    <package name="src">
      <metrics statements="40" coveredstatements="34" conditionals="28" coveredconditionals="22" methods="3" coveredmethods="2"/>
      <file name="app.js" path="D:\uni\third\first\SW\backend\src\app.js">
        <metrics statements="24" coveredstatements="22" conditionals="2" coveredconditionals="1" methods="2" coveredmethods="1"/>
        <line num="26" count="8" type="stmt"/>
        <line num="27" count="8" type="stmt"/>
        <line num="30" count="8" type="stmt"/>
        <line num="31" count="8" type="stmt"/>
        <line num="34" count="8" type="stmt"/>
        <line num="35" count="8" type="stmt"/>
        <line num="37" count="8" type="stmt"/>
        <line num="38" count="8" type="stmt"/>
        <line num="39" count="8" type="stmt"/>
        <line num="40" count="8" type="stmt"/>
        <line num="42" count="8" type="stmt"/>
        <line num="44" count="8" type="cond" truecount="1" falsecount="1"/>
        <line num="45" count="0" type="stmt"/>
        <line num="48" count="8" type="stmt"/>
        <line num="55" count="8" type="stmt"/>
        <line num="56" count="8" type="stmt"/>
        <line num="57" count="8" type="stmt"/>
        <line num="58" count="8" type="stmt"/>
        <line num="60" count="8" type="stmt"/>
        <line num="62" count="8" type="stmt"/>
        <line num="66" count="8" type="stmt"/>
        <line num="67" count="0" type="stmt"/>
        <line num="70" count="8" type="stmt"/>
        <line num="72" count="8" type="stmt"/>
      </file>
      <file name="prisma.js" path="D:\uni\third\first\SW\backend\src\prisma.js">
        <metrics statements="16" coveredstatements="12" conditionals="26" coveredconditionals="21" methods="1" coveredmethods="1"/>
        <line num="3" count="8" type="stmt"/>
        <line num="5" count="8" type="stmt"/>
        <line num="6" count="272" type="stmt"/>
        <line num="7" count="272" type="cond" truecount="2" falsecount="0"/>
        <line num="13" count="146" type="cond" truecount="4" falsecount="1"/>
        <line num="14" count="1" type="stmt"/>
        <line num="16" count="1" type="cond" truecount="1" falsecount="1"/>
        <line num="17" count="1" type="cond" truecount="1" falsecount="1"/>
        <line num="18" count="0" type="stmt"/>
        <line num="20" count="1" type="stmt"/>
        <line num="24" count="146" type="cond" truecount="2" falsecount="0"/>
        <line num="31" count="89" type="cond" truecount="1" falsecount="1"/>
        <line num="32" count="0" type="stmt"/>
        <line num="35" count="272" type="stmt"/>
        <line num="37" count="0" type="stmt"/>
        <line num="38" count="0" type="stmt"/>
      </file>
    </package>
    <package name="src.config">
      <metrics statements="1" coveredstatements="1" conditionals="0" coveredconditionals="0" methods="0" coveredmethods="0"/>
      <file name="emailConfig.js" path="D:\uni\third\first\SW\backend\src\config\emailConfig.js">
        <metrics statements="1" coveredstatements="1" conditionals="0" coveredconditionals="0" methods="0" coveredmethods="0"/>
        <line num="4" count="8" type="stmt"/>
      </file>
      <file name="swaggerConfig.js" path="D:\uni\third\first\SW\backend\src\config\swaggerConfig.js">
        <metrics statements="0" coveredstatements="0" conditionals="0" coveredconditionals="0" methods="0" coveredmethods="0"/>
      </file>
    </package>
    <package name="src.controllers">
      <metrics statements="119" coveredstatements="77" conditionals="41" coveredconditionals="28" methods="16" coveredmethods="12"/>
      <file name="homeController.js" path="D:\uni\third\first\SW\backend\src\controllers\homeController.js">
        <metrics statements="8" coveredstatements="8" conditionals="0" coveredconditionals="0" methods="1" coveredmethods="1"/>
        <line num="9" count="8" type="stmt"/>
        <line num="11" count="1" type="stmt"/>
        <line num="14" count="1" type="stmt"/>
        <line num="16" count="1" type="stmt"/>
        <line num="20" count="1" type="stmt"/>
        <line num="23" count="1" type="stmt"/>
        <line num="26" count="1" type="stmt"/>
        <line num="34" count="1" type="stmt"/>
      </file>
      <file name="interactionController.js" path="D:\uni\third\first\SW\backend\src\controllers\interactionController.js">
        <metrics statements="9" coveredstatements="9" conditionals="4" coveredconditionals="4" methods="1" coveredmethods="1"/>
        <line num="6" count="8" type="stmt"/>
        <line num="8" count="3" type="stmt"/>
        <line num="11" count="3" type="cond" truecount="2" falsecount="0"/>
        <line num="12" count="1" type="stmt"/>
        <line num="16" count="2" type="stmt"/>
        <line num="20" count="2" type="cond" truecount="2" falsecount="0"/>
        <line num="21" count="1" type="stmt"/>
        <line num="23" count="1" type="stmt"/>
        <line num="27" count="1" type="stmt"/>
      </file>
      <file name="tweetController.js" path="D:\uni\third\first\SW\backend\src\controllers\tweetController.js">
        <metrics statements="10" coveredstatements="10" conditionals="5" coveredconditionals="4" methods="2" coveredmethods="2"/>
        <line num="5" count="8" type="stmt"/>
        <line num="6" count="2" type="stmt"/>
        <line num="7" count="2" type="stmt"/>
        <line num="10" count="2" type="cond" truecount="4" falsecount="1"/>
        <line num="11" count="1" type="stmt"/>
        <line num="13" count="1" type="stmt"/>
        <line num="15" count="1" type="stmt"/>
        <line num="17" count="1" type="stmt"/>
        <line num="24" count="1" type="stmt"/>
        <line num="30" count="1" type="stmt"/>
      </file>
      <file name="userController.js" path="D:\uni\third\first\SW\backend\src\controllers\userController.js">
        <metrics statements="92" coveredstatements="50" conditionals="32" coveredconditionals="20" methods="12" coveredmethods="8"/>
        <line num="5" count="8" type="stmt"/>
        <line num="6" count="2" type="stmt"/>
        <line num="7" count="2" type="cond" truecount="2" falsecount="0"/>
        <line num="8" count="1" type="stmt"/>
        <line num="10" count="1" type="stmt"/>
        <line num="13" count="8" type="stmt"/>
        <line num="14" count="2" type="stmt"/>
        <line num="15" count="2" type="cond" truecount="2" falsecount="0"/>
        <line num="16" count="1" type="stmt"/>
        <line num="18" count="1" type="stmt"/>
        <line num="21" count="8" type="stmt"/>
        <line num="22" count="4" type="stmt"/>
        <line num="23" count="4" type="stmt"/>
        <line num="24" count="4" type="cond" truecount="2" falsecount="0"/>
        <line num="25" count="1" type="stmt"/>
        <line num="27" count="3" type="stmt"/>
        <line num="30" count="8" type="stmt"/>
        <line num="31" count="2" type="stmt"/>
        <line num="32" count="2" type="cond" truecount="2" falsecount="0"/>
        <line num="33" count="1" type="stmt"/>
        <line num="35" count="1" type="stmt"/>
        <line num="37" count="8" type="stmt"/>
        <line num="38" count="0" type="stmt"/>
        <line num="41" count="0" type="cond" truecount="0" falsecount="2"/>
        <line num="42" count="0" type="stmt"/>
        <line num="44" count="0" type="stmt"/>
        <line num="45" count="0" type="stmt"/>
        <line num="49" count="0" type="cond" truecount="0" falsecount="2"/>
        <line num="50" count="0" type="stmt"/>
        <line num="52" count="0" type="stmt"/>
        <line num="53" count="0" type="stmt"/>
        <line num="56" count="8" type="stmt"/>
        <line num="57" count="0" type="stmt"/>
        <line num="60" count="0" type="cond" truecount="0" falsecount="2"/>
        <line num="61" count="0" type="stmt"/>
        <line num="63" count="0" type="stmt"/>
        <line num="64" count="0" type="stmt"/>
        <line num="68" count="0" type="cond" truecount="0" falsecount="2"/>
        <line num="69" count="0" type="stmt"/>
        <line num="71" count="0" type="stmt"/>
        <line num="72" count="0" type="stmt"/>
        <line num="75" count="8" type="stmt"/>
        <line num="76" count="0" type="stmt"/>
        <line num="79" count="0" type="cond" truecount="0" falsecount="2"/>
        <line num="80" count="0" type="stmt"/>
        <line num="82" count="0" type="stmt"/>
        <line num="90" count="0" type="stmt"/>
        <line num="92" count="0" type="stmt"/>
        <line num="93" count="0" type="stmt"/>
        <line num="98" count="0" type="stmt"/>
        <line num="99" count="0" type="stmt"/>
        <line num="100" count="0" type="stmt"/>
        <line num="103" count="0" type="stmt"/>
        <line num="106" count="0" type="stmt"/>
        <line num="113" count="8" type="stmt"/>
        <line num="114" count="0" type="stmt"/>
        <line num="117" count="0" type="cond" truecount="0" falsecount="2"/>
        <line num="118" count="0" type="stmt"/>
        <line num="120" count="0" type="stmt"/>
        <line num="128" count="0" type="stmt"/>
        <line num="129" count="0" type="stmt"/>
        <line num="130" count="0" type="stmt"/>
        <line num="135" count="0" type="stmt"/>
        <line num="136" count="0" type="stmt"/>
        <line num="137" count="0" type="stmt"/>
        <line num="140" count="0" type="stmt"/>
        <line num="143" count="0" type="stmt"/>
        <line num="150" count="8" type="stmt"/>
        <line num="151" count="2" type="cond" truecount="2" falsecount="0"/>
        <line num="152" count="1" type="stmt"/>
        <line num="153" count="1" type="stmt"/>
        <line num="154" count="1" type="stmt"/>
        <line num="157" count="8" type="stmt"/>
        <line num="158" count="2" type="cond" truecount="4" falsecount="0"/>
        <line num="159" count="1" type="stmt"/>
        <line num="160" count="1" type="stmt"/>
        <line num="161" count="1" type="stmt"/>
        <line num="164" count="8" type="stmt"/>
        <line num="165" count="3" type="stmt"/>
        <line num="166" count="3" type="cond" truecount="2" falsecount="0"/>
        <line num="167" count="1" type="stmt"/>
        <line num="170" count="3" type="cond" truecount="2" falsecount="0"/>
        <line num="171" count="1" type="stmt"/>
        <line num="174" count="3" type="stmt"/>
        <line num="175" count="3" type="stmt"/>
        <line num="178" count="8" type="stmt"/>
        <line num="179" count="2" type="stmt"/>
        <line num="180" count="2" type="stmt"/>
        <line num="185" count="2" type="cond" truecount="2" falsecount="0"/>
        <line num="186" count="1" type="stmt"/>
        <line num="188" count="1" type="stmt"/>
        <line num="189" count="1" type="stmt"/>
      </file>
    </package>
    <package name="src.controllers.authController">
      <metrics statements="100" coveredstatements="57" conditionals="35" coveredconditionals="19" methods="12" coveredmethods="5"/>
      <file name="captcha.js" path="D:\uni\third\first\SW\backend\src\controllers\authController\captcha.js">
        <metrics statements="10" coveredstatements="1" conditionals="6" coveredconditionals="0" methods="2" coveredmethods="0"/>
        <line num="7" count="8" type="stmt"/>
        <line num="8" count="0" type="cond" truecount="0" falsecount="2"/>
        <line num="9" count="0" type="stmt"/>
        <line num="12" count="0" type="stmt"/>
        <line num="15" count="0" type="stmt"/>
        <line num="20" count="0" type="stmt"/>
        <line num="23" count="0" type="stmt"/>
        <line num="26" count="0" type="cond" truecount="0" falsecount="4"/>
        <line num="27" count="0" type="stmt"/>
        <line num="30" count="0" type="stmt"/>
      </file>
      <file name="checkEmailVerification.js" path="D:\uni\third\first\SW\backend\src\controllers\authController\checkEmailVerification.js">
        <metrics statements="4" coveredstatements="1" conditionals="0" coveredconditionals="0" methods="1" coveredmethods="0"/>
        <line num="3" count="8" type="stmt"/>
        <line num="4" count="0" type="stmt"/>
        <line num="6" count="0" type="stmt"/>
        <line num="8" count="0" type="stmt"/>
      </file>
      <file name="checkResetToken.js" path="D:\uni\third\first\SW\backend\src\controllers\authController\checkResetToken.js">
        <metrics statements="4" coveredstatements="1" conditionals="0" coveredconditionals="0" methods="1" coveredmethods="0"/>
        <line num="3" count="8" type="stmt"/>
        <line num="4" count="0" type="stmt"/>
        <line num="6" count="0" type="stmt"/>
        <line num="8" count="0" type="stmt"/>
      </file>
      <file name="forgetPassword.js" path="D:\uni\third\first\SW\backend\src\controllers\authController\forgetPassword.js">
        <metrics statements="12" coveredstatements="12" conditionals="7" coveredconditionals="7" methods="1" coveredmethods="1"/>
        <line num="11" count="8" type="stmt"/>
        <line num="12" count="7" type="stmt"/>
        <line num="13" count="7" type="stmt"/>
        <line num="15" count="7" type="stmt"/>
        <line num="23" count="7" type="cond" truecount="2" falsecount="0"/>
        <line num="24" count="1" type="stmt"/>
        <line num="27" count="6" type="cond" truecount="2" falsecount="0"/>
        <line num="32" count="1" type="stmt"/>
        <line num="40" count="5" type="stmt"/>
        <line num="42" count="5" type="stmt"/>
        <line num="44" count="5" type="stmt"/>
        <line num="50" count="5" type="stmt"/>
      </file>
      <file name="googleAuthController.js" path="D:\uni\third\first\SW\backend\src\controllers\authController\googleAuthController.js">
        <metrics statements="15" coveredstatements="3" conditionals="2" coveredconditionals="0" methods="2" coveredmethods="0"/>
        <line num="8" count="8" type="stmt"/>
        <line num="14" count="8" type="stmt"/>
        <line num="16" count="0" type="stmt"/>
        <line num="21" count="0" type="stmt"/>
        <line num="23" count="0" type="stmt"/>
        <line num="26" count="8" type="stmt"/>
        <line num="29" count="0" type="stmt"/>
        <line num="30" count="0" type="stmt"/>
        <line num="31" count="0" type="stmt"/>
        <line num="32" count="0" type="stmt"/>
        <line num="33" count="0" type="cond" truecount="0" falsecount="2"/>
        <line num="34" count="0" type="stmt"/>
        <line num="36" count="0" type="stmt"/>
        <line num="37" count="0" type="stmt"/>
        <line num="38" count="0" type="stmt"/>
      </file>
      <file name="index.js" path="D:\uni\third\first\SW\backend\src\controllers\authController\index.js">
        <metrics statements="0" coveredstatements="0" conditionals="0" coveredconditionals="0" methods="0" coveredmethods="0"/>
      </file>
      <file name="login.js" path="D:\uni\third\first\SW\backend\src\controllers\authController\login.js">
        <metrics statements="11" coveredstatements="10" conditionals="4" coveredconditionals="3" methods="1" coveredmethods="1"/>
        <line num="8" count="8" type="stmt"/>
        <line num="9" count="3" type="stmt"/>
        <line num="11" count="3" type="stmt"/>
        <line num="13" count="3" type="cond" truecount="1" falsecount="1"/>
        <line num="14" count="0" type="stmt"/>
        <line num="16" count="3" type="stmt"/>
        <line num="17" count="3" type="cond" truecount="2" falsecount="0"/>
        <line num="18" count="1" type="stmt"/>
        <line num="20" count="2" type="stmt"/>
        <line num="21" count="2" type="stmt"/>
        <line num="22" count="2" type="stmt"/>
      </file>
      <file name="logout.js" path="D:\uni\third\first\SW\backend\src\controllers\authController\logout.js">
        <metrics statements="5" coveredstatements="5" conditionals="2" coveredconditionals="1" methods="1" coveredmethods="1"/>
        <line num="4" count="8" type="stmt"/>
        <line num="5" count="3" type="stmt"/>
        <line num="10" count="3" type="stmt"/>
        <line num="11" count="3" type="cond" truecount="1" falsecount="1"/>
        <line num="12" count="3" type="stmt"/>
      </file>
      <file name="resetPassword.js" path="D:\uni\third\first\SW\backend\src\controllers\authController\resetPassword.js">
        <metrics statements="8" coveredstatements="8" conditionals="0" coveredconditionals="0" methods="1" coveredmethods="1"/>
        <line num="11" count="8" type="stmt"/>
        <line num="12" count="7" type="stmt"/>
        <line num="13" count="7" type="stmt"/>
        <line num="15" count="7" type="stmt"/>
        <line num="18" count="4" type="stmt"/>
        <line num="19" count="4" type="stmt"/>
        <line num="22" count="4" type="stmt"/>
        <line num="24" count="4" type="stmt"/>
      </file>
      <file name="sendEmailVerification.js" path="D:\uni\third\first\SW\backend\src\controllers\authController\sendEmailVerification.js">
        <metrics statements="15" coveredstatements="15" conditionals="8" coveredconditionals="8" methods="1" coveredmethods="1"/>
        <line num="15" count="8" type="stmt"/>
        <line num="16" count="5" type="stmt"/>
        <line num="17" count="5" type="stmt"/>
        <line num="19" count="5" type="stmt"/>
        <line num="21" count="5" type="cond" truecount="2" falsecount="0"/>
        <line num="22" count="1" type="stmt"/>
        <line num="25" count="4" type="stmt"/>
        <line num="28" count="4" type="cond" truecount="2" falsecount="0"/>
        <line num="32" count="1" type="stmt"/>
        <line num="40" count="3" type="stmt"/>
        <line num="43" count="3" type="stmt"/>
        <line num="45" count="3" type="cond" truecount="2" falsecount="0"/>
        <line num="46" count="1" type="stmt"/>
        <line num="51" count="2" type="stmt"/>
        <line num="58" count="3" type="stmt"/>
      </file>
      <file name="signup.js" path="D:\uni\third\first\SW\backend\src\controllers\authController\signup.js">
        <metrics statements="16" coveredstatements="1" conditionals="6" coveredconditionals="0" methods="1" coveredmethods="0"/>
        <line num="13" count="8" type="stmt"/>
        <line num="21" count="0" type="stmt"/>
        <line num="23" count="0" type="stmt"/>
        <line num="28" count="0" type="cond" truecount="0" falsecount="2"/>
        <line num="29" count="0" type="stmt"/>
        <line num="37" count="0" type="stmt"/>
        <line num="40" count="0" type="cond" truecount="0" falsecount="2"/>
        <line num="44" count="0" type="stmt"/>
        <line num="46" count="0" type="stmt"/>
        <line num="54" count="0" type="cond" truecount="0" falsecount="2"/>
        <line num="55" count="0" type="stmt"/>
        <line num="59" count="0" type="stmt"/>
        <line num="61" count="0" type="stmt"/>
        <line num="63" count="0" type="stmt"/>
        <line num="64" count="0" type="stmt"/>
        <line num="65" count="0" type="stmt"/>
      </file>
    </package>
    <package name="src.errors">
      <metrics statements="21" coveredstatements="14" conditionals="14" coveredconditionals="6" methods="5" coveredmethods="3"/>
      <file name="appError.js" path="D:\uni\third\first\SW\backend\src\errors\appError.js">
        <metrics statements="5" coveredstatements="5" conditionals="2" coveredconditionals="1" methods="1" coveredmethods="1"/>
        <line num="3" count="31" type="stmt"/>
        <line num="5" count="31" type="stmt"/>
        <line num="8" count="31" type="cond" truecount="1" falsecount="1"/>
        <line num="10" count="31" type="stmt"/>
        <line num="13" count="31" type="stmt"/>
      </file>
      <file name="globalErrorHandlerMiddleware.js" path="D:\uni\third\first\SW\backend\src\errors\globalErrorHandlerMiddleware.js">
        <metrics statements="7" coveredstatements="5" conditionals="10" coveredconditionals="5" methods="1" coveredmethods="1"/>
        <line num="11" count="8" type="stmt"/>
        <line num="13" count="31" type="cond" truecount="1" falsecount="1"/>
        <line num="14" count="31" type="cond" truecount="1" falsecount="1"/>
        <line num="16" count="31" type="cond" truecount="3" falsecount="1"/>
        <line num="17" count="31" type="stmt"/>
        <line num="18" count="0" type="cond" truecount="0" falsecount="2"/>
        <line num="19" count="0" type="stmt"/>
      </file>
      <file name="sendErrorDev.js" path="D:\uni\third\first\SW\backend\src\errors\sendErrorDev.js">
        <metrics statements="2" coveredstatements="2" conditionals="0" coveredconditionals="0" methods="1" coveredmethods="1"/>
        <line num="8" count="8" type="stmt"/>
        <line num="9" count="31" type="stmt"/>
      </file>
      <file name="sendErrorProd.js" path="D:\uni\third\first\SW\backend\src\errors\sendErrorProd.js">
        <metrics statements="5" coveredstatements="1" conditionals="2" coveredconditionals="0" methods="1" coveredmethods="0"/>
        <line num="9" count="8" type="stmt"/>
        <line num="10" count="0" type="cond" truecount="0" falsecount="2"/>
        <line num="11" count="0" type="stmt"/>
        <line num="16" count="0" type="stmt"/>
        <line num="18" count="0" type="stmt"/>
      </file>
      <file name="sendOperationalErrorProd.js" path="D:\uni\third\first\SW\backend\src\errors\sendOperationalErrorProd.js">
        <metrics statements="2" coveredstatements="1" conditionals="0" coveredconditionals="0" methods="1" coveredmethods="0"/>
        <line num="8" count="8" type="stmt"/>
        <line num="9" count="0" type="stmt"/>
      </file>
    </package>
    <package name="src.middlewares">
      <metrics statements="36" coveredstatements="28" conditionals="14" coveredconditionals="9" methods="7" coveredmethods="5"/>
      <file name="addMedia.js" path="D:\uni\third\first\SW\backend\src\middlewares\addMedia.js">
        <metrics statements="7" coveredstatements="2" conditionals="2" coveredconditionals="0" methods="2" coveredmethods="0"/>
        <line num="3" count="8" type="stmt"/>
        <line num="7" count="0" type="stmt"/>
        <line num="8" count="0" type="stmt"/>
        <line num="11" count="8" type="stmt"/>
        <line num="15" count="0" type="cond" truecount="0" falsecount="2"/>
        <line num="16" count="0" type="stmt"/>
        <line num="18" count="0" type="stmt"/>
      </file>
      <file name="auth.js" path="D:\uni\third\first\SW\backend\src\middlewares\auth.js">
        <metrics statements="17" coveredstatements="15" conditionals="10" coveredconditionals="8" methods="1" coveredmethods="1"/>
        <line num="6" count="8" type="stmt"/>
        <line num="7" count="25" type="stmt"/>
        <line num="8" count="25" type="cond" truecount="1" falsecount="1"/>
        <line num="9" count="0" type="stmt"/>
        <line num="10" count="25" type="cond" truecount="2" falsecount="0"/>
        <line num="11" count="24" type="stmt"/>
        <line num="13" count="1" type="stmt"/>
        <line num="16" count="24" type="cond" truecount="1" falsecount="1"/>
        <line num="17" count="0" type="stmt"/>
        <line num="20" count="24" type="stmt"/>
        <line num="22" count="24" type="stmt"/>
        <line num="27" count="24" type="cond" truecount="2" falsecount="0"/>
        <line num="30" count="23" type="stmt"/>
        <line num="36" count="23" type="cond" truecount="2" falsecount="0"/>
        <line num="37" count="2" type="stmt"/>
        <line num="40" count="21" type="stmt"/>
        <line num="41" count="21" type="stmt"/>
      </file>
      <file name="avatar.js" path="D:\uni\third\first\SW\backend\src\middlewares\avatar.js">
        <metrics statements="7" coveredstatements="6" conditionals="2" coveredconditionals="1" methods="2" coveredmethods="2"/>
        <line num="3" count="8" type="stmt"/>
        <line num="7" count="2" type="stmt"/>
        <line num="8" count="2" type="stmt"/>
        <line num="11" count="8" type="stmt"/>
        <line num="15" count="2" type="cond" truecount="1" falsecount="1"/>
        <line num="16" count="0" type="stmt"/>
        <line num="18" count="2" type="stmt"/>
      </file>
      <file name="validateMiddleware.js" path="D:\uni\third\first\SW\backend\src\middlewares\validateMiddleware.js">
        <metrics statements="5" coveredstatements="5" conditionals="0" coveredconditionals="0" methods="2" coveredmethods="2"/>
        <line num="3" count="112" type="stmt"/>
        <line num="4" count="49" type="stmt"/>
        <line num="5" count="49" type="stmt"/>
        <line num="10" count="40" type="stmt"/>
        <line num="12" count="9" type="stmt"/>
      </file>
    </package>
    <package name="src.routes">
      <metrics statements="37" coveredstatements="35" conditionals="0" coveredconditionals="0" methods="1" coveredmethods="0"/>
      <file name="authRoutes.js" path="D:\uni\third\first\SW\backend\src\routes\authRoutes.js">
        <metrics statements="11" coveredstatements="11" conditionals="0" coveredconditionals="0" methods="0" coveredmethods="0"/>
        <line num="1057" count="8" type="stmt"/>
        <line num="1059" count="8" type="stmt"/>
        <line num="1067" count="8" type="stmt"/>
        <line num="1071" count="8" type="stmt"/>
        <line num="1073" count="8" type="stmt"/>
        <line num="1079" count="8" type="stmt"/>
        <line num="1081" count="8" type="stmt"/>
        <line num="1087" count="8" type="stmt"/>
        <line num="1093" count="8" type="stmt"/>
        <line num="1099" count="8" type="stmt"/>
        <line num="1105" count="8" type="stmt"/>
      </file>
      <file name="homeRoutes.js" path="D:\uni\third\first\SW\backend\src\routes\homeRoutes.js">
        <metrics statements="2" coveredstatements="2" conditionals="0" coveredconditionals="0" methods="0" coveredmethods="0"/>
        <line num="230" count="8" type="stmt"/>
        <line num="232" count="8" type="stmt"/>
      </file>
      <file name="interactionRoutes.js" path="D:\uni\third\first\SW\backend\src\routes\interactionRoutes.js">
        <metrics statements="3" coveredstatements="3" conditionals="0" coveredconditionals="0" methods="0" coveredmethods="0"/>
        <line num="1090" count="8" type="stmt"/>
        <line num="1091" count="8" type="stmt"/>
        <line num="1095" count="8" type="stmt"/>
      </file>
      <file name="trendRoutes.js" path="D:\uni\third\first\SW\backend\src\routes\trendRoutes.js">
        <metrics statements="2" coveredstatements="2" conditionals="0" coveredconditionals="0" methods="0" coveredmethods="0"/>
        <line num="262" count="8" type="stmt"/>
        <line num="264" count="8" type="stmt"/>
      </file>
      <file name="tweetRouts.js" path="D:\uni\third\first\SW\backend\src\routes\tweetRouts.js">
        <metrics statements="3" coveredstatements="3" conditionals="0" coveredconditionals="0" methods="0" coveredmethods="0"/>
        <line num="324" count="8" type="stmt"/>
        <line num="325" count="8" type="stmt"/>
        <line num="334" count="8" type="stmt"/>
      </file>
      <file name="userRoutes.js" path="D:\uni\third\first\SW\backend\src\routes\userRoutes.js">
        <metrics statements="16" coveredstatements="14" conditionals="0" coveredconditionals="0" methods="1" coveredmethods="0"/>
        <line num="2605" count="8" type="stmt"/>
        <line num="2609" count="8" type="stmt"/>
        <line num="2610" count="0" type="stmt"/>
        <line num="2617" count="0" type="stmt"/>
        <line num="2620" count="8" type="stmt"/>
        <line num="2623" count="8" type="stmt"/>
        <line num="2626" count="8" type="stmt"/>
        <line num="2630" count="8" type="stmt"/>
        <line num="2631" count="8" type="stmt"/>
        <line num="2633" count="8" type="stmt"/>
        <line num="2634" count="8" type="stmt"/>
        <line num="2636" count="8" type="stmt"/>
        <line num="2638" count="8" type="stmt"/>
        <line num="2640" count="8" type="stmt"/>
        <line num="2642" count="8" type="stmt"/>
        <line num="2658" count="8" type="stmt"/>
      </file>
    </package>
    <package name="src.services">
      <metrics statements="113" coveredstatements="97" conditionals="23" coveredconditionals="18" methods="43" coveredmethods="33"/>
      <file name="authService.js" path="D:\uni\third\first\SW\backend\src\services\authService.js">
        <metrics statements="5" coveredstatements="5" conditionals="0" coveredconditionals="0" methods="2" coveredmethods="2"/>
        <line num="3" count="8" type="stmt"/>
        <line num="4" count="5" type="stmt"/>
        <line num="18" count="8" type="stmt"/>
        <line num="19" count="3" type="stmt"/>
        <line num="20" count="3" type="stmt"/>
      </file>
      <file name="emailVerificationTokenService.js" path="D:\uni\third\first\SW\backend\src\services\emailVerificationTokenService.js">
        <metrics statements="8" coveredstatements="7" conditionals="0" coveredconditionals="0" methods="4" coveredmethods="3"/>
        <line num="3" count="8" type="stmt"/>
        <line num="4" count="4" type="stmt"/>
        <line num="11" count="8" type="stmt"/>
        <line num="12" count="2" type="stmt"/>
        <line num="20" count="8" type="stmt"/>
        <line num="21" count="1" type="stmt"/>
        <line num="31" count="8" type="stmt"/>
        <line num="32" count="0" type="stmt"/>
      </file>
      <file name="interactionService.js" path="D:\uni\third\first\SW\backend\src\services\interactionService.js">
        <metrics statements="56" coveredstatements="50" conditionals="20" coveredconditionals="16" methods="19" coveredmethods="16"/>
        <line num="63" count="8" type="stmt"/>
        <line num="64" count="0" type="stmt"/>
        <line num="83" count="0" type="stmt"/>
        <line num="100" count="0" type="stmt"/>
        <line num="120" count="8" type="stmt"/>
        <line num="121" count="1" type="stmt"/>
        <line num="226" count="1" type="stmt"/>
        <line num="229" count="8" type="stmt"/>
        <line num="230" count="1" type="stmt"/>
        <line num="232" count="1" type="stmt"/>
        <line num="237" count="1" type="stmt"/>
        <line num="244" count="0" type="stmt"/>
        <line num="256" count="1" type="stmt"/>
        <line num="257" count="1" type="stmt"/>
        <line num="259" count="8" type="stmt"/>
        <line num="260" count="1" type="stmt"/>
        <line num="261" count="1" type="stmt"/>
        <line num="264" count="1" type="cond" truecount="1" falsecount="1"/>
        <line num="265" count="1" type="stmt"/>
        <line num="272" count="0" type="stmt"/>
        <line num="280" count="0" type="stmt"/>
        <line num="284" count="8" type="stmt"/>
        <line num="285" count="1" type="stmt"/>
        <line num="291" count="8" type="stmt"/>
        <line num="292" count="2" type="stmt"/>
        <line num="299" count="2" type="cond" truecount="2" falsecount="0"/>
        <line num="300" count="1" type="stmt"/>
        <line num="302" count="8" type="stmt"/>
        <line num="303" count="3" type="stmt"/>
        <line num="309" count="3" type="cond" truecount="2" falsecount="0"/>
        <line num="310" count="1" type="stmt"/>
        <line num="312" count="8" type="stmt"/>
        <line num="313" count="1" type="stmt"/>
        <line num="315" count="1" type="stmt"/>
        <line num="321" count="1" type="cond" truecount="3" falsecount="1"/>
        <line num="322" count="1" type="stmt"/>
        <line num="328" count="1" type="stmt"/>
        <line num="329" count="1" type="cond" truecount="2" falsecount="0"/>
        <line num="331" count="1" type="stmt"/>
        <line num="342" count="8" type="stmt"/>
        <line num="343" count="1" type="stmt"/>
        <line num="344" count="1" type="stmt"/>
        <line num="346" count="2" type="stmt"/>
        <line num="349" count="2" type="cond" truecount="2" falsecount="0"/>
        <line num="352" count="2" type="stmt"/>
        <line num="373" count="2" type="cond" truecount="2" falsecount="0"/>
        <line num="389" count="2" type="stmt"/>
        <line num="392" count="1" type="stmt"/>
        <line num="406" count="8" type="stmt"/>
        <line num="407" count="1" type="stmt"/>
        <line num="409" count="1" type="stmt"/>
        <line num="422" count="8" type="stmt"/>
        <line num="423" count="1" type="stmt"/>
        <line num="425" count="3" type="stmt"/>
        <line num="440" count="8" type="stmt"/>
        <line num="441" count="1" type="stmt"/>
      </file>
      <file name="userService.js" path="D:\uni\third\first\SW\backend\src\services\userService.js">
        <metrics statements="44" coveredstatements="35" conditionals="3" coveredconditionals="2" methods="18" coveredmethods="12"/>
        <line num="11" count="8" type="stmt"/>
        <line num="12" count="2" type="stmt"/>
        <line num="33" count="8" type="stmt"/>
        <line num="34" count="2" type="stmt"/>
        <line num="48" count="8" type="stmt"/>
        <line num="49" count="2" type="stmt"/>
        <line num="64" count="8" type="stmt"/>
        <line num="65" count="2" type="stmt"/>
        <line num="99" count="8" type="stmt"/>
        <line num="100" count="5" type="stmt"/>
        <line num="120" count="8" type="stmt"/>
        <line num="128" count="0" type="stmt"/>
        <line num="149" count="8" type="cond" truecount="0" falsecount="1"/>
        <line num="150" count="21" type="stmt"/>
        <line num="166" count="21" type="stmt"/>
        <line num="169" count="8" type="stmt"/>
        <line num="170" count="7" type="stmt"/>
        <line num="178" count="7" type="stmt"/>
        <line num="181" count="8" type="stmt"/>
        <line num="182" count="0" type="stmt"/>
        <line num="194" count="0" type="stmt"/>
        <line num="197" count="8" type="stmt"/>
        <line num="198" count="4" type="stmt"/>
        <line num="218" count="8" type="stmt"/>
        <line num="219" count="3" type="stmt"/>
        <line num="224" count="3" type="stmt"/>
        <line num="237" count="8" type="stmt"/>
        <line num="238" count="0" type="stmt"/>
        <line num="247" count="0" type="stmt"/>
        <line num="258" count="8" type="stmt"/>
        <line num="259" count="0" type="stmt"/>
        <line num="275" count="8" type="stmt"/>
        <line num="276" count="0" type="stmt"/>
        <line num="293" count="8" type="stmt"/>
        <line num="294" count="0" type="stmt"/>
        <line num="307" count="0" type="stmt"/>
        <line num="317" count="8" type="stmt"/>
        <line num="318" count="1" type="stmt"/>
        <line num="335" count="8" type="stmt"/>
        <line num="336" count="1" type="stmt"/>
        <line num="346" count="8" type="stmt"/>
        <line num="347" count="4" type="cond" truecount="2" falsecount="0"/>
        <line num="348" count="1" type="stmt"/>
        <line num="350" count="4" type="stmt"/>
      </file>
    </package>
    <package name="src.test.fixtures">
      <metrics statements="37" coveredstatements="35" conditionals="0" coveredconditionals="0" methods="16" coveredmethods="14"/>
      <file name="db.js" path="D:\uni\third\first\SW\backend\src\test\fixtures\db.js">
        <metrics statements="37" coveredstatements="35" conditionals="0" coveredconditionals="0" methods="16" coveredmethods="14"/>
        <line num="8" count="8" type="stmt"/>
        <line num="9" count="26" type="stmt"/>
        <line num="10" count="26" type="stmt"/>
        <line num="34" count="8" type="stmt"/>
        <line num="35" count="9" type="stmt"/>
        <line num="36" count="9" type="stmt"/>
        <line num="58" count="8" type="stmt"/>
        <line num="59" count="5" type="stmt"/>
        <line num="60" count="5" type="stmt"/>
        <line num="82" count="8" type="stmt"/>
        <line num="83" count="3" type="stmt"/>
        <line num="105" count="8" type="stmt"/>
        <line num="106" count="3" type="stmt"/>
        <line num="133" count="8" type="stmt"/>
        <line num="134" count="1" type="stmt"/>
        <line num="142" count="8" type="stmt"/>
        <line num="143" count="1" type="stmt"/>
        <line num="151" count="8" type="stmt"/>
        <line num="152" count="0" type="stmt"/>
        <line num="160" count="8" type="stmt"/>
        <line num="161" count="0" type="stmt"/>
        <line num="171" count="8" type="stmt"/>
        <line num="172" count="16" type="stmt"/>
        <line num="175" count="8" type="stmt"/>
        <line num="176" count="41" type="stmt"/>
        <line num="178" count="8" type="stmt"/>
        <line num="179" count="4" type="stmt"/>
        <line num="182" count="8" type="stmt"/>
        <line num="183" count="21" type="stmt"/>
        <line num="186" count="8" type="stmt"/>
        <line num="187" count="4" type="stmt"/>
        <line num="189" count="8" type="stmt"/>
        <line num="190" count="2" type="stmt"/>
        <line num="197" count="8" type="stmt"/>
        <line num="198" count="5" type="stmt"/>
        <line num="202" count="5" type="stmt"/>
        <line num="204" count="8" type="stmt"/>
      </file>
    </package>
    <package name="src.utils">
      <metrics statements="94" coveredstatements="67" conditionals="34" coveredconditionals="20" methods="23" coveredmethods="14"/>
      <file name="addAuthCookie.js" path="D:\uni\third\first\SW\backend\src\utils\addAuthCookie.js">
        <metrics statements="4" coveredstatements="4" conditionals="0" coveredconditionals="0" methods="1" coveredmethods="1"/>
        <line num="13" count="8" type="stmt"/>
        <line num="18" count="6" type="stmt"/>
        <line num="23" count="6" type="stmt"/>
        <line num="27" count="6" type="stmt"/>
      </file>
      <file name="catchAsync.js" path="D:\uni\third\first\SW\backend\src\utils\catchAsync.js">
        <metrics statements="3" coveredstatements="3" conditionals="0" coveredconditionals="0" methods="2" coveredmethods="2"/>
        <line num="16" count="8" type="stmt"/>
        <line num="24" count="208" type="stmt"/>
        <line num="25" count="75" type="stmt"/>
      </file>
      <file name="checkVerificationTokens.js" path="D:\uni\third\first\SW\backend\src\utils\checkVerificationTokens.js">
        <metrics statements="2" coveredstatements="2" conditionals="0" coveredconditionals="0" methods="1" coveredmethods="1"/>
        <line num="21" count="5" type="stmt"/>
        <line num="23" count="5" type="stmt"/>
      </file>
      <file name="createRandomByteToken.js" path="D:\uni\third\first\SW\backend\src\utils\createRandomByteToken.js">
        <metrics statements="3" coveredstatements="3" conditionals="1" coveredconditionals="0" methods="1" coveredmethods="1"/>
        <line num="22" count="8" type="stmt"/>
        <line num="24" count="8" type="stmt"/>
        <line num="29" count="8" type="stmt"/>
      </file>
      <file name="generateToken.js" path="D:\uni\third\first\SW\backend\src\utils\generateToken.js">
        <metrics statements="3" coveredstatements="3" conditionals="0" coveredconditionals="0" methods="1" coveredmethods="1"/>
        <line num="19" count="8" type="stmt"/>
        <line num="20" count="14" type="stmt"/>
        <line num="24" count="14" type="stmt"/>
      </file>
      <file name="getFullUrl.js" path="D:\uni\third\first\SW\backend\src\utils\getFullUrl.js">
        <metrics statements="3" coveredstatements="3" conditionals="0" coveredconditionals="0" methods="1" coveredmethods="1"/>
        <line num="19" count="8" type="stmt"/>
        <line num="20" count="1" type="stmt"/>
        <line num="22" count="1" type="stmt"/>
      </file>
      <file name="handleWrongEmailVerification.js" path="D:\uni\third\first\SW\backend\src\utils\handleWrongEmailVerification.js">
        <metrics statements="10" coveredstatements="1" conditionals="6" coveredconditionals="0" methods="1" coveredmethods="0"/>
        <line num="29" count="8" type="stmt"/>
        <line num="31" count="0" type="stmt"/>
        <line num="33" count="0" type="cond" truecount="0" falsecount="2"/>
        <line num="34" count="0" type="stmt"/>
        <line num="38" count="0" type="stmt"/>
        <line num="40" count="0" type="stmt"/>
        <line num="42" count="0" type="cond" truecount="0" falsecount="2"/>
        <line num="43" count="0" type="stmt"/>
        <line num="46" count="0" type="cond" truecount="0" falsecount="2"/>
        <line num="47" count="0" type="stmt"/>
      </file>
      <file name="handleWrongResetToken.js" path="D:\uni\third\first\SW\backend\src\utils\handleWrongResetToken.js">
        <metrics statements="12" coveredstatements="11" conditionals="8" coveredconditionals="7" methods="1" coveredmethods="1"/>
        <line num="30" count="8" type="stmt"/>
        <line num="32" count="7" type="stmt"/>
        <line num="35" count="7" type="stmt"/>
        <line num="42" count="7" type="cond" truecount="2" falsecount="0"/>
        <line num="43" count="1" type="stmt"/>
        <line num="46" count="6" type="cond" truecount="1" falsecount="1"/>
        <line num="47" count="0" type="stmt"/>
        <line num="50" count="6" type="cond" truecount="2" falsecount="0"/>
        <line num="51" count="1" type="stmt"/>
        <line num="54" count="5" type="cond" truecount="2" falsecount="0"/>
        <line num="55" count="1" type="stmt"/>
        <line num="58" count="4" type="stmt"/>
      </file>
      <file name="index.js" path="D:\uni\third\first\SW\backend\src\utils\index.js">
        <metrics statements="0" coveredstatements="0" conditionals="0" coveredconditionals="0" methods="0" coveredmethods="0"/>
      </file>
      <file name="isUUID.js" path="D:\uni\third\first\SW\backend\src\utils\isUUID.js">
        <metrics statements="6" coveredstatements="6" conditionals="9" coveredconditionals="9" methods="1" coveredmethods="1"/>
        <line num="18" count="25" type="stmt"/>
        <line num="24" count="25" type="stmt"/>
        <line num="27" count="25" type="cond" truecount="4" falsecount="0"/>
        <line num="30" count="6" type="cond" truecount="5" falsecount="0"/>
        <line num="31" count="4" type="stmt"/>
        <line num="34" count="2" type="stmt"/>
      </file>
      <file name="pagination.js" path="D:\uni\third\first\SW\backend\src\utils\pagination.js">
        <metrics statements="23" coveredstatements="16" conditionals="6" coveredconditionals="2" methods="4" coveredmethods="2"/>
        <line num="33" count="8" type="stmt"/>
        <line num="34" count="1" type="cond" truecount="0" falsecount="2"/>
        <line num="36" count="1" type="stmt"/>
        <line num="37" count="1" type="stmt"/>
        <line num="39" count="1" type="stmt"/>
        <line num="50" count="8" type="stmt"/>
        <line num="51" count="0" type="stmt"/>
        <line num="65" count="8" type="stmt"/>
        <line num="66" count="1" type="stmt"/>
        <line num="68" count="1" type="stmt"/>
        <line num="69" count="1" type="stmt"/>
        <line num="71" count="1" type="stmt"/>
        <line num="77" count="1" type="stmt"/>
        <line num="83" count="1" type="cond" truecount="1" falsecount="1"/>
        <line num="86" count="1" type="cond" truecount="1" falsecount="1"/>
        <line num="90" count="1" type="stmt"/>
        <line num="111" count="8" type="stmt"/>
        <line num="113" count="0" type="stmt"/>
        <line num="116" count="0" type="stmt"/>
        <line num="119" count="0" type="stmt"/>
        <line num="121" count="0" type="stmt"/>
        <line num="123" count="0" type="stmt"/>
        <line num="126" count="0" type="stmt"/>
      </file>
      <file name="sendEmail.js" path="D:\uni\third\first\SW\backend\src\utils\sendEmail.js">
        <metrics statements="17" coveredstatements="7" conditionals="0" coveredconditionals="0" methods="6" coveredmethods="0"/>
        <line num="3" count="8" type="stmt"/>
        <line num="17" count="8" type="stmt"/>
        <line num="36" count="8" type="stmt"/>
        <line num="37" count="0" type="stmt"/>
        <line num="49" count="0" type="stmt"/>
        <line num="61" count="8" type="stmt"/>
        <line num="62" count="0" type="stmt"/>
        <line num="72" count="0" type="stmt"/>
        <line num="86" count="8" type="stmt"/>
        <line num="87" count="0" type="stmt"/>
        <line num="95" count="0" type="stmt"/>
        <line num="108" count="8" type="stmt"/>
        <line num="109" count="0" type="stmt"/>
        <line num="110" count="0" type="stmt"/>
        <line num="124" count="8" type="stmt"/>
        <line num="125" count="0" type="stmt"/>
        <line num="126" count="0" type="stmt"/>
      </file>
      <file name="separateMentionsTrends.js" path="D:\uni\third\first\SW\backend\src\utils\separateMentionsTrends.js">
        <metrics statements="8" coveredstatements="8" conditionals="4" coveredconditionals="2" methods="3" coveredmethods="3"/>
        <line num="1" count="8" type="stmt"/>
        <line num="3" count="1" type="stmt"/>
        <line num="4" count="1" type="stmt"/>
        <line num="7" count="1" type="cond" truecount="1" falsecount="1"/>
        <line num="8" count="1" type="cond" truecount="1" falsecount="1"/>
        <line num="10" count="1" type="stmt"/>
        <line num="11" count="1" type="stmt"/>
        <line num="12" count="1" type="stmt"/>
      </file>
    </package>
    <package name="src.validations">
      <metrics statements="23" coveredstatements="23" conditionals="0" coveredconditionals="0" methods="1" coveredmethods="1"/>
      <file name="authSchema.js" path="D:\uni\third\first\SW\backend\src\validations\authSchema.js">
        <metrics statements="7" coveredstatements="7" conditionals="0" coveredconditionals="0" methods="0" coveredmethods="0"/>
        <line num="3" count="8" type="stmt"/>
        <line num="13" count="8" type="stmt"/>
        <line num="33" count="8" type="stmt"/>
        <line num="39" count="8" type="stmt"/>
        <line num="46" count="8" type="stmt"/>
        <line num="52" count="8" type="stmt"/>
        <line num="62" count="8" type="stmt"/>
      </file>
      <file name="fields.js" path="D:\uni\third\first\SW\backend\src\validations\fields.js">
        <metrics statements="8" coveredstatements="8" conditionals="0" coveredconditionals="0" methods="1" coveredmethods="1"/>
        <line num="4" count="8" type="stmt"/>
        <line num="8" count="8" type="stmt"/>
        <line num="13" count="8" type="stmt"/>
        <line num="18" count="8" type="stmt"/>
        <line num="30" count="8" type="stmt"/>
        <line num="36" count="8" type="stmt"/>
        <line num="42" count="8" type="stmt"/>
        <line num="43" count="24" type="stmt"/>
      </file>
      <file name="tweetSchema.js" path="D:\uni\third\first\SW\backend\src\validations\tweetSchema.js">
        <metrics statements="2" coveredstatements="2" conditionals="0" coveredconditionals="0" methods="0" coveredmethods="0"/>
        <line num="3" count="8" type="stmt"/>
        <line num="6" count="8" type="stmt"/>
      </file>
      <file name="userSchema.js" path="D:\uni\third\first\SW\backend\src\validations\userSchema.js">
        <metrics statements="6" coveredstatements="6" conditionals="0" coveredconditionals="0" methods="0" coveredmethods="0"/>
        <line num="3" count="8" type="stmt"/>
        <line num="9" count="8" type="stmt"/>
        <line num="15" count="8" type="stmt"/>
        <line num="20" count="8" type="stmt"/>
        <line num="26" count="8" type="stmt"/>
        <line num="32" count="8" type="stmt"/>
      </file>
    </package>
  </project>
</coverage>
