{"C:\\Users\\aliaa gheis\\Desktop\\backend\\src\\app.js": {"path":"C:\\Users\\aliaa gheis\\Desktop\\backend\\src\\app.js","statementMap":{"0":{"start":{"line":34,"column":0},"end":{"line":36,"column":3}},"1":{"start":{"line":38,"column":0},"end":{"line":40,"column":2}},"2":{"start":{"line":39,"column":4},"end":{"line":39,"column":24}},"3":{"start":{"line":42,"column":17},"end":{"line":42,"column":47}},"4":{"start":{"line":43,"column":16},"end":{"line":43,"column":38}},"5":{"start":{"line":46,"column":21},"end":{"line":46,"column":48}},"6":{"start":{"line":47,"column":12},"end":{"line":47,"column":21}},"7":{"start":{"line":49,"column":0},"end":{"line":49,"column":16}},"8":{"start":{"line":50,"column":0},"end":{"line":50,"column":24}},"9":{"start":{"line":51,"column":0},"end":{"line":51,"column":24}},"10":{"start":{"line":52,"column":0},"end":{"line":52,"column":48}},"11":{"start":{"line":54,"column":0},"end":{"line":54,"column":70}},"12":{"start":{"line":56,"column":0},"end":{"line":58,"column":1}},"13":{"start":{"line":57,"column":4},"end":{"line":57,"column":27}},"14":{"start":{"line":60,"column":0},"end":{"line":64,"column":2}},"15":{"start":{"line":67,"column":0},"end":{"line":67,"column":37}},"16":{"start":{"line":68,"column":0},"end":{"line":68,"column":36}},"17":{"start":{"line":69,"column":0},"end":{"line":69,"column":39}},"18":{"start":{"line":70,"column":0},"end":{"line":70,"column":39}},"19":{"start":{"line":72,"column":0},"end":{"line":72,"column":51}},"20":{"start":{"line":74,"column":0},"end":{"line":74,"column":36}},"21":{"start":{"line":76,"column":0},"end":{"line":76,"column":39}},"22":{"start":{"line":78,"column":0},"end":{"line":78,"column":52}},"23":{"start":{"line":79,"column":0},"end":{"line":79,"column":54}},"24":{"start":{"line":82,"column":0},"end":{"line":84,"column":3}},"25":{"start":{"line":83,"column":4},"end":{"line":83,"column":77}},"26":{"start":{"line":86,"column":0},"end":{"line":86,"column":38}},"27":{"start":{"line":88,"column":0},"end":{"line":88,"column":31}}},"fnMap":{"0":{"name":"(anonymous_0)","decl":{"start":{"line":38,"column":26},"end":{"line":38,"column":27}},"loc":{"start":{"line":38,"column":38},"end":{"line":40,"column":1}},"line":38},"1":{"name":"(anonymous_1)","decl":{"start":{"line":82,"column":13},"end":{"line":82,"column":14}},"loc":{"start":{"line":82,"column":33},"end":{"line":84,"column":1}},"line":82}},"branchMap":{"0":{"loc":{"start":{"line":56,"column":0},"end":{"line":58,"column":1}},"type":"if","locations":[{"start":{"line":56,"column":0},"end":{"line":58,"column":1}},{"start":{},"end":{}}],"line":56}},"s":{"0":28,"1":28,"2":81,"3":28,"4":28,"5":28,"6":28,"7":28,"8":28,"9":28,"10":28,"11":28,"12":28,"13":0,"14":28,"15":28,"16":28,"17":28,"18":28,"19":28,"20":28,"21":28,"22":28,"23":28,"24":28,"25":1,"26":28,"27":28},"f":{"0":81,"1":1},"b":{"0":[0,28]},"_coverageSchema":"1a1c01bbd47fc00a2c39e90264f33305004495a9","hash":"81873821ad29c5508f6ed921349e67fa4b0aec8f"}
,"C:\\Users\\aliaa gheis\\Desktop\\backend\\src\\prisma.js": {"path":"C:\\Users\\aliaa gheis\\Desktop\\backend\\src\\prisma.js","statementMap":{"0":{"start":{"line":3,"column":15},"end":{"line":5,"column":2}},"1":{"start":{"line":7,"column":0},"end":{"line":45,"column":3}},"2":{"start":{"line":8,"column":4},"end":{"line":44,"column":5}},"3":{"start":{"line":9,"column":8},"end":{"line":39,"column":9}},"4":{"start":{"line":14,"column":12},"end":{"line":28,"column":13}},"5":{"start":{"line":19,"column":16},"end":{"line":20,"column":73}},"6":{"start":{"line":21,"column":16},"end":{"line":21,"column":51}},"7":{"start":{"line":21,"column":34},"end":{"line":21,"column":51}},"8":{"start":{"line":22,"column":16},"end":{"line":27,"column":22}},"9":{"start":{"line":23,"column":20},"end":{"line":23,"column":79}},"10":{"start":{"line":25,"column":20},"end":{"line":27,"column":22}},"11":{"start":{"line":29,"column":12},"end":{"line":38,"column":13}},"12":{"start":{"line":36,"column":16},"end":{"line":37,"column":63}},"13":{"start":{"line":36,"column":39},"end":{"line":36,"column":79}},"14":{"start":{"line":37,"column":21},"end":{"line":37,"column":63}},"15":{"start":{"line":40,"column":8},"end":{"line":40,"column":28}},"16":{"start":{"line":42,"column":8},"end":{"line":42,"column":64}},"17":{"start":{"line":43,"column":8},"end":{"line":43,"column":28}}},"fnMap":{"0":{"name":"(anonymous_0)","decl":{"start":{"line":7,"column":12},"end":{"line":7,"column":13}},"loc":{"start":{"line":7,"column":36},"end":{"line":45,"column":1}},"line":7}},"branchMap":{"0":{"loc":{"start":{"line":9,"column":8},"end":{"line":39,"column":9}},"type":"if","locations":[{"start":{"line":9,"column":8},"end":{"line":39,"column":9}},{"start":{},"end":{}}],"line":9},"1":{"loc":{"start":{"line":10,"column":12},"end":{"line":12,"column":44}},"type":"binary-expr","locations":[{"start":{"line":10,"column":12},"end":{"line":10,"column":42}},{"start":{"line":11,"column":12},"end":{"line":11,"column":34}},{"start":{"line":12,"column":12},"end":{"line":12,"column":44}}],"line":10},"2":{"loc":{"start":{"line":14,"column":12},"end":{"line":28,"column":13}},"type":"if","locations":[{"start":{"line":14,"column":12},"end":{"line":28,"column":13}},{"start":{},"end":{}}],"line":14},"3":{"loc":{"start":{"line":15,"column":16},"end":{"line":17,"column":51}},"type":"binary-expr","locations":[{"start":{"line":15,"column":16},"end":{"line":15,"column":41}},{"start":{"line":16,"column":17},"end":{"line":16,"column":46}},{"start":{"line":17,"column":20},"end":{"line":17,"column":50}}],"line":15},"4":{"loc":{"start":{"line":20,"column":20},"end":{"line":20,"column":72}},"type":"cond-expr","locations":[{"start":{"line":20,"column":49},"end":{"line":20,"column":57}},{"start":{"line":20,"column":60},"end":{"line":20,"column":72}}],"line":20},"5":{"loc":{"start":{"line":21,"column":16},"end":{"line":21,"column":51}},"type":"if","locations":[{"start":{"line":21,"column":16},"end":{"line":21,"column":51}},{"start":{},"end":{}}],"line":21},"6":{"loc":{"start":{"line":22,"column":16},"end":{"line":27,"column":22}},"type":"if","locations":[{"start":{"line":22,"column":16},"end":{"line":27,"column":22}},{"start":{"line":25,"column":20},"end":{"line":27,"column":22}}],"line":22},"7":{"loc":{"start":{"line":29,"column":12},"end":{"line":38,"column":13}},"type":"if","locations":[{"start":{"line":29,"column":12},"end":{"line":38,"column":13}},{"start":{},"end":{}}],"line":29},"8":{"loc":{"start":{"line":30,"column":16},"end":{"line":34,"column":45}},"type":"binary-expr","locations":[{"start":{"line":30,"column":16},"end":{"line":30,"column":44}},{"start":{"line":31,"column":16},"end":{"line":31,"column":45}},{"start":{"line":32,"column":16},"end":{"line":32,"column":43}},{"start":{"line":33,"column":16},"end":{"line":33,"column":41}},{"start":{"line":34,"column":16},"end":{"line":34,"column":45}}],"line":30},"9":{"loc":{"start":{"line":36,"column":16},"end":{"line":37,"column":63}},"type":"if","locations":[{"start":{"line":36,"column":16},"end":{"line":37,"column":63}},{"start":{"line":37,"column":21},"end":{"line":37,"column":63}}],"line":36}},"s":{"0":28,"1":28,"2":1206,"3":1206,"4":606,"5":0,"6":0,"7":0,"8":0,"9":0,"10":0,"11":606,"12":296,"13":295,"14":1,"15":1206,"16":0,"17":0},"f":{"0":1206},"b":{"0":[606,600],"1":[1206,1075,611],"2":[0,606],"3":[606,606,2],"4":[0,0],"5":[0,0],"6":[0,0],"7":[296,310],"8":[606,548,355,341,312],"9":[295,1]},"_coverageSchema":"1a1c01bbd47fc00a2c39e90264f33305004495a9","hash":"93ebc69e671f74e0a2dbd9e7b882a3698b6a1e8f"}
,"C:\\Users\\aliaa gheis\\Desktop\\backend\\src\\config\\emailConfig.js": {"path":"C:\\Users\\aliaa gheis\\Desktop\\backend\\src\\config\\emailConfig.js","statementMap":{"0":{"start":{"line":4,"column":20},"end":{"line":16,"column":2}}},"fnMap":{},"branchMap":{},"s":{"0":28},"f":{},"b":{},"_coverageSchema":"1a1c01bbd47fc00a2c39e90264f33305004495a9","hash":"7384383938766d77d6d9c8dbe456a988186a890b"}
,"C:\\Users\\aliaa gheis\\Desktop\\backend\\src\\config\\googleClient.js": {"path":"C:\\Users\\aliaa gheis\\Desktop\\backend\\src\\config\\googleClient.js","statementMap":{"0":{"start":{"line":3,"column":15},"end":{"line":7,"column":1}}},"fnMap":{},"branchMap":{},"s":{"0":29},"f":{},"b":{},"_coverageSchema":"1a1c01bbd47fc00a2c39e90264f33305004495a9","hash":"773226216e5cd51f64216971521a7213197f4c1d"}
,"C:\\Users\\aliaa gheis\\Desktop\\backend\\src\\config\\serviceAccountKeyFirebase.js": {"path":"C:\\Users\\aliaa gheis\\Desktop\\backend\\src\\config\\serviceAccountKeyFirebase.js","statementMap":{},"fnMap":{},"branchMap":{},"s":{},"f":{},"b":{},"_coverageSchema":"1a1c01bbd47fc00a2c39e90264f33305004495a9","hash":"2e632e551c1d3c37935afc88d297a65c1805a260"}
,"C:\\Users\\aliaa gheis\\Desktop\\backend\\src\\config\\swaggerConfig.js": {"path":"C:\\Users\\aliaa gheis\\Desktop\\backend\\src\\config\\swaggerConfig.js","statementMap":{},"fnMap":{},"branchMap":{},"s":{},"f":{},"b":{},"_coverageSchema":"1a1c01bbd47fc00a2c39e90264f33305004495a9","hash":"fd2bed5b9f113422967a88e2edb3bb4791b8cd27"}
,"C:\\Users\\aliaa gheis\\Desktop\\backend\\src\\controllers\\conversationController.js": {"path":"C:\\Users\\aliaa gheis\\Desktop\\backend\\src\\controllers\\conversationController.js","statementMap":{"0":{"start":{"line":5,"column":29},"end":{"line":18,"column":2}},"1":{"start":{"line":7,"column":17},"end":{"line":11,"column":5}},"2":{"start":{"line":12,"column":4},"end":{"line":15,"column":6}},"3":{"start":{"line":17,"column":4},"end":{"line":17,"column":52}},"4":{"start":{"line":20,"column":27},"end":{"line":60,"column":2}},"5":{"start":{"line":21,"column":21},"end":{"line":21,"column":29}},"6":{"start":{"line":23,"column":17},"end":{"line":25,"column":6}},"7":{"start":{"line":27,"column":4},"end":{"line":29,"column":5}},"8":{"start":{"line":28,"column":8},"end":{"line":28,"column":68}},"9":{"start":{"line":33,"column":8},"end":{"line":36,"column":9}},"10":{"start":{"line":38,"column":4},"end":{"line":41,"column":5}},"11":{"start":{"line":39,"column":8},"end":{"line":39,"column":51}},"12":{"start":{"line":40,"column":8},"end":{"line":40,"column":55}},"13":{"start":{"line":43,"column":22},"end":{"line":46,"column":5}},"14":{"start":{"line":47,"column":4},"end":{"line":49,"column":5}},"15":{"start":{"line":48,"column":8},"end":{"line":48,"column":75}},"16":{"start":{"line":51,"column":25},"end":{"line":54,"column":5}},"17":{"start":{"line":56,"column":4},"end":{"line":59,"column":7}},"18":{"start":{"line":62,"column":34},"end":{"line":105,"column":2}},"19":{"start":{"line":63,"column":35},"end":{"line":63,"column":45}},"20":{"start":{"line":64,"column":21},"end":{"line":64,"column":29}},"21":{"start":{"line":66,"column":4},"end":{"line":68,"column":5}},"22":{"start":{"line":67,"column":8},"end":{"line":67,"column":67}},"23":{"start":{"line":70,"column":25},"end":{"line":73,"column":5}},"24":{"start":{"line":74,"column":4},"end":{"line":76,"column":5}},"25":{"start":{"line":75,"column":8},"end":{"line":75,"column":79}},"26":{"start":{"line":78,"column":8},"end":{"line":80,"column":35}},"27":{"start":{"line":81,"column":4},"end":{"line":81,"column":30}},"28":{"start":{"line":83,"column":22},"end":{"line":86,"column":5}},"29":{"start":{"line":88,"column":4},"end":{"line":90,"column":5}},"30":{"start":{"line":89,"column":8},"end":{"line":89,"column":75}},"31":{"start":{"line":92,"column":20},"end":{"line":98,"column":5}},"32":{"start":{"line":101,"column":4},"end":{"line":104,"column":7}},"33":{"start":{"line":107,"column":32},"end":{"line":136,"column":2}},"34":{"start":{"line":108,"column":35},"end":{"line":108,"column":45}},"35":{"start":{"line":111,"column":25},"end":{"line":114,"column":5}},"36":{"start":{"line":116,"column":4},"end":{"line":118,"column":5}},"37":{"start":{"line":117,"column":8},"end":{"line":117,"column":79}},"38":{"start":{"line":120,"column":27},"end":{"line":124,"column":5}},"39":{"start":{"line":125,"column":4},"end":{"line":128,"column":33}},"40":{"start":{"line":129,"column":4},"end":{"line":129,"column":30}},"41":{"start":{"line":130,"column":4},"end":{"line":130,"column":30}},"42":{"start":{"line":131,"column":4},"end":{"line":131,"column":52}},"43":{"start":{"line":133,"column":4},"end":{"line":133,"column":75}},"44":{"start":{"line":135,"column":4},"end":{"line":135,"column":62}},"45":{"start":{"line":138,"column":31},"end":{"line":143,"column":2}},"46":{"start":{"line":139,"column":17},"end":{"line":141,"column":5}},"47":{"start":{"line":142,"column":4},"end":{"line":142,"column":80}}},"fnMap":{"0":{"name":"(anonymous_0)","decl":{"start":{"line":5,"column":40},"end":{"line":5,"column":41}},"loc":{"start":{"line":5,"column":66},"end":{"line":18,"column":1}},"line":5},"1":{"name":"(anonymous_1)","decl":{"start":{"line":20,"column":38},"end":{"line":20,"column":39}},"loc":{"start":{"line":20,"column":64},"end":{"line":60,"column":1}},"line":20},"2":{"name":"(anonymous_2)","decl":{"start":{"line":62,"column":45},"end":{"line":62,"column":46}},"loc":{"start":{"line":62,"column":71},"end":{"line":105,"column":1}},"line":62},"3":{"name":"(anonymous_3)","decl":{"start":{"line":107,"column":43},"end":{"line":107,"column":44}},"loc":{"start":{"line":107,"column":69},"end":{"line":136,"column":1}},"line":107},"4":{"name":"(anonymous_4)","decl":{"start":{"line":138,"column":42},"end":{"line":138,"column":43}},"loc":{"start":{"line":138,"column":68},"end":{"line":143,"column":1}},"line":138}},"branchMap":{"0":{"loc":{"start":{"line":27,"column":4},"end":{"line":29,"column":5}},"type":"if","locations":[{"start":{"line":27,"column":4},"end":{"line":29,"column":5}},{"start":{},"end":{}}],"line":27},"1":{"loc":{"start":{"line":38,"column":4},"end":{"line":41,"column":5}},"type":"if","locations":[{"start":{"line":38,"column":4},"end":{"line":41,"column":5}},{"start":{},"end":{}}],"line":38},"2":{"loc":{"start":{"line":47,"column":4},"end":{"line":49,"column":5}},"type":"if","locations":[{"start":{"line":47,"column":4},"end":{"line":49,"column":5}},{"start":{},"end":{}}],"line":47},"3":{"loc":{"start":{"line":66,"column":4},"end":{"line":68,"column":5}},"type":"if","locations":[{"start":{"line":66,"column":4},"end":{"line":68,"column":5}},{"start":{},"end":{}}],"line":66},"4":{"loc":{"start":{"line":66,"column":8},"end":{"line":66,"column":61}},"type":"binary-expr","locations":[{"start":{"line":66,"column":8},"end":{"line":66,"column":13}},{"start":{"line":66,"column":18},"end":{"line":66,"column":35}},{"start":{"line":66,"column":39},"end":{"line":66,"column":60}}],"line":66},"5":{"loc":{"start":{"line":74,"column":4},"end":{"line":76,"column":5}},"type":"if","locations":[{"start":{"line":74,"column":4},"end":{"line":76,"column":5}},{"start":{},"end":{}}],"line":74},"6":{"loc":{"start":{"line":78,"column":8},"end":{"line":80,"column":35}},"type":"cond-expr","locations":[{"start":{"line":79,"column":14},"end":{"line":79,"column":35}},{"start":{"line":80,"column":14},"end":{"line":80,"column":35}}],"line":78},"7":{"loc":{"start":{"line":88,"column":4},"end":{"line":90,"column":5}},"type":"if","locations":[{"start":{"line":88,"column":4},"end":{"line":90,"column":5}},{"start":{},"end":{}}],"line":88},"8":{"loc":{"start":{"line":116,"column":4},"end":{"line":118,"column":5}},"type":"if","locations":[{"start":{"line":116,"column":4},"end":{"line":118,"column":5}},{"start":{},"end":{}}],"line":116},"9":{"loc":{"start":{"line":126,"column":8},"end":{"line":128,"column":32}},"type":"cond-expr","locations":[{"start":{"line":127,"column":14},"end":{"line":127,"column":32}},{"start":{"line":128,"column":14},"end":{"line":128,"column":32}}],"line":126}},"s":{"0":28,"1":1,"2":1,"3":1,"4":28,"5":3,"6":3,"7":3,"8":1,"9":2,"10":2,"11":1,"12":1,"13":1,"14":1,"15":0,"16":1,"17":1,"18":28,"19":4,"20":4,"21":4,"22":1,"23":3,"24":3,"25":2,"26":1,"27":1,"28":1,"29":1,"30":0,"31":1,"32":1,"33":28,"34":3,"35":3,"36":3,"37":1,"38":2,"39":2,"40":2,"41":2,"42":2,"43":2,"44":2,"45":28,"46":2,"47":2},"f":{"0":1,"1":3,"2":4,"3":3,"4":2},"b":{"0":[1,2],"1":[1,1],"2":[0,1],"3":[1,3],"4":[4,1,0],"5":[2,1],"6":[1,0],"7":[0,1],"8":[1,2],"9":[0,2]},"_coverageSchema":"1a1c01bbd47fc00a2c39e90264f33305004495a9","hash":"23617645641c10ea82fe88dfcc850071e7a926f1"}
,"C:\\Users\\aliaa gheis\\Desktop\\backend\\src\\controllers\\homeController.js": {"path":"C:\\Users\\aliaa gheis\\Desktop\\backend\\src\\controllers\\homeController.js","statementMap":{"0":{"start":{"line":11,"column":24},"end":{"line":49,"column":2}},"1":{"start":{"line":13,"column":28},"end":{"line":13,"column":50}},"2":{"start":{"line":17,"column":8},"end":{"line":19,"column":9}},"3":{"start":{"line":21,"column":4},"end":{"line":21,"column":42}},"4":{"start":{"line":24,"column":56},"end":{"line":30,"column":5}},"5":{"start":{"line":33,"column":4},"end":{"line":33,"column":75}},"6":{"start":{"line":36,"column":23},"end":{"line":42,"column":5}},"7":{"start":{"line":44,"column":4},"end":{"line":48,"column":7}}},"fnMap":{"0":{"name":"(anonymous_0)","decl":{"start":{"line":11,"column":35},"end":{"line":11,"column":36}},"loc":{"start":{"line":11,"column":61},"end":{"line":49,"column":1}},"line":11}},"branchMap":{},"s":{"0":28,"1":1,"2":1,"3":1,"4":1,"5":1,"6":1,"7":1},"f":{"0":1},"b":{},"_coverageSchema":"1a1c01bbd47fc00a2c39e90264f33305004495a9","hash":"6891b43ec0639cddcfb10172a55185e8029363b5"}
,"C:\\Users\\aliaa gheis\\Desktop\\backend\\src\\controllers\\interactionController.js": {"path":"C:\\Users\\aliaa gheis\\Desktop\\backend\\src\\controllers\\interactionController.js","statementMap":{"0":{"start":{"line":17,"column":19},"end":{"line":17,"column":44}},"1":{"start":{"line":19,"column":26},"end":{"line":47,"column":2}},"2":{"start":{"line":21,"column":30},"end":{"line":23,"column":5}},"3":{"start":{"line":24,"column":4},"end":{"line":26,"column":5}},"4":{"start":{"line":25,"column":8},"end":{"line":25,"column":68}},"5":{"start":{"line":29,"column":8},"end":{"line":32,"column":9}},"6":{"start":{"line":33,"column":4},"end":{"line":35,"column":5}},"7":{"start":{"line":34,"column":8},"end":{"line":34,"column":62}},"8":{"start":{"line":37,"column":24},"end":{"line":39,"column":5}},"9":{"start":{"line":42,"column":4},"end":{"line":44,"column":5}},"10":{"start":{"line":43,"column":8},"end":{"line":43,"column":52}},"11":{"start":{"line":46,"column":4},"end":{"line":46,"column":74}},"12":{"start":{"line":49,"column":18},"end":{"line":94,"column":2}},"13":{"start":{"line":51,"column":30},"end":{"line":53,"column":5}},"14":{"start":{"line":54,"column":4},"end":{"line":56,"column":5}},"15":{"start":{"line":55,"column":8},"end":{"line":55,"column":68}},"16":{"start":{"line":57,"column":26},"end":{"line":57,"column":37}},"17":{"start":{"line":58,"column":19},"end":{"line":68,"column":5}},"18":{"start":{"line":69,"column":27},"end":{"line":69,"column":65}},"19":{"start":{"line":70,"column":16},"end":{"line":70,"column":41}},"20":{"start":{"line":71,"column":17},"end":{"line":71,"column":49}},"21":{"start":{"line":71,"column":38},"end":{"line":71,"column":48}},"22":{"start":{"line":72,"column":4},"end":{"line":87,"column":7}},"23":{"start":{"line":73,"column":8},"end":{"line":73,"column":55}},"24":{"start":{"line":74,"column":8},"end":{"line":74,"column":51}},"25":{"start":{"line":77,"column":8},"end":{"line":79,"column":9}},"26":{"start":{"line":78,"column":12},"end":{"line":78,"column":25}},"27":{"start":{"line":81,"column":8},"end":{"line":81,"column":31}},"28":{"start":{"line":82,"column":8},"end":{"line":82,"column":30}},"29":{"start":{"line":83,"column":8},"end":{"line":83,"column":30}},"30":{"start":{"line":84,"column":8},"end":{"line":84,"column":29}},"31":{"start":{"line":86,"column":8},"end":{"line":86,"column":20}},"32":{"start":{"line":89,"column":4},"end":{"line":93,"column":7}},"33":{"start":{"line":96,"column":20},"end":{"line":151,"column":2}},"34":{"start":{"line":97,"column":19},"end":{"line":97,"column":30}},"35":{"start":{"line":98,"column":17},"end":{"line":98,"column":30}},"36":{"start":{"line":101,"column":4},"end":{"line":103,"column":5}},"37":{"start":{"line":102,"column":8},"end":{"line":102,"column":65}},"38":{"start":{"line":105,"column":24},"end":{"line":107,"column":5}},"39":{"start":{"line":109,"column":4},"end":{"line":111,"column":5}},"40":{"start":{"line":110,"column":8},"end":{"line":110,"column":68}},"41":{"start":{"line":112,"column":4},"end":{"line":112,"column":40}},"42":{"start":{"line":114,"column":33},"end":{"line":114,"column":61}},"43":{"start":{"line":116,"column":30},"end":{"line":119,"column":5}},"44":{"start":{"line":122,"column":4},"end":{"line":130,"column":5}},"45":{"start":{"line":123,"column":8},"end":{"line":123,"column":56}},"46":{"start":{"line":125,"column":8},"end":{"line":129,"column":10}},"47":{"start":{"line":127,"column":16},"end":{"line":127,"column":44}},"48":{"start":{"line":132,"column":18},"end":{"line":141,"column":5}},"49":{"start":{"line":143,"column":4},"end":{"line":143,"column":37}},"50":{"start":{"line":144,"column":4},"end":{"line":144,"column":28}},"51":{"start":{"line":146,"column":4},"end":{"line":149,"column":7}},"52":{"start":{"line":150,"column":4},"end":{"line":150,"column":11}},"53":{"start":{"line":153,"column":16},"end":{"line":183,"column":2}},"54":{"start":{"line":155,"column":30},"end":{"line":157,"column":5}},"55":{"start":{"line":158,"column":4},"end":{"line":160,"column":5}},"56":{"start":{"line":159,"column":8},"end":{"line":159,"column":68}},"57":{"start":{"line":161,"column":19},"end":{"line":161,"column":30}},"58":{"start":{"line":162,"column":4},"end":{"line":162,"column":40}},"59":{"start":{"line":164,"column":31},"end":{"line":167,"column":5}},"60":{"start":{"line":168,"column":4},"end":{"line":170,"column":5}},"61":{"start":{"line":169,"column":8},"end":{"line":169,"column":76}},"62":{"start":{"line":172,"column":4},"end":{"line":177,"column":6}},"63":{"start":{"line":178,"column":4},"end":{"line":181,"column":7}},"64":{"start":{"line":182,"column":4},"end":{"line":182,"column":11}},"65":{"start":{"line":185,"column":19},"end":{"line":215,"column":2}},"66":{"start":{"line":187,"column":30},"end":{"line":189,"column":5}},"67":{"start":{"line":190,"column":4},"end":{"line":192,"column":5}},"68":{"start":{"line":191,"column":8},"end":{"line":191,"column":68}},"69":{"start":{"line":193,"column":19},"end":{"line":193,"column":30}},"70":{"start":{"line":195,"column":31},"end":{"line":200,"column":5}},"71":{"start":{"line":201,"column":4},"end":{"line":203,"column":5}},"72":{"start":{"line":202,"column":8},"end":{"line":202,"column":79}},"73":{"start":{"line":205,"column":4},"end":{"line":210,"column":6}},"74":{"start":{"line":211,"column":4},"end":{"line":214,"column":7}},"75":{"start":{"line":217,"column":19},"end":{"line":257,"column":2}},"76":{"start":{"line":218,"column":24},"end":{"line":221,"column":5}},"77":{"start":{"line":222,"column":4},"end":{"line":223,"column":64}},"78":{"start":{"line":223,"column":8},"end":{"line":223,"column":64}},"79":{"start":{"line":225,"column":28},"end":{"line":225,"column":50}},"80":{"start":{"line":226,"column":23},"end":{"line":229,"column":5}},"81":{"start":{"line":231,"column":4},"end":{"line":231,"column":42}},"82":{"start":{"line":232,"column":20},"end":{"line":239,"column":5}},"83":{"start":{"line":240,"column":35},"end":{"line":240,"column":59}},"84":{"start":{"line":241,"column":29},"end":{"line":241,"column":57}},"85":{"start":{"line":244,"column":23},"end":{"line":250,"column":5}},"86":{"start":{"line":252,"column":4},"end":{"line":256,"column":7}},"87":{"start":{"line":259,"column":22},"end":{"line":299,"column":2}},"88":{"start":{"line":260,"column":24},"end":{"line":262,"column":5}},"89":{"start":{"line":263,"column":4},"end":{"line":264,"column":68}},"90":{"start":{"line":264,"column":8},"end":{"line":264,"column":68}},"91":{"start":{"line":266,"column":4},"end":{"line":272,"column":5}},"92":{"start":{"line":267,"column":8},"end":{"line":271,"column":9}},"93":{"start":{"line":268,"column":12},"end":{"line":270,"column":13}},"94":{"start":{"line":269,"column":16},"end":{"line":269,"column":73}},"95":{"start":{"line":274,"column":4},"end":{"line":283,"column":5}},"96":{"start":{"line":275,"column":23},"end":{"line":277,"column":9}},"97":{"start":{"line":278,"column":8},"end":{"line":282,"column":9}},"98":{"start":{"line":279,"column":12},"end":{"line":281,"column":13}},"99":{"start":{"line":280,"column":16},"end":{"line":280,"column":73}},"100":{"start":{"line":285,"column":20},"end":{"line":289,"column":5}},"101":{"start":{"line":290,"column":4},"end":{"line":293,"column":26}},"102":{"start":{"line":294,"column":4},"end":{"line":297,"column":7}},"103":{"start":{"line":298,"column":4},"end":{"line":298,"column":11}},"104":{"start":{"line":301,"column":22},"end":{"line":351,"column":2}},"105":{"start":{"line":302,"column":24},"end":{"line":304,"column":5}},"106":{"start":{"line":305,"column":4},"end":{"line":306,"column":68}},"107":{"start":{"line":306,"column":8},"end":{"line":306,"column":68}},"108":{"start":{"line":308,"column":26},"end":{"line":308,"column":37}},"109":{"start":{"line":309,"column":19},"end":{"line":324,"column":5}},"110":{"start":{"line":325,"column":27},"end":{"line":325,"column":72}},"111":{"start":{"line":326,"column":16},"end":{"line":326,"column":41}},"112":{"start":{"line":328,"column":21},"end":{"line":328,"column":53}},"113":{"start":{"line":328,"column":42},"end":{"line":328,"column":52}},"114":{"start":{"line":329,"column":4},"end":{"line":344,"column":7}},"115":{"start":{"line":330,"column":8},"end":{"line":330,"column":55}},"116":{"start":{"line":331,"column":8},"end":{"line":331,"column":51}},"117":{"start":{"line":334,"column":8},"end":{"line":336,"column":9}},"118":{"start":{"line":335,"column":12},"end":{"line":335,"column":25}},"119":{"start":{"line":338,"column":8},"end":{"line":338,"column":31}},"120":{"start":{"line":339,"column":8},"end":{"line":339,"column":30}},"121":{"start":{"line":340,"column":8},"end":{"line":340,"column":30}},"122":{"start":{"line":341,"column":8},"end":{"line":341,"column":29}},"123":{"start":{"line":343,"column":8},"end":{"line":343,"column":20}},"124":{"start":{"line":346,"column":4},"end":{"line":350,"column":7}},"125":{"start":{"line":352,"column":22},"end":{"line":371,"column":2}},"126":{"start":{"line":354,"column":34},"end":{"line":357,"column":5}},"127":{"start":{"line":358,"column":4},"end":{"line":365,"column":5}},"128":{"start":{"line":359,"column":8},"end":{"line":364,"column":10}},"129":{"start":{"line":367,"column":24},"end":{"line":369,"column":5}},"130":{"start":{"line":370,"column":4},"end":{"line":370,"column":74}}},"fnMap":{"0":{"name":"(anonymous_0)","decl":{"start":{"line":19,"column":37},"end":{"line":19,"column":38}},"loc":{"start":{"line":19,"column":63},"end":{"line":47,"column":1}},"line":19},"1":{"name":"(anonymous_1)","decl":{"start":{"line":49,"column":29},"end":{"line":49,"column":30}},"loc":{"start":{"line":49,"column":55},"end":{"line":94,"column":1}},"line":49},"2":{"name":"(anonymous_2)","decl":{"start":{"line":71,"column":27},"end":{"line":71,"column":28}},"loc":{"start":{"line":71,"column":38},"end":{"line":71,"column":48}},"line":71},"3":{"name":"(anonymous_3)","decl":{"start":{"line":72,"column":27},"end":{"line":72,"column":28}},"loc":{"start":{"line":72,"column":37},"end":{"line":87,"column":5}},"line":72},"4":{"name":"(anonymous_4)","decl":{"start":{"line":96,"column":31},"end":{"line":96,"column":32}},"loc":{"start":{"line":96,"column":57},"end":{"line":151,"column":1}},"line":96},"5":{"name":"(anonymous_5)","decl":{"start":{"line":126,"column":26},"end":{"line":126,"column":27}},"loc":{"start":{"line":126,"column":42},"end":{"line":128,"column":13}},"line":126},"6":{"name":"(anonymous_6)","decl":{"start":{"line":153,"column":27},"end":{"line":153,"column":28}},"loc":{"start":{"line":153,"column":53},"end":{"line":183,"column":1}},"line":153},"7":{"name":"(anonymous_7)","decl":{"start":{"line":185,"column":30},"end":{"line":185,"column":31}},"loc":{"start":{"line":185,"column":56},"end":{"line":215,"column":1}},"line":185},"8":{"name":"(anonymous_8)","decl":{"start":{"line":217,"column":30},"end":{"line":217,"column":31}},"loc":{"start":{"line":217,"column":56},"end":{"line":257,"column":1}},"line":217},"9":{"name":"(anonymous_9)","decl":{"start":{"line":259,"column":33},"end":{"line":259,"column":34}},"loc":{"start":{"line":259,"column":59},"end":{"line":299,"column":1}},"line":259},"10":{"name":"(anonymous_10)","decl":{"start":{"line":301,"column":33},"end":{"line":301,"column":34}},"loc":{"start":{"line":301,"column":59},"end":{"line":351,"column":1}},"line":301},"11":{"name":"(anonymous_11)","decl":{"start":{"line":328,"column":31},"end":{"line":328,"column":32}},"loc":{"start":{"line":328,"column":42},"end":{"line":328,"column":52}},"line":328},"12":{"name":"(anonymous_12)","decl":{"start":{"line":329,"column":22},"end":{"line":329,"column":23}},"loc":{"start":{"line":329,"column":32},"end":{"line":344,"column":5}},"line":329},"13":{"name":"(anonymous_13)","decl":{"start":{"line":352,"column":33},"end":{"line":352,"column":34}},"loc":{"start":{"line":352,"column":59},"end":{"line":371,"column":1}},"line":352}},"branchMap":{"0":{"loc":{"start":{"line":24,"column":4},"end":{"line":26,"column":5}},"type":"if","locations":[{"start":{"line":24,"column":4},"end":{"line":26,"column":5}},{"start":{},"end":{}}],"line":24},"1":{"loc":{"start":{"line":33,"column":4},"end":{"line":35,"column":5}},"type":"if","locations":[{"start":{"line":33,"column":4},"end":{"line":35,"column":5}},{"start":{},"end":{}}],"line":33},"2":{"loc":{"start":{"line":42,"column":4},"end":{"line":44,"column":5}},"type":"if","locations":[{"start":{"line":42,"column":4},"end":{"line":44,"column":5}},{"start":{},"end":{}}],"line":42},"3":{"loc":{"start":{"line":54,"column":4},"end":{"line":56,"column":5}},"type":"if","locations":[{"start":{"line":54,"column":4},"end":{"line":56,"column":5}},{"start":{},"end":{}}],"line":54},"4":{"loc":{"start":{"line":61,"column":16},"end":{"line":63,"column":35}},"type":"cond-expr","locations":[{"start":{"line":62,"column":22},"end":{"line":62,"column":59}},{"start":{"line":63,"column":22},"end":{"line":63,"column":35}}],"line":61},"5":{"loc":{"start":{"line":77,"column":8},"end":{"line":79,"column":9}},"type":"if","locations":[{"start":{"line":77,"column":8},"end":{"line":79,"column":9}},{"start":{},"end":{}}],"line":77},"6":{"loc":{"start":{"line":77,"column":12},"end":{"line":77,"column":65}},"type":"binary-expr","locations":[{"start":{"line":77,"column":12},"end":{"line":77,"column":37}},{"start":{"line":77,"column":41},"end":{"line":77,"column":65}}],"line":77},"7":{"loc":{"start":{"line":101,"column":4},"end":{"line":103,"column":5}},"type":"if","locations":[{"start":{"line":101,"column":4},"end":{"line":103,"column":5}},{"start":{},"end":{}}],"line":101},"8":{"loc":{"start":{"line":101,"column":8},"end":{"line":101,"column":61}},"type":"binary-expr","locations":[{"start":{"line":101,"column":8},"end":{"line":101,"column":13}},{"start":{"line":101,"column":18},"end":{"line":101,"column":35}},{"start":{"line":101,"column":39},"end":{"line":101,"column":60}}],"line":101},"9":{"loc":{"start":{"line":109,"column":4},"end":{"line":111,"column":5}},"type":"if","locations":[{"start":{"line":109,"column":4},"end":{"line":111,"column":5}},{"start":{},"end":{}}],"line":109},"10":{"loc":{"start":{"line":109,"column":8},"end":{"line":109,"column":43}},"type":"binary-expr","locations":[{"start":{"line":109,"column":8},"end":{"line":109,"column":20}},{"start":{"line":109,"column":24},"end":{"line":109,"column":43}}],"line":109},"11":{"loc":{"start":{"line":122,"column":4},"end":{"line":130,"column":5}},"type":"if","locations":[{"start":{"line":122,"column":4},"end":{"line":130,"column":5}},{"start":{},"end":{}}],"line":122},"12":{"loc":{"start":{"line":138,"column":8},"end":{"line":140,"column":27}},"type":"cond-expr","locations":[{"start":{"line":139,"column":14},"end":{"line":139,"column":45}},{"start":{"line":140,"column":14},"end":{"line":140,"column":27}}],"line":138},"13":{"loc":{"start":{"line":158,"column":4},"end":{"line":160,"column":5}},"type":"if","locations":[{"start":{"line":158,"column":4},"end":{"line":160,"column":5}},{"start":{},"end":{}}],"line":158},"14":{"loc":{"start":{"line":158,"column":8},"end":{"line":158,"column":55}},"type":"binary-expr","locations":[{"start":{"line":158,"column":8},"end":{"line":158,"column":26}},{"start":{"line":158,"column":30},"end":{"line":158,"column":55}}],"line":158},"15":{"loc":{"start":{"line":168,"column":4},"end":{"line":170,"column":5}},"type":"if","locations":[{"start":{"line":168,"column":4},"end":{"line":170,"column":5}},{"start":{},"end":{}}],"line":168},"16":{"loc":{"start":{"line":174,"column":8},"end":{"line":176,"column":27}},"type":"cond-expr","locations":[{"start":{"line":175,"column":14},"end":{"line":175,"column":51}},{"start":{"line":176,"column":14},"end":{"line":176,"column":27}}],"line":174},"17":{"loc":{"start":{"line":190,"column":4},"end":{"line":192,"column":5}},"type":"if","locations":[{"start":{"line":190,"column":4},"end":{"line":192,"column":5}},{"start":{},"end":{}}],"line":190},"18":{"loc":{"start":{"line":197,"column":8},"end":{"line":199,"column":27}},"type":"cond-expr","locations":[{"start":{"line":198,"column":14},"end":{"line":198,"column":51}},{"start":{"line":199,"column":14},"end":{"line":199,"column":27}}],"line":197},"19":{"loc":{"start":{"line":201,"column":4},"end":{"line":203,"column":5}},"type":"if","locations":[{"start":{"line":201,"column":4},"end":{"line":203,"column":5}},{"start":{},"end":{}}],"line":201},"20":{"loc":{"start":{"line":207,"column":8},"end":{"line":209,"column":27}},"type":"cond-expr","locations":[{"start":{"line":208,"column":14},"end":{"line":208,"column":51}},{"start":{"line":209,"column":14},"end":{"line":209,"column":27}}],"line":207},"21":{"loc":{"start":{"line":222,"column":4},"end":{"line":223,"column":64}},"type":"if","locations":[{"start":{"line":222,"column":4},"end":{"line":223,"column":64}},{"start":{},"end":{}}],"line":222},"22":{"loc":{"start":{"line":234,"column":8},"end":{"line":236,"column":27}},"type":"cond-expr","locations":[{"start":{"line":235,"column":14},"end":{"line":235,"column":45}},{"start":{"line":236,"column":14},"end":{"line":236,"column":27}}],"line":234},"23":{"loc":{"start":{"line":263,"column":4},"end":{"line":264,"column":68}},"type":"if","locations":[{"start":{"line":263,"column":4},"end":{"line":264,"column":68}},{"start":{},"end":{}}],"line":263},"24":{"loc":{"start":{"line":266,"column":4},"end":{"line":272,"column":5}},"type":"if","locations":[{"start":{"line":266,"column":4},"end":{"line":272,"column":5}},{"start":{},"end":{}}],"line":266},"25":{"loc":{"start":{"line":266,"column":8},"end":{"line":266,"column":68}},"type":"binary-expr","locations":[{"start":{"line":266,"column":8},"end":{"line":266,"column":35}},{"start":{"line":266,"column":39},"end":{"line":266,"column":68}}],"line":266},"26":{"loc":{"start":{"line":268,"column":12},"end":{"line":270,"column":13}},"type":"if","locations":[{"start":{"line":268,"column":12},"end":{"line":270,"column":13}},{"start":{},"end":{}}],"line":268},"27":{"loc":{"start":{"line":268,"column":16},"end":{"line":268,"column":70}},"type":"binary-expr","locations":[{"start":{"line":268,"column":16},"end":{"line":268,"column":39}},{"start":{"line":268,"column":43},"end":{"line":268,"column":70}}],"line":268},"28":{"loc":{"start":{"line":274,"column":4},"end":{"line":283,"column":5}},"type":"if","locations":[{"start":{"line":274,"column":4},"end":{"line":283,"column":5}},{"start":{},"end":{}}],"line":274},"29":{"loc":{"start":{"line":279,"column":12},"end":{"line":281,"column":13}},"type":"if","locations":[{"start":{"line":279,"column":12},"end":{"line":281,"column":13}},{"start":{},"end":{}}],"line":279},"30":{"loc":{"start":{"line":279,"column":16},"end":{"line":279,"column":70}},"type":"binary-expr","locations":[{"start":{"line":279,"column":16},"end":{"line":279,"column":39}},{"start":{"line":279,"column":43},"end":{"line":279,"column":70}}],"line":279},"31":{"loc":{"start":{"line":291,"column":8},"end":{"line":293,"column":25}},"type":"cond-expr","locations":[{"start":{"line":292,"column":14},"end":{"line":292,"column":43}},{"start":{"line":293,"column":14},"end":{"line":293,"column":25}}],"line":291},"32":{"loc":{"start":{"line":305,"column":4},"end":{"line":306,"column":68}},"type":"if","locations":[{"start":{"line":305,"column":4},"end":{"line":306,"column":68}},{"start":{},"end":{}}],"line":305},"33":{"loc":{"start":{"line":312,"column":16},"end":{"line":314,"column":36}},"type":"cond-expr","locations":[{"start":{"line":313,"column":22},"end":{"line":313,"column":53}},{"start":{"line":314,"column":22},"end":{"line":314,"column":36}}],"line":312},"34":{"loc":{"start":{"line":334,"column":8},"end":{"line":336,"column":9}},"type":"if","locations":[{"start":{"line":334,"column":8},"end":{"line":336,"column":9}},{"start":{},"end":{}}],"line":334},"35":{"loc":{"start":{"line":334,"column":12},"end":{"line":334,"column":65}},"type":"binary-expr","locations":[{"start":{"line":334,"column":12},"end":{"line":334,"column":37}},{"start":{"line":334,"column":41},"end":{"line":334,"column":65}}],"line":334},"36":{"loc":{"start":{"line":358,"column":4},"end":{"line":365,"column":5}},"type":"if","locations":[{"start":{"line":358,"column":4},"end":{"line":365,"column":5}},{"start":{},"end":{}}],"line":358}},"s":{"0":28,"1":28,"2":3,"3":3,"4":1,"5":2,"6":2,"7":1,"8":1,"9":1,"10":0,"11":1,"12":28,"13":2,"14":2,"15":1,"16":1,"17":1,"18":1,"19":1,"20":1,"21":3,"22":1,"23":3,"24":3,"25":3,"26":1,"27":2,"28":2,"29":2,"30":2,"31":2,"32":1,"33":28,"34":4,"35":4,"36":4,"37":1,"38":3,"39":3,"40":1,"41":2,"42":2,"43":2,"44":2,"45":0,"46":0,"47":0,"48":2,"49":2,"50":2,"51":2,"52":2,"53":28,"54":5,"55":5,"56":1,"57":4,"58":4,"59":4,"60":4,"61":1,"62":3,"63":3,"64":3,"65":28,"66":3,"67":3,"68":1,"69":2,"70":2,"71":2,"72":1,"73":1,"74":1,"75":28,"76":2,"77":2,"78":1,"79":1,"80":1,"81":1,"82":1,"83":1,"84":1,"85":1,"86":1,"87":28,"88":7,"89":7,"90":1,"91":6,"92":3,"93":0,"94":0,"95":6,"96":3,"97":3,"98":3,"99":1,"100":5,"101":5,"102":5,"103":5,"104":28,"105":2,"106":2,"107":1,"108":1,"109":1,"110":1,"111":1,"112":1,"113":2,"114":1,"115":2,"116":2,"117":2,"118":0,"119":2,"120":2,"121":2,"122":2,"123":2,"124":1,"125":28,"126":3,"127":3,"128":2,"129":1,"130":1},"f":{"0":3,"1":2,"2":3,"3":3,"4":4,"5":0,"6":5,"7":3,"8":2,"9":7,"10":2,"11":2,"12":2,"13":3},"b":{"0":[1,2],"1":[1,1],"2":[0,1],"3":[1,1],"4":[0,1],"5":[1,2],"6":[3,2],"7":[1,3],"8":[4,1,0],"9":[1,2],"10":[3,2],"11":[0,2],"12":[0,2],"13":[1,4],"14":[5,4],"15":[1,3],"16":[0,3],"17":[1,2],"18":[0,2],"19":[1,1],"20":[0,1],"21":[1,1],"22":[0,1],"23":[1,6],"24":[3,3],"25":[6,4],"26":[0,0],"27":[0,0],"28":[3,3],"29":[1,2],"30":[3,3],"31":[2,3],"32":[1,1],"33":[0,1],"34":[0,2],"35":[2,2],"36":[2,1]},"_coverageSchema":"1a1c01bbd47fc00a2c39e90264f33305004495a9","hash":"966bb47157dc45d3013a50629f1c2f48c4e622ad"}
,"C:\\Users\\aliaa gheis\\Desktop\\backend\\src\\controllers\\notificationController.js": {"path":"C:\\Users\\aliaa gheis\\Desktop\\backend\\src\\controllers\\notificationController.js","statementMap":{"0":{"start":{"line":5,"column":30},"end":{"line":28,"column":2}},"1":{"start":{"line":6,"column":4},"end":{"line":6,"column":54}},"2":{"start":{"line":6,"column":43},"end":{"line":6,"column":54}},"3":{"start":{"line":8,"column":4},"end":{"line":11,"column":6}},"4":{"start":{"line":12,"column":26},"end":{"line":15,"column":5}},"5":{"start":{"line":16,"column":22},"end":{"line":19,"column":5}},"6":{"start":{"line":20,"column":4},"end":{"line":26,"column":6}},"7":{"start":{"line":27,"column":4},"end":{"line":27,"column":15}},"8":{"start":{"line":30,"column":28},"end":{"line":53,"column":2}},"9":{"start":{"line":31,"column":4},"end":{"line":31,"column":59}},"10":{"start":{"line":31,"column":48},"end":{"line":31,"column":59}},"11":{"start":{"line":33,"column":4},"end":{"line":36,"column":6}},"12":{"start":{"line":37,"column":26},"end":{"line":40,"column":5}},"13":{"start":{"line":41,"column":22},"end":{"line":44,"column":5}},"14":{"start":{"line":45,"column":4},"end":{"line":51,"column":6}},"15":{"start":{"line":52,"column":4},"end":{"line":52,"column":15}},"16":{"start":{"line":55,"column":24},"end":{"line":64,"column":2}},"17":{"start":{"line":56,"column":4},"end":{"line":58,"column":5}},"18":{"start":{"line":57,"column":8},"end":{"line":57,"column":68}},"19":{"start":{"line":59,"column":4},"end":{"line":59,"column":73}},"20":{"start":{"line":60,"column":4},"end":{"line":63,"column":7}},"21":{"start":{"line":66,"column":20},"end":{"line":75,"column":2}},"22":{"start":{"line":67,"column":4},"end":{"line":69,"column":5}},"23":{"start":{"line":68,"column":8},"end":{"line":68,"column":68}},"24":{"start":{"line":70,"column":4},"end":{"line":70,"column":73}},"25":{"start":{"line":71,"column":4},"end":{"line":74,"column":7}},"26":{"start":{"line":77,"column":29},"end":{"line":101,"column":2}},"27":{"start":{"line":78,"column":4},"end":{"line":99,"column":5}},"28":{"start":{"line":79,"column":8},"end":{"line":83,"column":10}},"29":{"start":{"line":84,"column":30},"end":{"line":87,"column":9}},"30":{"start":{"line":88,"column":26},"end":{"line":91,"column":9}},"31":{"start":{"line":92,"column":8},"end":{"line":98,"column":10}},"32":{"start":{"line":100,"column":4},"end":{"line":100,"column":11}},"33":{"start":{"line":103,"column":24},"end":{"line":253,"column":2}},"34":{"start":{"line":104,"column":19},"end":{"line":104,"column":30}},"35":{"start":{"line":106,"column":19},"end":{"line":155,"column":5}},"36":{"start":{"line":156,"column":27},"end":{"line":156,"column":73}},"37":{"start":{"line":158,"column":18},"end":{"line":158,"column":43}},"38":{"start":{"line":159,"column":4},"end":{"line":159,"column":54}},"39":{"start":{"line":161,"column":4},"end":{"line":175,"column":7}},"40":{"start":{"line":162,"column":8},"end":{"line":162,"column":73}},"41":{"start":{"line":163,"column":8},"end":{"line":163,"column":69}},"42":{"start":{"line":164,"column":8},"end":{"line":164,"column":40}},"43":{"start":{"line":165,"column":8},"end":{"line":165,"column":39}},"44":{"start":{"line":166,"column":8},"end":{"line":166,"column":23}},"45":{"start":{"line":167,"column":8},"end":{"line":173,"column":61}},"46":{"start":{"line":168,"column":12},"end":{"line":173,"column":61}},"47":{"start":{"line":169,"column":16},"end":{"line":169,"column":46}},"48":{"start":{"line":171,"column":16},"end":{"line":171,"column":70}},"49":{"start":{"line":172,"column":16},"end":{"line":172,"column":52}},"50":{"start":{"line":173,"column":19},"end":{"line":173,"column":61}},"51":{"start":{"line":174,"column":8},"end":{"line":174,"column":20}},"52":{"start":{"line":176,"column":28},"end":{"line":176,"column":29}},"53":{"start":{"line":177,"column":26},"end":{"line":177,"column":28}},"54":{"start":{"line":178,"column":4},"end":{"line":241,"column":5}},"55":{"start":{"line":179,"column":8},"end":{"line":240,"column":9}},"56":{"start":{"line":184,"column":12},"end":{"line":186,"column":44}},"57":{"start":{"line":187,"column":15},"end":{"line":240,"column":9}},"58":{"start":{"line":194,"column":12},"end":{"line":196,"column":67}},"59":{"start":{"line":197,"column":15},"end":{"line":240,"column":9}},"60":{"start":{"line":204,"column":12},"end":{"line":206,"column":65}},"61":{"start":{"line":207,"column":13},"end":{"line":240,"column":9}},"62":{"start":{"line":214,"column":12},"end":{"line":216,"column":72}},"63":{"start":{"line":218,"column":12},"end":{"line":218,"column":37}},"64":{"start":{"line":219,"column":12},"end":{"line":238,"column":92}},"65":{"start":{"line":220,"column":16},"end":{"line":222,"column":101}},"66":{"start":{"line":223,"column":17},"end":{"line":238,"column":92}},"67":{"start":{"line":224,"column":16},"end":{"line":226,"column":93}},"68":{"start":{"line":227,"column":17},"end":{"line":238,"column":92}},"69":{"start":{"line":228,"column":16},"end":{"line":230,"column":98}},"70":{"start":{"line":231,"column":17},"end":{"line":238,"column":92}},"71":{"start":{"line":232,"column":16},"end":{"line":234,"column":70}},"72":{"start":{"line":235,"column":17},"end":{"line":238,"column":92}},"73":{"start":{"line":236,"column":16},"end":{"line":238,"column":92}},"74":{"start":{"line":239,"column":12},"end":{"line":239,"column":32}},"75":{"start":{"line":242,"column":30},"end":{"line":246,"column":5}},"76":{"start":{"line":248,"column":4},"end":{"line":252,"column":7}},"77":{"start":{"line":255,"column":31},"end":{"line":283,"column":2}},"78":{"start":{"line":256,"column":21},"end":{"line":256,"column":33}},"79":{"start":{"line":257,"column":23},"end":{"line":259,"column":6}},"80":{"start":{"line":258,"column":8},"end":{"line":258,"column":57}},"81":{"start":{"line":258,"column":39},"end":{"line":258,"column":57}},"82":{"start":{"line":260,"column":4},"end":{"line":282,"column":22}},"83":{"start":{"line":261,"column":8},"end":{"line":265,"column":10}},"84":{"start":{"line":266,"column":30},"end":{"line":269,"column":9}},"85":{"start":{"line":270,"column":26},"end":{"line":273,"column":9}},"86":{"start":{"line":274,"column":8},"end":{"line":280,"column":10}},"87":{"start":{"line":281,"column":8},"end":{"line":281,"column":19}},"88":{"start":{"line":282,"column":11},"end":{"line":282,"column":22}},"89":{"start":{"line":285,"column":29},"end":{"line":380,"column":2}},"90":{"start":{"line":286,"column":19},"end":{"line":286,"column":30}},"91":{"start":{"line":288,"column":19},"end":{"line":338,"column":5}},"92":{"start":{"line":339,"column":18},"end":{"line":339,"column":79}},"93":{"start":{"line":341,"column":28},"end":{"line":341,"column":29}},"94":{"start":{"line":342,"column":26},"end":{"line":342,"column":28}},"95":{"start":{"line":343,"column":4},"end":{"line":374,"column":5}},"96":{"start":{"line":344,"column":8},"end":{"line":373,"column":9}},"97":{"start":{"line":370,"column":12},"end":{"line":370,"column":37}},"98":{"start":{"line":372,"column":12},"end":{"line":372,"column":32}},"99":{"start":{"line":376,"column":4},"end":{"line":379,"column":7}},"100":{"start":{"line":381,"column":31},"end":{"line":403,"column":2}},"101":{"start":{"line":382,"column":4},"end":{"line":382,"column":59}},"102":{"start":{"line":382,"column":48},"end":{"line":382,"column":59}},"103":{"start":{"line":383,"column":4},"end":{"line":386,"column":6}},"104":{"start":{"line":387,"column":26},"end":{"line":390,"column":5}},"105":{"start":{"line":391,"column":22},"end":{"line":394,"column":5}},"106":{"start":{"line":395,"column":4},"end":{"line":401,"column":6}},"107":{"start":{"line":402,"column":4},"end":{"line":402,"column":15}},"108":{"start":{"line":404,"column":27},"end":{"line":410,"column":2}},"109":{"start":{"line":405,"column":4},"end":{"line":405,"column":55}},"110":{"start":{"line":406,"column":4},"end":{"line":409,"column":7}},"111":{"start":{"line":412,"column":23},"end":{"line":418,"column":2}},"112":{"start":{"line":413,"column":4},"end":{"line":413,"column":51}},"113":{"start":{"line":414,"column":4},"end":{"line":417,"column":7}},"114":{"start":{"line":420,"column":20},"end":{"line":429,"column":2}},"115":{"start":{"line":421,"column":19},"end":{"line":424,"column":5}},"116":{"start":{"line":425,"column":4},"end":{"line":428,"column":7}}},"fnMap":{"0":{"name":"(anonymous_0)","decl":{"start":{"line":5,"column":41},"end":{"line":5,"column":42}},"loc":{"start":{"line":5,"column":67},"end":{"line":28,"column":1}},"line":5},"1":{"name":"(anonymous_1)","decl":{"start":{"line":30,"column":39},"end":{"line":30,"column":40}},"loc":{"start":{"line":30,"column":65},"end":{"line":53,"column":1}},"line":30},"2":{"name":"(anonymous_2)","decl":{"start":{"line":55,"column":35},"end":{"line":55,"column":36}},"loc":{"start":{"line":55,"column":61},"end":{"line":64,"column":1}},"line":55},"3":{"name":"(anonymous_3)","decl":{"start":{"line":66,"column":31},"end":{"line":66,"column":32}},"loc":{"start":{"line":66,"column":57},"end":{"line":75,"column":1}},"line":66},"4":{"name":"(anonymous_4)","decl":{"start":{"line":77,"column":40},"end":{"line":77,"column":41}},"loc":{"start":{"line":77,"column":66},"end":{"line":101,"column":1}},"line":77},"5":{"name":"(anonymous_5)","decl":{"start":{"line":103,"column":35},"end":{"line":103,"column":36}},"loc":{"start":{"line":103,"column":61},"end":{"line":253,"column":1}},"line":103},"6":{"name":"(anonymous_6)","decl":{"start":{"line":161,"column":14},"end":{"line":161,"column":15}},"loc":{"start":{"line":161,"column":24},"end":{"line":175,"column":5}},"line":161},"7":{"name":"(anonymous_7)","decl":{"start":{"line":255,"column":42},"end":{"line":255,"column":43}},"loc":{"start":{"line":255,"column":68},"end":{"line":283,"column":1}},"line":255},"8":{"name":"(anonymous_8)","decl":{"start":{"line":257,"column":36},"end":{"line":257,"column":37}},"loc":{"start":{"line":257,"column":49},"end":{"line":259,"column":5}},"line":257},"9":{"name":"(anonymous_9)","decl":{"start":{"line":285,"column":40},"end":{"line":285,"column":41}},"loc":{"start":{"line":285,"column":66},"end":{"line":380,"column":1}},"line":285},"10":{"name":"(anonymous_10)","decl":{"start":{"line":381,"column":42},"end":{"line":381,"column":43}},"loc":{"start":{"line":381,"column":68},"end":{"line":403,"column":1}},"line":381},"11":{"name":"(anonymous_11)","decl":{"start":{"line":404,"column":38},"end":{"line":404,"column":39}},"loc":{"start":{"line":404,"column":64},"end":{"line":410,"column":1}},"line":404},"12":{"name":"(anonymous_12)","decl":{"start":{"line":412,"column":34},"end":{"line":412,"column":35}},"loc":{"start":{"line":412,"column":60},"end":{"line":418,"column":1}},"line":412},"13":{"name":"(anonymous_13)","decl":{"start":{"line":420,"column":31},"end":{"line":420,"column":32}},"loc":{"start":{"line":420,"column":57},"end":{"line":429,"column":1}},"line":420}},"branchMap":{"0":{"loc":{"start":{"line":6,"column":4},"end":{"line":6,"column":54}},"type":"if","locations":[{"start":{"line":6,"column":4},"end":{"line":6,"column":54}},{"start":{},"end":{}}],"line":6},"1":{"loc":{"start":{"line":31,"column":4},"end":{"line":31,"column":59}},"type":"if","locations":[{"start":{"line":31,"column":4},"end":{"line":31,"column":59}},{"start":{},"end":{}}],"line":31},"2":{"loc":{"start":{"line":56,"column":4},"end":{"line":58,"column":5}},"type":"if","locations":[{"start":{"line":56,"column":4},"end":{"line":58,"column":5}},{"start":{},"end":{}}],"line":56},"3":{"loc":{"start":{"line":67,"column":4},"end":{"line":69,"column":5}},"type":"if","locations":[{"start":{"line":67,"column":4},"end":{"line":69,"column":5}},{"start":{},"end":{}}],"line":67},"4":{"loc":{"start":{"line":78,"column":4},"end":{"line":99,"column":5}},"type":"if","locations":[{"start":{"line":78,"column":4},"end":{"line":99,"column":5}},{"start":{},"end":{}}],"line":78},"5":{"loc":{"start":{"line":167,"column":8},"end":{"line":173,"column":61}},"type":"if","locations":[{"start":{"line":167,"column":8},"end":{"line":173,"column":61}},{"start":{},"end":{}}],"line":167},"6":{"loc":{"start":{"line":168,"column":12},"end":{"line":173,"column":61}},"type":"if","locations":[{"start":{"line":168,"column":12},"end":{"line":173,"column":61}},{"start":{"line":173,"column":19},"end":{"line":173,"column":61}}],"line":168},"7":{"loc":{"start":{"line":179,"column":8},"end":{"line":240,"column":9}},"type":"if","locations":[{"start":{"line":179,"column":8},"end":{"line":240,"column":9}},{"start":{"line":187,"column":15},"end":{"line":240,"column":9}}],"line":179},"8":{"loc":{"start":{"line":180,"column":12},"end":{"line":182,"column":35}},"type":"binary-expr","locations":[{"start":{"line":180,"column":12},"end":{"line":180,"column":33}},{"start":{"line":181,"column":12},"end":{"line":181,"column":70}},{"start":{"line":182,"column":12},"end":{"line":182,"column":35}}],"line":180},"9":{"loc":{"start":{"line":187,"column":15},"end":{"line":240,"column":9}},"type":"if","locations":[{"start":{"line":187,"column":15},"end":{"line":240,"column":9}},{"start":{"line":197,"column":15},"end":{"line":240,"column":9}}],"line":187},"10":{"loc":{"start":{"line":188,"column":12},"end":{"line":192,"column":67}},"type":"binary-expr","locations":[{"start":{"line":188,"column":12},"end":{"line":188,"column":33}},{"start":{"line":189,"column":12},"end":{"line":189,"column":70}},{"start":{"line":190,"column":12},"end":{"line":190,"column":33}},{"start":{"line":191,"column":12},"end":{"line":192,"column":67}}],"line":188},"11":{"loc":{"start":{"line":197,"column":15},"end":{"line":240,"column":9}},"type":"if","locations":[{"start":{"line":197,"column":15},"end":{"line":240,"column":9}},{"start":{"line":207,"column":13},"end":{"line":240,"column":9}}],"line":197},"12":{"loc":{"start":{"line":198,"column":12},"end":{"line":202,"column":67}},"type":"binary-expr","locations":[{"start":{"line":198,"column":12},"end":{"line":198,"column":33}},{"start":{"line":199,"column":12},"end":{"line":199,"column":70}},{"start":{"line":200,"column":12},"end":{"line":200,"column":36}},{"start":{"line":201,"column":12},"end":{"line":202,"column":67}}],"line":198},"13":{"loc":{"start":{"line":207,"column":13},"end":{"line":240,"column":9}},"type":"if","locations":[{"start":{"line":207,"column":13},"end":{"line":240,"column":9}},{"start":{"line":217,"column":15},"end":{"line":240,"column":9}}],"line":207},"14":{"loc":{"start":{"line":208,"column":12},"end":{"line":212,"column":67}},"type":"binary-expr","locations":[{"start":{"line":208,"column":12},"end":{"line":208,"column":33}},{"start":{"line":209,"column":12},"end":{"line":209,"column":70}},{"start":{"line":210,"column":12},"end":{"line":210,"column":34}},{"start":{"line":211,"column":12},"end":{"line":212,"column":67}}],"line":208},"15":{"loc":{"start":{"line":219,"column":12},"end":{"line":238,"column":92}},"type":"if","locations":[{"start":{"line":219,"column":12},"end":{"line":238,"column":92}},{"start":{"line":223,"column":17},"end":{"line":238,"column":92}}],"line":219},"16":{"loc":{"start":{"line":223,"column":17},"end":{"line":238,"column":92}},"type":"if","locations":[{"start":{"line":223,"column":17},"end":{"line":238,"column":92}},{"start":{"line":227,"column":17},"end":{"line":238,"column":92}}],"line":223},"17":{"loc":{"start":{"line":227,"column":17},"end":{"line":238,"column":92}},"type":"if","locations":[{"start":{"line":227,"column":17},"end":{"line":238,"column":92}},{"start":{"line":231,"column":17},"end":{"line":238,"column":92}}],"line":227},"18":{"loc":{"start":{"line":231,"column":17},"end":{"line":238,"column":92}},"type":"if","locations":[{"start":{"line":231,"column":17},"end":{"line":238,"column":92}},{"start":{"line":235,"column":17},"end":{"line":238,"column":92}}],"line":231},"19":{"loc":{"start":{"line":235,"column":17},"end":{"line":238,"column":92}},"type":"if","locations":[{"start":{"line":235,"column":17},"end":{"line":238,"column":92}},{"start":{},"end":{}}],"line":235},"20":{"loc":{"start":{"line":258,"column":8},"end":{"line":258,"column":57}},"type":"if","locations":[{"start":{"line":258,"column":8},"end":{"line":258,"column":57}},{"start":{},"end":{}}],"line":258},"21":{"loc":{"start":{"line":260,"column":4},"end":{"line":282,"column":22}},"type":"if","locations":[{"start":{"line":260,"column":4},"end":{"line":282,"column":22}},{"start":{"line":282,"column":11},"end":{"line":282,"column":22}}],"line":260},"22":{"loc":{"start":{"line":344,"column":8},"end":{"line":373,"column":9}},"type":"if","locations":[{"start":{"line":344,"column":8},"end":{"line":373,"column":9}},{"start":{},"end":{}}],"line":344},"23":{"loc":{"start":{"line":346,"column":16},"end":{"line":367,"column":76}},"type":"binary-expr","locations":[{"start":{"line":346,"column":17},"end":{"line":346,"column":38}},{"start":{"line":347,"column":20},"end":{"line":348,"column":35}},{"start":{"line":349,"column":20},"end":{"line":349,"column":43}},{"start":{"line":350,"column":17},"end":{"line":350,"column":38}},{"start":{"line":351,"column":20},"end":{"line":352,"column":35}},{"start":{"line":353,"column":20},"end":{"line":353,"column":41}},{"start":{"line":354,"column":20},"end":{"line":355,"column":75}},{"start":{"line":356,"column":17},"end":{"line":356,"column":38}},{"start":{"line":357,"column":20},"end":{"line":358,"column":35}},{"start":{"line":359,"column":20},"end":{"line":359,"column":44}},{"start":{"line":360,"column":20},"end":{"line":361,"column":75}},{"start":{"line":362,"column":17},"end":{"line":362,"column":38}},{"start":{"line":363,"column":20},"end":{"line":364,"column":35}},{"start":{"line":365,"column":20},"end":{"line":365,"column":42}},{"start":{"line":366,"column":20},"end":{"line":367,"column":75}}],"line":346},"24":{"loc":{"start":{"line":382,"column":4},"end":{"line":382,"column":59}},"type":"if","locations":[{"start":{"line":382,"column":4},"end":{"line":382,"column":59}},{"start":{},"end":{}}],"line":382},"25":{"loc":{"start":{"line":426,"column":24},"end":{"line":426,"column":55}},"type":"cond-expr","locations":[{"start":{"line":426,"column":33},"end":{"line":426,"column":42}},{"start":{"line":426,"column":45},"end":{"line":426,"column":55}}],"line":426}},"s":{"0":28,"1":1,"2":0,"3":1,"4":1,"5":1,"6":1,"7":1,"8":28,"9":3,"10":1,"11":2,"12":2,"13":2,"14":2,"15":2,"16":28,"17":0,"18":0,"19":0,"20":0,"21":28,"22":0,"23":0,"24":0,"25":0,"26":28,"27":2,"28":1,"29":1,"30":1,"31":1,"32":2,"33":28,"34":1,"35":1,"36":1,"37":1,"38":1,"39":1,"40":6,"41":6,"42":6,"43":6,"44":6,"45":6,"46":6,"47":1,"48":1,"49":1,"50":5,"51":6,"52":1,"53":1,"54":1,"55":6,"56":0,"57":6,"58":1,"59":5,"60":1,"61":4,"62":0,"63":4,"64":4,"65":1,"66":3,"67":1,"68":2,"69":1,"70":1,"71":0,"72":1,"73":1,"74":4,"75":1,"76":1,"77":28,"78":10,"79":10,"80":3,"81":3,"82":10,"83":3,"84":3,"85":3,"86":3,"87":3,"88":7,"89":28,"90":0,"91":0,"92":0,"93":0,"94":0,"95":0,"96":0,"97":0,"98":0,"99":0,"100":28,"101":5,"102":0,"103":5,"104":5,"105":5,"106":5,"107":5,"108":28,"109":0,"110":0,"111":28,"112":0,"113":0,"114":28,"115":0,"116":0},"f":{"0":1,"1":3,"2":0,"3":0,"4":2,"5":1,"6":6,"7":10,"8":3,"9":0,"10":5,"11":0,"12":0,"13":0},"b":{"0":[0,1],"1":[1,2],"2":[0,0],"3":[0,0],"4":[1,1],"5":[6,0],"6":[1,5],"7":[0,6],"8":[6,5,2],"9":[1,5],"10":[6,5,2,1],"11":[1,4],"12":[5,4,1,1],"13":[0,4],"14":[4,3,0,0],"15":[1,3],"16":[1,2],"17":[1,1],"18":[0,1],"19":[1,0],"20":[3,0],"21":[3,7],"22":[0,0],"23":[0,0,0,0,0,0,0,0,0,0,0,0,0,0,0],"24":[0,5],"25":[0,0]},"_coverageSchema":"1a1c01bbd47fc00a2c39e90264f33305004495a9","hash":"db65d59e562a91c0810521460dd3c978e62edac6"}
,"C:\\Users\\aliaa gheis\\Desktop\\backend\\src\\controllers\\profileController.js": {"path":"C:\\Users\\aliaa gheis\\Desktop\\backend\\src\\controllers\\profileController.js","statementMap":{"0":{"start":{"line":18,"column":22},"end":{"line":57,"column":2}},"1":{"start":{"line":19,"column":17},"end":{"line":19,"column":61}},"2":{"start":{"line":20,"column":4},"end":{"line":20,"column":64}},"3":{"start":{"line":20,"column":15},"end":{"line":20,"column":64}},"4":{"start":{"line":22,"column":20},"end":{"line":22,"column":76}},"5":{"start":{"line":23,"column":4},"end":{"line":27,"column":5}},"6":{"start":{"line":24,"column":8},"end":{"line":26,"column":10}},"7":{"start":{"line":29,"column":28},"end":{"line":29,"column":50}},"8":{"start":{"line":31,"column":23},"end":{"line":31,"column":65}},"9":{"start":{"line":32,"column":4},"end":{"line":32,"column":42}},"10":{"start":{"line":34,"column":19},"end":{"line":39,"column":5}},"11":{"start":{"line":41,"column":35},"end":{"line":41,"column":58}},"12":{"start":{"line":44,"column":23},"end":{"line":50,"column":5}},"13":{"start":{"line":52,"column":4},"end":{"line":56,"column":7}},"14":{"start":{"line":59,"column":21},"end":{"line":97,"column":2}},"15":{"start":{"line":60,"column":17},"end":{"line":60,"column":61}},"16":{"start":{"line":61,"column":4},"end":{"line":61,"column":64}},"17":{"start":{"line":61,"column":15},"end":{"line":61,"column":64}},"18":{"start":{"line":63,"column":20},"end":{"line":63,"column":76}},"19":{"start":{"line":64,"column":4},"end":{"line":68,"column":5}},"20":{"start":{"line":65,"column":8},"end":{"line":67,"column":10}},"21":{"start":{"line":71,"column":28},"end":{"line":71,"column":50}},"22":{"start":{"line":73,"column":23},"end":{"line":73,"column":76}},"23":{"start":{"line":74,"column":4},"end":{"line":74,"column":42}},"24":{"start":{"line":76,"column":18},"end":{"line":81,"column":5}},"25":{"start":{"line":82,"column":35},"end":{"line":82,"column":57}},"26":{"start":{"line":84,"column":23},"end":{"line":90,"column":5}},"27":{"start":{"line":92,"column":4},"end":{"line":96,"column":7}},"28":{"start":{"line":99,"column":24},"end":{"line":129,"column":2}},"29":{"start":{"line":100,"column":17},"end":{"line":100,"column":61}},"30":{"start":{"line":101,"column":4},"end":{"line":101,"column":64}},"31":{"start":{"line":101,"column":15},"end":{"line":101,"column":64}},"32":{"start":{"line":103,"column":28},"end":{"line":103,"column":50}},"33":{"start":{"line":105,"column":23},"end":{"line":105,"column":67}},"34":{"start":{"line":106,"column":4},"end":{"line":106,"column":42}},"35":{"start":{"line":108,"column":21},"end":{"line":113,"column":5}},"36":{"start":{"line":114,"column":35},"end":{"line":114,"column":60}},"37":{"start":{"line":116,"column":23},"end":{"line":122,"column":5}},"38":{"start":{"line":124,"column":4},"end":{"line":128,"column":7}}},"fnMap":{"0":{"name":"(anonymous_0)","decl":{"start":{"line":18,"column":33},"end":{"line":18,"column":34}},"loc":{"start":{"line":18,"column":59},"end":{"line":57,"column":1}},"line":18},"1":{"name":"(anonymous_1)","decl":{"start":{"line":59,"column":32},"end":{"line":59,"column":33}},"loc":{"start":{"line":59,"column":58},"end":{"line":97,"column":1}},"line":59},"2":{"name":"(anonymous_2)","decl":{"start":{"line":99,"column":35},"end":{"line":99,"column":36}},"loc":{"start":{"line":99,"column":61},"end":{"line":129,"column":1}},"line":99}},"branchMap":{"0":{"loc":{"start":{"line":20,"column":4},"end":{"line":20,"column":64}},"type":"if","locations":[{"start":{"line":20,"column":4},"end":{"line":20,"column":64}},{"start":{},"end":{}}],"line":20},"1":{"loc":{"start":{"line":23,"column":4},"end":{"line":27,"column":5}},"type":"if","locations":[{"start":{"line":23,"column":4},"end":{"line":27,"column":5}},{"start":{},"end":{}}],"line":23},"2":{"loc":{"start":{"line":61,"column":4},"end":{"line":61,"column":64}},"type":"if","locations":[{"start":{"line":61,"column":4},"end":{"line":61,"column":64}},{"start":{},"end":{}}],"line":61},"3":{"loc":{"start":{"line":64,"column":4},"end":{"line":68,"column":5}},"type":"if","locations":[{"start":{"line":64,"column":4},"end":{"line":68,"column":5}},{"start":{},"end":{}}],"line":64},"4":{"loc":{"start":{"line":101,"column":4},"end":{"line":101,"column":64}},"type":"if","locations":[{"start":{"line":101,"column":4},"end":{"line":101,"column":64}},{"start":{},"end":{}}],"line":101}},"s":{"0":28,"1":2,"2":2,"3":1,"4":1,"5":1,"6":0,"7":1,"8":1,"9":1,"10":1,"11":1,"12":1,"13":1,"14":28,"15":2,"16":2,"17":1,"18":1,"19":1,"20":0,"21":1,"22":1,"23":1,"24":1,"25":1,"26":1,"27":1,"28":28,"29":2,"30":2,"31":1,"32":1,"33":1,"34":1,"35":1,"36":1,"37":1,"38":1},"f":{"0":2,"1":2,"2":2},"b":{"0":[1,1],"1":[0,1],"2":[1,1],"3":[0,1],"4":[1,1]},"_coverageSchema":"1a1c01bbd47fc00a2c39e90264f33305004495a9","hash":"940fb8360daad3fff02c2764eed3c367b5e0415f"}
,"C:\\Users\\aliaa gheis\\Desktop\\backend\\src\\controllers\\trendController.js": {"path":"C:\\Users\\aliaa gheis\\Desktop\\backend\\src\\controllers\\trendController.js","statementMap":{"0":{"start":{"line":10,"column":18},"end":{"line":36,"column":2}},"1":{"start":{"line":12,"column":28},"end":{"line":12,"column":50}},"2":{"start":{"line":15,"column":23},"end":{"line":15,"column":63}},"3":{"start":{"line":17,"column":4},"end":{"line":17,"column":42}},"4":{"start":{"line":20,"column":19},"end":{"line":20,"column":68}},"5":{"start":{"line":23,"column":23},"end":{"line":29,"column":5}},"6":{"start":{"line":31,"column":4},"end":{"line":35,"column":7}},"7":{"start":{"line":38,"column":29},"end":{"line":72,"column":2}},"8":{"start":{"line":40,"column":22},"end":{"line":40,"column":32}},"9":{"start":{"line":41,"column":28},"end":{"line":41,"column":50}},"10":{"start":{"line":44,"column":23},"end":{"line":44,"column":91}},"11":{"start":{"line":46,"column":4},"end":{"line":46,"column":42}},"12":{"start":{"line":48,"column":56},"end":{"line":55,"column":5}},"13":{"start":{"line":57,"column":4},"end":{"line":57,"column":75}},"14":{"start":{"line":59,"column":23},"end":{"line":65,"column":5}},"15":{"start":{"line":67,"column":4},"end":{"line":71,"column":7}}},"fnMap":{"0":{"name":"(anonymous_0)","decl":{"start":{"line":10,"column":29},"end":{"line":10,"column":30}},"loc":{"start":{"line":10,"column":55},"end":{"line":36,"column":1}},"line":10},"1":{"name":"(anonymous_1)","decl":{"start":{"line":38,"column":40},"end":{"line":38,"column":41}},"loc":{"start":{"line":38,"column":66},"end":{"line":72,"column":1}},"line":38}},"branchMap":{},"s":{"0":28,"1":2,"2":2,"3":2,"4":2,"5":2,"6":2,"7":28,"8":1,"9":1,"10":1,"11":1,"12":1,"13":1,"14":1,"15":1},"f":{"0":2,"1":1},"b":{},"_coverageSchema":"1a1c01bbd47fc00a2c39e90264f33305004495a9","hash":"8186a9b4af0ef03bba70ed78977d02adddb10d05"}
,"C:\\Users\\aliaa gheis\\Desktop\\backend\\src\\controllers\\tweetController.js": {"path":"C:\\Users\\aliaa gheis\\Desktop\\backend\\src\\controllers\\tweetController.js","statementMap":{"0":{"start":{"line":15,"column":19},"end":{"line":15,"column":44}},"1":{"start":{"line":17,"column":20},"end":{"line":61,"column":2}},"2":{"start":{"line":18,"column":19},"end":{"line":18,"column":30}},"3":{"start":{"line":19,"column":17},"end":{"line":19,"column":30}},"4":{"start":{"line":22,"column":4},"end":{"line":24,"column":5}},"5":{"start":{"line":23,"column":8},"end":{"line":23,"column":65}},"6":{"start":{"line":25,"column":33},"end":{"line":25,"column":61}},"7":{"start":{"line":27,"column":30},"end":{"line":30,"column":5}},"8":{"start":{"line":32,"column":18},"end":{"line":32,"column":20}},"9":{"start":{"line":33,"column":4},"end":{"line":41,"column":5}},"10":{"start":{"line":34,"column":5},"end":{"line":34,"column":52}},"11":{"start":{"line":36,"column":8},"end":{"line":40,"column":10}},"12":{"start":{"line":38,"column":16},"end":{"line":38,"column":44}},"13":{"start":{"line":42,"column":18},"end":{"line":48,"column":5}},"14":{"start":{"line":51,"column":4},"end":{"line":51,"column":37}},"15":{"start":{"line":52,"column":4},"end":{"line":52,"column":28}},"16":{"start":{"line":56,"column":4},"end":{"line":59,"column":7}},"17":{"start":{"line":60,"column":4},"end":{"line":60,"column":11}},"18":{"start":{"line":63,"column":24},"end":{"line":117,"column":2}},"19":{"start":{"line":64,"column":17},"end":{"line":64,"column":28}},"20":{"start":{"line":65,"column":33},"end":{"line":65,"column":51}},"21":{"start":{"line":66,"column":18},"end":{"line":66,"column":35}},"22":{"start":{"line":67,"column":4},"end":{"line":67,"column":31}},"23":{"start":{"line":67,"column":18},"end":{"line":67,"column":31}},"24":{"start":{"line":68,"column":28},"end":{"line":68,"column":50}},"25":{"start":{"line":70,"column":4},"end":{"line":77,"column":5}},"26":{"start":{"line":72,"column":12},"end":{"line":72,"column":74}},"27":{"start":{"line":73,"column":8},"end":{"line":75,"column":9}},"28":{"start":{"line":74,"column":12},"end":{"line":74,"column":60}},"29":{"start":{"line":76,"column":8},"end":{"line":76,"column":33}},"30":{"start":{"line":78,"column":23},"end":{"line":82,"column":5}},"31":{"start":{"line":83,"column":4},"end":{"line":83,"column":42}},"32":{"start":{"line":85,"column":4},"end":{"line":99,"column":10}},"33":{"start":{"line":86,"column":8},"end":{"line":92,"column":10}},"34":{"start":{"line":94,"column":8},"end":{"line":99,"column":10}},"35":{"start":{"line":102,"column":44},"end":{"line":102,"column":75}},"36":{"start":{"line":104,"column":23},"end":{"line":110,"column":5}},"37":{"start":{"line":112,"column":4},"end":{"line":116,"column":7}},"38":{"start":{"line":119,"column":22},"end":{"line":145,"column":2}},"39":{"start":{"line":120,"column":28},"end":{"line":120,"column":50}},"40":{"start":{"line":121,"column":24},"end":{"line":121,"column":33}},"41":{"start":{"line":123,"column":8},"end":{"line":123,"column":67}},"42":{"start":{"line":124,"column":4},"end":{"line":124,"column":42}},"43":{"start":{"line":126,"column":24},"end":{"line":130,"column":5}},"44":{"start":{"line":132,"column":23},"end":{"line":138,"column":5}},"45":{"start":{"line":140,"column":4},"end":{"line":144,"column":7}}},"fnMap":{"0":{"name":"(anonymous_0)","decl":{"start":{"line":17,"column":31},"end":{"line":17,"column":32}},"loc":{"start":{"line":17,"column":57},"end":{"line":61,"column":1}},"line":17},"1":{"name":"(anonymous_1)","decl":{"start":{"line":37,"column":26},"end":{"line":37,"column":27}},"loc":{"start":{"line":37,"column":42},"end":{"line":39,"column":13}},"line":37},"2":{"name":"(anonymous_2)","decl":{"start":{"line":63,"column":35},"end":{"line":63,"column":36}},"loc":{"start":{"line":63,"column":61},"end":{"line":117,"column":1}},"line":63},"3":{"name":"(anonymous_3)","decl":{"start":{"line":119,"column":33},"end":{"line":119,"column":34}},"loc":{"start":{"line":119,"column":59},"end":{"line":145,"column":1}},"line":119}},"branchMap":{"0":{"loc":{"start":{"line":22,"column":4},"end":{"line":24,"column":5}},"type":"if","locations":[{"start":{"line":22,"column":4},"end":{"line":24,"column":5}},{"start":{},"end":{}}],"line":22},"1":{"loc":{"start":{"line":22,"column":8},"end":{"line":22,"column":61}},"type":"binary-expr","locations":[{"start":{"line":22,"column":8},"end":{"line":22,"column":13}},{"start":{"line":22,"column":18},"end":{"line":22,"column":35}},{"start":{"line":22,"column":39},"end":{"line":22,"column":60}}],"line":22},"2":{"loc":{"start":{"line":33,"column":4},"end":{"line":41,"column":5}},"type":"if","locations":[{"start":{"line":33,"column":4},"end":{"line":41,"column":5}},{"start":{},"end":{}}],"line":33},"3":{"loc":{"start":{"line":67,"column":4},"end":{"line":67,"column":31}},"type":"if","locations":[{"start":{"line":67,"column":4},"end":{"line":67,"column":31}},{"start":{},"end":{}}],"line":67},"4":{"loc":{"start":{"line":70,"column":4},"end":{"line":77,"column":5}},"type":"if","locations":[{"start":{"line":70,"column":4},"end":{"line":77,"column":5}},{"start":{},"end":{}}],"line":70},"5":{"loc":{"start":{"line":73,"column":8},"end":{"line":75,"column":9}},"type":"if","locations":[{"start":{"line":73,"column":8},"end":{"line":75,"column":9}},{"start":{},"end":{}}],"line":73},"6":{"loc":{"start":{"line":85,"column":4},"end":{"line":99,"column":10}},"type":"if","locations":[{"start":{"line":85,"column":4},"end":{"line":99,"column":10}},{"start":{"line":94,"column":8},"end":{"line":99,"column":10}}],"line":85}},"s":{"0":28,"1":28,"2":9,"3":9,"4":9,"5":1,"6":8,"7":8,"8":8,"9":8,"10":0,"11":0,"12":0,"13":8,"14":8,"15":8,"16":8,"17":8,"18":28,"19":3,"20":3,"21":3,"22":3,"23":0,"24":3,"25":3,"26":2,"27":2,"28":1,"29":1,"30":2,"31":2,"32":2,"33":1,"34":1,"35":2,"36":2,"37":2,"38":28,"39":2,"40":2,"41":2,"42":2,"43":2,"44":2,"45":2},"f":{"0":9,"1":0,"2":3,"3":2},"b":{"0":[1,8],"1":[9,1,0],"2":[0,8],"3":[0,3],"4":[2,1],"5":[1,1],"6":[1,1]},"_coverageSchema":"1a1c01bbd47fc00a2c39e90264f33305004495a9","hash":"121751e9c197e7365e3931c4d31a9772df88bec3"}
,"C:\\Users\\aliaa gheis\\Desktop\\backend\\src\\controllers\\authController\\captcha.js": {"path":"C:\\Users\\aliaa gheis\\Desktop\\backend\\src\\controllers\\authController\\captcha.js","statementMap":{"0":{"start":{"line":7,"column":16},"end":{"line":31,"column":2}},"1":{"start":{"line":8,"column":4},"end":{"line":9,"column":64}},"2":{"start":{"line":9,"column":8},"end":{"line":9,"column":64}},"3":{"start":{"line":12,"column":22},"end":{"line":12,"column":52}},"4":{"start":{"line":15,"column":18},"end":{"line":19,"column":6}},"5":{"start":{"line":20,"column":22},"end":{"line":20,"column":76}},"6":{"start":{"line":23,"column":17},"end":{"line":23,"column":65}},"7":{"start":{"line":23,"column":54},"end":{"line":23,"column":64}},"8":{"start":{"line":26,"column":4},"end":{"line":27,"column":70}},"9":{"start":{"line":27,"column":8},"end":{"line":27,"column":70}},"10":{"start":{"line":30,"column":4},"end":{"line":30,"column":11}}},"fnMap":{"0":{"name":"(anonymous_0)","decl":{"start":{"line":7,"column":27},"end":{"line":7,"column":28}},"loc":{"start":{"line":7,"column":53},"end":{"line":31,"column":1}},"line":7},"1":{"name":"(anonymous_1)","decl":{"start":{"line":23,"column":45},"end":{"line":23,"column":46}},"loc":{"start":{"line":23,"column":54},"end":{"line":23,"column":64}},"line":23}},"branchMap":{"0":{"loc":{"start":{"line":8,"column":4},"end":{"line":9,"column":64}},"type":"if","locations":[{"start":{"line":8,"column":4},"end":{"line":9,"column":64}},{"start":{},"end":{}}],"line":8},"1":{"loc":{"start":{"line":26,"column":4},"end":{"line":27,"column":70}},"type":"if","locations":[{"start":{"line":26,"column":4},"end":{"line":27,"column":70}},{"start":{},"end":{}}],"line":26},"2":{"loc":{"start":{"line":26,"column":8},"end":{"line":26,"column":51}},"type":"binary-expr","locations":[{"start":{"line":26,"column":8},"end":{"line":26,"column":34}},{"start":{"line":26,"column":38},"end":{"line":26,"column":51}}],"line":26}},"s":{"0":28,"1":1,"2":1,"3":0,"4":0,"5":0,"6":0,"7":0,"8":0,"9":0,"10":0},"f":{"0":1,"1":0},"b":{"0":[1,0],"1":[0,0],"2":[0,0]},"_coverageSchema":"1a1c01bbd47fc00a2c39e90264f33305004495a9","hash":"bf4ee688346a181e0c652c29e91d7fe26160c0fa"}
,"C:\\Users\\aliaa gheis\\Desktop\\backend\\src\\controllers\\authController\\checkEmailVerification.js": {"path":"C:\\Users\\aliaa gheis\\Desktop\\backend\\src\\controllers\\authController\\checkEmailVerification.js","statementMap":{"0":{"start":{"line":3,"column":31},"end":{"line":12,"column":2}},"1":{"start":{"line":4,"column":29},"end":{"line":4,"column":39}},"2":{"start":{"line":6,"column":4},"end":{"line":6,"column":53}},"3":{"start":{"line":8,"column":4},"end":{"line":11,"column":7}}},"fnMap":{"0":{"name":"(anonymous_0)","decl":{"start":{"line":3,"column":42},"end":{"line":3,"column":43}},"loc":{"start":{"line":3,"column":68},"end":{"line":12,"column":1}},"line":3}},"branchMap":{},"s":{"0":28,"1":4,"2":4,"3":1},"f":{"0":4},"b":{},"_coverageSchema":"1a1c01bbd47fc00a2c39e90264f33305004495a9","hash":"e8d33781d0316cb5f6e81aa561abd31c91f05133"}
,"C:\\Users\\aliaa gheis\\Desktop\\backend\\src\\controllers\\authController\\checkResetToken.js": {"path":"C:\\Users\\aliaa gheis\\Desktop\\backend\\src\\controllers\\authController\\checkResetToken.js","statementMap":{"0":{"start":{"line":3,"column":24},"end":{"line":12,"column":2}},"1":{"start":{"line":4,"column":29},"end":{"line":4,"column":39}},"2":{"start":{"line":6,"column":4},"end":{"line":6,"column":46}},"3":{"start":{"line":8,"column":4},"end":{"line":11,"column":7}}},"fnMap":{"0":{"name":"(anonymous_0)","decl":{"start":{"line":3,"column":35},"end":{"line":3,"column":36}},"loc":{"start":{"line":3,"column":61},"end":{"line":12,"column":1}},"line":3}},"branchMap":{},"s":{"0":28,"1":4,"2":4,"3":1},"f":{"0":4},"b":{},"_coverageSchema":"1a1c01bbd47fc00a2c39e90264f33305004495a9","hash":"1229a20beeecba9f315a7c58ee3269e5b3c700b8"}
,"C:\\Users\\aliaa gheis\\Desktop\\backend\\src\\controllers\\authController\\forgetPassword.js": {"path":"C:\\Users\\aliaa gheis\\Desktop\\backend\\src\\controllers\\authController\\forgetPassword.js","statementMap":{"0":{"start":{"line":11,"column":23},"end":{"line":54,"column":2}},"1":{"start":{"line":12,"column":37},"end":{"line":12,"column":76}},"2":{"start":{"line":13,"column":21},"end":{"line":13,"column":29}},"3":{"start":{"line":15,"column":17},"end":{"line":21,"column":6}},"4":{"start":{"line":23,"column":4},"end":{"line":25,"column":5}},"5":{"start":{"line":24,"column":8},"end":{"line":24,"column":57}},"6":{"start":{"line":27,"column":4},"end":{"line":38,"column":5}},"7":{"start":{"line":32,"column":8},"end":{"line":37,"column":10}},"8":{"start":{"line":40,"column":26},"end":{"line":40,"column":50}},"9":{"start":{"line":42,"column":4},"end":{"line":42,"column":67}},"10":{"start":{"line":44,"column":4},"end":{"line":48,"column":6}},"11":{"start":{"line":50,"column":4},"end":{"line":53,"column":7}}},"fnMap":{"0":{"name":"(anonymous_0)","decl":{"start":{"line":11,"column":34},"end":{"line":11,"column":35}},"loc":{"start":{"line":11,"column":60},"end":{"line":54,"column":1}},"line":11}},"branchMap":{"0":{"loc":{"start":{"line":23,"column":4},"end":{"line":25,"column":5}},"type":"if","locations":[{"start":{"line":23,"column":4},"end":{"line":25,"column":5}},{"start":{},"end":{}}],"line":23},"1":{"loc":{"start":{"line":27,"column":4},"end":{"line":38,"column":5}},"type":"if","locations":[{"start":{"line":27,"column":4},"end":{"line":38,"column":5}},{"start":{},"end":{}}],"line":27},"2":{"loc":{"start":{"line":28,"column":8},"end":{"line":30,"column":72}},"type":"binary-expr","locations":[{"start":{"line":28,"column":8},"end":{"line":28,"column":23}},{"start":{"line":29,"column":8},"end":{"line":29,"column":32}},{"start":{"line":30,"column":8},"end":{"line":30,"column":72}}],"line":28}},"s":{"0":28,"1":7,"2":7,"3":7,"4":7,"5":1,"6":6,"7":1,"8":5,"9":5,"10":5,"11":5},"f":{"0":7},"b":{"0":[1,6],"1":[1,5],"2":[6,2,2]},"_coverageSchema":"1a1c01bbd47fc00a2c39e90264f33305004495a9","hash":"50d46723047a85d541baa03393a237b35be9c576"}
,"C:\\Users\\aliaa gheis\\Desktop\\backend\\src\\controllers\\authController\\googleAuthController.js": {"path":"C:\\Users\\aliaa gheis\\Desktop\\backend\\src\\controllers\\authController\\googleAuthController.js","statementMap":{"0":{"start":{"line":12,"column":30},"end":{"line":24,"column":2}},"1":{"start":{"line":13,"column":4},"end":{"line":15,"column":5}},"2":{"start":{"line":14,"column":8},"end":{"line":14,"column":56}},"3":{"start":{"line":16,"column":18},"end":{"line":16,"column":35}},"4":{"start":{"line":17,"column":17},"end":{"line":17,"column":64}},"5":{"start":{"line":18,"column":4},"end":{"line":20,"column":5}},"6":{"start":{"line":19,"column":8},"end":{"line":19,"column":57}},"7":{"start":{"line":21,"column":18},"end":{"line":21,"column":40}},"8":{"start":{"line":22,"column":4},"end":{"line":22,"column":30}},"9":{"start":{"line":23,"column":4},"end":{"line":23,"column":78}},"10":{"start":{"line":26,"column":25},"end":{"line":36,"column":2}},"11":{"start":{"line":27,"column":25},"end":{"line":29,"column":64}},"12":{"start":{"line":31,"column":20},"end":{"line":31,"column":54}},"13":{"start":{"line":33,"column":4},"end":{"line":33,"column":26}},"14":{"start":{"line":35,"column":4},"end":{"line":35,"column":49}},"15":{"start":{"line":38,"column":32},"end":{"line":48,"column":2}},"16":{"start":{"line":39,"column":25},"end":{"line":39,"column":39}},"17":{"start":{"line":40,"column":18},"end":{"line":40,"column":22}},"18":{"start":{"line":41,"column":4},"end":{"line":45,"column":5}},"19":{"start":{"line":42,"column":8},"end":{"line":42,"column":57}},"20":{"start":{"line":44,"column":8},"end":{"line":44,"column":25}},"21":{"start":{"line":46,"column":4},"end":{"line":46,"column":26}},"22":{"start":{"line":47,"column":4},"end":{"line":47,"column":49}}},"fnMap":{"0":{"name":"(anonymous_0)","decl":{"start":{"line":12,"column":41},"end":{"line":12,"column":42}},"loc":{"start":{"line":12,"column":67},"end":{"line":24,"column":1}},"line":12},"1":{"name":"(anonymous_1)","decl":{"start":{"line":26,"column":36},"end":{"line":26,"column":37}},"loc":{"start":{"line":26,"column":62},"end":{"line":36,"column":1}},"line":26},"2":{"name":"(anonymous_2)","decl":{"start":{"line":38,"column":43},"end":{"line":38,"column":44}},"loc":{"start":{"line":38,"column":69},"end":{"line":4
[...]
":{"start":{"line":114,"column":24},"end":{"line":120,"column":5}},"14":{"start":{"line":122,"column":4},"end":{"line":122,"column":44}},"15":{"start":{"line":135,"column":30},"end":{"line":138,"column":1}},"16":{"start":{"line":136,"column":20},"end":{"line":136,"column":57}},"17":{"start":{"line":137,"column":4},"end":{"line":137,"column":70}},"18":{"start":{"line":151,"column":32},"end":{"line":158,"column":1}},"19":{"start":{"line":152,"column":20},"end":{"line":152,"column":44}},"20":{"start":{"line":153,"column":4},"end":{"line":157,"column":6}},"21":{"start":{"line":172,"column":26},"end":{"line":191,"column":1}},"22":{"start":{"line":173,"column":20},"end":{"line":173,"column":57}},"23":{"start":{"line":174,"column":4},"end":{"line":190,"column":6}}},"fnMap":{"0":{"name":"(anonymous_0)","decl":{"start":{"line":17,"column":26},"end":{"line":17,"column":27}},"loc":{"start":{"line":17,"column":39},"end":{"line":25,"column":1}},"line":17},"1":{"name":"(anonymous_1)","decl":{"start":{"line":36,"column":34},"end":{"line":36,"column":35}},"loc":{"start":{"line":36,"column":45},"end":{"line":50,"column":1}},"line":36},"2":{"name":"(anonymous_2)","decl":{"start":{"line":61,"column":35},"end":{"line":61,"column":36}},"loc":{"start":{"line":61,"column":56},"end":{"line":73,"column":1}},"line":61},"3":{"name":"(anonymous_3)","decl":{"start":{"line":84,"column":29},"end":{"line":84,"column":30}},"loc":{"start":{"line":84,"column":38},"end":{"line":100,"column":1}},"line":84},"4":{"name":"(anonymous_4)","decl":{"start":{"line":113,"column":18},"end":{"line":113,"column":19}},"loc":{"start":{"line":113,"column":54},"end":{"line":123,"column":1}},"line":113},"5":{"name":"(anonymous_5)","decl":{"start":{"line":135,"column":30},"end":{"line":135,"column":31}},"loc":{"start":{"line":135,"column":54},"end":{"line":138,"column":1}},"line":135},"6":{"name":"(anonymous_6)","decl":{"start":{"line":151,"column":32},"end":{"line":151,"column":33}},"loc":{"start":{"line":151,"column":66},"end":{"line":158,"column":1}},"line":151},"7":{"name":"(anonymous_7)","decl":{"start":{"line":172,"column":26},"end":{"line":172,"column":27}},"loc":{"start":{"line":172,"column":43},"end":{"line":191,"column":1}},"line":172}},"branchMap":{},"s":{"0":28,"1":28,"2":0,"3":28,"4":0,"5":0,"6":28,"7":0,"8":0,"9":28,"10":0,"11":0,"12":28,"13":0,"14":0,"15":28,"16":0,"17":0,"18":28,"19":0,"20":0,"21":28,"22":0,"23":0},"f":{"0":0,"1":0,"2":0,"3":0,"4":0,"5":0,"6":0,"7":0},"b":{},"_coverageSchema":"1a1c01bbd47fc00a2c39e90264f33305004495a9","hash":"01d89e45250b70aadc9b2dfda4a5df6bc8d1ac51"}
,"C:\\Users\\aliaa gheis\\Desktop\\backend\\src\\utils\\sendNotification.js": {"path":"C:\\Users\\aliaa gheis\\Desktop\\backend\\src\\utils\\sendNotification.js","statementMap":{"0":{"start":{"line":2,"column":25},"end":{"line":187,"column":1}},"1":{"start":{"line":9,"column":4},"end":{"line":186,"column":9}},"2":{"start":{"line":10,"column":8},"end":{"line":42,"column":9}},"3":{"start":{"line":11,"column":32},"end":{"line":21,"column":14}},"4":{"start":{"line":12,"column":16},"end":{"line":20,"column":18}},"5":{"start":{"line":22,"column":36},"end":{"line":32,"column":14}},"6":{"start":{"line":23,"column":16},"end":{"line":31,"column":18}},"7":{"start":{"line":34,"column":29},"end":{"line":34,"column":65}},"8":{"start":{"line":36,"column":33},"end":{"line":38,"column":13}},"9":{"start":{"line":37,"column":16},"end":{"line":37,"column":47}},"10":{"start":{"line":39,"column":12},"end":{"line":39,"column":44}},"11":{"start":{"line":43,"column":9},"end":{"line":186,"column":9}},"12":{"start":{"line":44,"column":8},"end":{"line":78,"column":9}},"13":{"start":{"line":45,"column":34},"end":{"line":47,"column":52}},"14":{"start":{"line":48,"column":32},"end":{"line":58,"column":14}},"15":{"start":{"line":49,"column":16},"end":{"line":57,"column":18}},"16":{"start":{"line":59,"column":36},"end":{"line":69,"column":14}},"17":{"start":{"line":60,"column":16},"end":{"line":68,"column":18}},"18":{"start":{"line":71,"column":29},"end":{"line":71,"column":65}},"19":{"start":{"line":72,"column":33},"end":{"line":74,"column":13}},"20":{"start":{"line":73,"column":16},"end":{"line":73,"column":47}},"21":{"start":{"line":75,"column":12},"end":{"line":75,"column":44}},"22":{"start":{"line":79,"column":9},"end":{"line":186,"column":9}},"23":{"start":{"line":80,"column":8},"end":{"line":114,"column":9}},"24":{"start":{"line":81,"column":34},"end":{"line":83,"column":52}},"25":{"start":{"line":84,"column":32},"end":{"line":94,"column":14}},"26":{"start":{"line":85,"column":16},"end":{"line":93,"column":18}},"27":{"start":{"line":95,"column":36},"end":{"line":105,"column":14}},"28":{"start":{"line":96,"column":16},"end":{"line":104,"column":18}},"29":{"start":{"line":107,"column":29},"end":{"line":107,"column":65}},"30":{"start":{"line":108,"column":33},"end":{"line":110,"column":13}},"31":{"start":{"line":109,"column":16},"end":{"line":109,"column":47}},"32":{"start":{"line":111,"column":12},"end":{"line":111,"column":44}},"33":{"start":{"line":115,"column":9},"end":{"line":186,"column":9}},"34":{"start":{"line":116,"column":8},"end":{"line":150,"column":9}},"35":{"start":{"line":117,"column":34},"end":{"line":119,"column":52}},"36":{"start":{"line":120,"column":32},"end":{"line":130,"column":14}},"37":{"start":{"line":121,"column":16},"end":{"line":129,"column":18}},"38":{"start":{"line":131,"column":36},"end":{"line":141,"column":14}},"39":{"start":{"line":132,"column":16},"end":{"line":140,"column":18}},"40":{"start":{"line":143,"column":29},"end":{"line":143,"column":65}},"41":{"start":{"line":144,"column":33},"end":{"line":146,"column":13}},"42":{"start":{"line":145,"column":16},"end":{"line":145,"column":47}},"43":{"start":{"line":147,"column":12},"end":{"line":147,"column":44}},"44":{"start":{"line":151,"column":9},"end":{"line":186,"column":9}},"45":{"start":{"line":152,"column":8},"end":{"line":186,"column":9}},"46":{"start":{"line":153,"column":34},"end":{"line":155,"column":52}},"47":{"start":{"line":156,"column":32},"end":{"line":166,"column":14}},"48":{"start":{"line":157,"column":16},"end":{"line":165,"column":18}},"49":{"start":{"line":167,"column":36},"end":{"line":177,"column":14}},"50":{"start":{"line":168,"column":16},"end":{"line":176,"column":18}},"51":{"start":{"line":178,"column":29},"end":{"line":178,"column":65}},"52":{"start":{"line":180,"column":33},"end":{"line":182,"column":13}},"53":{"start":{"line":181,"column":16},"end":{"line":181,"column":47}},"54":{"start":{"line":183,"column":12},"end":{"line":183,"column":44}}},"fnMap":{"0":{"name":"(anonymous_0)","decl":{"start":{"line":2,"column":25},"end":{"line":2,"column":26}},"loc":{"start":{"line":8,"column":5},"end":{"line":187,"column":1}},"line":8},"1":{"name":"(anonymous_1)","decl":{"start":{"line":11,"column":46},"end":{"line":11,"column":47}},"loc":{"start":{"line":11,"column":57},"end":{"line":21,"column":13}},"line":11},"2":{"name":"(anonymous_2)","decl":{"start":{"line":22,"column":54},"end":{"line":22,"column":55}},"loc":{"start":{"line":22,"column":65},"end":{"line":32,"column":13}},"line":22},"3":{"name":"(anonymous_3)","decl":{"start":{"line":36,"column":46},"end":{"line":36,"column":47}},"loc":{"start":{"line":37,"column":16},"end":{"line":37,"column":47}},"line":37},"4":{"name":"(anonymous_4)","decl":{"start":{"line":48,"column":46},"end":{"line":48,"column":47}},"loc":{"start":{"line":48,"column":57},"end":{"line":58,"column":13}},"line":48},"5":{"name":"(anonymous_5)","decl":{"start":{"line":59,"column":54},"end":{"line":59,"column":55}},"loc":{"start":{"line":59,"column":65},"end":{"line":69,"column":13}},"line":59},"6":{"name":"(anonymous_6)","decl":{"start":{"line":72,"column":46},"end":{"line":72,"column":47}},"loc":{"start":{"line":73,"column":16},"end":{"line":73,"column":47}},"line":73},"7":{"name":"(anonymous_7)","decl":{"start":{"line":84,"column":46},"end":{"line":84,"column":47}},"loc":{"start":{"line":84,"column":57},"end":{"line":94,"column":13}},"line":84},"8":{"name":"(anonymous_8)","decl":{"start":{"line":95,"column":54},"end":{"line":95,"column":55}},"loc":{"start":{"line":95,"column":65},"end":{"line":105,"column":13}},"line":95},"9":{"name":"(anonymous_9)","decl":{"start":{"line":108,"column":46},"end":{"line":108,"column":47}},"loc":{"start":{"line":109,"column":16},"end":{"line":109,"column":47}},"line":109},"10":{"name":"(anonymous_10)","decl":{"start":{"line":120,"column":46},"end":{"line":120,"column":47}},"loc":{"start":{"line":120,"column":57},"end":{"line":130,"column":13}},"line":120},"11":{"name":"(anonymous_11)","decl":{"start":{"line":131,"column":54},"end":{"line":131,"column":55}},"loc":{"start":{"line":131,"column":65},"end":{"line":141,"column":13}},"line":131},"12":{"name":"(anonymous_12)","decl":{"start":{"line":144,"column":46},"end":{"line":144,"column":47}},"loc":{"start":{"line":145,"column":16},"end":{"line":145,"column":47}},"line":145},"13":{"name":"(anonymous_13)","decl":{"start":{"line":156,"column":46},"end":{"line":156,"column":47}},"loc":{"start":{"line":156,"column":57},"end":{"line":166,"column":13}},"line":156},"14":{"name":"(anonymous_14)","decl":{"start":{"line":167,"column":54},"end":{"line":167,"column":55}},"loc":{"start":{"line":167,"column":65},"end":{"line":177,"column":13}},"line":167},"15":{"name":"(anonymous_15)","decl":{"start":{"line":180,"column":46},"end":{"line":180,"column":47}},"loc":{"start":{"line":181,"column":16},"end":{"line":181,"column":47}},"line":181}},"branchMap":{"0":{"loc":{"start":{"line":9,"column":4},"end":{"line":186,"column":9}},"type":"if","locations":[{"start":{"line":9,"column":4},"end":{"line":186,"column":9}},{"start":{"line":43,"column":9},"end":{"line":186,"column":9}}],"line":9},"1":{"loc":{"start":{"line":43,"column":9},"end":{"line":186,"column":9}},"type":"if","locations":[{"start":{"line":43,"column":9},"end":{"line":186,"column":9}},{"start":{"line":79,"column":9},"end":{"line":186,"column":9}}],"line":43},"2":{"loc":{"start":{"line":45,"column":34},"end":{"line":47,"column":52}},"type":"cond-expr","locations":[{"start":{"line":46,"column":18},"end":{"line":46,"column":34}},{"start":{"line":47,"column":18},"end":{"line":47,"column":52}}],"line":45},"3":{"loc":{"start":{"line":79,"column":9},"end":{"line":186,"column":9}},"type":"if","locations":[{"start":{"line":79,"column":9},"end":{"line":186,"column":9}},{"start":{"line":115,"column":9},"end":{"line":186,"column":9}}],"line":79},"4":{"loc":{"start":{"line":81,"column":34},"end":{"line":83,"column":52}},"type":"cond-expr","locations":[{"start":{"line":82,"column":18},"end":{"line":82,"column":34}},{"start":{"line":83,"column":18},"end":{"line":83,"column":52}}],"line":81},"5":{"loc":{"start":{"line":115,"column":9},"end":{"line":186,"column":9}},"type":"if","locations":[{"start":{"line":115,"column":9},"end":{"line":186,"column":9}},{"start":{"line":151,"column":9},"end":{"line":186,"column":9}}],"line":115},"6":{"loc":{"start":{"line":117,"column":34},"end":{"line":119,"column":52}},"type":"cond-expr","locations":[{"start":{"line":118,"column":18},"end":{"line":118,"column":34}},{"start":{"line":119,"column":18},"end":{"line":119,"column":52}}],"line":117},"7":{"loc":{"start":{"line":151,"column":9},"end":{"line":186,"column":9}},"type":"if","locations":[{"start":{"line":151,"column":9},"end":{"line":186,"column":9}},{"start":{},"end":{}}],"line":151},"8":{"loc":{"start":{"line":153,"column":34},"end":{"line":155,"column":52}},"type":"cond-expr","locations":[{"start":{"line":154,"column":18},"end":{"line":154,"column":34}},{"start":{"line":155,"column":18},"end":{"line":155,"column":52}}],"line":153}},"s":{"0":28,"1":12,"2":1,"3":1,"4":0,"5":1,"6":0,"7":1,"8":1,"9":0,"10":1,"11":11,"12":2,"13":2,"14":2,"15":0,"16":2,"17":0,"18":2,"19":2,"20":0,"21":2,"22":9,"23":5,"24":5,"25":5,"26":0,"27":5,"28":0,"29":5,"30":5,"31":0,"32":5,"33":4,"34":1,"35":1,"36":1,"37":0,"38":1,"39":0,"40":1,"41":1,"42":0,"43":1,"44":3,"45":3,"46":3,"47":3,"48":0,"49":3,"50":0,"51":3,"52":3,"53":0,"54":3},"f":{"0":12,"1":0,"2":0,"3":0,"4":0,"5":0,"6":0,"7":0,"8":0,"9":0,"10":0,"11":0,"12":0,"13":0,"14":0,"15":0},"b":{"0":[1,11],"1":[2,9],"2":[0,2],"3":[5,4],"4":[0,5],"5":[1,3],"6":[0,1],"7":[3,0],"8":[0,3]},"_coverageSchema":"1a1c01bbd47fc00a2c39e90264f33305004495a9","hash":"abf5ec26db5ac354c8f0e034d37dfbdcde0f1b28"}
,"C:\\Users\\aliaa gheis\\Desktop\\backend\\src\\utils\\separateMentionsTrends.js": {"path":"C:\\Users\\aliaa gheis\\Desktop\\backend\\src\\utils\\separateMentionsTrends.js","statementMap":{"0":{"start":{"line":1,"column":31},"end":{"line":17,"column":1}},"1":{"start":{"line":2,"column":4},"end":{"line":4,"column":5}},"2":{"start":{"line":3,"column":8},"end":{"line":3,"column":48}},"3":{"start":{"line":6,"column":27},"end":{"line":6,"column":36}},"4":{"start":{"line":7,"column":27},"end":{"line":7,"column":36}},"5":{"start":{"line":10,"column":21},"end":{"line":10,"column":53}},"6":{"start":{"line":11,"column":19},"end":{"line":11,"column":51}},"7":{"start":{"line":13,"column":4},"end":{"line":16,"column":6}},"8":{"start":{"line":14,"column":44},"end":{"line":14,"column":60}},"9":{"start":{"line":15,"column":40},"end":{"line":15,"column":56}}},"fnMap":{"0":{"name":"(anonymous_0)","decl":{"start":{"line":1,"column":31},"end":{"line":1,"column":32}},"loc":{"start":{"line":1,"column":41},"end":{"line":17,"column":1}},"line":1},"1":{"name":"(anonymous_1)","decl":{"start":{"line":14,"column":31},"end":{"line":14,"column":32}},"loc":{"start":{"line":14,"column":44},"end":{"line":14,"column":60}},"line":14},"2":{"name":"(anonymous_2)","decl":{"start":{"line":15,"column":27},"end":{"line":15,"column":28}},"loc":{"start":{"line":15,"column":40},"end":{"line":15,"column":56}},"line":15}},"branchMap":{"0":{"loc":{"start":{"line":2,"column":4},"end":{"line":4,"column":5}},"type":"if","locations":[{"start":{"line":2,"column":4},"end":{"line":4,"column":5}},{"start":{},"end":{}}],"line":2},"1":{"loc":{"start":{"line":2,"column":8},"end":{"line":2,"column":41}},"type":"binary-expr","locations":[{"start":{"line":2,"column":8},"end":{"line":2,"column":20}},{"start":{"line":2,"column":24},"end":{"line":2,"column":41}}],"line":2},"2":{"loc":{"start":{"line":10,"column":21},"end":{"line":10,"column":53}},"type":"binary-expr","locations":[{"start":{"line":10,"column":21},"end":{"line":10,"column":47}},{"start":{"line":10,"column":51},"end":{"line":10,"column":53}}],"line":10},"3":{"loc":{"start":{"line":11,"column":19},"end":{"line":11,"column":51}},"type":"binary-expr","locations":[{"start":{"line":11,"column":19},"end":{"line":11,"column":45}},{"start":{"line":11,"column":49},"end":{"line":11,"column":51}}],"line":11}},"s":{"0":28,"1":10,"2":0,"3":10,"4":10,"5":10,"6":10,"7":10,"8":3,"9":12},"f":{"0":10,"1":3,"2":12},"b":{"0":[0,10],"1":[10,10],"2":[10,7],"3":[10,3]},"_coverageSchema":"1a1c01bbd47fc00a2c39e90264f33305004495a9","hash":"27fe98ae2f9770fa510205a18d2bce5bb8659158"}
,"C:\\Users\\aliaa gheis\\Desktop\\backend\\src\\validations\\authSchema.js": {"path":"C:\\Users\\aliaa gheis\\Desktop\\backend\\src\\validations\\authSchema.js","statementMap":{"0":{"start":{"line":3,"column":0},"end":{"line":3,"column":17}},"1":{"start":{"line":12,"column":21},"end":{"line":29,"column":2}},"2":{"start":{"line":31,"column":36},"end":{"line":35,"column":2}},"3":{"start":{"line":37,"column":37},"end":{"line":42,"column":2}},"4":{"start":{"line":44,"column":29},"end":{"line":48,"column":2}},"5":{"start":{"line":50,"column":28},"end":{"line":58,"column":2}},"6":{"start":{"line":60,"column":20},"end":{"line":65,"column":2}}},"fnMap":{},"branchMap":{},"s":{"0":28,"1":28,"2":28,"3":28,"4":28,"5":28,"6":28},"f":{},"b":{},"_coverageSchema":"1a1c01bbd47fc00a2c39e90264f33305004495a9","hash":"683cad65d6b2735c73c06b194999e705f8b1fbc8"}
,"C:\\Users\\aliaa gheis\\Desktop\\backend\\src\\validations\\conversationSchema.js": {"path":"C:\\Users\\aliaa gheis\\Desktop\\backend\\src\\validations\\conversationSchema.js","statementMap":{"0":{"start":{"line":3,"column":0},"end":{"line":3,"column":17}},"1":{"start":{"line":5,"column":30},"end":{"line":9,"column":2}},"2":{"start":{"line":11,"column":25},"end":{"line":15,"column":2}}},"fnMap":{},"branchMap":{},"s":{"0":28,"1":28,"2":28},"f":{},"b":{},"_coverageSchema":"1a1c01bbd47fc00a2c39e90264f33305004495a9","hash":"5f023db8c234dc582dec9246df21c01c53e5c877"}
,"C:\\Users\\aliaa gheis\\Desktop\\backend\\src\\validations\\fields.js": {"path":"C:\\Users\\aliaa gheis\\Desktop\\backend\\src\\validations\\fields.js","statementMap":{"0":{"start":{"line":4,"column":0},"end":{"line":4,"column":17}},"1":{"start":{"line":8,"column":18},"end":{"line":11,"column":39}},"2":{"start":{"line":13,"column":19},"end":{"line":16,"column":40}},"3":{"start":{"line":18,"column":22},"end":{"line":28,"column":43}},"4":{"start":{"line":30,"column":19},"end":{"line":34,"column":40}},"5":{"start":{"line":36,"column":22},"end":{"line":44,"column":43}},"6":{"start":{"line":46,"column":30},"end":{"line":50,"column":46}},"7":{"start":{"line":47,"column":4},"end":{"line":50,"column":46}}},"fnMap":{"0":{"name":"(anonymous_0)","decl":{"start":{"line":46,"column":30},"end":{"line":46,"column":31}},"loc":{"start":{"line":47,"column":4},"end":{"line":50,"column":46}},"line":47}},"branchMap":{},"s":{"0":28,"1":28,"2":28,"3":28,"4":28,"5":28,"6":28,"7":112},"f":{"0":112},"b":{},"_coverageSchema":"1a1c01bbd47fc00a2c39e90264f33305004495a9","hash":"b458b590caded5b0753f44ab9682a78f5638de9c"}
,"C:\\Users\\aliaa gheis\\Desktop\\backend\\src\\validations\\interactionSchema.js": {"path":"C:\\Users\\aliaa gheis\\Desktop\\backend\\src\\validations\\interactionSchema.js","statementMap":{"0":{"start":{"line":3,"column":0},"end":{"line":3,"column":17}},"1":{"start":{"line":5,"column":26},"end":{"line":12,"column":2}},"2":{"start":{"line":14,"column":28},"end":{"line":18,"column":2}}},"fnMap":{},"branchMap":{},"s":{"0":28,"1":28,"2":28},"f":{},"b":{},"_coverageSchema":"1a1c01bbd47fc00a2c39e90264f33305004495a9","hash":"467bd7ba9bcf14c0ac5c1a3caecf076d29dd4c04"}
,"C:\\Users\\aliaa gheis\\Desktop\\backend\\src\\validations\\statusSchema.js": {"path":"C:\\Users\\aliaa gheis\\Desktop\\backend\\src\\validations\\statusSchema.js","statementMap":{"0":{"start":{"line":3,"column":0},"end":{"line":3,"column":17}},"1":{"start":{"line":5,"column":21},"end":{"line":10,"column":2}}},"fnMap":{},"branchMap":{},"s":{"0":28,"1":28},"f":{},"b":{},"_coverageSchema":"1a1c01bbd47fc00a2c39e90264f33305004495a9","hash":"def8376d4229b62f2642197972523eabe840014e"}
,"C:\\Users\\aliaa gheis\\Desktop\\backend\\src\\validations\\tokenSchema.js": {"path":"C:\\Users\\aliaa gheis\\Desktop\\backend\\src\\validations\\tokenSchema.js","statementMap":{"0":{"start":{"line":3,"column":0},"end":{"line":3,"column":17}},"1":{"start":{"line":5,"column":20},"end":{"line":9,"column":2}}},"fnMap":{},"branchMap":{},"s":{"0":28,"1":28},"f":{},"b":{},"_coverageSchema":"1a1c01bbd47fc00a2c39e90264f33305004495a9","hash":"73e57e175367f8caa6856cfc01139088b3487881"}
,"C:\\Users\\aliaa gheis\\Desktop\\backend\\src\\validations\\userSchema.js": {"path":"C:\\Users\\aliaa gheis\\Desktop\\backend\\src\\validations\\userSchema.js","statementMap":{"0":{"start":{"line":3,"column":0},"end":{"line":3,"column":17}},"1":{"start":{"line":13,"column":28},"end":{"line":17,"column":2}},"2":{"start":{"line":19,"column":31},"end":{"line":26,"column":2}},"3":{"start":{"line":27,"column":28},"end":{"line":31,"column":2}},"4":{"start":{"line":33,"column":21},"end":{"line":37,"column":2}},"5":{"start":{"line":39,"column":26},"end":{"line":70,"column":2}},"6":{"start":{"line":72,"column":28},"end":{"line":77,"column":2}},"7":{"start":{"line":79,"column":50},"end":{"line":84,"column":2}}},"fnMap":{},"branchMap":{},"s":{"0":28,"1":28,"2":28,"3":28,"4":28,"5":28,"6":28,"7":28},"f":{},"b":{},"_coverageSchema":"1a1c01bbd47fc00a2c39e90264f33305004495a9","hash":"510924b685ee3208db0da25e5bc8a61b0b17e52a"}
}
