{"C:\\Users\\aliaa gheis\\Desktop\\backend\\src\\app.js": {"path":"C:\\Users\\aliaa gheis\\Desktop\\backend\\src\\app.js","statementMap":{"0":{"start":{"line":25,"column":0},"end":{"line":27,"column":2}},"1":{"start":{"line":26,"column":4},"end":{"line":26,"column":24}},"2":{"start":{"line":29,"column":17},"end":{"line":29,"column":47}},"3":{"start":{"line":30,"column":16},"end":{"line":30,"column":38}},"4":{"start":{"line":33,"column":21},"end":{"line":33,"column":48}},"5":{"start":{"line":34,"column":12},"end":{"line":34,"column":21}},"6":{"start":{"line":36,"column":0},"end":{"line":36,"column":16}},"7":{"start":{"line":37,"column":0},"end":{"line":37,"column":24}},"8":{"start":{"line":38,"column":0},"end":{"line":38,"column":24}},"9":{"start":{"line":39,"column":0},"end":{"line":39,"column":48}},"10":{"start":{"line":41,"column":0},"end":{"line":41,"column":70}},"11":{"start":{"line":43,"column":0},"end":{"line":45,"column":1}},"12":{"start":{"line":44,"column":4},"end":{"line":44,"column":27}},"13":{"start":{"line":47,"column":0},"end":{"line":51,"column":2}},"14":{"start":{"line":54,"column":0},"end":{"line":54,"column":37}},"15":{"start":{"line":55,"column":0},"end":{"line":55,"column":36}},"16":{"start":{"line":56,"column":0},"end":{"line":56,"column":39}},"17":{"start":{"line":57,"column":0},"end":{"line":57,"column":39}},"18":{"start":{"line":58,"column":0},"end":{"line":58,"column":36}},"19":{"start":{"line":61,"column":0},"end":{"line":63,"column":3}},"20":{"start":{"line":62,"column":4},"end":{"line":62,"column":77}},"21":{"start":{"line":65,"column":0},"end":{"line":65,"column":38}},"22":{"start":{"line":67,"column":0},"end":{"line":67,"column":31}}},"fnMap":{"0":{"name":"(anonymous_0)","decl":{"start":{"line":25,"column":26},"end":{"line":25,"column":27}},"loc":{"start":{"line":25,"column":38},"end":{"line":27,"column":1}},"line":25},"1":{"name":"(anonymous_1)","decl":{"start":{"line":61,"column":13},"end":{"line":61,"column":14}},"loc":{"start":{"line":61,"column":33},"end":{"line":63,"column":1}},"line":61}},"branchMap":{"0":{"loc":{"start":{"line":43,"column":0},"end":{"line":45,"column":1}},"type":"if","locations":[{"start":{"line":43,"column":0},"end":{"line":45,"column":1}},{"start":{},"end":{}}],"line":43}},"s":{"0":6,"1":8,"2":6,"3":6,"4":6,"5":6,"6":6,"7":6,"8":6,"9":6,"10":6,"11":6,"12":0,"13":6,"14":6,"15":6,"16":6,"17":6,"18":6,"19":6,"20":0,"21":6,"22":6},"f":{"0":8,"1":0},"b":{"0":[0,6]},"_coverageSchema":"1a1c01bbd47fc00a2c39e90264f33305004495a9","hash":"422af864523ec13824e26751a6ee8e9d14853714"}
,"C:\\Users\\aliaa gheis\\Desktop\\backend\\src\\prisma.js": {"path":"C:\\Users\\aliaa gheis\\Desktop\\backend\\src\\prisma.js","statementMap":{"0":{"start":{"line":3,"column":15},"end":{"line":3,"column":33}},"1":{"start":{"line":5,"column":0},"end":{"line":40,"column":3}},"2":{"start":{"line":6,"column":4},"end":{"line":39,"column":5}},"3":{"start":{"line":7,"column":8},"end":{"line":34,"column":9}},"4":{"start":{"line":13,"column":12},"end":{"line":23,"column":13}},"5":{"start":{"line":14,"column":16},"end":{"line":15,"column":73}},"6":{"start":{"line":16,"column":16},"end":{"line":16,"column":51}},"7":{"start":{"line":16,"column":34},"end":{"line":16,"column":51}},"8":{"start":{"line":17,"column":16},"end":{"line":22,"column":22}},"9":{"start":{"line":18,"column":20},"end":{"line":18,"column":79}},"10":{"start":{"line":20,"column":20},"end":{"line":22,"column":22}},"11":{"start":{"line":24,"column":12},"end":{"line":33,"column":13}},"12":{"start":{"line":31,"column":16},"end":{"line":32,"column":63}},"13":{"start":{"line":31,"column":39},"end":{"line":31,"column":79}},"14":{"start":{"line":32,"column":21},"end":{"line":32,"column":63}},"15":{"start":{"line":35,"column":8},"end":{"line":35,"column":28}},"16":{"start":{"line":37,"column":8},"end":{"line":37,"column":64}},"17":{"start":{"line":38,"column":8},"end":{"line":38,"column":28}}},"fnMap":{"0":{"name":"(anonymous_0)","decl":{"start":{"line":5,"column":12},"end":{"line":5,"column":13}},"loc":{"start":{"line":5,"column":36},"end":{"line":40,"column":1}},"line":5}},"branchMap":{"0":{"loc":{"start":{"line":7,"column":8},"end":{"line":34,"column":9}},"type":"if","locations":[{"start":{"line":7,"column":8},"end":{"line":34,"column":9}},{"start":{},"end":{}}],"line":7},"1":{"loc":{"start":{"line":8,"column":12},"end":{"line":11,"column":44}},"type":"binary-expr","locations":[{"start":{"line":8,"column":12},"end":{"line":8,"column":36}},{"start":{"line":9,"column":12},"end":{"line":9,"column":42}},{"start":{"line":10,"column":12},"end":{"line":10,"column":34}},{"start":{"line":11,"column":12},"end":{"line":11,"column":44}}],"line":8},"2":{"loc":{"start":{"line":13,"column":12},"end":{"line":23,"column":13}},"type":"if","locations":[{"start":{"line":13,"column":12},"end":{"line":23,"column":13}},{"start":{},"end":{}}],"line":13},"3":{"loc":{"start":{"line":13,"column":16},"end":{"line":13,"column":74}},"type":"binary-expr","locations":[{"start":{"line":13,"column":16},"end":{"line":13,"column":41}},{"start":{"line":13,"column":45},"end":{"line":13,"column":74}}],"line":13},"4":{"loc":{"start":{"line":15,"column":20},"end":{"line":15,"column":72}},"type":"cond-expr","locations":[{"start":{"line":15,"column":49},"end":{"line":15,"column":57}},{"start":{"line":15,"column":60},"end":{"line":15,"column":72}}],"line":15},"5":{"loc":{"start":{"line":16,"column":16},"end":{"line":16,"column":51}},"type":"if","locations":[{"start":{"line":16,"column":16},"end":{"line":16,"column":51}},{"start":{},"end":{}}],"line":16},"6":{"loc":{"start":{"line":17,"column":16},"end":{"line":22,"column":22}},"type":"if","locations":[{"start":{"line":17,"column":16},"end":{"line":22,"column":22}},{"start":{"line":20,"column":20},"end":{"line":22,"column":22}}],"line":17},"7":{"loc":{"start":{"line":24,"column":12},"end":{"line":33,"column":13}},"type":"if","locations":[{"start":{"line":24,"column":12},"end":{"line":33,"column":13}},{"start":{},"end":{}}],"line":24},"8":{"loc":{"start":{"line":25,"column":16},"end":{"line":29,"column":45}},"type":"binary-expr","locations":[{"start":{"line":25,"column":16},"end":{"line":25,"column":44}},{"start":{"line":26,"column":16},"end":{"line":26,"column":45}},{"start":{"line":27,"column":16},"end":{"line":27,"column":43}},{"start":{"line":28,"column":16},"end":{"line":28,"column":41}},{"start":{"line":29,"column":16},"end":{"line":29,"column":45}}],"line":25},"9":{"loc":{"start":{"line":31,"column":16},"end":{"line":32,"column":63}},"type":"if","locations":[{"start":{"line":31,"column":16},"end":{"line":32,"column":63}},{"start":{"line":32,"column":21},"end":{"line":32,"column":63}}],"line":31}},"s":{"0":6,"1":6,"2":118,"3":118,"4":76,"5":0,"6":0,"7":0,"8":0,"9":0,"10":0,"11":76,"12":45,"13":45,"14":0,"15":118,"16":0,"17":0},"f":{"0":118},"b":{"0":[76,42],"1":[118,118,111,42],"2":[0,76],"3":[76,76],"4":[0,0],"5":[0,0],"6":[0,0],"7":[45,31],"8":[76,50,47,47,31],"9":[45,0]},"_coverageSchema":"1a1c01bbd47fc00a2c39e90264f33305004495a9","hash":"86559a90860edf86f1e2eb389c53b530cb6f1c6d"}
,"C:\\Users\\aliaa gheis\\Desktop\\backend\\src\\config\\emailConfig.js": {"path":"C:\\Users\\aliaa gheis\\Desktop\\backend\\src\\config\\emailConfig.js","statementMap":{"0":{"start":{"line":4,"column":20},"end":{"line":16,"column":2}}},"fnMap":{},"branchMap":{},"s":{"0":6},"f":{},"b":{},"_coverageSchema":"1a1c01bbd47fc00a2c39e90264f33305004495a9","hash":"7384383938766d77d6d9c8dbe456a988186a890b"}
,"C:\\Users\\aliaa gheis\\Desktop\\backend\\src\\config\\swaggerConfig.js": {"path":"C:\\Users\\aliaa gheis\\Desktop\\backend\\src\\config\\swaggerConfig.js","statementMap":{},"fnMap":{},"branchMap":{},"s":{},"f":{},"b":{},"_coverageSchema":"1a1c01bbd47fc00a2c39e90264f33305004495a9","hash":"fd2bed5b9f113422967a88e2edb3bb4791b8cd27"}
,"C:\\Users\\aliaa gheis\\Desktop\\backend\\src\\controllers\\homeController.js": {"path":"C:\\Users\\aliaa gheis\\Desktop\\backend\\src\\controllers\\homeController.js","statementMap":{"0":{"start":{"line":9,"column":24},"end":{"line":39,"column":2}},"1":{"start":{"line":11,"column":28},"end":{"line":11,"column":50}},"2":{"start":{"line":14,"column":8},"end":{"line":14,"column":78}},"3":{"start":{"line":16,"column":4},"end":{"line":16,"column":42}},"4":{"start":{"line":20,"column":8},"end":{"line":20,"column":76}},"5":{"start":{"line":23,"column":4},"end":{"line":23,"column":75}},"6":{"start":{"line":26,"column":23},"end":{"line":32,"column":5}},"7":{"start":{"line":34,"column":4},"end":{"line":38,"column":7}}},"fnMap":{"0":{"name":"(anonymous_0)","decl":{"start":{"line":9,"column":35},"end":{"line":9,"column":36}},"loc":{"start":{"line":9,"column":61},"end":{"line":39,"column":1}},"line":9}},"branchMap":{},"s":{"0":6,"1":1,"2":1,"3":1,"4":1,"5":1,"6":1,"7":1},"f":{"0":1},"b":{},"_coverageSchema":"1a1c01bbd47fc00a2c39e90264f33305004495a9","hash":"3b99f4d99b5a8059f8b93fa9cb017d91d62b4647"}
,"C:\\Users\\aliaa gheis\\Desktop\\backend\\src\\controllers\\userController.js": {"path":"C:\\Users\\aliaa gheis\\Desktop\\backend\\src\\controllers\\userController.js","statementMap":{"0":{"start":{"line":6,"column":22},"end":{"line":12,"column":2}},"1":{"start":{"line":7,"column":17},"end":{"line":7,"column":65}},"2":{"start":{"line":8,"column":4},"end":{"line":10,"column":5}},"3":{"start":{"line":9,"column":8},"end":{"line":9,"column":63}},"4":{"start":{"line":11,"column":4},"end":{"line":11,"column":55}},"5":{"start":{"line":14,"column":25},"end":{"line":20,"column":2}},"6":{"start":{"line":15,"column":17},"end":{"line":15,"column":71}},"7":{"start":{"line":16,"column":4},"end":{"line":18,"column":5}},"8":{"start":{"line":17,"column":8},"end":{"line":17,"column":66}},"9":{"start":{"line":19,"column":4},"end":{"line":19,"column":55}},"10":{"start":{"line":22,"column":22},"end":{"line":29,"column":2}},"11":{"start":{"line":23,"column":17},"end":{"line":23,"column":30}},"12":{"start":{"line":24,"column":17},"end":{"line":24,"column":63}},"13":{"start":{"line":25,"column":4},"end":{"line":27,"column":5}},"14":{"start":{"line":26,"column":8},"end":{"line":26,"column":57}},"15":{"start":{"line":28,"column":4},"end":{"line":28,"column":55}},"16":{"start":{"line":32,"column":20},"end":{"line":38,"column":2}},"17":{"start":{"line":33,"column":17},"end":{"line":33,"column":61}},"18":{"start":{"line":34,"column":4},"end":{"line":36,"column":5}},"19":{"start":{"line":35,"column":8},"end":{"line":35,"column":56}},"20":{"start":{"line":37,"column":4},"end":{"line":37,"column":71}},"21":{"start":{"line":39,"column":15},"end":{"line":52,"column":2}},"22":{"start":{"line":40,"column":26},"end":{"line":40,"column":82}},"23":{"start":{"line":41,"column":4},"end":{"line":43,"column":5}},"24":{"start":{"line":42,"column":8},"end":{"line":42,"column":56}},"25":{"start":{"line":44,"column":23},"end":{"line":44,"column":31}},"26":{"start":{"line":45,"column":22},"end":{"line":45,"column":85}},"27":{"start":{"line":46,"column":4},"end":{"line":49,"column":5}},"28":{"start":{"line":47,"column":8},"end":{"line":47,"column":67}},"29":{"start":{"line":50,"column":4},"end":{"line":50,"column":63}},"30":{"start":{"line":51,"column":4},"end":{"line":51,"column":55}},"31":{"start":{"line":54,"column":17},"end":{"line":67,"column":2}},"32":{"start":{"line":55,"column":26},"end":{"line":55,"column":82}},"33":{"start":{"line":56,"column":4},"end":{"line":58,"column":5}},"34":{"start":{"line":57,"column":8},"end":{"line":57,"column":56}},"35":{"start":{"line":59,"column":23},"end":{"line":59,"column":31}},"36":{"start":{"line":60,"column":22},"end":{"line":60,"column":85}},"37":{"start":{"line":61,"column":4},"end":{"line":64,"column":5}},"38":{"start":{"line":62,"column":8},"end":{"line":62,"column":69}},"39":{"start":{"line":65,"column":4},"end":{"line":65,"column":65}},"40":{"start":{"line":66,"column":4},"end":{"line":66,"column":55}}},"fnMap":{"0":{"name":"(anonymous_0)","decl":{"start":{"line":6,"column":33},"end":{"line":6,"column":34}},"loc":{"start":{"line":6,"column":59},"end":{"line":12,"column":1}},"line":6},"1":{"name":"(anonymous_1)","decl":{"start":{"line":14,"column":36},"end":{"line":14,"column":37}},"loc":{"start":{"line":14,"column":62},"end":{"line":20,"column":1}},"line":14},"2":{"name":"(anonymous_2)","decl":{"start":{"line":22,"column":33},"end":{"line":22,"column":34}},"loc":{"start":{"line":22,"column":59},"end":{"line":29,"column":1}},"line":22},"3":{"name":"(anonymous_3)","decl":{"start":{"line":32,"column":31},"end":{"line":32,"column":32}},"loc":{"start":{"line":32,"column":57},"end":{"line":38,"column":1}},"line":32},"4":{"name":"(anonymous_4)","decl":{"start":{"line":39,"column":26},"end":{"line":39,"column":27}},"loc":{"start":{"line":39,"column":52},"end":{"line":52,"column":1}},"line":39},"5":{"name":"(anonymous_5)","decl":{"start":{"line":54,"column":28},"end":{"line":54,"column":29}},"loc":{"start":{"line":54,"column":54},"end":{"line":67,"column":1}},"line":54}},"branchMap":{"0":{"loc":{"start":{"line":8,"column":4},"end":{"line":10,"column":5}},"type":"if","locations":[{"start":{"line":8,"column":4},"end":{"line":10,"column":5}},{"start":{},"end":{}}],"line":8},"1":{"loc":{"start":{"line":16,"column":4},"end":{"line":18,"column":5}},"type":"if","locations":[{"start":{"line":16,"column":4},"end":{"line":18,"column":5}},{"start":{},"end":{}}],"line":16},"2":{"loc":{"start":{"line":25,"column":4},"end":{"line":27,"column":5}},"type":"if","locations":[{"start":{"line":25,"column":4},"end":{"line":27,"column":5}},{"start":{},"end":{}}],"line":25},"3":{"loc":{"start":{"line":34,"column":4},"end":{"line":36,"column":5}},"type":"if","locations":[{"start":{"line":34,"column":4},"end":{"line":36,"column":5}},{"start":{},"end":{}}],"line":34},"4":{"loc":{"start":{"line":41,"column":4},"end":{"line":43,"column":5}},"type":"if","locations":[{"start":{"line":41,"column":4},"end":{"line":43,"column":5}},{"start":{},"end":{}}],"line":41},"5":{"loc":{"start":{"line":46,"column":4},"end":{"line":49,"column":5}},"type":"if","locations":[{"start":{"line":46,"column":4},"end":{"line":49,"column":5}},{"start":{},"end":{}}],"line":46},"6":{"loc":{"start":{"line":56,"column":4},"end":{"line":58,"column":5}},"type":"if","locations":[{"start":{"line":56,"column":4},"end":{"line":58,"column":5}},{"start":{},"end":{}}],"line":56},"7":{"loc":{"start":{"line":61,"column":4},"end":{"line":64,"column":5}},"type":"if","locations":[{"start":{"line":61,"column":4},"end":{"line":64,"column":5}},{"start":{},"end":{}}],"line":61}},"s":{"0":6,"1":2,"2":2,"3":1,"4":1,"5":6,"6":2,"7":2,"8":1,"9":1,"10":6,"11":4,"12":4,"13":4,"14":1,"15":3,"16":6,"17":0,"18":0,"19":0,"20":0,"21":6,"22":0,"23":0,"24":0,"25":0,"26":0,"27":0,"28":0,"29":0,"30":0,"31":6,"32":0,"33":0,"34":0,"35":0,"36":0,"37":0,"38":0,"39":0,"40":0},"f":{"0":2,"1":2,"2":4,"3":0,"4":0,"5":0},"b":{"0":[1,1],"1":[1,1],"2":[1,3],"3":[0,0],"4":[0,0],"5":[0,0],"6":[0,0],"7":[0,0]},"_coverageSchema":"1a1c01bbd47fc00a2c39e90264f33305004495a9","hash":"a7fbe35c8abf4df5b808833f0421baaf8bcf3dea"}
,"C:\\Users\\aliaa gheis\\Desktop\\backend\\src\\controllers\\authController\\captcha.js": {"path":"C:\\Users\\aliaa gheis\\Desktop\\backend\\src\\controllers\\authController\\captcha.js","statementMap":{"0":{"start":{"line":7,"column":14},"end":{"line":33,"column":2}},"1":{"start":{"line":8,"column":2},"end":{"line":9,"column":58}},"2":{"start":{"line":9,"column":2},"end":{"line":9,"column":58}},"3":{"start":{"line":12,"column":19},"end":{"line":12,"column":49}},"4":{"start":{"line":15,"column":16},"end":{"line":19,"column":4}},"5":{"start":{"line":20,"column":20},"end":{"line":20,"column":74}},"6":{"start":{"line":23,"column":15},"end":{"line":23,"column":61}},"7":{"start":{"line":23,"column":50},"end":{"line":23,"column":60}},"8":{"start":{"line":26,"column":2},"end":{"line":27,"column":64}},"9":{"start":{"line":27,"column":2},"end":{"line":27,"column":64}},"10":{"start":{"line":30,"column":2},"end":{"line":32,"column":3}}},"fnMap":{"0":{"name":"(anonymous_0)","decl":{"start":{"line":7,"column":26},"end":{"line":7,"column":27}},"loc":{"start":{"line":7,"column":51},"end":{"line":33,"column":1}},"line":7},"1":{"name":"(anonymous_1)","decl":{"start":{"line":23,"column":43},"end":{"line":23,"column":44}},"loc":{"start":{"line":23,"column":50},"end":{"line":23,"column":60}},"line":23}},"branchMap":{"0":{"loc":{"start":{"line":8,"column":2},"end":{"line":9,"column":58}},"type":"if","locations":[{"start":{"line":8,"column":2},"end":{"line":9,"column":58}},{"start":{},"end":{}}],"line":8},"1":{"loc":{"start":{"line":26,"column":2},"end":{"line":27,"column":64}},"type":"if","locations":[{"start":{"line":26,"column":2},"end":{"line":27,"column":64}},{"start":{},"end":{}}],"line":26},"2":{"loc":{"start":{"line":26,"column":6},"end":{"line":26,"column":49}},"type":"binary-expr","locations":[{"start":{"line":26,"column":6},"end":{"line":26,"column":32}},{"start":{"line":26,"column":36},"end":{"line":26,"column":49}}],"line":26}},"s":{"0":6,"1":0,"2":0,"3":0,"4":0,"5":0,"6":0,"7":0,"8":0,"9":0,"10":0},"f":{"0":0,"1":0},"b":{"0":[0,0],"1":[0,0],"2":[0,0]},"_coverageSchema":"1a1c01bbd47fc00a2c39e90264f33305004495a9","hash":"4d6edf937448a9363f21a9966fbdb9c80bcba597"}
,"C:\\Users\\aliaa gheis\\Desktop\\backend\\src\\controllers\\authController\\checkEmailVerification.js": {"path":"C:\\Users\\aliaa gheis\\Desktop\\backend\\src\\controllers\\authController\\checkEmailVerification.js","statementMap":{"0":{"start":{"line":3,"column":31},"end":{"line":12,"column":2}},"1":{"start":{"line":4,"column":29},"end":{"line":4,"column":39}},"2":{"start":{"line":6,"column":4},"end":{"line":6,"column":53}},"3":{"start":{"line":8,"column":4},"end":{"line":11,"column":7}}},"fnMap":{"0":{"name":"(anonymous_0)","decl":{"start":{"line":3,"column":42},"end":{"line":3,"column":43}},"loc":{"start":{"line":3,"column":68},"end":{"line":12,"column":1}},"line":3}},"branchMap":{},"s":{"0":6,"1":0,"2":0,"3":0},"f":{"0":0},"b":{},"_coverageSchema":"1a1c01bbd47fc00a2c39e90264f33305004495a9","hash":"e8d33781d0316cb5f6e81aa561abd31c91f05133"}
,"C:\\Users\\aliaa gheis\\Desktop\\backend\\src\\controllers\\authController\\checkResetToken.js": {"path":"C:\\Users\\aliaa gheis\\Desktop\\backend\\src\\controllers\\authController\\checkResetToken.js","statementMap":{"0":{"start":{"line":3,"column":24},"end":{"line":12,"column":2}},"1":{"start":{"line":4,"column":29},"end":{"line":4,"column":39}},"2":{"start":{"line":6,"column":4},"end":{"line":6,"column":40}},"3":{"start":{"line":8,"column":4},"end":{"line":11,"column":7}}},"fnMap":{"0":{"name":"(anonymous_0)","decl":{"start":{"line":3,"column":35},"end":{"line":3,"column":36}},"loc":{"start":{"line":3,"column":61},"end":{"line":12,"column":1}},"line":3}},"branchMap":{},"s":{"0":6,"1":0,"2":0,"3":0},"f":{"0":0},"b":{},"_coverageSchema":"1a1c01bbd47fc00a2c39e90264f33305004495a9","hash":"133aa7da8e449cce1cef0ff2acb50ca9cf642224"}
,"C:\\Users\\aliaa gheis\\Desktop\\backend\\src\\controllers\\authController\\forgetPassword.js": {"path":"C:\\Users\\aliaa gheis\\Desktop\\backend\\src\\controllers\\authController\\forgetPassword.js","statementMap":{"0":{"start":{"line":11,"column":23},"end":{"line":54,"column":2}},"1":{"start":{"line":12,"column":37},"end":{"line":12,"column":76}},"2":{"start":{"line":13,"column":21},"end":{"line":13,"column":29}},"3":{"start":{"line":15,"column":17},"end":{"line":21,"column":6}},"4":{"start":{"line":23,"column":4},"end":{"line":25,"column":5}},"5":{"start":{"line":24,"column":8},"end":{"line":24,"column":57}},"6":{"start":{"line":27,"column":4},"end":{"line":38,"column":5}},"7":{"start":{"line":32,"column":8},"end":{"line":37,"column":10}},"8":{"start":{"line":40,"column":26},"end":{"line":40,"column":50}},"9":{"start":{"line":42,"column":4},"end":{"line":42,"column":67}},"10":{"start":{"line":44,"column":4},"end":{"line":48,"column":6}},"11":{"start":{"line":50,"column":4},"end":{"line":53,"column":7}}},"fnMap":{"0":{"name":"(anonymous_0)","decl":{"start":{"line":11,"column":34},"end":{"line":11,"column":35}},"loc":{"start":{"line":11,"column":60},"end":{"line":54,"column":1}},"line":11}},"branchMap":{"0":{"loc":{"start":{"line":23,"column":4},"end":{"line":25,"column":5}},"type":"if","locations":[{"start":{"line":23,"column":4},"end":{"line":25,"column":5}},{"start":{},"end":{}}],"line":23},"1":{"loc":{"start":{"line":27,"column":4},"end":{"line":38,"column":5}},"type":"if","locations":[{"start":{"line":27,"column":4},"end":{"line":38,"column":5}},{"start":{},"end":{}}],"line":27},"2":{"loc":{"start":{"line":28,"column":8},"end":{"line":30,"column":72}},"type":"binary-expr","locations":[{"start":{"line":28,"column":8},"end":{"line":28,"column":23}},{"start":{"line":29,"column":8},"end":{"line":29,"column":32}},{"start":{"line":30,"column":8},"end":{"line":30,"column":72}}],"line":28}},"s":{"0":6,"1":7,"2":7,"3":7,"4":7,"5":1,"6":6,"7":1,"8":5,"9":5,"10":5,"11":5},"f":{"0":7},"b":{"0":[1,6],"1":[1,5],"2":[6,2,2]},"_coverageSchema":"1a1c01bbd47fc00a2c39e90264f33305004495a9","hash":"50d46723047a85d541baa03393a237b35be9c576"}
,"C:\\Users\\aliaa gheis\\Desktop\\backend\\src\\controllers\\authController\\googleAuthController.js": {"path":"C:\\Users\\aliaa gheis\\Desktop\\backend\\src\\controllers\\authController\\googleAuthController.js","statementMap":{"0":{"start":{"line":8,"column":15},"end":{"line":12,"column":1}},"1":{"start":{"line":14,"column":23},"end":{"line":24,"column":1}},"2":{"start":{"line":16,"column":19},"end":{"line":19,"column":6}},"3":{"start":{"line":21,"column":20},"end":{"line":21,"column":39}},"4":{"start":{"line":23,"column":4},"end":{"line":23,"column":19}},"5":{"start":{"line":26,"column":25},"end":{"line":41,"column":2}},"6":{"start":{"line":29,"column":20},"end":{"line":29,"column":56}},"7":{"start":{"line":30,"column":17},"end":{"line":30,"column":30}},"8":{"start":{"line":31,"column":17},"end":{"line":31,"column":64}},"9":{"start":{"line":32,"column":4},"end":{"line":32,"column":22}},"10":{"start":{"line":33,"column":4},"end":{"line":35,"column":3}},"11":{"start":{"line":34,"column":6},"end":{"line":34,"column":55}},"12":{"start":{"line":36,"column":16},"end":{"line":36,"column":38}},"13":{"start":{"line":37,"column":2},"end":{"line":37,"column":28}},"14":{"start":{"line":38,"column":2},"end":{"line":38,"column":76}}},"fnMap":{"0":{"name":"(anonymous_0)","decl":{"start":{"line":14,"column":23},"end":{"line":14,"column":24}},"loc":{"start":{"line":14,"column":40},"end":{"line":24,"column":1}},"line":14},"1":{"name":"(anonymous_1)","decl":{"start":{"line":26,"column":36},"end":{"line":26,"column":37}},"loc":{"start":{"line":26,"column":62},"end":{"line":41,"column":1}},"line":26}},"branchMap":{"0":{"loc":{"start":{"line":33,"column":4},"end":{"line":35,"column":3}},"type":"if","locations":[{"start":{"line":33,"column":4},"end":{"line":35,"column":3}},{"start":{},"end":{}}],"line":33}},"s":{"0":6,"1":6,"2":0,"3":0,"4":0,"5":6,"6":0,"7":0,"8":0,"9":0,"10":0,"11":0,"12":0,"13":0,"14":0},"f":{"0":0,"1":0},"b":{"0":[0,0]},"_coverageSchema":"1a1c01bbd47fc00a2c39e90264f33305004495a9","hash":"ebc448e0da497811e87c4ce02be2d78b28b40c8c"}
,"C:\\Users\\aliaa gheis\\Desktop\\backend\\src\\controllers\\authController\\index.js": {"path":"C:\\Users\\aliaa gheis\\Desktop\\backend\\src\\controllers\\authController\\index.js","statementMap":{},"fnMap":{},"branchMap":{},"s":{},"f":{},"b":{},"_coverageSchema":"1a1c01bbd47fc00a2c39e90264f33305004495a9","hash":"2f12fd4c40eb1e2a44040dd7ac4ac6988781f92b"}
,"C:\\Users\\aliaa gheis\\Desktop\\backend\\src\\controllers\\authController\\login.js": {"path":"C:\\Users\\aliaa gheis\\Desktop\\backend\\src\\controllers\\authController\\login.js","statementMap":{"0":{"start":{"line":8,"column":14},"end":{"line":23,"column":2}},"1":{"start":{"line":9,"column":17},"end":{"line":9,"column":30}},"2":{"start":{"line":11,"column":17},"end":{"line":11,"column":63}},"3":{"start":{"line":13,"column":4},"end":{"line":15,"column":5}},"4":{"start":{"line":14,"column":8},"end":{"line":14,"column":57}},"5":{"start":{"line":16,"column":21},"end":{"line":16,"column":63}},"6":{"start":{"line":17,"column":4},"end":{"line":19,"column":5}},"7":{"start":{"line":18,"column":8},"end":{"line":18,"column":57}},"8":{"start":{"line":20,"column":18},"end":{"line":20,"column":40}},"9":{"start":{"line":21,"column":4},"end":{"line":21,"column":30}},"10":{"start":{"line":22,"column":4},"end":{"line":22,"column":78}}},"fnMap":{"0":{"name":"(anonymous_0)","decl":{"start":{"line":8,"column":25},"end":{"line":8,"column":26}},"loc":{"start":{"line":8,"column":51},"end":{"line":23,"column":1}},"line":8}},"branchMap":{"0":{"loc":{"start":{"line":13,"column":4},"end":{"line":15,"column":5}},"type":"if","locations":[{"start":{"line":13,"column":4},"end":{"line":15,"column":5}},{"start":{},"end":{}}],"line":13},"1":{"loc":{"start":{"line":17,"column":4},"end":{"line":19,"column":5}},"type":"if","locations":[{"start":{"line":17,"column":4},"end":{"line":19,"column":5}},{"start":{},"end":{}}],"line":17}},"s":{"0":6,"1":3,"2":3,"3":3,"4":0,"5":3,"6":3,"7":1,"8":2,"9":2,"10":2},"f":{"0":3},"b":{"0":[0,3],"1":[1,2]},"_coverageSchema":"1a1c01bbd47fc00a2c39e90264f33305004495a9","hash":"f96e5d342b45cc7eeb16e19dd1bbe81b6923129e"}
,"C:\\Users\\aliaa gheis\\Desktop\\backend\\src\\controllers\\authController\\logout.js": {"path":"C:\\Users\\aliaa gheis\\Desktop\\backend\\src\\controllers\\authController\\logout.js","statementMap":{"0":{"start":{"line":4,"column":15},"end":{"line":13,"column":2}},"1":{"start":{"line":5,"column":4},"end":{"line":8,"column":7}},"2":{"start":{"line":10,"column":18},"end":{"line":10,"column":68}},"3":{"start":{"line":11,"column":4},"end":{"line":11,"column":48}},"4":{"start":{"line":11,"column":15},"end":{"line":11,"column":48}},"5":{"start":{"line":12,"column":4},"end":{"line":12,"column":55}}},"fnMap":{"0":{"name":"(anonymous_0)","decl":{"start":{"line":4,"column":26},"end":{"line":4,"column":27}},"loc":{"start":{"line":4,"column":52},"end":{"line":13,"column":1}},"line":4}},"branchMap":{"0":{"loc":{"start":{"line":11,"column":4},"end":{"line":11,"column":48}},"type":"if","locations":[{"start":{"line":11,"column":4},"end":{"line":11,"column":48}},{"start":{},"end":{}}],"line":11}},"s":{"0":6,"1":0,"2":0,"3":0,"4":0,"5":0},"f":{"0":0},"b":{"0":[0,0]},"_coverageSchema":"1a1c01bbd47fc00a2c39e90264f33305004495a9","hash":"e3ad6f85cd22d6c49f2341412f83959a41487e63"}
,"C:\\Users\\aliaa gheis\\Desktop\\backend\\src\\controllers\\authController\\resetPassword.js": {"path":"C:\\Users\\aliaa gheis\\Desktop\\backend\\src\\controllers\\authController\\resetPassword.js","statementMap":{"0":{"start":{"line":11,"column":22},"end":{"line":28,"column":2}},"1":{"start":{"line":12,"column":28},"end":{"line":12,"column":38}},"2":{"start":{"line":13,"column":25},"end":{"line":13,"column":33}},"3":{"start":{"line":15,"column":17},"end":{"line":15,"column":57}},"4":{"start":{"line":18,"column":27},"end":{"line":18,"column":57}},"5":{"start":{"line":19,"column":4},"end":{"line":19,"column":70}},"6":{"start":{"line":22,"column":4},"end":{"line":22,"column":30}},"7":{"start":{"line":24,"column":4},"end":{"line":27,"column":7}}},"fnMap":{"0":{"name":"(anonymous_0)","decl":{"start":{"line":11,"column":33},"end":{"line":11,"column":34}},"loc":{"start":{"line":11,"column":59},"end":{"line":28,"column":1}},"line":11}},"branchMap":{},"s":{"0":6,"1":7,"2":7,"3":7,"4":4,"5":4,"6":4,"7":4},"f":{"0":7},"b":{},"_coverageSchema":"1a1c01bbd47fc00a2c39e90264f33305004495a9","hash":"5f55b11f926a14a7338fb39aea5beebbd27fc801"}
,"C:\\Users\\aliaa gheis\\Desktop\\backend\\src\\controllers\\authController\\sendEmailVerification.js": {"path":"C:\\Users\\aliaa gheis\\Desktop\\backend\\src\\controllers\\authController\\sendEmailVerification.js","statementMap":{"0":{"start":{"line":15,"column":30},"end":{"line":62,"column":2}},"1":{"start":{"line":16,"column":37},"end":{"line":16,"column":76}},"2":{"start":{"line":17,"column":22},"end":{"line":17,"column":30}},"3":{"start":{"line":19,"column":25},"end":{"line":19,"column":70}},"4":{"start":{"line":21,"column":4},"end":{"line":23,"column":5}},"5":{"start":{"line":22,"column":8},"end":{"line":22,"column":79}},"6":{"start":{"line":25,"column":22},"end":{"line":25,"column":60}},"7":{"start":{"line":28,"column":4},"end":{"line":38,"column":5}},"8":{"start":{"line":32,"column":8},"end":{"line":37,"column":10}},"9":{"start":{"line":40,"column":33},"end":{"line":40,"column":57}},"10":{"start":{"line":43,"column":4},"end":{"line":43,"column":67}},"11":{"start":{"line":45,"column":4},"end":{"line":55,"column":5}},"12":{"start":{"line":46,"column":8},"end":{"line":49,"column":10}},"13":{"start":{"line":51,"column":8},"end":{"line":54,"column":10}},"14":{"start":{"line":58,"column":4},"end":{"line":61,"column":7}}},"fnMap":{"0":{"name":"(anonymous_0)","decl":{"start":{"line":15,"column":41},"end":{"line":15,"column":42}},"loc":{"start":{"line":15,"column":67},"end":{"line":62,"column":1}},"line":15}},"branchMap":{"0":{"loc":{"start":{"line":21,"column":4},"end":{"line":23,"column":5}},"type":"if","locations":[{"start":{"line":21,"column":4},"end":{"line":23,"column":5}},{"start":{},"end":{}}],"line":21},"1":{"loc":{"start":{"line":28,"column":4},"end":{"line":38,"column":5}},"type":"if","locations":[{"start":{"line":28,"column":4},"end":{"line":38,"column":5}},{"start":{},"end":{}}],"line":28},"2":{"loc":{"start":{"line":29,"column":8},"end":{"line":30,"column":71}},"type":"binary-expr","locations":[{"start":{"line":29,"column":8},"end":{"line":29,"column":17}},{"start":{"line":30,"column":8},"end":{"line":30,"column":71}}],"line":29},"3":{"loc":{"start":{"line":45,"column":4},"end":{"line":55,"column":5}},"type":"if","locations":[{"start":{"line":45,"column":4},"end":{"line":55,"column":5}},{"start":{"line":50,"column":11},"end":{"line":55,"column":5}}],"line":45}},"s":{"0":6,"1":5,"2":5,"3":5,"4":5,"5":1,"6":4,"7":4,"8":1,"9":3,"10":3,"11":3,"12":1,"13":2,"14":3},"f":{"0":5},"b":{"0":[1,4],"1":[1,3],"2":[4,2],"3":[1,2]},"_coverageSchema":"1a1c01bbd47fc00a2c39e90264f33305004495a9","hash":"243272b840365b33dcc6f079e743657bed2c0b6f"}
,"C:\\Users\\aliaa gheis\\Desktop\\backend\\src\\controllers\\authController\\signup.js": {"path":"C:\\Users\\aliaa gheis\\Desktop\\backend\\src\\controllers\\authController\\signup.js","statementMap":{"0":{"start":{"line":13,"column":15},"end":{"line":66,"column":2}},"1":{"start":{"line":21,"column":8},"end":{"line":21,"column":16}},"2":{"start":{"line":23,"column":23},"end":{"line":26,"column":5}},"3":{"start":{"line":28,"column":4},"end":{"line":35,"column":5}},"4":{"start":{"line":29,"column":8},"end":{"line":34,"column":10}},"5":{"start":{"line":37,"column":4},"end":{"line":37,"column":70}},"6":{"start":{"line":40,"column":21},"end":{"line":42,"column":31}},"7":{"start":{"line":44,"column":27},"end":{"line":44,"column":57}},"8":{"start":{"line":46,"column":15},"end":{"line":53,"column":5}},"9":{"start":{"line":54,"column":4},"end":{"line":56,"column":5}},"10":{"start":{"line":55,"column":8},"end":{"line":55,"column":63}},"11":{"start":{"line":59,"column":4},"end":{"line":59,"column":46}},"12":{"start":{"line":61,"column":4},"end":{"line":61,"column":62}},"13":{"start":{"line":63,"column":18},"end":{"line":63,"column":40}},"14":{"start":{"line":64,"column":4},"end":{"line":64,"column":30}},"15":{"start":{"line":65,"column":4},"end":{"line":65,"column":78}}},"fnMap":{"0":{"name":"(anonymous_0)","decl":{"start":{"line":13,"column":26},"end":{"line":13,"column":27}},"loc":{"start":{"line":13,"column":52},"end":{"line":66,"column":1}},"line":13}},"branchMap":{"0":{"loc":{"start":{"line":28,"column":4},"end":{"line":35,"column":5}},"type":"if","locations":[{"start":{"line":28,"column":4},"end":{"line":35,"column":5}},{"start":{},"end":{}}],"line":28},"1":{"loc":{"start":{"line":40,"column":21},"end":{"line":42,"column":31}},"type":"cond-expr","locations":[{"start":{"line":41,"column":10},"end":{"line":41,"column":40}},{"start":{"line":42,"column":10},"end":{"line":42,"column":31}}],"line":40},"2":{"loc":{"start":{"line":54,"column":4},"end":{"line":56,"column":5}},"type":"if","locations":[{"start":{"line":54,"column":4},"end":{"line":56,"column":5}},{"start":{},"end":{}}],"line":54}},"s":{"0":6,"1":0,"2":0,"3":0,"4":0,"5":0,"6":0,"7":0,"8":0,"9":0,"10":0,"11":0,"12":0,"13":0,"14":0,"15":0},"f":{"0":0},"b":{"0":[0,0],"1":[0,0],"2":[0,0]},"_coverageSchema":"1a1c01bbd47fc00a2c39e90264f33305004495a9","hash":"dd8e625557486f85a62f433c3bb4ff92c0ff75b2"}
,"C:\\Users\\aliaa gheis\\Desktop\\backend\\src\\errors\\appError.js": {"path":"C:\\Users\\aliaa gheis\\Desktop\\backend\\src\\errors\\appError.js","statementMap":{"0":{"start":{"line":3,"column":8},"end":{"line":3,"column":23}},"1":{"start":{"line":5,"column":8},"end":{"line":5,"column":37}},"2":{"start":{"line":8,"column":8},"end":{"line":8,"column":73}},"3":{"start":{"line":10,"column":8},"end":{"line":10,"column":39}},"4":{"start":{"line":13,"column":8},"end":{"line":13,"column":56}}},"fnMap":{"0":{"name":"(anonymous_0)","decl":{"start":{"line":2,"column":4},"end":{"line":2,"column":5}},"loc":{"start":{"line":2,"column":37},"end":{"line":14,"column":5}},"line":2}},"branchMap":{"0":{"loc":{"start":{"line":8,"column":22},"end":{"line":8,"column":72}},"type":"cond-expr","locations":[{"start":{"line":8,"column":56},"end":{"line":8,"column":62}},{"start":{"line":8,"column":65},"end":{"line":8,"column":72}}],"line":8}},"s":{"0":18,"1":18,"2":18,"3":18,"4":18},"f":{"0":18},"b":{"0":[18,0]},"_coverageSchema":"1a1c01bbd47fc00a2c39e90264f33305004495a9","hash":"07a2fdd0d70e6f49488cc5563e503c106af61265"}
,"C:\\Users\\aliaa gheis\\Desktop\\backend\\src\\errors\\globalErrorHandlerMiddleware.js": {"path":"C:\\Users\\aliaa gheis\\Desktop\\backend\\src\\errors\\globalErrorHandlerMiddleware.js","statementMap":{"0":{"start":{"line":11,"column":37},"end":{"line":21,"column":1}},"1":{"start":{"line":13,"column":4},"end":{"line":13,"column":43}},"2":{"start":{"line":14,"column":4},"end":{"line":14,"column":39}},"3":{"start":{"line":16,"column":4},"end":{"line":20,"column":5}},"4":{"start":{"line":17,"column":8},"end":{"line":17,"column":38}},"5":{"start":{"line":18,"column":11},"end":{"line":20,"column":5}},"6":{"start":{"line":19,"column":8},"end":{"line":19,"column":39}}},"fnMap":{"0":{"name":"(anonymous_0)","decl":{"start":{"line":11,"column":37},"end":{"line":11,"column":38}},"loc":{"start":{"line":11,"column":62},"end":{"line":21,"column":1}},"line":11}},"branchMap":{"0":{"loc":{"start":{"line":13,"column":21},"end":{"line":13,"column":42}},"type":"binary-expr","locations":[{"start":{"line":13,"column":21},"end":{"line":13,"column":35}},{"start":{"line":13,"column":39},"end":{"line":13,"column":42}}],"line":13},"1":{"loc":{"start":{"line":14,"column":17},"end":{"line":14,"column":38}},"type":"binary-expr","locations":[{"start":{"line":14,"column":17},"end":{"line":14,"column":27}},{"start":{"line":14,"column":31},"end":{"line":14,"column":38}}],"line":14},"2":{"loc":{"start":{"line":16,"column":4},"end":{"line":20,"column":5}},"type":"if","locations":[{"start":{"line":16,"column":4},"end":{"line":20,"column":5}},{"start":{"line":18,"column":11},"end":{"line":20,"column":5}}],"line":16},"3":{"loc":{"start":{"line":16,"column":8},"end":{"line":16,"column":79}},"type":"binary-expr","locations":[{"start":{"line":16,"column":8},"end":{"line":16,"column":46}},{"start":{"line":16,"column":48},"end":{"line":16,"column":79}}],"line":16},"4":{"loc":{"start":{"line":18,"column":11},"end":{"line":20,"column":5}},"type":"if","locations":[{"start":{"line":18,"column":11},"end":{"line":20,"column":5}},{"start":{},"end":{}}],"line":18}},"s":{"0":6,"1":18,"2":18,"3":18,"4":18,"5":0,"6":0},"f":{"0":18},"b":{"0":[18,0],"1":[18,0],"2":[18,0],"3":[18,18],"4":[0,0]},"_coverageSchema":"1a1c01bbd47fc00a2c39e90264f33305004495a9","hash":"da8c6f6a387557a868d9010ae60d3580a3ee4fa1"}
,"C:\\Users\\aliaa gheis\\Desktop\\backend\\src\\errors\\sendErrorDev.js": {"path":"C:\\Users\\aliaa gheis\\Desktop\\backend\\src\\errors\\sendErrorDev.js","statementMap":{"0":{"start":{"line":8,"column":21},"end":{"line":15,"column":1}},"1":{"start":{"line":9,"column":4},"end":{"line":14,"column":7}}},"fnMap":{"0":{"name":"(anonymous_0)","decl":{"start":{"line":8,"column":21},"end":{"line":8,"column":22}},"loc":{"start":{"line":8,"column":35},"end":{"line":15,"column":1}},"line":8}},"branchMap":{},"s":{"0":6,"1":18},"f":{"0":18},"b":{},"_coverageSchema":"1a1c01bbd47fc00a2c39e90264f33305004495a9","hash":"33d2445f76c9e7fdb51d3117f76b3eff284e1538"}
,"C:\\Users\\aliaa gheis\\Desktop\\backend\\src\\errors\\sendErrorProd.js": {"path":"C:\\Users\\aliaa gheis\\Desktop\\backend\\src\\errors\\sendErrorProd.js","statementMap":{"0":{"start":{"line":9,"column":22},"end":{"line":23,"column":1}},"1":{"start":{"line":10,"column":4},"end":{"line":22,"column":5}},"2":{"start":{"line":11,"column":8},"end":{"line":11,"column":50}},"3":{"start":{"line":16,"column":8},"end":{"line":16,"column":39}},"4":{"start":{"line":18,"column":8},"end":{"line":21,"column":11}}},"fnMap":{"0":{"name":"(anonymous_0)","decl":{"start":{"line":9,"column":22},"end":{"line":9,"column":23}},"loc":{"start":{"line":9,"column":36},"end":{"line":23,"column":1}},"line":9}},"branchMap":{"0":{"loc":{"start":{"line":10,"column":4},"end":{"line":22,"column":5}},"type":"if","locations":[{"start":{"line":10,"column":4},"end":{"line":22,"column":5}},{"start":{"line":14,"column":9},"end":{"line":22,"column":5}}],"line":10}},"s":{"0":6,"1":0,"2":0,"3":0,"4":0},"f":{"0":0},"b":{"0":[0,0]},"_coverageSchema":"1a1c01bbd47fc00a2c39e90264f33305004495a9","hash":"52d7b61f1d96483bdffc009abae9a6dc903d82b4"}
,"C:\\Users\\aliaa gheis\\Desktop\\backend\\src\\errors\\sendOperationalErrorProd.js": {"path":"C:\\Users\\aliaa gheis\\Desktop\\backend\\src\\errors\\sendOperationalErrorProd.js","statementMap":{"0":{"start":{"line":8,"column":33},"end":{"line":13,"column":1}},"1":{"start":{"line":9,"column":4},"end":{"line":12,"column":7}}},"fnMap":{"0":{"name":"(anonymous_0)","decl":{"start":{"line":8,"column":33},"end":{"line":8,"column":34}},"loc":{"start":{"line":8,"column":47},"end":{"line":13,"column":1}},"line":8}},"branchMap":{},"s":{"0":6,"1":0},"f":{"0":0},"b":{},"_coverageSchema":"1a1c01bbd47fc00a2c39e90264f33305004495a9","hash":"29d9134f250f39de41fa94f97d792978562942d2"}
,"C:\\Users\\aliaa gheis\\Desktop\\backend\\src\\middlewares\\auth.js": {"path":"C:\\Users\\aliaa gheis\\Desktop\\backend\\src\\middlewares\\auth.js","statementMap":{"0":{"start":{"line":6,"column":13},"end":{"line":43,"column":2}},"1":{"start":{"line":7,"column":16},"end":{"line":7,"column":20}},"2":{"start":{"line":8,"column":4},"end":{"line":14,"column":5}},"3":{"start":{"line":9,"column":8},"end":{"line":9,"column":34}},"4":{"start":{"line":10,"column":11},"end":{"line":14,"column":5}},"5":{"start":{"line":11,"column":8},"end":{"line":11,"column":67}},"6":{"start":{"line":13,"column":8},"end":{"line":13,"column":60}},"7":{"start":{"line":16,"column":4},"end":{"line":18,"column":5}},"8":{"start":{"line":17,"column":8},"end":{"line":17,"column":60}},"9":{"start":{"line":20,"column":19},"end":{"line":20,"column":60}},"10":{"start":{"line":22,"column":17},"end":{"line":26,"column":6}},"11":{"start":{"line":27,"column":4},"end":{"line":27,"column":69}},"12":{"start":{"line":27,"column":15},"end":{"line":27,"column":69}},"13":{"start":{"line":30,"column":22},"end":{"line":34,"column":6}},"14":{"start":{"line":37,"column":4},"end":{"line":39,"column":5}},"15":{"start":{"line":38,"column":8},"end":{"line":38,"column":58}},"16":{"start":{"line":41,"column":4},"end":{"line":41,"column":20}},"17":{"start":{"line":42,"column":4},"end":{"line":42,"column":11}}},"fnMap":{"0":{"name":"(anonymous_0)","decl":{"start":{"line":6,"column":24},"end":{"line":6,"column":25}},"loc":{"start":{"line":6,"column":50},"end":{"line":43,"column":1}},"line":6}},"branchMap":{"0":{"loc":{"start":{"line":8,"column":4},"end":{"line":14,"column":5}},"type":"if","locations":[{"start":{"line":8,"column":4},"end":{"line":14,"column":5}},{"start":{"line":10,"column":11},"end":{"line":14,"column":5}}],"line":8},"1":{"loc":{"start":{"line":10,"column":11},"end":{"line":14,"column":5}},"type":"if","locations":[{"start":{"line":10,"column":11},"end":{"line":14,"column":5}},{"start":{"line":12,"column":11},"end":{"line":14,"column":5}}],"line":10},"2":{"loc":{"start":{"line":16,"column":4},"end":{"line":18,"column":5}},"type":"if","locations":[{"start":{"line":16,"column":4},"end":{"line":18,"column":5}},{"start":{},"end":{}}],"line":16},"3":{"loc":{"start":{"line":27,"column":4},"end":{"line":27,"column":69}},"type":"if","locations":[{"start":{"line":27,"column":4},"end":{"line":27,"column":69}},{"start":{},"end":{}}],"line":27},"4":{"loc":{"start":{"line":37,"column":4},"end":{"line":39,"column":5}},"type":"if","locations":[{"start":{"line":37,"column":4},"end":{"line":39,"column":5}},{"start":{},"end":{}}],"line":37}},"s":{"0":6,"1":2,"2":2,"3":0,"4":2,"5":1,"6":1,"7":1,"8":0,"9":1,"10":1,"11":1,"12":0,"13":1,"14":1,"15":0,"16":1,"17":1},"f":{"0":2},"b":{"0":[0,2],"1":[1,1],"2":[0,1],"3":[0,1],"4":[0,1]},"_coverageSchema":"1a1c01bbd47fc00a2c39e90264f33305004495a9","hash":"d13e4a2c4da8757a7f2dd396be4664bc12ac7398"}
,"C:\\Users\\aliaa gheis\\Desktop\\backend\\src\\middlewares\\avatar.js": {"path":"C:\\Users\\aliaa gheis\\Desktop\\backend\\src\\middlewares\\avatar.js","statementMap":{"0":{"start":{"line":3,"column":16},"end":{"line":11,"column":2}},"1":{"start":{"line":7,"column":8},"end":{"line":7,"column":30}},"2":{"start":{"line":8,"column":31},"end":{"line":8,"column":49}},"3":{"start":{"line":9,"column":8},"end":{"line":9,"column":33}},"4":{"start":{"line":12,"column":15},"end":{"line":21,"column":2}},"5":{"start":{"line":16,"column":8},"end":{"line":18,"column":9}},"6":{"start":{"line":17,"column":12},"end":{"line":17,"column":59}},"7":{"start":{"line":19,"column":8},"end":{"line":19,"column":28}}},"fnMap":{"0":{"name":"(anonymous_0)","decl":{"start":{"line":5,"column":14},"end":{"line":5,"column":15}},"loc":{"start":{"line":5,"column":33},"end":{"line":10,"column":5}},"line":5},"1":{"name":"(anonymous_1)","decl":{"start":{"line":15,"column":4},"end":{"line":15,"column":5}},"loc":{"start":{"line":15,"column":30},"end":{"line":20,"column":5}},"line":15}},"branchMap":{"0":{"loc":{"start":{"line":16,"column":8},"end":{"line":18,"column":9}},"type":"if","locations":[{"start":{"line":16,"column":8},"end":{"line":18,"column":9}},{"start":{},"end":{}}],"line":16}},"s":{"0":6,"1":0,"2":0,"3":0,"4":6,"5":0,"6":0,"7":0},"f":{"0":0,"1":0},"b":{"0":[0,0]},"_coverageSchema":"1a1c01bbd47fc00a2c39e90264f33305004495a9","hash":"aeba0edb8351caab531fc45983111bb0156b2a9e"}
,"C:\\Users\\aliaa gheis\\Desktop\\backend\\src\\middlewares\\validateMiddleware.js": {"path":"C:\\Users\\aliaa gheis\\Desktop\\backend\\src\\middlewares\\validateMiddleware.js","statementMap":{"0":{"start":{"line":3,"column":27},"end":{"line":14,"column":1}},"1":{"start":{"line":3,"column":39},"end":{"line":14,"column":1}},"2":{"start":{"line":4,"column":4},"end":{"line":13,"column":5}},"3":{"start":{"line":5,"column":8},"end":{"line":9,"column":11}},"4":{"start":{"line":10,"column":8},"end":{"line":10,"column":22}},"5":{"start":{"line":12,"column":8},"end":{"line":12,"column":47}}},"fnMap":{"0":{"name":"(anonymous_0)","decl":{"start":{"line":3,"column":27},"end":{"line":3,"column":28}},"loc":{"start":{"line":3,"column":39},"end":{"line":14,"column":1}},"line":3},"1":{"name":"(anonymous_1)","decl":{"start":{"line":3,"column":39},"end":{"line":3,"column":40}},"loc":{"start":{"line":3,"column":65},"end":{"line":14,"column":1}},"line":3}},"branchMap":{},"s":{"0":6,"1":66,"2":36,"3":36,"4":30,"5":6},"f":{"0":66,"1":36},"b":{},"_coverageSchema":"1a1c01bbd47fc00a2c39e90264f33305004495a9","hash":"2a5636b6dfec04b87d27fe1bcfa6d188b44b7a0c"}
,"C:\\Users\\aliaa gheis\\Desktop\\backend\\src\\routes\\authRoutes.js": {"path":"C:\\Users\\aliaa gheis\\Desktop\\backend\\src\\routes\\authRoutes.js","statementMap":{"0":{"start":{"line":1057,"column":19},"end":{"line":1057,"column":27}},"1":{"start":{"line":1059,"column":0},"end":{"line":1065,"column":6}},"2":{"start":{"line":1067,"column":0},"end":{"line":1069,"column":65}},"3":{"start":{"line":1071,"column":0},"end":{"line":1071,"column":62}},"4":{"start":{"line":1073,"column":0},"end":{"line":1077,"column":2}},"5":{"start":{"line":1079,"column":0},"end":{"line":1079,"column":52}},"6":{"start":{"line":1081,"column":0},"end":{"line":1085,"column":2}},"7":{"start":{"line":1087,"column":0},"end":{"line":1091,"column":2}},"8":{"start":{"line":1093,"column":0},"end":{"line":1097,"column":2}},"9":{"start":{"line":1099,"column":0},"end":{"line":1103,"column":2}},"10":{"start":{"line":1105,"column":0},"end":{"line":1105,"column":45}}},"fnMap":{},"branchMap":{},"s":{"0":6,"1":6,"2":6,"3":6,"4":6,"5":6,"6":6,"7":6,"8":6,"9":6,"10":6},"f":{},"b":{},"_coverageSchema":"1a1c01bbd47fc00a2c39e90264f33305004495a9","hash":"556ae9998da0b6f490eac0282d9121f41dc7dcb2"}
,"C:\\Users\\aliaa gheis\\Desktop\\backend\\src\\routes\\homeRoutes.js": {"path":"C:\\Users\\aliaa gheis\\Desktop\\backend\\src\\routes\\homeRoutes.js","statementMap":{"0":{"start":{"line":230,"column":19},"end":{"line":230,"column":27}},"1":{"start":{"line":232,"column":0},"end":{"line":232,"column":58}}},"fnMap":{},"branchMap":{},"s":{"0":6,"1":6},"f":{},"b":{},"_coverageSchema":"1a1c01bbd47fc00a2c39e90264f33305004495a9","hash":"38da7604ec77174ef9c350ce42d0156f82de9478"}
,"C:\\Users\\aliaa gheis\\Desktop\\backend\\src\\routes\\trendRoutes.js": {"path":"C:\\Users\\aliaa gheis\\Desktop\\backend\\src\\routes\\trendRoutes.js","statementMap":{"0":{"start":{"line":262,"column":20},"end":{"line":262,"column":28}},"1":{"start":{"line":264,"column":0},"end":{"line":264,"column":29}}},"fnMap":{},"branchMap":{},"s":{"0":6,"1":6},"f":{},"b":{},"_coverageSchema":"1a1c01bbd47fc00a2c39e90264f33305004495a9","hash":"3fc89dc908e855c68a30cc8a422acdbc07c06ce6"}
,"C:\\Users\\aliaa gheis\\Desktop\\backend\\src\\routes\\tweetRouts.js": {"path":"C:\\Users\\aliaa gheis\\Desktop\\backend\\src\\routes\\tweetRouts.js","statementMap":{"0":{"start":{"line":298,"column":20},"end":{"line":298,"column":28}},"1":{"start":{"line":300,"column":0},"end":{"line":300,"column":29}}},"fnMap":{},"branchMap":{},"s":{"0":6,"1":6},"f":{},"b":{},"_coverageSchema":"1a1c01bbd47fc00a2c39e90264f33305004495a9","hash":"9e7b9b5e75228a76802211de8e04d394fa908d14"}
,"C:\\Users\\aliaa gheis\\Desktop\\backend\\src\\routes\\userRoutes.js": {"path":"C:\\Users\\aliaa gheis\\Desktop\\backend\\src\\routes\\userRoutes.js","statementMap":{"0":{"start":{"line":2602,"column":19},"end":{"line":2602,"column":27}},"1":{"start":{"line":2606,"column":0},"end":{"line":2615,"column":3}},"2":{"start":{"line":2607,"column":20},"end":{"line":2613,"column":6}},"3":{"start":{"line":2614,"column":4},"end":{"line":2614,"column":29}},"4":{"start":{"line":2617,"column":0},"end":{"line":2619,"column":66}},"5":{"start":{"line":2620,"column":0},"end":{"line":2622,"column":72}},"6":{"start":{"line":2623,"column":0},"end":{"line":2625,"column":66}},"7":{"start":{"line":2627,"column":0},"end":{"line":2627,"column":57}},"8":{"start":{"line":2628,"column":0},"end":{"line":2628,"column":61}},"9":{"start":{"line":2630,"column":0},"end":{"line":2630,"column":76}}},"fnMap":{"0":{"name":"(anonymous_0)","decl":{"start":{"line":2606,"column":26},"end":{"line":2606,"column":27}},"loc":{"start":{"line":2606,"column":52},"end":{"line":2615,"column":1}},"line":2606}},"branchMap":{},"s":{"0":6,"1":6,"2":0,"3":0,"4":6,"5":6,"6":6,"7":6,"8":6,"9":6},"f":{"0":0},"b":{},"_coverageSchema":"1a1c01bbd47fc00a2c39e90264f33305004495a9","hash":"50b34c50a792747208b7a6a82a17f6c203e282a8"}
,"C:\\Users\\aliaa gheis\\Desktop\\backend\\src\\services\\authService.js": {"path":"C:\\Users\\aliaa gheis\\Desktop\\backend\\src\\services\\authService.js","statementMap":{"0":{"start":{"line":3,"column":26},"end":{"line":16,"column":1}},"1":{"start":{"line":4,"column":4},"end":{"line":15,"column":7}},"2":{"start":{"line":18,"column":28},"end":{"line":26,"column":1}},"3":{"start":{"line":19,"column":19},"end":{"line":19,"column":60}},"4":{"start":{"line":20,"column":4},"end":{"line":25,"column":7}}},"fnMap":{"0":{"name":"(anonymous_0)","decl":{"start":{"line":3,"column":26},"end":{"line":3,"column":27}},"loc":{"start":{"line":3,"column":47},"end":{"line":16,"column":1}},"line":3},"1":{"name":"(anonymous_1)","decl":{"start":{"line":18,"column":28},"end":{"line":18,"column":29}},"loc":{"start":{"line":18,"column":45},"end":{"line":26,"column":1}},"line":18}},"branchMap":{},"s":{"0":6,"1":5,"2":6,"3":0,"4":0},"f":{"0":5,"1":0},"b":{},"_coverageSchema":"1a1c01bbd47fc00a2c39e90264f33305004495a9","hash":"e7094f9e0b0e6c8be489bacbd0f4fbe32d4ad25e"}
,"C:\\Users\\aliaa gheis\\Desktop\\backend\\src\\services\\emailVerificationTokenService.js": {"path":"C:\\Users\\aliaa gheis\\Desktop\\backend\\src\\services\\emailVerificationTokenService.js","statementMap":{"0":{"start":{"line":3,"column":34},"end":{"line":9,"column":1}},"1":{"start":{"line":4,"column":4},"end":{"line":8,"column":7}},"2":{"start":{"line":11,"column":37},"end":{"line":18,"column":1}},"3":{"start":{"line":12,"column":4},"end":{"line":17,"column":7}},"4":{"start":{"line":20,"column":37},"end":{"line":29,"column":1}},"5":{"start":{"line":21,"column":4},"end":{"line":28,"column":7}},"6":{"start":{"line":31,"column":37},"end":{"line":37,"column":1}},"7":{"start":{"line":32,"column":4},"end":{"line":36,"column":7}}},"fnMap":{"0":{"name":"(anonymous_0)","decl":{"start":{"line":3,"column":34},"end":{"line":3,"column":35}},"loc":{"start":{"line":3,"column":51},"end":{"line":9,"column":1}},"line":3},"1":{"name":"(anonymous_1)","decl":{"start":{"line":11,"column":37},"end":{"line":11,"column":38}},"loc":{"start":{"line":11,"column":61},"end":{"line":18,"column":1}},"line":11},"2":{"name":"(anonymous_2)","decl":{"start":{"line":20,"column":37},"end":{"line":20,"column":38}},"loc":{"start":{"line":20,"column":61},"end":{"line":29,"column":1}},"line":20},"3":{"name":"(anonymous_3)","decl":{"start":{"line":31,"column":37},"end":{"line":31,"column":38}},"loc":{"start":{"line":31,"column":54},"end":{"line":37,"column":1}},"line":31}},"branchMap":{},"s":{"0":6,"1":4,"2":6,"3":2,"4":6,"5":1,"6":6,"7":0},"f":{"0":4,"1":2,"2":1,"3":0},"b":{},"_coverageSchema":"1a1c01bbd47fc00a2c39e90264f33305004495a9","hash":"a29ea724050223273cdcd8d72d75cb6d6af989df"}
,"C:\\Users\\aliaa gheis\\Desktop\\backend\\src\\services\\interactionService.js": {"path":"C:\\Users\\aliaa gheis\\Desktop\\backend\\src\\services\\interactionService.js","statementMap":{"0":{"start":{"line":63,"column":28},"end":{"line":106,"column":1}},"1":{"start":{"line":64,"column":31},"end":{"line":81,"column":6}},"2":{"start":{"line":83,"column":21},"end":{"line":98,"column":6}},"3":{"start":{"line":100,"column":4},"end":{"line":105,"column":6}},"4":{"start":{"line":120,"column":26},"end":{"line":227,"column":1}},"5":{"start":{"line":121,"column":25},"end":{"line":225,"column":5}},"6":{"start":{"line":226,"column":4},"end":{"line":226,"column":24}},"7":{"start":{"line":237,"column":24},"end":{"line":288,"column":1}},"8":{"start":{"line":238,"column":16},"end":{"line":238,"column":18}},"9":{"start":{"line":239,"column":17},"end":{"line":285,"column":6}},"10":{"start":{"line":241,"column":8},"end":{"line":241,"column":44}},"11":{"start":{"line":244,"column":8},"end":{"line":244,"column":65}},"12":{"start":{"line":244,"column":34},"end":{"line":244,"column":65}},"13":{"start":{"line":247,"column":32},"end":{"line":264,"column":9}},"14":{"start":{"line":268,"column":12},"end":{"line":282,"column":19}},"15":{"start":{"line":284,"column":8},"end":{"line":284,"column":54}},"16":{"start":{"line":287,"column":4},"end":{"line":287,"column":25}},"17":{"start":{"line":301,"column":24},"end":{"line":305,"column":1}},"18":{"start":{"line":302,"column":25},"end":{"line":302,"column":71}},"19":{"start":{"line":304,"column":4},"end":{"line":304,"column":41}},"20":{"start":{"line":317,"column":25},"end":{"line":324,"column":1}},"21":{"start":{"line":318,"column":4},"end":{"line":323,"column":7}},"22":{"start":{"line":320,"column":12},"end":{"line":320,"column":57}},"23":{"start":{"line":335,"column":41},"end":{"line":359,"column":1}},"24":{"start":{"line":336,"column":4},"end":{"line":358,"column":7}}},"fnMap":{"0":{"name":"(anonymous_0)","decl":{"start":{"line":63,"column":28},"end":{"line":63,"column":29}},"loc":{"start":{"line":63,"column":53},"end":{"line":106,"column":1}},"line":63},"1":{"name":"(anonymous_1)","decl":{"start":{"line":120,"column":26},"end":{"line":120,"column":27}},"loc":{"start":{"line":120,"column":59},"end":{"line":227,"column":1}},"line":120},"2":{"name":"(anonymous_2)","decl":{"start":{"line":237,"column":24},"end":{"line":237,"column":25}},"loc":{"start":{"line":237,"column":42},"end":{"line":288,"column":1}},"line":237},"3":{"name":"(anonymous_3)","decl":{"start":{"line":239,"column":34},"end":{"line":239,"column":35}},"loc":{"start":{"line":239,"column":51},"end":{"line":285,"column":5}},"line":239},"4":{"name":"(anonymous_4)","decl":{"start":{"line":301,"column":24},"end":{"line":301,"column":25}},"loc":{"start":{"line":301,"column":57},"end":{"line":305,"column":1}},"line":301},"5":{"name":"(anonymous_5)","decl":{"start":{"line":317,"column":25},"end":{"line":317,"column":26}},"loc":{"start":{"line":317,"column":59},"end":{"line":324,"column":1}},"line":317},"6":{"name":"(anonymous_6)","decl":{"start":{"line":319,"column":33},"end":{"line":319,"column":34}},"loc":{"start":{"line":319,"column":41},"end":{"line":321,"column":9}},"line":319},"7":{"name":"(anonymous_7)","decl":{"start":{"line":335,"column":41},"end":{"line":335,"column":42}},"loc":{"start":{"line":335,"column":59},"end":{"line":359,"column":1}},"line":335}},"branchMap":{"0":{"loc":{"start":{"line":244,"column":8},"end":{"line":244,"column":65}},"type":"if","locations":[{"start":{"line":244,"column":8},"end":{"line":244,"column":65}},{"start":{},"end":{}}],"line":244},"1":{"loc":{"start":{"line":252,"column":19},"end":{"line":252,"column":56}},"type":"binary-expr","locations":[{"start":{"line":252,"column":19},"end":{"line":252,"column":48}},{"start":{"line":252,"column":52},"end":{"line":252,"column":56}}],"line":252},"2":{"loc":{"start":{"line":268,"column":12},"end":{"line":282,"column":19}},"type":"cond-expr","locations":[{"start":{"line":269,"column":18},"end":{"line":269,"column":22}},{"start":{"line":270,"column":18},"end":{"line":282,"column":19}}],"line":268},"3":{"loc":{"start":{"line":275,"column":29},"end":{"line":275,"column":72}},"type":"binary-expr","locations":[{"start":{"line":275,"column":29},"end":{"line":275,"column":64}},{"start":{"line":275,"column":68},"end":{"line":275,"column":72}}],"line":275}},"s":{"0":6,"1":0,"2":0,"3":0,"4":6,"5":1,"6":1,"7":6,"8":1,"9":1,"10":2,"11":2,"12":1,"13":2,"14":2,"15":2,"16":1,"17":6,"18":1,"19":1,"20":6,"21":1,"22":3,"23":6,"24":1},"f":{"0":0,"1":1,"2":1,"3":2,"4":1,"5":1,"6":3,"7":1},"b":{"0":[1,1],"1":[2,0],"2":[1,1],"3":[1,0]},"_coverageSchema":"1a1c01bbd47fc00a2c39e90264f33305004495a9","hash":"9aeb8d5a0da0026e169296d9c50c3a06e7a7ea14"}
,"C:\\Users\\aliaa gheis\\Desktop\\backend\\src\\services\\userService.js": {"path":"C:\\Users\\aliaa gheis\\Desktop\\backend\\src\\services\\userService.js","statementMap":{"0":{"start":{"line":11,"column":37},"end":{"line":24,"column":1}},"1":{"start":{"line":12,"column":4},"end":{"line":23,"column":7}},"2":{"start":{"line":33,"column":23},"end":{"line":39,"column":1}},"3":{"start":{"line":34,"column":4},"end":{"line":38,"column":7}},"4":{"start":{"line":48,"column":26},"end":{"line":54,"column":1}},"5":{"start":{"line":49,"column":4},"end":{"line":53,"column":7}},"6":{"start":{"line":64,"column":20},"end":{"line":90,"column":1}},"7":{"start":{"line":65,"column":4},"end":{"line":89,"column":7}},"8":{"start":{"line":99,"column":29},"end":{"line":105,"column":1}},"9":{"start":{"line":100,"column":4},"end":{"line":104,"column":7}},"10":{"start":{"line":120,"column":22},"end":{"line":148,"column":1}},"11":{"start":{"line":128,"column":4},"end":{"line":147,"column":7}},"12":{"start":{"line":150,"column":22},"end":{"line":168,"column":1}},"13":{"start":{"line":151,"column":17},"end":{"line":166,"column":6}},"14":{"start":{"line":167,"column":4},"end":{"line":167,"column":16}},"15":{"start":{"line":170,"column":31},"end":{"line":180,"column":1}},"16":{"start":{"line":171,"column":28},"end":{"line":177,"column":5}},"17":{"start":{"line":179,"column":4},"end":{"line":179,"column":54}},"18":{"start":{"line":182,"column":31},"end":{"line":193,"column":1}},"19":{"start":{"line":183,"column":4},"end":{"line":192,"column":7}},"20":{"start":{"line":203,"column":24},"end":{"line":210,"column":1}},"21":{"start":{"line":204,"column":17},"end":{"line":208,"column":6}},"22":{"start":{"line":209,"column":4},"end":{"line":209,"column":25}},"23":{"start":{"line":221,"column":18},"end":{"line":233,"column":1}},"24":{"start":{"line":222,"column":19},"end":{"line":229,"column":8}},"25":{"start":{"line":231,"column":6},"end":{"line":231,"column":20}},"26":{"start":{"line":243,"column":13},"end":{"line":251,"column":1}},"27":{"start":{"line":244,"column":6},"end":{"line":249,"column":9}},"28":{"start":{"line":261,"column":15},"end":{"line":271,"column":1}},"29":{"start":{"line":262,"column":4},"end":{"line":269,"column":9}},"30":{"start":{"line":281,"column":39},"end":{"line":296,"column":1}},"31":{"start":{"line":282,"column":17},"end":{"line":294,"column":6}},"32":{"start":{"line":295,"column":4},"end":{"line":295,"column":23}}},"fnMap":{"0":{"name":"(anonymous_0)","decl":{"start":{"line":11,"column":37},"end":{"line":11,"column":38}},"loc":{"start":{"line":11,"column":64},"end":{"line":24,"column":1}},"line":11},"1":{"name":"(anonymous_1)","decl":{"start":{"line":33,"column":23},"end":{"line":33,"column":24}},"loc":{"start":{"line":33,"column":40},"end":{"line":39,"column":1}},"line":33},"2":{"name":"(anonymous_2)","decl":{"start":{"line":48,"column":26},"end":{"line":48,"column":27}},"loc":{"start":{"line":48,"column":46},"end":{"line":54,"column":1}},"line":48},"3":{"name":"(anonymous_3)","decl":{"start":{"line":64,"column":20},"end":{"line":64,"column":21}},"loc":{"start":{"line":64,"column":34},"end":{"line":90,"column":1}},"line":64},"4":{"name":"(anonymous_4)","decl":{"start":{"line":99,"column":29},"end":{"line":99,"column":30}},"loc":{"start":{"line":99,"column":46},"end":{"line":105,"column":1}},"line":99},"5":{"name":"(anonymous_5)","decl":{"start":{"line":120,"column":22},"end":{"line":120,"column":23}},"loc":{"start":{"line":127,"column":5},"end":{"line":148,"column":1}},"line":127},"6":{"name":"(anonymous_6)","decl":{"start":{"line":150,"column":22},"end":{"line":150,"column":23}},"loc":{"start":{"line":150,"column":60},"end":{"line":168,"column":1}},"line":150},"7":{"name":"(anonymous_7)","decl":{"start":{"line":170,"column":31},"end":{"line":170,"column":32}},"loc":{"start":{"line":170,"column":47},"end":{"line":180,"column":1}},"line":170},"8":{"name":"(anonymous_8)","decl":{"start":{"line":182,"column":31},"end":{"line":182,"column":32}},"loc":{"start":{"line":182,"column":55},"end":{"line":193,"column":1}},"line":182},"9":{"name":"(anonymous_9)","decl":{"start":{"line":203,"column":24},"end":{"line":203,"column":25}},"loc":{"start":{"line":203,"column":38},"end":{"line":210,"column":1}},"line":203},"10":{"name":"(anonymous_10)","decl":{"start":{"line":221,"column":18},"end":{"line":221,"column":19}},"loc":{"start":{"line":221,"column":49},"end":{"line":233,"column":1}},"line":221},"11":{"name":"(anonymous_11)","decl":{"start":{"line":243,"column":13},"end":{"line":243,"column":14}},"loc":{"start":{"line":243,"column":44},"end":{"line":251,"column":1}},"line":243},"12":{"name":"(anonymous_12)","decl":{"start":{"line":261,"column":15},"end":{"line":261,"column":16}},"loc":{"start":{"line":261,"column":46},"end":{"line":271,"column":1}},"line":261},"13":{"name":"(anonymous_13)","decl":{"start":{"line":281,"column":39},"end":{"line":281,"column":40}},"loc":{"start":{"line":281,"column":57},"end":{"line":296,"column":1}},"line":281}},"branchMap":{"0":{"loc":{"start":{"line":150,"column":35},"end":{"line":150,"column":55}},"type":"default-arg","locations":[{"start":{"line":150,"column":53},"end":{"line":150,"column":55}}],"line":150}},"s":{"0":6,"1":0,"2":6,"3":2,"4":6,"5":2,"6":6,"7":0,"8":6,"9":5,"10":6,"11":0,"12":6,"13":21,"14":21,"15":6,"16":7,"17":7,"18":6,"19":4,"20":6,"21":3,"22":3,"23":6,"24":0,"25":0,"26":6,"27":0,"28":6,"29":0,"30":6,"31":0,"32":0},"f":{"0":0,"1":2,"2":2,"3":0,"4":5,"5":0,"6":21,"7":7,"8":4,"9":3,"10":0,"11":0,"12":0,"13":0},"b":{"0":[0]},"_coverageSchema":"1a1c01bbd47fc00a2c39e90264f33305004495a9","hash":"2b46ed313b7ac64b43e4b9b7cd8cdde372ee94dd"}
,"C:\\Users\\aliaa gheis\\Desktop\\backend\\src\\test\\fixtures\\db.js": {"path":"C:\\Users\\aliaa gheis\\Desktop\\backend\\src\\test\\fixtures\\db.js","statementMap":{"0":{"start":{"line":5,"column":21},"end":{"line":26,"column":1}},"1":{"start":{"line":6,"column":21},"end":{"line":6,"column":56}},"2":{"start":{"line":7,"column":4},"end":{"line":25,"column":7}},"3":{"start":{"line":28,"column":21},"end":{"line":49,"column":1}},"4":{"start":{"line":29,"column":21},"end":{"line":29,"column":56}},"5":{"start":{"line":30,"column":4},"end":{"line":48,"column":7}},"6":{"start":{"line":51,"column":21},"end":{"line":72,"column":1}},"7":{"start":{"line":52,"column":21},"end":{"line":52,"column":56}},"8":{"start":{"line":53,"column":4},"end":{"line":71,"column":7}},"9":{"start":{"line":74,"column":21},"end":{"line":95,"column":1}},"10":{"start":{"line":75,"column":4},"end":{"line":94,"column":7}},"11":{"start":{"line":97,"column":30},"end":{"line":123,"column":1}},"12":{"start":{"line":98,"column":4},"end":{"line":122,"column":7}},"13":{"start":{"line":125,"column":24},"end":{"line":132,"column":1}},"14":{"start":{"line":126,"column":4},"end":{"line":131,"column":7}},"15":{"start":{"line":134,"column":19},"end":{"line":141,"column":1}},"16":{"start":{"line":135,"column":4},"end":{"line":140,"column":7}},"17":{"start":{"line":143,"column":20},"end":{"line":145,"column":1}},"18":{"start":{"line":144,"column":4},"end":{"line":144,"column":53}},"19":{"start":{"line":147,"column":27},"end":{"line":149,"column":1}},"20":{"start":{"line":148,"column":4},"end":{"line":148,"column":61}},"21":{"start":{"line":151,"column":32},"end":{"line":153,"column":1}},"22":{"start":{"line":152,"column":4},"end":{"line":152,"column":60}},"23":{"start":{"line":155,"column":0},"end":{"line":166,"column":2}}},"fnMap":{"0":{"name":"(anonymous_0)","decl":{"start":{"line":5,"column":21},"end":{"line":5,"column":22}},"loc":{"start":{"line":5,"column":33},"end":{"line":26,"column":1}},"line":5},"1":{"name":"(anonymous_1)","decl":{"start":{"line":28,"column":21},"end":{"line":28,"column":22}},"loc":{"start":{"line":28,"column":33},"end":{"line":49,"column":1}},"line":28},"2":{"name":"(anonymous_2)","decl":{"start":{"line":51,"column":21},"end":{"line":51,"column":22}},"loc":{"start":{"line":51,"column":33},"end":{"line":72,"column":1}},"line":51},"3":{"name":"(anonymous_3)","decl":{"start":{"line":74,"column":21},"end":{"line":74,"column":22}},"loc":{"start":{"line":74,"column":41},"end":{"line":95,"column":1}},"line":74},"4":{"name":"(anonymous_4)","decl":{"start":{"line":97,"column":30},"end":{"line":97,"column":31}},"loc":{"start":{"line":97,"column":66},"end":{"line":123,"column":1}},"line":97},"5":{"name":"(anonymous_5)","decl":{"start":{"line":125,"column":24},"end":{"line":125,"column":25}},"loc":{"start":{"line":125,"column":57},"end":{"line":132,"column":1}},"line":125},"6":{"name":"(anonymous_6)","decl":{"start":{"line":134,"column":19},"end":{"line":134,"column":20}},"loc":{"start":{"line":134,"column":54},"end":{"line":141,"column":1}},"line":134},"7":{"name":"(anonymous_7)","decl":{"start":{"line":143,"column":20},"end":{"line":143,"column":21}},"loc":{"start":{"line":143,"column":32},"end":{"line":145,"column":1}},"line":143},"8":{"name":"(anonymous_8)","decl":{"start":{"line":147,"column":27},"end":{"line":147,"column":28}},"loc":{"start":{"line":147,"column":39},"end":{"line":149,"column":1}},"line":147},"9":{"name":"(anonymous_9)","decl":{"start":{"line":151,"column":32},"end":{"line":151,"column":33}},"loc":{"start":{"line":151,"column":44},"end":{"line":153,"column":1}},"line":151}},"branchMap":{},"s":{"0":6,"1":11,"2":11,"3":6,"4":6,"5":6,"6":6,"7":2,"8":2,"9":6,"10":3,"11":6,"12":3,"13":6,"14":1,"15":6,"16":1,"17":6,"18":23,"19":6,"20":2,"21":6,"22":4,"23":6},"f":{"0":11,"1":6,"2":2,"3":3,"4":3,"5":1,"6":1,"7":23,"8":2,"9":4},"b":{},"_coverageSchema":"1a1c01bbd47fc00a2c39e90264f33305004495a9","hash":"ba65cc13b4726a158180bd6760ad58cfd5cf5275"}
,"C:\\Users\\aliaa gheis\\Desktop\\backend\\src\\utils\\addAuthCookie.js": {"path":"C:\\Users\\aliaa gheis\\Desktop\\backend\\src\\utils\\addAuthCookie.js","statementMap":{"0":{"start":{"line":13,"column":22},"end":{"line":28,"column":1}},"1":{"start":{"line":18,"column":29},"end":{"line":20,"column":5}},"2":{"start":{"line":23,"column":4},"end":{"line":26,"column":7}},"3":{"start":{"line":27,"column":4},"end":{"line":27,"column":15}}},"fnMap":{"0":{"name":"(anonymous_0)","decl":{"start":{"line":13,"column":22},"end":{"line":13,"column":23}},"loc":{"start":{"line":13,"column":44},"end":{"line":28,"column":1}},"line":13}},"branchMap":{},"s":{"0":6,"1":6,"2":6,"3":6},"f":{"0":6},"b":{},"_coverageSchema":"1a1c01bbd47fc00a2c39e90264f33305004495a9","hash":"2d3acf3b749a0c76d45025b772d13b7280089600"}
,"C:\\Users\\aliaa gheis\\Desktop\\backend\\src\\utils\\catchAsync.js": {"path":"C:\\Users\\aliaa gheis\\Desktop\\backend\\src\\utils\\catchAsync.js","statementMap":{"0":{"start":{"line":16,"column":19},"end":{"line":27,"column":1}},"1":{"start":{"line":24,"column":4},"end":{"line":26,"column":6}},"2":{"start":{"line":25,"column":8},"end":{"line":25,"column":50}}},"fnMap":{"0":{"name":"(anonymous_0)","decl":{"start":{"line":16,"column":19},"end":{"line":16,"column":20}},"loc":{"start":{"line":16,"column":38},"end":{"line":27,"column":1}},"line":16},"1":{"name":"(anonymous_1)","decl":{"start":{"line":24,"column":11},"end":{"line":24,"column":12}},"loc":{"start":{"line":24,"column":31},"end":{"line":26,"column":5}},"line":24}},"branchMap":{},"s":{"0":6,"1":108,"2":33},"f":{"0":108,"1":33},"b":{},"_coverageSchema":"1a1c01bbd47fc00a2c39e90264f33305004495a9","hash":"471d6400ddccc8a115135fc0d8e86ee1667f8c9b"}
,"C:\\Users\\aliaa gheis\\Desktop\\backend\\src\\utils\\checkVerificationTokens.js": {"path":"C:\\Users\\aliaa gheis\\Desktop\\backend\\src\\utils\\checkVerificationTokens.js","statementMap":{"0":{"start":{"line":21,"column":24},"end":{"line":21,"column":79}},"1":{"start":{"line":23,"column":4},"end":{"line":23,"column":42}}},"fnMap":{"0":{"name":"checkVerificationTokens","decl":{"start":{"line":19,"column":24},"end":{"line":19,"column":47}},"loc":{"start":{"line":19,"column":71},"end":{"line":24,"column":1}},"line":19}},"branchMap":{},"s":{"0":5,"1":5},"f":{"0":5},"b":{},"_coverageSchema":"1a1c01bbd47fc00a2c39e90264f33305004495a9","hash":"4f3b805e67982bd00925073dd7f37d7fec6264e8"}
,"C:\\Users\\aliaa gheis\\Desktop\\backend\\src\\utils\\createRandomByteToken.js": {"path":"C:\\Users\\aliaa gheis\\Desktop\\backend\\src\\utils\\createRandomByteToken.js","statementMap":{"0":{"start":{"line":22,"column":18},"end":{"line":22,"column":64}},"1":{"start":{"line":24,"column":27},"end":{"line":27,"column":22}},"2":{"start":{"line":29,"column":4},"end":{"line":29,"column":37}}},"fnMap":{"0":{"name":"createRandomByteToken","decl":{"start":{"line":21,"column":24},"end":{"line":21,"column":45}},"loc":{"start":{"line":21,"column":63},"end":{"line":30,"column":1}},"line":21}},"branchMap":{"0":{"loc":{"start":{"line":21,"column":46},"end":{"line":21,"column":61}},"type":"default-arg","locations":[{"start":{"line":21,"column":59},"end":{"line":21,"column":61}}],"line":21}},"s":{"0":8,"1":8,"2":8},"f":{"0":8},"b":{"0":[0]},"_coverageSchema":"1a1c01bbd47fc00a2c39e90264f33305004495a9","hash":"2f38e1aaf4cab8051a866b55dd189472626ba1e3"}
,"C:\\Users\\aliaa gheis\\Desktop\\backend\\src\\utils\\generateToken.js": {"path":"C:\\Users\\aliaa gheis\\Desktop\\backend\\src\\utils\\generateToken.js","statementMap":{"0":{"start":{"line":19,"column":22},"end":{"line":25,"column":1}},"1":{"start":{"line":20,"column":18},"end":{"line":22,"column":6}},"2":{"start":{"line":24,"column":4},"end":{"line":24,"column":17}}},"fnMap":{"0":{"name":"(anonymous_0)","decl":{"start":{"line":19,"column":22},"end":{"line":19,"column":23}},"loc":{"start":{"line":19,"column":30},"end":{"line":25,"column":1}},"line":19}},"branchMap":{},"s":{"0":6,"1":3,"2":3},"f":{"0":3},"b":{},"_coverageSchema":"1a1c01bbd47fc00a2c39e90264f33305004495a9","hash":"bfb21e408d8c9910e8f9354e37bdbb97b3752356"}
,"C:\\Users\\aliaa gheis\\Desktop\\backend\\src\\utils\\getFullUrl.js": {"path":"C:\\Users\\aliaa gheis\\Desktop\\backend\\src\\utils\\getFullUrl.js","statementMap":{"0":{"start":{"line":19,"column":19},"end":{"line":23,"column":1}},"1":{"start":{"line":20,"column":24},"end":{"line":20,"column":45}},"2":{"start":{"line":22,"column":4},"end":{"line":22,"column":78}}},"fnMap":{"0":{"name":"(anonymous_0)","decl":{"start":{"line":19,"column":19},"end":{"line":19,"column":20}},"loc":{"start":{"line":19,"column":28},"end":{"line":23,"column":1}},"line":19}},"branchMap":{},"s":{"0":6,"1":1,"2":1},"f":{"0":1},"b":{},"_coverageSchema":"1a1c01bbd47fc00a2c39e90264f33305004495a9","hash":"0c309f64f901091068d5bfeacfa12ef82209c177"}
,"C:\\Users\\aliaa gheis\\Desktop\\backend\\src\\utils\\handleWrongEmailVerification.js": {"path":"C:\\Users\\aliaa gheis\\Desktop\\backend\\src\\utils\\handleWrongEmailVerification.js","statementMap":{"0":{"start":{"line":29,"column":37},"end":{"line":49,"column":1}},"1":{"start":{"line":31,"column":27},"end":{"line":31,"column":65}},"2":{"start":{"line":33,"column":4},"end":{"line":35,"column":5}},"3":{"start":{"line":34,"column":8},"end":{"line":34,"column":71}},"4":{"start":{"line":38,"column":8},"end":{"line":38,"column":49}},"5":{"start":{"line":40,"column":8},"end":{"line":40,"column":72}},"6":{"start":{"line":42,"column":4},"end":{"line":44,"column":5}},"7":{"start":{"line":43,"column":8},"end":{"line":43,"column":70}},"8":{"start":{"line":46,"column":4},"end":{"line":48,"column":5}},"9":{"start":{"line":47,"column":8},"end":{"line":47,"column":70}}},"fnMap":{"0":{"name":"(anonymous_0)","decl":{"start":{"line":29,"column":37},"end":{"line":29,"column":38}},"loc":{"start":{"line":29,"column":61},"end":{"line":49,"column":1}},"line":29}},"branchMap":{"0":{"loc":{"start":{"line":33,"column":4},"end":{"line":35,"column":5}},"type":"if","locations":[{"start":{"line":33,"column":4},"end":{"line":35,"column":5}},{"start":{},"end":{}}],"line":33},"1":{"loc":{"start":{"line":42,"column":4},"end":{"line":44,"column":5}},"type":"if","locations":[{"start":{"line":42,"column":4},"end":{"line":44,"column":5}},{"start":{},"end":{}}],"line":42},"2":{"loc":{"start":{"line":46,"column":4},"end":{"line":48,"column":5}},"type":"if","locations":[{"start":{"line":46,"column":4},"end":{"line":48,"column":5}},{"start":{},"end":{}}],"line":46}},"s":{"0":6,"1":0,"2":0,"3":0,"4":0,"5":0,"6":0,"7":0,"8":0,"9":0},"f":{"0":0},"b":{"0":[0,0],"1":[0,0],"2":[0,0]},"_coverageSchema":"1a1c01bbd47fc00a2c39e90264f33305004495a9","hash":"a3777435659232e09941edd45ac0440a0e376045"}
,"C:\\Users\\aliaa gheis\\Desktop\\backend\\src\\utils\\handleWrongResetToken.js": {"path":"C:\\Users\\aliaa gheis\\Desktop\\backend\\src\\utils\\handleWrongResetToken.js","statementMap":{"0":{"start":{"line":30,"column":30},"end":{"line":59,"column":1}},"1":{"start":{"line":32,"column":8},"end":{"line":32,"column":63}},"2":{"start":{"line":35,"column":17},"end":{"line":40,"column":6}},"3":{"start":{"line":42,"column":4},"end":{"line":44,"column":5}},"4":{"start":{"line":43,"column":8},"end":{"line":43,"column":50}},"5":{"start":{"line":46,"column":4},"end":{"line":48,"column":5}},"6":{"start":{"line":47,"column":8},"end":{"line":47,"column":66}},"7":{"start":{"line":50,"column":4},"end":{"line":52,"column":5}},"8":{"start":{"line":51,"column":8},"end":{"line":51,"column":57}},"9":{"start":{"line":54,"column":4},"end":{"line":56,"column":5}},"10":{"start":{"line":55,"column":8},"end":{"line":55,"column":57}},"11":{"start":{"line":58,"column":4},"end":{"line":58,"column":16}}},"fnMap":{"0":{"name":"(anonymous_0)","decl":{"start":{"line":30,"column":30},"end":{"line":30,"column":31}},"loc":{"start":{"line":30,"column":53},"end":{"line":59,"column":1}},"line":30}},"branchMap":{"0":{"loc":{"start":{"line":42,"column":4},"end":{"line":44,"column":5}},"type":"if","locations":[{"start":{"line":42,"column":4},"end":{"line":44,"column":5}},{"start":{},"end":{}}],"line":42},"1":{"loc":{"start":{"line":46,"column":4},"end":{"line":48,"column":5}},"type":"if","locations":[{"start":{"line":46,"column":4},"end":{"line":48,"column":5}},{"start":{},"end":{}}],"line":46},"2":{"loc":{"start":{"line":50,"column":4},"end":{"line":52,"column":5}},"type":"if","locations":[{"start":{"line":50,"column":4},"end":{"line":52,"column":5}},{"start":{},"end":{}}],"line":50},"3":{"loc":{"start":{"line":54,"column":4},"end":{"line":56,"column":5}},"type":"if","locations":[{"start":{"line":54,"column":4},"end":{"line":56,"column":5}},{"start":{},"end":{}}],"line":54}},"s":{"0":6,"1":7,"2":7,"3":7,"4":1,"5":6,"6":0,"7":6,"8":1,"9":5,"10":1,"11":4},"f":{"0":7},"b":{"0":[1,6],"1":[0,6],"2":[1,5],"3":[1,4]},"_coverageSchema":"1a1c01bbd47fc00a2c39e90264f33305004495a9","hash":"0e7a40603ca9b63ea4639f89c952ab1f1a605abd"}
,"C:\\Users\\aliaa gheis\\Desktop\\backend\\src\\utils\\index.js": {"path":"C:\\Users\\aliaa gheis\\Desktop\\backend\\src\\utils\\index.js","statementMap":{},"fnMap":{},"branchMap":{},"s":{},"f":{},"b":{},"_coverageSchema":"1a1c01bbd47fc00a2c39e90264f33305004495a9","hash":"024a7d5a0ea1881f29a907a6ebcda708036477a5"}
,"C:\\Users\\aliaa gheis\\Desktop\\backend\\src\\utils\\isUUID.js": {"path":"C:\\Users\\aliaa gheis\\Desktop\\backend\\src\\utils\\isUUID.js","statementMap":{"0":{"start":{"line":18,"column":25},"end":{"line":18,"column":75}},"1":{"start":{"line":24,"column":25},"end":{"line":24,"column":35}},"2":{"start":{"line":27,"column":4},"end":{"line":27,"column":72}},"3":{"start":{"line":27,"column":60},"end":{"line":27,"column":72}},"4":{"start":{"line":30,"column":4},"end":{"line":31,"column":20}},"5":{"start":{"line":31,"column":8},"end":{"line":31,"column":20}},"6":{"start":{"line":34,"column":4},"end":{"line":34,"column":17}}},"fnMap":{"0":{"name":"isUUID","decl":{"start":{"line":13,"column":24},"end":{"line":13,"column":30}},"loc":{"start":{"line":13,"column":37},"end":{"line":35,"column":1}},"line":13}},"branchMap":{"0":{"loc":{"start":{"line":27,"column":4},"end":{"line":27,"column":72}},"type":"if","locations":[{"start":{"line":27,"column":4},"end":{"line":27,"column":72}},{"start":{},"end":{}}],"line":27},"1":{"loc":{"start":{"line":27,"column":8},"end":{"line":27,"column":58}},"type":"binary-expr","locations":[{"start":{"line":27,"column":8},"end":{"line":27,"column":31}},{"start":{"line":27,"column":35},"end":{"line":27,"column":58}}],"line":27},"2":{"loc":{"start":{"line":30,"column":4},"end":{"line":31,"column":20}},"type":"if","locations":[{"start":{"line":30,"column":4},"end":{"line":31,"column":20}},{"start":{},"end":{}}],"line":30},"3":{"loc":{"start":{"line":30,"column":8},"end":{"line":30,"column":74}},"type":"binary-expr","locations":[{"start":{"line":30,"column":8},"end":{"line":30,"column":32}},{"start":{"line":30,"column":36},"end":{"line":30,"column":52}},{"start":{"line":30,"column":56},"end":{"line":30,"column":74}}],"line":30}},"s":{"0":25,"1":25,"2":25,"3":19,"4":6,"5":4,"6":2},"f":{"0":25},"b":{"0":[19,6],"1":[25,10],"2":[4,2],"3":[6,6,4]},"_coverageSchema":"1a1c01bbd47fc00a2c39e90264f33305004495a9","hash":"064785f7e05e9772f7af4c6234d1550844079479"}
,"C:\\Users\\aliaa gheis\\Desktop\\backend\\src\\utils\\pagination.js": {"path":"C:\\Users\\aliaa gheis\\Desktop\\backend\\src\\utils\\pagination.js","statementMap":{"0":{"start":{"line":33,"column":26},"end":{"line":40,"column":1}},"1":{"start":{"line":34,"column":41},"end":{"line":34,"column":50}},"2":{"start":{"line":36,"column":4},"end":{"line":36,"column":43}},"3":{"start":{"line":37,"column":4},"end":{"line":37,"column":42}},"4":{"start":{"line":39,"column":4},"end":{"line":39,"column":29}},"5":{"start":{"line":50,"column":22},"end":{"line":52,"column":1}},"6":{"start":{"line":51,"column":4},"end":{"line":51,"column":39}},"7":{"start":{"line":65,"column":32},"end":{"line":96,"column":1}},"8":{"start":{"line":66,"column":20},"end":{"line":66,"column":35}},"9":{"start":{"line":68,"column":24},"end":{"line":68,"column":51}},"10":{"start":{"line":69,"column":24},"end":{"line":69,"column":34}},"11":{"start":{"line":71,"column":22},"end":{"line":75,"column":5}},"12":{"start":{"line":77,"column":22},"end":{"line":81,"column":5}},"13":{"start":{"line":83,"column":21},"end":{"line":85,"column":14}},"14":{"start":{"line":86,"column":21},"end":{"line":88,"column":14}},"15":{"start":{"line":90,"column":4},"end":{"line":95,"column":6}},"16":{"start":{"line":111,"column":19},"end":{"line":136,"column":1}},"17":{"start":{"line":113,"column":28},"end":{"line":113,"column":50}},"18":{"start":{"line":116,"column":23},"end":{"line":116,"column":49}},"19":{"start":{"line":119,"column":4},"end":{"line":119,"column":42}},"20":{"start":{"line":121,"column":19},"end":{"line":121,"column":63}},"21":{"start":{"line":123,"column":18},"end":{"line":123,"column":54}},"22":{"start":{"line":126,"column":4},"end":{"line":135,"column":6}}},"fnMap":{"0":{"name":"(anonymous_0)","decl":{"start":{"line":33,"column":26},"end":{"line":33,"column":27}},"loc":{"start":{"line":33,"column":35},"end":{"line":40,"column":1}},"line":33},"1":{"name":"(anonymous_1)","decl":{"start":{"line":50,"column":22},"end":{"line":50,"column":23}},"loc":{"start":{"line":50,"column":39},"end":{"line":52,"column":1}},"line":50},"2":{"name":"(anonymous_2)","decl":{"start":{"line":65,"column":32},"end":{"line":65,"column":33}},"loc":{"start":{"line":65,"column":75},"end":{"line":96,"column":1}},"line":65},"3":{"name":"(anonymous_3)","decl":{"start":{"line":111,"column":19},"end":{"line":111,"column":20}},"loc":{"start":{"line":111,"column":53},"end":{"line":136,"column":1}},"line":111}},"branchMap":{"0":{"loc":{"start":{"line":34,"column":10},"end":{"line":34,"column":22}},"type":"default-arg","locations":[{"start":{"line":34,"column":19},"end":{"line":34,"column":22}}],"line":34},"1":{"loc":{"start":{"line":34,"column":24},"end":{"line":34,"column":36}},"type":"default-arg","locations":[{"start":{"line":34,"column":32},"end":{"line":34,"column":36}}],"line":34},"2":{"loc":{"start":{"line":83,"column":21},"end":{"line":85,"column":14}},"type":"cond-expr","locations":[{"start":{"line":84,"column":10},"end":{"line":84,"column":58}},{"start":{"line":85,"column":10},"end":{"line":85,"column":14}}],"line":83},"3":{"loc":{"start":{"line":86,"column":21},"end":{"line":88,"column":14}},"type":"cond-expr","locations":[{"start":{"line":87,"column":10},"end":{"line":87,"column":58}},{"start":{"line":88,"column":10},"end":{"line":88,"column":14}}],"line":86}},"s":{"0":6,"1":1,"2":1,"3":1,"4":1,"5":6,"6":0,"7":6,"8":1,"9":1,"10":1,"11":1,"12":1,"13":1,"14":1,"15":1,"16":6,"17":0,"18":0,"19":0,"20":0,"21":0,"22":0},"f":{"0":1,"1":0,"2":1,"3":0},"b":{"0":[0],"1":[0],"2":[1,0],"3":[1,0]},"_coverageSchema":"1a1c01bbd47fc00a2c39e90264f33305004495a9","hash":"b1a7cf3b8128647ca85d4faddf8d72777d1eab55"}
,"C:\\Users\\aliaa gheis\\Desktop\\backend\\src\\utils\\sendEmail.js": {"path":"C:\\Users\\aliaa gheis\\Desktop\\backend\\src\\utils\\sendEmail.js","statementMap":{"0":{"start":{"line":3,"column":13},"end":{"line":3,"column":56}},"1":{"start":{"line":17,"column":26},"end":{"line":25,"column":1}},"2":{"start":{"line":17,"column":39},"end":{"line":25,"column":1}},"3":{"start":{"line":36,"column":34},"end":{"line":50,"column":1}},"4":{"start":{"line":37,"column":20},"end":{"line":48,"column":5}},"5":{"start":{"line":49,"column":4},"end":{"line":49,"column":38}},"6":{"start":{"line":61,"column":35},"end":{"line":73,"column":1}},"7":{"start":{"line":62,"column":20},"end":{"line":71,"column":5}},"8":{"start":{"line":72,"column":4},"end":{"line":72,"column":38}},"9":{"start":{"line":86,"column":18},"end":{"line":96,"column":1}},"10":{"start":{"line":87,"column":24},"end":{"line":93,"column":5}},"11":{"start":{"line":95,"column":4},"end":{"line":95,"column":44}},"12":{"start":{"line":108,"column":30},"end":{"line":111,"column":1}},"13":{"start":{"line":109,"column":20},"end":{"line":109,"column":57}},"14":{"start":{"line":110,"column":4},"end":{"line":110,"column":70}},"15":{"start":{"line":124,"column":32},"end":{"line":131,"column":1}},"16":{"start":{"line":125,"column":20},"end":{"line":125,"column":44}},"17":{"start":{"line":126,"column":4},"end":{"line":130,"column":6}}},"fnMap":{"0":{"name":"(anonymous_0)","decl":{"start":{"line":17,"column":26},"end":{"line":17,"column":27}},"loc":{"start":{"line":17,"column":39},"end":{"line":25,"column":1}},"line":17},"1":{"name":"(anonymous_1)","decl":{"start":{"line":36,"column":34},"end":{"line":36,"column":35}},"loc":{"start":{"line":36,"column":45},"end":{"line":50,"column":1}},"line":36},"2":{"name":"(anonymous_2)","decl":{"start":{"line":61,"column":35},"end":{"line":61,"column":36}},"loc":{"start":{"line":61,"column":56},"end":{"line":73,"column":1}},"line":61},"3":{"name":"(anonymous_3)","decl":{"start":{"line":86,"column":18},"end":{"line":86,"column":19}},"loc":{"start":{"line":86,"column":54},"end":{"line":96,"column":1}},"line":86},"4":{"name":"(anonymous_4)","decl":{"start":{"line":108,"column":30},"end":{"line":108,"column":31}},"loc":{"start":{"line":108,"column":54},"end":{"line":111,"column":1}},"line":108},"5":{"name":"(anonymous_5)","decl":{"start":{"line":124,"column":32},"end":{"line":124,"column":33}},"loc":{"start":{"line":124,"column":66},"end":{"line":131,"column":1}},"line":124}},"branchMap":{},"s":{"0":6,"1":6,"2":0,"3":6,"4":0,"5":0,"6":6,"7":0,"8":0,"9":6,"10":0,"11":0,"12":6,"13":0,"14":0,"15":6,"16":0,"17":0},"f":{"0":0,"1":0,"2":0,"3":0,"4":0,"5":0},"b":{},"_coverageSchema":"1a1c01bbd47fc00a2c39e90264f33305004495a9","hash":"d911723396e3f722cd9407e495cc24af3149e33c"}
,"C:\\Users\\aliaa gheis\\Desktop\\backend\\src\\validations\\authSchema.js": {"path":"C:\\Users\\aliaa gheis\\Desktop\\backend\\src\\validations\\authSchema.js","statementMap":{"0":{"start":{"line":3,"column":0},"end":{"line":3,"column":17}},"1":{"start":{"line":13,"column":21},"end":{"line":31,"column":2}},"2":{"start":{"line":33,"column":36},"end":{"line":37,"column":2}},"3":{"start":{"line":39,"column":37},"end":{"line":44,"column":2}},"4":{"start":{"line":46,"column":29},"end":{"line":50,"column":2}},"5":{"start":{"line":52,"column":28},"end":{"line":60,"column":2}},"6":{"start":{"line":62,"column":20},"end":{"line":67,"column":2}}},"fnMap":{},"branchMap":{},"s":{"0":6,"1":6,"2":6,"3":6,"4":6,"5":6,"6":6},"f":{},"b":{},"_coverageSchema":"1a1c01bbd47fc00a2c39e90264f33305004495a9","hash":"3827bf72cd3a21fef181b214960105cfd75d5055"}
,"C:\\Users\\aliaa gheis\\Desktop\\backend\\src\\validations\\fields.js": {"path":"C:\\Users\\aliaa gheis\\Desktop\\backend\\src\\validations\\fields.js","statementMap":{"0":{"start":{"line":4,"column":0},"end":{"line":4,"column":17}},"1":{"start":{"line":8,"column":18},"end":{"line":11,"column":39}},"2":{"start":{"line":13,"column":19},"end":{"line":16,"column":40}},"3":{"start":{"line":18,"column":22},"end":{"line":28,"column":43}},"4":{"start":{"line":30,"column":19},"end":{"line":34,"column":40}},"5":{"start":{"line":36,"column":22},"end":{"line":40,"column":43}},"6":{"start":{"line":42,"column":30},"end":{"line":46,"column":46}},"7":{"start":{"line":43,"column":4},"end":{"line":46,"column":46}}},"fnMap":{"0":{"name":"(anonymous_0)","decl":{"start":{"line":42,"column":30},"end":{"line":42,"column":31}},"loc":{"start":{"line":43,"column":4},"end":{"line":46,"column":46}},"line":43}},"branchMap":{},"s":{"0":6,"1":6,"2":6,"3":6,"4":6,"5":6,"6":6,"7":18},"f":{"0":18},"b":{},"_coverageSchema":"1a1c01bbd47fc00a2c39e90264f33305004495a9","hash":"212610247486486162295c27b0aebdfabba2ed79"}
,"C:\\Users\\aliaa gheis\\Desktop\\backend\\src\\validations\\userSchema.js": {"path":"C:\\Users\\aliaa gheis\\Desktop\\backend\\src\\validations\\userSchema.js","statementMap":{"0":{"start":{"line":3,"column":0},"end":{"line":3,"column":17}},"1":{"start":{"line":7,"column":28},"end":{"line":11,"column":2}},"2":{"start":{"line":13,"column":31},"end":{"line":17,"column":2}},"3":{"start":{"line":18,"column":28},"end":{"line":22,"column":2}},"4":{"start":{"line":24,"column":21},"end":{"line":28,"column":2}}},"fnMap":{},"branchMap":{},"s":{"0":6,"1":6,"2":6,"3":6,"4":6},"f":{},"b":{},"_coverageSchema":"1a1c01bbd47fc00a2c39e90264f33305004495a9","hash":"ff9caaed9267fc95f43e532d2e74a9fe89c75faa"}
}
