TN:
SF:src\app.js
FN:26,(anonymous_0)
FN:65,(anonymous_1)
FNF:2
FNH:2
FNDA:30,(anonymous_0)
FNDA:1,(anonymous_1)
DA:26,17
DA:27,30
DA:30,17
DA:31,17
DA:34,17
DA:35,17
DA:37,17
DA:38,17
DA:39,17
DA:40,17
DA:42,17
DA:44,17
DA:45,0
DA:48,17
DA:55,17
DA:56,17
DA:57,17
DA:58,17
DA:60,17
DA:62,17
DA:65,17
DA:66,1
DA:69,17
DA:71,17
LF:24
LH:23
BRDA:44,0,0,0
BRDA:44,0,1,17
BRF:2
BRH:1
end_of_record
TN:
SF:src\prisma.js
FN:5,(anonymous_0)
FNF:1
FNH:1
FNDA:653,(anonymous_0)
DA:3,17
DA:5,17
DA:6,653
DA:7,653
DA:12,325
DA:17,1
DA:19,1
DA:20,1
DA:21,0
DA:23,1
DA:27,325
DA:34,181
DA:35,1
DA:38,653
DA:40,0
DA:41,0
LF:16
LH:13
BRDA:7,0,0,325
BRDA:7,0,1,328
BRDA:8,1,0,653
BRDA:8,1,1,600
BRDA:8,1,2,328
BRDA:12,2,0,1
BRDA:12,2,1,324
BRDA:13,3,0,325
BRDA:13,3,1,324
BRDA:13,3,2,0
BRDA:18,4,0,1
BRDA:18,4,1,0
BRDA:19,5,0,0
BRDA:19,5,1,1
BRDA:20,6,0,0
BRDA:20,6,1,1
BRDA:27,7,0,181
BRDA:27,7,1,144
BRDA:28,8,0,325
BRDA:28,8,1,284
BRDA:28,8,2,175
BRDA:28,8,3,174
BRDA:28,8,4,144
BRDA:34,9,0,180
BRDA:34,9,1,1
BRF:25
BRH:21
end_of_record
TN:
SF:src\config\emailConfig.js
FNF:0
FNH:0
DA:4,17
LF:1
LH:1
BRF:0
BRH:0
end_of_record
TN:
SF:src\config\swaggerConfig.js
FNF:0
FNH:0
LF:0
LH:0
BRF:0
BRH:0
end_of_record
TN:
SF:src\controllers\homeController.js
FN:10,(anonymous_0)
FNF:1
FNH:1
FNDA:1,(anonymous_0)
DA:10,17
DA:12,1
DA:16,1
DA:20,1
DA:24,1
DA:31,1
DA:34,1
DA:42,1
LF:8
LH:8
BRF:0
BRH:0
end_of_record
TN:
SF:src\controllers\interactionController.js
FN:8,(anonymous_0)
FN:31,(anonymous_1)
FN:76,(anonymous_2)
FN:105,(anonymous_3)
FN:117,(anonymous_4)
FN:141,(anonymous_5)
FNF:6
FNH:6
FNDA:3,(anonymous_0)
FNDA:2,(anonymous_1)
FNDA:3,(anonymous_2)
FNDA:1,(anonymous_3)
FNDA:3,(anonymous_4)
FNDA:3,(anonymous_5)
DA:8,17
DA:10,3
DA:13,3
DA:14,1
DA:18,2
DA:22,2
DA:23,1
DA:25,1
DA:29,1
DA:31,17
DA:33,2
DA:36,2
DA:37,1
DA:39,1
DA:40,1
DA:48,1
DA:49,1
DA:50,1
DA:55,1
DA:56,1
DA:57,3
DA:58,3
DA:60,3
DA:64,3
DA:70,1
DA:76,17
DA:77,3
DA:78,3
DA:81,3
DA:82,1
DA:85,2
DA:89,2
DA:90,1
DA:93,1
DA:95,1
DA:97,1
DA:105,1
DA:111,1
DA:117,17
DA:119,3
DA:122,3
DA:123,1
DA:125,2
DA:127,2
DA:131,2
DA:132,1
DA:135,1
DA:136,1
DA:141,17
DA:143,3
DA:146,3
DA:147,1
DA:149,2
DA:151,2
DA:155,2
DA:156,1
DA:159,1
DA:160,1
LF:58
LH:58
BRDA:13,0,0,1
BRDA:13,0,1,2
BRDA:22,1,0,1
BRDA:22,1,1,1
BRDA:36,2,0,1
BRDA:36,2,1,1
BRDA:81,3,0,1
BRDA:81,3,1,2
BRDA:81,4,0,3
BRDA:81,4,1,1
BRDA:81,4,2,0
BRDA:89,5,0,1
BRDA:89,5,1,1
BRDA:122,6,0,1
BRDA:122,6,1,2
BRDA:131,7,0,1
BRDA:131,7,1,1
BRDA:146,8,0,1
BRDA:146,8,1,2
BRDA:155,9,0,1
BRDA:155,9,1,1
BRF:21
BRH:20
end_of_record
TN:
SF:src\controllers\profileController.js
FN:16,(anonymous_0)
FN:44,(anonymous_1)
FNF:2
FNH:2
FNDA:2,(anonymous_0)
FNDA:2,(anonymous_1)
DA:16,17
DA:17,2
DA:18,2
DA:20,1
DA:22,1
DA:23,1
DA:25,1
DA:26,1
DA:29,1
DA:37,1
DA:44,17
DA:45,2
DA:46,2
DA:48,1
DA:50,1
DA:51,1
DA:53,1
DA:54,1
DA:57,1
DA:65,1
LF:20
LH:20
BRDA:18,0,0,1
BRDA:18,0,1,1
BRDA:46,1,0,1
BRDA:46,1,1,1
BRF:4
BRH:4
end_of_record
TN:
SF:src\controllers\trendController.js
FN:9,(anonymous_0)
FNF:1
FNH:1
FNDA:2,(anonymous_0)
DA:9,17
DA:11,2
DA:14,2
DA:16,2
DA:19,2
DA:22,2
DA:30,2
LF:7
LH:7
BRF:0
BRH:0
end_of_record
TN:
SF:src\controllers\tweetController.js
FN:5,(anonymous_0)
FN:24,(anonymous_1)
FN:31,(anonymous_2)
FNF:3
FNH:2
FNDA:2,(anonymous_0)
FNDA:1,(anonymous_1)
FNDA:0,(anonymous_2)
DA:5,17
DA:6,2
DA:7,2
DA:10,2
DA:11,1
DA:13,1
DA:15,1
DA:17,1
DA:24,1
DA:31,1
DA:32,1
LF:11
LH:11
BRDA:10,0,0,1
BRDA:10,0,1,1
BRDA:10,1,0,2
BRDA:10,1,1,1
BRDA:10,1,2,0
BRDA:31,2,0,1
BRDA:31,2,1,0
BRF:7
BRH:5
end_of_record
TN:
SF:src\controllers\userController.js
FN:11,(anonymous_0)
FN:19,(anonymous_1)
FN:27,(anonymous_2)
FN:36,(anonymous_3)
FN:43,(anonymous_4)
FN:62,(anonymous_5)
FN:81,(anonymous_6)
FN:128,(anonymous_7)
FN:175,(anonymous_8)
FN:182,(anonymous_9)
FN:189,(anonymous_10)
FN:207,(anonymous_11)
FN:228,(anonymous_12)
FN:242,(anonymous_13)
FN:292,(anonymous_14)
FN:314,(anonymous_15)
FN:318,(anonymous_16)
FNF:17
FNH:17
FNDA:2,(anonymous_0)
FNDA:2,(anonymous_1)
FNDA:4,(anonymous_2)
FNDA:2,(anonymous_3)
FNDA:3,(anonymous_4)
FNDA:3,(anonymous_5)
FNDA:2,(anonymous_6)
FNDA:2,(anonymous_7)
FNDA:2,(anonymous_8)
FNDA:2,(anonymous_9)
FNDA:3,(anonymous_10)
FNDA:6,(anonymous_11)
FNDA:2,(anonymous_12)
FNDA:1,(anonymous_13)
FNDA:2,(anonymous_14)
FNDA:1,(anonymous_15)
FNDA:3,(anonymous_16)
DA:11,17
DA:12,2
DA:13,2
DA:14,1
DA:16,1
DA:19,17
DA:20,2
DA:21,2
DA:22,1
DA:24,1
DA:27,17
DA:28,4
DA:29,4
DA:30,4
DA:31,1
DA:33,3
DA:36,17
DA:37,2
DA:38,2
DA:39,1
DA:41,1
DA:43,17
DA:44,3
DA:47,3
DA:48,1
DA:50,2
DA:51,2
DA:55,2
DA:56,1
DA:58,1
DA:59,1
DA:62,17
DA:63,3
DA:66,3
DA:67,1
DA:69,2
DA:70,2
DA:74,2
DA:75,1
DA:77,1
DA:78,1
DA:81,17
DA:82,2
DA:83,2
DA:86,2
DA:87,1
DA:89,1
DA:97,1
DA:99,1
DA:100,1
DA:105,1
DA:106,1
DA:107,2
DA:110,2
DA:111,2
DA:115,2
DA:121,1
DA:128,17
DA:129,2
DA:130,2
DA:133,2
DA:134,1
DA:136,1
DA:144,1
DA:145,1
DA:146,1
DA:151,1
DA:152,1
DA:153,2
DA:156,2
DA:158,2
DA:162,2
DA:168,1
DA:175,17
DA:176,2
DA:177,1
DA:178,1
DA:179,1
DA:182,17
DA:183,2
DA:184,1
DA:185,1
DA:186,1
DA:189,17
DA:190,3
DA:192,3
DA:193,0
DA:195,3
DA:207,3
DA:208,6
DA:211,3
DA:212,0
DA:215,3
DA:216,3
DA:217,1
DA:220,3
DA:221,1
DA:224,3
DA:225,3
DA:228,17
DA:229,2
DA:230,2
DA:235,2
DA:236,1
DA:238,1
DA:239,1
DA:242,17
DA:243,1
DA:244,1
DA:245,1
DA:269,1
DA:270,1
DA:271,1
DA:277,1
DA:278,2
DA:279,2
DA:285,1
DA:292,17
DA:293,2
DA:294,0
DA:301,2
DA:302,1
DA:309,1
DA:310,1
DA:311,1
DA:314,17
DA:315,1
DA:318,17
DA:319,3
DA:320,1
DA:321,1
DA:322,1
LF:132
LH:129
BRDA:13,0,0,1
BRDA:13,0,1,1
BRDA:21,1,0,1
BRDA:21,1,1,1
BRDA:30,2,0,1
BRDA:30,2,1,3
BRDA:38,3,0,1
BRDA:38,3,1,1
BRDA:47,4,0,1
BRDA:47,4,1,2
BRDA:55,5,0,1
BRDA:55,5,1,1
BRDA:66,6,0,1
BRDA:66,6,1,2
BRDA:74,7,0,1
BRDA:74,7,1,1
BRDA:86,8,0,1
BRDA:86,8,1,1
BRDA:133,9,0,1
BRDA:133,9,1,1
BRDA:176,10,0,1
BRDA:176,10,1,1
BRDA:183,11,0,1
BRDA:183,11,1,1
BRDA:183,12,0,2
BRDA:183,12,1,2
BRDA:192,13,0,0
BRDA:192,13,1,3
BRDA:192,14,0,3
BRDA:192,14,1,2
BRDA:211,15,0,0
BRDA:211,15,1,3
BRDA:216,16,0,1
BRDA:216,16,1,2
BRDA:220,17,0,1
BRDA:220,17,1,2
BRDA:235,18,0,1
BRDA:235,18,1,1
BRDA:293,19,0,0
BRDA:293,19,1,2
BRDA:301,20,0,1
BRDA:301,20,1,1
BRF:42
BRH:39
end_of_record
TN:
SF:src\controllers\authController\captcha.js
FN:7,(anonymous_0)
FN:23,(anonymous_1)
FNF:2
FNH:0
FNDA:0,(anonymous_0)
FNDA:0,(anonymous_1)
DA:7,17
DA:8,0
DA:9,0
DA:12,0
DA:15,0
DA:20,0
DA:23,0
DA:26,0
DA:27,0
DA:30,0
LF:10
LH:1
BRDA:8,0,0,0
BRDA:8,0,1,0
BRDA:26,1,0,0
BRDA:26,1,1,0
BRDA:26,2,0,0
BRDA:26,2,1,0
BRF:6
BRH:0
end_of_record
TN:
SF:src\controllers\authController\checkEmailVerification.js
FN:3,(anonymous_0)
FNF:1
FNH:1
FNDA:4,(anonymous_0)
DA:3,17
DA:4,4
DA:6,4
DA:8,1
LF:4
LH:4
BRF:0
BRH:0
end_of_record
TN:
SF:src\controllers\authController\checkResetToken.js
FN:3,(anonymous_0)
FNF:1
FNH:1
FNDA:4,(anonymous_0)
DA:3,17
DA:4,4
DA:6,4
DA:8,1
LF:4
LH:4
BRF:0
BRH:0
end_of_record
TN:
SF:src\controllers\authController\forgetPassword.js
FN:11,(anonymous_0)
FNF:1
FNH:1
FNDA:7,(anonymous_0)
DA:11,17
DA:12,7
DA:13,7
DA:15,7
DA:23,7
DA:24,1
DA:27,6
DA:32,1
DA:40,5
DA:42,5
DA:44,5
DA:50,5
LF:12
LH:12
BRDA:23,0,0,1
BRDA:23,0,1,6
BRDA:27,1,0,1
BRDA:27,1,1,5
BRDA:28,2,0,6
BRDA:28,2,1,2
BRDA:28,2,2,2
BRF:7
BRH:7
end_of_record
TN:
SF:src\controllers\authController\googleAuthController.js
FN:12,(anonymous_0)
FN:23,(anonymous_1)
FNF:2
FNH:0
FNDA:0,(anonymous_0)
FNDA:0,(anonymous_1)
DA:6,17
DA:12,17
DA:13,0
DA:18,0
DA:20,0
DA:23,17
DA:24,0
DA:27,0
DA:28,0
DA:29,0
DA:30,0
DA:31,0
DA:33,0
DA:34,0
DA:35,0
LF:15
LH:3
BRDA:24,0,0,0
BRDA:24,0,1,0
BRDA:30,1,0,0
BRDA:30,1,1,0
BRF:4
BRH:0
end_of_record
TN:
SF:src\controllers\authController\index.js
FNF:0
FNH:0
LF:0
LH:0
BRF:0
BRH:0
end_of_record
TN:
SF:src\controllers\authController\login.js
FN:8,(anonymous_0)
FNF:1
FNH:1
FNDA:6,(anonymous_0)
DA:8,17
DA:9,6
DA:11,6
DA:13,6
DA:14,1
DA:16,5
DA:17,5
DA:18,1
DA:20,4
DA:21,4
DA:22,4
LF:11
LH:11
BRDA:13,0,0,1
BRDA:13,0,1,5
BRDA:17,1,0,1
BRDA:17,1,1,4
BRF:4
BRH:4
end_of_record
TN:
SF:src\controllers\authController\logout.js
FN:4,(anonymous_0)
FNF:1
FNH:1
FNDA:3,(anonymous_0)
DA:4,17
DA:5,3
DA:10,3
DA:11,3
DA:12,3
LF:5
LH:5
BRDA:11,0,0,3
BRDA:11,0,1,0
BRF:2
BRH:1
end_of_record
TN:
SF:src\controllers\authController\resetPassword.js
FN:12,(anonymous_0)
FNF:1
FNH:1
FNDA:7,(anonymous_0)
DA:12,17
DA:13,7
DA:14,7
DA:16,7
DA:19,4
DA:20,4
DA:23,4
DA:24,4
DA:26,4
LF:9
LH:9
BRF:0
BRH:0
end_of_record
TN:
SF:src\controllers\authController\sendEmailVerification.js
FN:15,(anonymous_0)
FNF:1
FNH:1
FNDA:3,(anonymous_0)
DA:15,17
DA:16,3
DA:17,3
DA:19,3
DA:21,3
DA:22,1
DA:25,2
DA:28,2
DA:32,0
DA:40,2
DA:43,2
DA:45,2
DA:46,1
DA:51,1
DA:58,2
LF:15
LH:14
BRDA:21,0,0,1
BRDA:21,0,1,2
BRDA:28,1,0,0
BRDA:28,1,1,2
BRDA:29,2,0,2
BRDA:29,2,1,1
BRDA:45,3,0,1
BRDA:45,3,1,1
BRF:8
BRH:7
end_of_record
TN:
SF:src\controllers\authController\signup.js
FN:14,(anonymous_0)
FNF:1
FNH:1
FNDA:4,(anonymous_0)
DA:14,17
DA:16,4
DA:17,4
DA:19,4
DA:24,4
DA:25,1
DA:33,3
DA:36,1
DA:38,1
DA:40,1
DA:41,1
DA:42,1
DA:43,1
DA:46,1
DA:48,1
DA:50,1
DA:58,1
DA:59,0
DA:62,1
DA:65,1
DA:67,1
DA:68,1
DA:69,1
LF:23
LH:22
BRDA:24,0,0,1
BRDA:24,0,1,3
BRDA:43,1,0,1
BRDA:43,1,1,0
BRDA:58,2,0,0
BRDA:58,2,1,1
BRF:6
BRH:4
end_of_record
TN:
SF:src\errors\appError.js
FN:2,(anonymous_0)
FNF:1
FNH:1
FNDA:67,(anonymous_0)
DA:3,67
DA:5,67
DA:8,67
DA:10,67
DA:13,67
LF:5
LH:5
BRDA:8,0,0,67
BRDA:8,0,1,0
BRF:2
BRH:1
end_of_record
TN:
SF:src\errors\globalErrorHandlerMiddleware.js
FN:11,(anonymous_0)
FNF:1
FNH:1
FNDA:67,(anonymous_0)
DA:11,17
DA:13,67
DA:14,67
DA:16,67
DA:20,67
DA:21,0
DA:22,0
LF:7
LH:5
BRDA:13,0,0,67
BRDA:13,0,1,0
BRDA:14,1,0,67
BRDA:14,1,1,0
BRDA:16,2,0,67
BRDA:16,2,1,0
BRDA:17,3,0,67
BRDA:17,3,1,67
BRDA:21,4,0,0
BRDA:21,4,1,0
BRF:10
BRH:5
end_of_record
TN:
SF:src\errors\sendErrorDev.js
FN:8,(anonymous_0)
FNF:1
FNH:1
FNDA:67,(anonymous_0)
DA:8,17
DA:9,67
LF:2
LH:2
BRF:0
BRH:0
end_of_record
TN:
SF:src\errors\sendErrorProd.js
FN:9,(anonymous_0)
FNF:1
FNH:0
FNDA:0,(anonymous_0)
DA:9,17
DA:10,0
DA:11,0
DA:16,0
DA:18,0
LF:5
LH:1
BRDA:10,0,0,0
BRDA:10,0,1,0
BRF:2
BRH:0
end_of_record
TN:
SF:src\errors\sendOperationalErrorProd.js
FN:8,(anonymous_0)
FNF:1
FNH:0
FNDA:0,(anonymous_0)
DA:8,17
DA:9,0
LF:2
LH:1
BRF:0
BRH:0
end_of_record
TN:
SF:src\middlewares\addMedia.js
FN:5,(anonymous_0)
FN:14,(anonymous_1)
FNF:2
FNH:0
FNDA:0,(anonymous_0)
FNDA:0,(anonymous_1)
DA:3,17
DA:7,0
DA:8,0
DA:11,17
DA:15,0
DA:20,0
DA:22,0
LF:7
LH:2
BRDA:15,0,0,0
BRDA:15,0,1,0
BRF:2
BRH:0
end_of_record
TN:
SF:src\middlewares\auth.js
FN:7,(anonymous_0)
FNF:1
FNH:1
FNDA:59,(anonymous_0)
DA:7,17
DA:8,59
DA:9,59
DA:10,0
DA:11,59
DA:12,57
DA:14,2
DA:17,57
DA:18,0
DA:20,57
DA:21,57
DA:22,57
DA:24,0
DA:27,57
DA:29,57
DA:31,57
DA:34,56
DA:36,56
DA:37,2
DA:40,54
DA:41,54
LF:21
LH:18
BRDA:9,0,0,0
BRDA:9,0,1,59
BRDA:11,1,0,57
BRDA:11,1,1,2
BRDA:17,2,0,0
BRDA:17,2,1,57
BRDA:31,3,0,1
BRDA:31,3,1,56
BRDA:36,4,0,2
BRDA:36,4,1,54
BRF:10
BRH:8
end_of_record
TN:
SF:src\middlewares\avatar.js
FN:5,(anonymous_0)
FN:14,(anonymous_1)
FNF:2
FNH:2
FNDA:2,(anonymous_0)
FNDA:2,(anonymous_1)
DA:3,17
DA:7,2
DA:8,2
DA:11,17
DA:15,2
DA:16,0
DA:18,2
LF:7
LH:6
BRDA:15,0,0,0
BRDA:15,0,1,2
BRF:2
BRH:1
end_of_record
TN:
SF:src\middlewares\checkPassword.js
FN:6,(anonymous_0)
FNF:1
FNH:1
FNDA:6,(anonymous_0)
DA:6,17
DA:7,6
DA:9,6
DA:10,3
DA:11,1
DA:12,5
DA:13,2
DA:15,3
LF:8
LH:8
BRDA:9,0,0,3
BRDA:9,0,1,3
BRDA:10,1,0,2
BRDA:10,1,1,1
BRDA:12,2,0,2
BRDA:12,2,1,3
BRF:6
BRH:6
end_of_record
TN:
SF:src\middlewares\validateMiddleware.js
FN:3,(anonymous_0)
FN:3,(anonymous_1)
FNF:2
FNH:2
FNDA:391,(anonymous_0)
FNDA:89,(anonymous_1)
DA:3,391
DA:4,89
DA:5,89
DA:10,76
DA:12,13
LF:5
LH:5
BRF:0
BRH:0
end_of_record
TN:
SF:src\routes\authRoutes.js
FNF:0
FNH:0
DA:1059,17
DA:1061,17
DA:1065,17
DA:1069,17
DA:1071,17
DA:1077,17
DA:1079,17
DA:1085,17
DA:1091,17
DA:1097,17
DA:1103,17
LF:11
LH:11
BRF:0
BRH:0
end_of_record
TN:
SF:src\routes\homeRoutes.js
FNF:0
FNH:0
DA:254,17
DA:256,17
LF:2
LH:2
BRF:0
BRH:0
end_of_record
TN:
SF:src\routes\interactionRoutes.js
FNF:0
FNH:0
DA:1193,17
DA:1194,17
DA:1201,17
DA:1209,17
DA:1217,17
DA:1226,17
DA:1236,17
LF:7
LH:7
BRF:0
BRH:0
end_of_record
TN:
SF:src\routes\trendRoutes.js
FNF:0
FNH:0
DA:268,17
DA:270,17
LF:2
LH:2
BRF:0
BRH:0
end_of_record
TN:
SF:src\routes\tweetRouts.js
FNF:0
FNH:0
DA:332,17
DA:333,17
DA:342,17
LF:3
LH:3
BRF:0
BRH:0
end_of_record
TN:
SF:src\routes\userRoutes.js
FN:3128,(anonymous_0)
FNF:1
FNH:0
FNDA:0,(anonymous_0)
DA:3124,17
DA:3128,17
DA:3129,0
DA:3136,0
DA:3139,17
DA:3142,17
DA:3145,17
DA:3149,17
DA:3150,17
DA:3152,17
DA:3153,17
DA:3155,17
DA:3157,17
DA:3159,17
DA:3161,17
DA:3177,17
DA:3181,17
DA:3183,17
DA:3192,17
DA:3196,17
DA:3204,17
DA:3208,17
LF:22
LH:20
BRF:0
BRH:0
end_of_record
TN:
SF:src\services\authService.js
FN:18,(anonymous_0)
FN:42,(anonymous_1)
FN:61,(anonymous_2)
FNF:3
FNH:3
FNDA:5,(anonymous_0)
FNDA:3,(anonymous_1)
FNDA:56,(anonymous_2)
DA:18,17
DA:19,5
DA:42,17
DA:43,3
DA:44,3
DA:61,17
DA:62,56
LF:7
LH:7
BRF:0
BRH:0
end_of_record
TN:
SF:src\services\emailVerificationTokenService.js
FN:17,(anonymous_0)
FN:35,(anonymous_1)
FN:54,(anonymous_2)
FN:74,(anonymous_3)
FNF:4
FNH:4
FNDA:12,(anonymous_0)
FNDA:1,(anonymous_1)
FNDA:1,(anonymous_2)
FNDA:2,(anonymous_3)
DA:17,17
DA:18,12
DA:35,17
DA:36,1
DA:54,17
DA:55,1
DA:74,17
DA:75,2
LF:8
LH:8
BRF:0
BRH:0
end_of_record
TN:
SF:src\services\index.js
FNF:0
FNH:0
DA:28,17
LF:1
LH:1
BRF:0
BRH:0
end_of_record
TN:
SF:src\services\interactionService.js
FN:16,(anonymous_0)
FN:79,(anonymous_1)
FN:80,(anonymous_2)
FN:87,(anonymous_3)
FN:94,(anonymous_4)
FN:120,(anonymous_5)
FN:124,(anonymous_6)
FN:143,(anonymous_7)
FN:161,(anonymous_8)
FN:182,(anonymous_9)
FN:202,(anonymous_10)
FN:207,(anonymous_11)
FN:222,(anonymous_12)
FN:237,(anonymous_13)
FN:239,(anonymous_14)
FN:258,(anonymous_15)
FN:259,(anonymous_16)
FN:266,(anonymous_17)
FN:273,(anonymous_18)
FN:297,(anonymous_19)
FN:315,(anonymous_20)
FN:336,(anonymous_21)
FNF:22
FNH:17
FNDA:0,(anonymous_0)
FNDA:1,(anonymous_1)
FNDA:0,(anonymous_2)
FNDA:1,(anonymous_3)
FNDA:0,(anonymous_4)
FNDA:2,(anonymous_5)
FNDA:2,(anonymous_6)
FNDA:1,(anonymous_7)
FNDA:2,(anonymous_8)
FNDA:13,(anonymous_9)
FNDA:2,(anonymous_10)
FNDA:2,(anonymous_11)
FNDA:2,(anonymous_12)
FNDA:1,(anonymous_13)
FNDA:3,(anonymous_14)
FNDA:1,(anonymous_15)
FNDA:0,(anonymous_16)
FNDA:1,(anonymous_17)
FNDA:0,(anonymous_18)
FNDA:1,(anonymous_19)
FNDA:4,(anonymous_20)
FNDA:1,(anonymous_21)
DA:16,17
DA:17,0
DA:36,0
DA:53,0
DA:79,17
DA:80,1
DA:82,1
DA:87,1
DA:94,0
DA:106,1
DA:107,1
DA:120,17
DA:121,2
DA:125,2
DA:143,17
DA:144,1
DA:161,17
DA:162,2
DA:169,2
DA:170,1
DA:182,17
DA:183,13
DA:189,13
DA:190,5
DA:202,17
DA:203,2
DA:204,0
DA:206,2
DA:208,2
DA:214,2
DA:215,2
DA:221,2
DA:222,2
DA:224,2
DA:237,17
DA:238,1
DA:240,3
DA:258,17
DA:259,1
DA:261,1
DA:266,1
DA:273,0
DA:286,1
DA:287,1
DA:297,17
DA:298,1
DA:315,17
DA:316,4
DA:324,4
DA:325,2
DA:336,17
DA:337,1
LF:52
LH:46
BRDA:122,0,0,0
BRDA:122,0,1,2
BRDA:169,1,0,1
BRDA:169,1,1,1
BRDA:189,2,0,8
BRDA:189,2,1,5
BRDA:203,3,0,0
BRDA:203,3,1,2
BRDA:203,4,0,2
BRDA:203,4,1,2
BRDA:214,5,0,2
BRDA:214,5,1,0
BRDA:214,6,0,2
BRDA:214,6,1,2
BRDA:222,7,0,2
BRDA:222,7,1,2
BRDA:324,8,0,2
BRDA:324,8,1,2
BRF:18
BRH:15
end_of_record
TN:
SF:src\services\interactionTimelineService.js
FN:66,(anonymous_0)
FN:190,(anonymous_1)
FN:192,(anonymous_2)
FN:259,(anonymous_3)
FN:274,(anonymous_4)
FNF:5
FNH:5
FNDA:1,(anonymous_0)
FNDA:3,(anonymous_1)
FNDA:6,(anonymous_2)
FNDA:1,(anonymous_3)
FNDA:1,(anonymous_4)
DA:66,17
DA:67,1
DA:180,1
DA:190,17
DA:191,3
DA:192,3
DA:194,6
DA:197,6
DA:200,6
DA:226,6
DA:242,6
DA:245,3
DA:259,17
DA:260,1
DA:262,1
DA:274,17
DA:275,1
LF:17
LH:17
BRDA:197,0,0,1
BRDA:197,0,1,5
BRDA:205,1,0,6
BRDA:205,1,1,0
BRDA:226,2,0,5
BRDA:226,2,1,1
BRDA:233,3,0,1
BRDA:233,3,1,0
BRF:8
BRH:6
end_of_record
TN:
SF:src\services\profileService.js
FN:3,(anonymous_0)
FN:18,(anonymous_1)
FN:26,(anonymous_2)
FN:43,(anonymous_3)
FNF:4
FNH:4
FNDA:1,(anonymous_0)
FNDA:1,(anonymous_1)
FNDA:1,(anonymous_2)
FNDA:1,(anonymous_3)
DA:3,17
DA:4,1
DA:18,17
DA:19,1
DA:26,17
DA:27,1
DA:40,1
DA:43,17
DA:44,1
DA:59,1
LF:10
LH:10
BRF:0
BRH:0
end_of_record
TN:
SF:src\services\trendService.js
FN:17,(anonymous_0)
FN:31,(anonymous_1)
FN:48,(anonymous_2)
FN:62,(anonymous_3)
FNF:4
FNH:3
FNDA:2,(anonymous_0)
FNDA:2,(anonymous_1)
FNDA:0,(anonymous_2)
FNDA:2,(anonymous_3)
DA:17,17
DA:18,2
DA:31,2
DA:32,2
DA:48,17
DA:49,0
DA:59,0
DA:62,17
DA:63,2
DA:66,2
LF:10
LH:8
BRF:0
BRH:0
end_of_record
TN:
SF:src\services\userService.js
FN:16,(anonymous_0)
FN:34,(anonymous_1)
FN:58,(anonymous_2)
FN:75,(anonymous_3)
FN:93,(anonymous_4)
FN:130,(anonymous_5)
FN:153,(anonymous_6)
FN:192,(anonymous_7)
FN:222,(anonymous_8)
FN:243,(anonymous_9)
FN:271,(anonymous_10)
FN:293,(anonymous_11)
FN:315,(anonymous_12)
FN:339,(anonymous_13)
FN:359,(anonymous_14)
FN:379,(anonymous_15)
FN:406,(anonymous_16)
FN:426,(anonymous_17)
FN:448,(anonymous_18)
FN:471,(anonymous_19)
FNF:20
FNH:19
FNDA:57,(anonymous_0)
FNDA:6,(anonymous_1)
FNDA:2,(anonymous_2)
FNDA:13,(anonymous_3)
FNDA:6,(anonymous_4)
FNDA:3,(anonymous_5)
FNDA:1,(anonymous_6)
FNDA:29,(anonymous_7)
FNDA:11,(anonymous_8)
FNDA:7,(anonymous_9)
FNDA:5,(anonymous_10)
FNDA:11,(anonymous_11)
FNDA:22,(anonymous_12)
FNDA:1,(anonymous_13)
FNDA:1,(anonymous_14)
FNDA:0,(anonymous_15)
FNDA:1,(anonymous_16)
FNDA:1,(anonymous_17)
FNDA:4,(anonymous_18)
FNDA:1,(anonymous_19)
DA:16,17
DA:17,57
DA:34,17
DA:35,6
DA:58,17
DA:59,2
DA:75,17
DA:76,13
DA:93,17
DA:94,6
DA:130,17
DA:131,3
DA:153,17
DA:161,1
DA:192,17
DA:193,29
DA:209,29
DA:222,17
DA:223,11
DA:231,11
DA:243,17
DA:244,7
DA:257,7
DA:271,17
DA:272,5
DA:293,17
DA:294,11
DA:302,11
DA:315,17
DA:316,22
DA:324,22
DA:325,13
DA:339,17
DA:340,1
DA:359,17
DA:360,1
DA:379,17
DA:380,0
DA:393,0
DA:406,17
DA:407,1
DA:426,17
DA:427,1
DA:448,17
DA:449,4
DA:450,1
DA:452,4
DA:471,17
DA:472,1
LF:49
LH:47
BRDA:192,0,0,0
BRDA:324,1,0,9
BRDA:324,1,1,13
BRDA:449,2,0,1
BRDA:449,2,1,3
BRF:5
BRH:4
end_of_record
TN:
SF:src\test\fixtures\db.js
FN:8,(anonymous_0)
FN:36,(anonymous_1)
FN:60,(anonymous_2)
FN:84,(anonymous_3)
FN:107,(anonymous_4)
FN:135,(anonymous_5)
FN:144,(anonymous_6)
FN:153,(anonymous_7)
FN:162,(anonymous_8)
FN:172,(anonymous_9)
FN:180,(anonymous_10)
FN:191,(anonymous_11)
FN:195,(anonymous_12)
FN:198,(anonymous_13)
FN:201,(anonymous_14)
FN:204,(anonymous_15)
FN:207,(anonymous_16)
FN:216,(anonymous_17)
FN:225,(anonymous_18)
FN:232,(anonymous_19)
FNF:20
FNH:20
FNDA:67,(anonymous_0)
FNDA:19,(anonymous_1)
FNDA:12,(anonymous_2)
FNDA:14,(anonymous_3)
FNDA:10,(anonymous_4)
FNDA:5,(anonymous_5)
FNDA:1,(anonymous_6)
FNDA:9,(anonymous_7)
FNDA:9,(anonymous_8)
FNDA:1,(anonymous_9)
FNDA:2,(anonymous_10)
FNDA:1,(anonymous_11)
FNDA:97,(anonymous_12)
FNDA:22,(anonymous_13)
FNDA:22,(anonymous_14)
FNDA:23,(anonymous_15)
FNDA:7,(anonymous_16)
FNDA:6,(anonymous_17)
FNDA:16,(anonymous_18)
FNDA:3,(anonymous_19)
DA:8,17
DA:9,67
DA:10,67
DA:36,17
DA:37,19
DA:38,19
DA:60,17
DA:61,12
DA:62,12
DA:84,17
DA:85,14
DA:107,17
DA:108,10
DA:135,17
DA:136,5
DA:144,17
DA:145,1
DA:153,17
DA:154,9
DA:162,17
DA:163,9
DA:172,17
DA:173,1
DA:180,17
DA:181,2
DA:191,17
DA:192,1
DA:195,17
DA:196,97
DA:198,17
DA:199,22
DA:201,17
DA:202,22
DA:204,17
DA:205,23
DA:207,17
DA:208,7
DA:216,17
DA:217,6
DA:225,17
DA:226,16
DA:230,16
DA:232,17
DA:234,3
DA:235,5
DA:243,17
LF:46
LH:46
BRDA:162,0,0,8
BRF:1
BRH:1
end_of_record
TN:
SF:src\utils\addAuthCookie.js
FN:13,(anonymous_0)
FNF:1
FNH:1
FNDA:9,(anonymous_0)
DA:13,17
DA:18,9
DA:23,9
DA:27,9
LF:4
LH:4
BRF:0
BRH:0
end_of_record
TN:
SF:src\utils\catchAsync.js
FN:16,(anonymous_0)
FN:24,(anonymous_1)
FNF:2
FNH:2
FNDA:646,(anonymous_0)
FNDA:162,(anonymous_1)
DA:16,17
DA:24,646
DA:25,162
LF:3
LH:3
BRF:0
BRH:0
end_of_record
TN:
SF:src\utils\checkVerificationTokens.js
FN:19,checkVerificationTokens
FNF:1
FNH:1
FNDA:13,checkVerificationTokens
DA:21,13
DA:23,13
LF:2
LH:2
BRF:0
BRH:0
end_of_record
TN:
SF:src\utils\createRandomByteToken.js
FN:21,createRandomByteToken
FNF:1
FNH:1
FNDA:7,createRandomByteToken
DA:22,7
DA:24,7
DA:29,7
LF:3
LH:3
BRDA:21,0,0,0
BRF:1
BRH:0
end_of_record
TN:
SF:src\utils\generateToken.js
FN:19,(anonymous_0)
FNF:1
FNH:1
FNDA:43,(anonymous_0)
DA:19,17
DA:20,43
DA:24,43
LF:3
LH:3
BRF:0
BRH:0
end_of_record
TN:
SF:src\utils\generateUsername.js
FN:1,(anonymous_0)
FNF:1
FNH:1
FNDA:1,(anonymous_0)
DA:1,17
DA:2,1
DA:4,1
DA:6,1
DA:8,1
LF:5
LH:5
BRF:0
BRH:0
end_of_record
TN:
SF:src\utils\getFullUrl.js
FN:19,(anonymous_0)
FNF:1
FNH:1
FNDA:9,(anonymous_0)
DA:19,17
DA:20,9
DA:22,9
LF:3
LH:3
BRF:0
BRH:0
end_of_record
TN:
SF:src\utils\handleWrongEmailVerification.js
FN:29,(anonymous_0)
FNF:1
FNH:1
FNDA:10,(anonymous_0)
DA:29,17
DA:31,10
DA:33,10
DA:34,3
DA:38,7
DA:40,7
DA:42,7
DA:43,1
DA:46,6
DA:47,3
LF:10
LH:10
BRDA:33,0,0,3
BRDA:33,0,1,7
BRDA:42,1,0,1
BRDA:42,1,1,6
BRDA:46,2,0,3
BRDA:46,2,1,3
BRF:6
BRH:6
end_of_record
TN:
SF:src\utils\handleWrongResetToken.js
FN:30,(anonymous_0)
FNF:1
FNH:1
FNDA:11,(anonymous_0)
DA:30,17
DA:32,11
DA:35,11
DA:42,11
DA:43,2
DA:46,9
DA:47,0
DA:50,9
DA:51,2
DA:54,7
DA:55,2
DA:58,5
LF:12
LH:11
BRDA:42,0,0,2
BRDA:42,0,1,9
BRDA:46,1,0,0
BRDA:46,1,1,9
BRDA:50,2,0,2
BRDA:50,2,1,7
BRDA:54,3,0,2
BRDA:54,3,1,5
BRF:8
BRH:7
end_of_record
TN:
SF:src\utils\index.js
FNF:0
FNH:0
LF:0
LH:0
BRF:0
BRH:0
end_of_record
TN:
SF:src\utils\isUUID.js
FN:13,isUUID
FNF:1
FNH:1
FNDA:28,isUUID
DA:18,28
DA:24,28
DA:27,28
DA:30,7
DA:31,5
DA:34,2
LF:6
LH:6
BRDA:27,0,0,21
BRDA:27,0,1,7
BRDA:27,1,0,28
BRDA:27,1,1,11
BRDA:30,2,0,5
BRDA:30,2,1,2
BRDA:30,3,0,7
BRDA:30,3,1,7
BRDA:30,3,2,5
BRF:9
BRH:9
end_of_record
TN:
SF:src\utils\pagination.js
FN:33,(anonymous_0)
FN:51,(anonymous_1)
FN:66,(anonymous_2)
FN:112,(anonymous_3)
FNF:4
FNH:4
FNDA:9,(anonymous_0)
FNDA:4,(anonymous_1)
FNDA:9,(anonymous_2)
FNDA:4,(anonymous_3)
DA:33,17
DA:34,9
DA:36,9
DA:37,9
DA:38,9
DA:40,9
DA:51,17
DA:52,4
DA:66,17
DA:67,9
DA:69,9
DA:70,9
DA:72,9
DA:78,9
DA:84,9
DA:87,9
DA:91,9
DA:112,17
DA:114,4
DA:117,4
DA:120,4
DA:122,4
DA:124,4
DA:127,4
LF:24
LH:24
BRDA:34,0,0,2
BRDA:34,1,0,2
BRDA:84,2,0,3
BRDA:84,2,1,6
BRDA:87,3,0,2
BRDA:87,3,1,7
BRF:6
BRH:6
end_of_record
TN:
SF:src\utils\sendEmail.js
FN:17,(anonymous_0)
FN:36,(anonymous_1)
FN:61,(anonymous_2)
FN:84,(anonymous_3)
FN:113,(anonymous_4)
FN:135,(anonymous_5)
FN:151,(anonymous_6)
FN:172,(anonymous_7)
FNF:8
FNH:0
FNDA:0,(anonymous_0)
FNDA:0,(anonymous_1)
FNDA:0,(anonymous_2)
FNDA:0,(anonymous_3)
FNDA:0,(anonymous_4)
FNDA:0,(anonymous_5)
FNDA:0,(anonymous_6)
FNDA:0,(anonymous_7)
DA:3,17
DA:17,17
DA:36,17
DA:37,0
DA:49,0
DA:61,17
DA:62,0
DA:72,0
DA:84,17
DA:85,0
DA:99,0
DA:113,17
DA:114,0
DA:122,0
DA:135,17
DA:136,0
DA:137,0
DA:151,17
DA:152,0
DA:153,0
DA:172,17
DA:173,0
DA:174,0
LF:23
LH:9
BRF:0
BRH:0
end_of_record
TN:
SF:src\utils\separateMentionsTrends.js
FN:1,(anonymous_0)
FN:14,(anonymous_1)
FN:15,(anonymous_2)
FNF:3
FNH:3
FNDA:2,(anonymous_0)
FNDA:2,(anonymous_1)
FNDA:2,(anonymous_2)
DA:1,17
DA:2,2
DA:3,0
DA:6,2
DA:7,2
DA:10,2
DA:11,2
DA:13,2
DA:14,2
DA:15,2
LF:10
LH:9
BRDA:2,0,0,0
BRDA:2,0,1,2
BRDA:2,1,0,2
BRDA:2,1,1,2
BRDA:10,2,0,2
BRDA:10,2,1,0
BRDA:11,3,0,2
BRDA:11,3,1,0
BRF:8
BRH:5
end_of_record
TN:
SF:src\validations\authSchema.js
FNF:0
FNH:0
DA:3,17
DA:12,17
DA:31,17
DA:37,17
DA:44,17
DA:50,17
DA:60,17
LF:7
LH:7
BRF:0
BRH:0
end_of_record
TN:
SF:src\validations\fields.js
FN:46,(anonymous_0)
FNF:1
FNH:1
FNDA:68,(anonymous_0)
DA:4,17
DA:8,17
DA:13,17
DA:18,17
DA:30,17
DA:36,17
DA:46,17
DA:47,68
LF:8
LH:8
BRF:0
BRH:0
end_of_record
TN:
SF:src\validations\interactionSchema.js
FNF:0
FNH:0
DA:3,17
DA:5,17
DA:14,17
LF:3
LH:3
BRF:0
BRH:0
end_of_record
TN:
SF:src\validations\userSchema.js
FNF:0
FNH:0
DA:3,17
DA:13,17
DA:19,17
DA:27,17
DA:33,17
DA:39,17
DA:72,17
DA:79,17
LF:8
LH:8
BRF:0
BRH:0
end_of_record
