TN:
SF:src\app.js
FN:26,(anonymous_0)
FN:66,(anonymous_1)
FNF:2
FNH:1
FNDA:8,(anonymous_0)
FNDA:0,(anonymous_1)
DA:26,8
DA:27,8
DA:30,8
DA:31,8
DA:34,8
DA:35,8
DA:37,8
DA:38,8
DA:39,8
DA:40,8
DA:42,8
DA:44,8
DA:45,0
DA:48,8
DA:55,8
DA:56,8
DA:57,8
DA:58,8
DA:60,8
DA:62,8
DA:66,8
DA:67,0
DA:70,8
DA:72,8
LF:24
LH:22
BRDA:44,0,0,0
BRDA:44,0,1,8
BRF:2
BRH:1
end_of_record
TN:
SF:src\prisma.js
FN:5,(anonymous_0)
FNF:1
FNH:1
FNDA:272,(anonymous_0)
DA:3,8
DA:5,8
DA:6,272
DA:7,272
DA:13,146
DA:14,1
DA:16,1
DA:17,1
DA:18,0
DA:20,1
DA:24,146
DA:31,89
DA:32,0
DA:35,272
DA:37,0
DA:38,0
LF:16
LH:12
BRDA:7,0,0,146
BRDA:7,0,1,126
BRDA:8,1,0,272
BRDA:8,1,1,271
BRDA:8,1,2,253
BRDA:8,1,3,126
BRDA:13,2,0,1
BRDA:13,2,1,145
BRDA:13,3,0,146
BRDA:13,3,1,145
BRDA:13,3,2,0
BRDA:15,4,0,1
BRDA:15,4,1,0
BRDA:16,5,0,0
BRDA:16,5,1,1
BRDA:17,6,0,0
BRDA:17,6,1,1
BRDA:24,7,0,89
BRDA:24,7,1,57
BRDA:25,8,0,146
BRDA:25,8,1,120
BRDA:25,8,2,80
BRDA:25,8,3,80
BRDA:25,8,4,57
BRDA:31,9,0,89
BRDA:31,9,1,0
BRF:26
BRH:21
end_of_record
TN:
SF:src\config\emailConfig.js
FNF:0
FNH:0
DA:4,8
LF:1
LH:1
BRF:0
BRH:0
end_of_record
TN:
SF:src\config\swaggerConfig.js
FNF:0
FNH:0
LF:0
LH:0
BRF:0
BRH:0
end_of_record
TN:
SF:src\controllers\homeController.js
FN:9,(anonymous_0)
FNF:1
FNH:1
FNDA:1,(anonymous_0)
DA:9,8
DA:11,1
DA:14,1
DA:16,1
DA:20,1
DA:23,1
DA:26,1
DA:34,1
LF:8
LH:8
BRF:0
BRH:0
end_of_record
TN:
SF:src\controllers\interactionController.js
FN:6,(anonymous_0)
FNF:1
FNH:1
FNDA:3,(anonymous_0)
DA:6,8
DA:8,3
DA:11,3
DA:12,1
DA:16,2
DA:20,2
DA:21,1
DA:23,1
DA:27,1
LF:9
LH:9
BRDA:11,0,0,1
BRDA:11,0,1,2
BRDA:20,1,0,1
BRDA:20,1,1,1
BRF:4
BRH:4
end_of_record
TN:
SF:src\controllers\tweetController.js
FN:5,(anonymous_0)
FN:24,(anonymous_1)
FNF:2
FNH:2
FNDA:2,(anonymous_0)
FNDA:1,(anonymous_1)
DA:5,8
DA:6,2
DA:7,2
DA:10,2
DA:11,1
DA:13,1
DA:15,1
DA:17,1
DA:24,1
DA:30,1
LF:10
LH:10
BRDA:10,0,0,1
BRDA:10,0,1,1
BRDA:10,1,0,2
BRDA:10,1,1,1
BRDA:10,1,2,0
BRF:5
BRH:4
end_of_record
TN:
SF:src\controllers\userController.js
FN:5,(anonymous_0)
FN:13,(anonymous_1)
FN:21,(anonymous_2)
FN:30,(anonymous_3)
FN:37,(anonymous_4)
FN:56,(anonymous_5)
FN:75,(anonymous_6)
FN:113,(anonymous_7)
FN:150,(anonymous_8)
FN:157,(anonymous_9)
FN:164,(anonymous_10)
FN:178,(anonymous_11)
FNF:12
FNH:8
FNDA:2,(anonymous_0)
FNDA:2,(anonymous_1)
FNDA:4,(anonymous_2)
FNDA:2,(anonymous_3)
FNDA:0,(anonymous_4)
FNDA:0,(anonymous_5)
FNDA:0,(anonymous_6)
FNDA:0,(anonymous_7)
FNDA:2,(anonymous_8)
FNDA:2,(anonymous_9)
FNDA:3,(anonymous_10)
FNDA:2,(anonymous_11)
DA:5,8
DA:6,2
DA:7,2
DA:8,1
DA:10,1
DA:13,8
DA:14,2
DA:15,2
DA:16,1
DA:18,1
DA:21,8
DA:22,4
DA:23,4
DA:24,4
DA:25,1
DA:27,3
DA:30,8
DA:31,2
DA:32,2
DA:33,1
DA:35,1
DA:37,8
DA:38,0
DA:41,0
DA:42,0
DA:44,0
DA:45,0
DA:49,0
DA:50,0
DA:52,0
DA:53,0
DA:56,8
DA:57,0
DA:60,0
DA:61,0
DA:63,0
DA:64,0
DA:68,0
DA:69,0
DA:71,0
DA:72,0
DA:75,8
DA:76,0
DA:79,0
DA:80,0
DA:82,0
DA:90,0
DA:92,0
DA:93,0
DA:98,0
DA:99,0
DA:100,0
DA:103,0
DA:106,0
DA:113,8
DA:114,0
DA:117,0
DA:118,0
DA:120,0
DA:128,0
DA:129,0
DA:130,0
DA:135,0
DA:136,0
DA:137,0
DA:140,0
DA:143,0
DA:150,8
DA:151,2
DA:152,1
DA:153,1
DA:154,1
DA:157,8
DA:158,2
DA:159,1
DA:160,1
DA:161,1
DA:164,8
DA:165,3
DA:166,3
DA:167,1
DA:170,3
DA:171,1
DA:174,3
DA:175,3
DA:178,8
DA:179,2
DA:180,2
DA:185,2
DA:186,1
DA:188,1
DA:189,1
LF:92
LH:50
BRDA:7,0,0,1
BRDA:7,0,1,1
BRDA:15,1,0,1
BRDA:15,1,1,1
BRDA:24,2,0,1
BRDA:24,2,1,3
BRDA:32,3,0,1
BRDA:32,3,1,1
BRDA:41,4,0,0
BRDA:41,4,1,0
BRDA:49,5,0,0
BRDA:49,5,1,0
BRDA:60,6,0,0
BRDA:60,6,1,0
BRDA:68,7,0,0
BRDA:68,7,1,0
BRDA:79,8,0,0
BRDA:79,8,1,0
BRDA:117,9,0,0
BRDA:117,9,1,0
BRDA:151,10,0,1
BRDA:151,10,1,1
BRDA:158,11,0,1
BRDA:158,11,1,1
BRDA:158,12,0,2
BRDA:158,12,1,2
BRDA:166,13,0,1
BRDA:166,13,1,2
BRDA:170,14,0,1
BRDA:170,14,1,2
BRDA:185,15,0,1
BRDA:185,15,1,1
BRF:32
BRH:20
end_of_record
TN:
SF:src\controllers\authController\captcha.js
FN:7,(anonymous_0)
FN:23,(anonymous_1)
FNF:2
FNH:0
FNDA:0,(anonymous_0)
FNDA:0,(anonymous_1)
DA:7,8
DA:8,0
DA:9,0
DA:12,0
DA:15,0
DA:20,0
DA:23,0
DA:26,0
DA:27,0
DA:30,0
LF:10
LH:1
BRDA:8,0,0,0
BRDA:8,0,1,0
BRDA:26,1,0,0
BRDA:26,1,1,0
BRDA:26,2,0,0
BRDA:26,2,1,0
BRF:6
BRH:0
end_of_record
TN:
SF:src\controllers\authController\checkEmailVerification.js
FN:3,(anonymous_0)
FNF:1
FNH:0
FNDA:0,(anonymous_0)
DA:3,8
DA:4,0
DA:6,0
DA:8,0
LF:4
LH:1
BRF:0
BRH:0
end_of_record
TN:
SF:src\controllers\authController\checkResetToken.js
FN:3,(anonymous_0)
FNF:1
FNH:0
FNDA:0,(anonymous_0)
DA:3,8
DA:4,0
DA:6,0
DA:8,0
LF:4
LH:1
BRF:0
BRH:0
end_of_record
TN:
SF:src\controllers\authController\forgetPassword.js
FN:11,(anonymous_0)
FNF:1
FNH:1
FNDA:7,(anonymous_0)
DA:11,8
DA:12,7
DA:13,7
DA:15,7
DA:23,7
DA:24,1
DA:27,6
DA:32,1
DA:40,5
DA:42,5
DA:44,5
DA:50,5
LF:12
LH:12
BRDA:23,0,0,1
BRDA:23,0,1,6
BRDA:27,1,0,1
BRDA:27,1,1,5
BRDA:28,2,0,6
BRDA:28,2,1,2
BRDA:28,2,2,2
BRF:7
BRH:7
end_of_record
TN:
SF:src\controllers\authController\googleAuthController.js
FN:14,(anonymous_0)
FN:26,(anonymous_1)
FNF:2
FNH:0
FNDA:0,(anonymous_0)
FNDA:0,(anonymous_1)
DA:8,8
DA:14,8
DA:16,0
DA:21,0
DA:23,0
DA:26,8
DA:29,0
DA:30,0
DA:31,0
DA:32,0
DA:33,0
DA:34,0
DA:36,0
DA:37,0
DA:38,0
LF:15
LH:3
BRDA:33,0,0,0
BRDA:33,0,1,0
BRF:2
BRH:0
end_of_record
TN:
SF:src\controllers\authController\index.js
FNF:0
FNH:0
LF:0
LH:0
BRF:0
BRH:0
end_of_record
TN:
SF:src\controllers\authController\login.js
FN:8,(anonymous_0)
FNF:1
FNH:1
FNDA:3,(anonymous_0)
DA:8,8
DA:9,3
DA:11,3
DA:13,3
DA:14,0
DA:16,3
DA:17,3
DA:18,1
DA:20,2
DA:21,2
DA:22,2
LF:11
LH:10
BRDA:13,0,0,0
BRDA:13,0,1,3
BRDA:17,1,0,1
BRDA:17,1,1,2
BRF:4
BRH:3
end_of_record
TN:
SF:src\controllers\authController\logout.js
FN:4,(anonymous_0)
FNF:1
FNH:1
FNDA:3,(anonymous_0)
DA:4,8
DA:5,3
DA:10,3
DA:11,3
DA:12,3
LF:5
LH:5
BRDA:11,0,0,3
BRDA:11,0,1,0
BRF:2
BRH:1
end_of_record
TN:
SF:src\controllers\authController\resetPassword.js
FN:11,(anonymous_0)
FNF:1
FNH:1
FNDA:7,(anonymous_0)
DA:11,8
DA:12,7
DA:13,7
DA:15,7
DA:18,4
DA:19,4
DA:22,4
DA:24,4
LF:8
LH:8
BRF:0
BRH:0
end_of_record
TN:
SF:src\controllers\authController\sendEmailVerification.js
FN:15,(anonymous_0)
FNF:1
FNH:1
FNDA:5,(anonymous_0)
DA:15,8
DA:16,5
DA:17,5
DA:19,5
DA:21,5
DA:22,1
DA:25,4
DA:28,4
DA:32,1
DA:40,3
DA:43,3
DA:45,3
DA:46,1
DA:51,2
DA:58,3
LF:15
LH:15
BRDA:21,0,0,1
BRDA:21,0,1,4
BRDA:28,1,0,1
BRDA:28,1,1,3
BRDA:29,2,0,4
BRDA:29,2,1,2
BRDA:45,3,0,1
BRDA:45,3,1,2
BRF:8
BRH:8
end_of_record
TN:
SF:src\controllers\authController\signup.js
FN:13,(anonymous_0)
FNF:1
FNH:0
FNDA:0,(anonymous_0)
DA:13,8
DA:21,0
DA:23,0
DA:28,0
DA:29,0
DA:37,0
DA:40,0
DA:44,0
DA:46,0
DA:54,0
DA:55,0
DA:59,0
DA:61,0
DA:63,0
DA:64,0
DA:65,0
LF:16
LH:1
BRDA:28,0,0,0
BRDA:28,0,1,0
BRDA:40,1,0,0
BRDA:40,1,1,0
BRDA:54,2,0,0
BRDA:54,2,1,0
BRF:6
BRH:0
end_of_record
TN:
SF:src\errors\appError.js
FN:2,(anonymous_0)
FNF:1
FNH:1
FNDA:31,(anonymous_0)
DA:3,31
DA:5,31
DA:8,31
DA:10,31
DA:13,31
LF:5
LH:5
BRDA:8,0,0,31
BRDA:8,0,1,0
BRF:2
BRH:1
end_of_record
TN:
SF:src\errors\globalErrorHandlerMiddleware.js
FN:11,(anonymous_0)
FNF:1
FNH:1
FNDA:31,(anonymous_0)
DA:11,8
DA:13,31
DA:14,31
DA:16,31
DA:17,31
DA:18,0
DA:19,0
LF:7
LH:5
BRDA:13,0,0,31
BRDA:13,0,1,0
BRDA:14,1,0,31
BRDA:14,1,1,0
BRDA:16,2,0,31
BRDA:16,2,1,0
BRDA:16,3,0,31
BRDA:16,3,1,31
BRDA:18,4,0,0
BRDA:18,4,1,0
BRF:10
BRH:5
end_of_record
TN:
SF:src\errors\sendErrorDev.js
FN:8,(anonymous_0)
FNF:1
FNH:1
FNDA:31,(anonymous_0)
DA:8,8
DA:9,31
LF:2
LH:2
BRF:0
BRH:0
end_of_record
TN:
SF:src\errors\sendErrorProd.js
FN:9,(anonymous_0)
FNF:1
FNH:0
FNDA:0,(anonymous_0)
DA:9,8
DA:10,0
DA:11,0
DA:16,0
DA:18,0
LF:5
LH:1
BRDA:10,0,0,0
BRDA:10,0,1,0
BRF:2
BRH:0
end_of_record
TN:
SF:src\errors\sendOperationalErrorProd.js
FN:8,(anonymous_0)
FNF:1
FNH:0
FNDA:0,(anonymous_0)
DA:8,8
DA:9,0
LF:2
LH:1
BRF:0
BRH:0
end_of_record
TN:
SF:src\middlewares\addMedia.js
FN:5,(anonymous_0)
FN:14,(anonymous_1)
FNF:2
FNH:0
FNDA:0,(anonymous_0)
FNDA:0,(anonymous_1)
DA:3,8
DA:7,0
DA:8,0
DA:11,8
DA:15,0
DA:16,0
DA:18,0
LF:7
LH:2
BRDA:15,0,0,0
BRDA:15,0,1,0
BRF:2
BRH:0
end_of_record
TN:
SF:src\middlewares\auth.js
FN:6,(anonymous_0)
FNF:1
FNH:1
FNDA:25,(anonymous_0)
DA:6,8
DA:7,25
DA:8,25
DA:9,0
DA:10,25
DA:11,24
DA:13,1
DA:16,24
DA:17,0
DA:20,24
DA:22,24
DA:27,24
DA:30,23
DA:36,23
DA:37,2
DA:40,21
DA:41,21
LF:17
LH:15
BRDA:8,0,0,0
BRDA:8,0,1,25
BRDA:10,1,0,24
BRDA:10,1,1,1
BRDA:16,2,0,0
BRDA:16,2,1,24
BRDA:27,3,0,1
BRDA:27,3,1,23
BRDA:36,4,0,2
BRDA:36,4,1,21
BRF:10
BRH:8
end_of_record
TN:
SF:src\middlewares\avatar.js
FN:5,(anonymous_0)
FN:14,(anonymous_1)
FNF:2
FNH:2
FNDA:2,(anonymous_0)
FNDA:2,(anonymous_1)
DA:3,8
DA:7,2
DA:8,2
DA:11,8
DA:15,2
DA:16,0
DA:18,2
LF:7
LH:6
BRDA:15,0,0,0
BRDA:15,0,1,2
BRF:2
BRH:1
end_of_record
TN:
SF:src\middlewares\validateMiddleware.js
FN:3,(anonymous_0)
FN:3,(anonymous_1)
FNF:2
FNH:2
FNDA:112,(anonymous_0)
FNDA:49,(anonymous_1)
DA:3,112
DA:4,49
DA:5,49
DA:10,40
DA:12,9
LF:5
LH:5
BRF:0
BRH:0
end_of_record
TN:
SF:src\routes\authRoutes.js
FNF:0
FNH:0
DA:1057,8
DA:1059,8
DA:1067,8
DA:1071,8
DA:1073,8
DA:1079,8
DA:1081,8
DA:1087,8
DA:1093,8
DA:1099,8
DA:1105,8
LF:11
LH:11
BRF:0
BRH:0
end_of_record
TN:
SF:src\routes\homeRoutes.js
FNF:0
FNH:0
DA:230,8
DA:232,8
LF:2
LH:2
BRF:0
BRH:0
end_of_record
TN:
SF:src\routes\interactionRoutes.js
FNF:0
FNH:0
DA:1090,8
DA:1091,8
DA:1095,8
LF:3
LH:3
BRF:0
BRH:0
end_of_record
TN:
SF:src\routes\trendRoutes.js
FNF:0
FNH:0
DA:262,8
DA:264,8
LF:2
LH:2
BRF:0
BRH:0
end_of_record
TN:
SF:src\routes\tweetRouts.js
FNF:0
FNH:0
DA:324,8
DA:325,8
DA:334,8
LF:3
LH:3
BRF:0
BRH:0
end_of_record
TN:
SF:src\routes\userRoutes.js
FN:2609,(anonymous_0)
FNF:1
FNH:0
FNDA:0,(anonymous_0)
DA:2605,8
DA:2609,8
DA:2610,0
DA:2617,0
DA:2620,8
DA:2623,8
DA:2626,8
DA:2630,8
DA:2631,8
DA:2633,8
DA:2634,8
DA:2636,8
DA:2638,8
DA:2640,8
DA:2642,8
DA:2658,8
LF:16
LH:14
BRF:0
BRH:0
end_of_record
TN:
SF:src\services\authService.js
FN:3,(anonymous_0)
FN:18,(anonymous_1)
FNF:2
FNH:2
FNDA:5,(anonymous_0)
FNDA:3,(anonymous_1)
DA:3,8
DA:4,5
DA:18,8
DA:19,3
DA:20,3
LF:5
LH:5
BRF:0
BRH:0
end_of_record
TN:
SF:src\services\emailVerificationTokenService.js
FN:3,(anonymous_0)
FN:11,(anonymous_1)
FN:20,(anonymous_2)
FN:31,(anonymous_3)
FNF:4
FNH:3
FNDA:4,(anonymous_0)
FNDA:2,(anonymous_1)
FNDA:1,(anonymous_2)
FNDA:0,(anonymous_3)
DA:3,8
DA:4,4
DA:11,8
DA:12,2
DA:20,8
DA:21,1
DA:31,8
DA:32,0
LF:8
LH:7
BRF:0
BRH:0
end_of_record
TN:
SF:src\services\interactionService.js
FN:63,(anonymous_0)
FN:120,(anonymous_1)
FN:229,(anonymous_2)
FN:230,(anonymous_3)
FN:237,(anonymous_4)
FN:244,(anonymous_5)
FN:259,(anonymous_6)
FN:284,(anonymous_7)
FN:291,(anonymous_8)
FN:302,(anonymous_9)
FN:312,(anonymous_10)
FN:314,(anonymous_11)
FN:329,(anonymous_12)
FN:342,(anonymous_13)
FN:344,(anonymous_14)
FN:406,(anonymous_15)
FN:422,(anonymous_16)
FN:424,(anonymous_17)
FN:440,(anonymous_18)
FNF:19
FNH:16
FNDA:0,(anonymous_0)
FNDA:1,(anonymous_1)
FNDA:1,(anonymous_2)
FNDA:0,(anonymous_3)
FNDA:1,(anonymous_4)
FNDA:0,(anonymous_5)
FNDA:1,(anonymous_6)
FNDA:1,(anonymous_7)
FNDA:2,(anonymous_8)
FNDA:3,(anonymous_9)
FNDA:1,(anonymous_10)
FNDA:1,(anonymous_11)
FNDA:1,(anonymous_12)
FNDA:1,(anonymous_13)
FNDA:2,(anonymous_14)
FNDA:1,(anonymous_15)
FNDA:1,(anonymous_16)
FNDA:3,(anonymous_17)
FNDA:1,(anonymous_18)
DA:63,8
DA:64,0
DA:83,0
DA:100,0
DA:120,8
DA:121,1
DA:226,1
DA:229,8
DA:230,1
DA:232,1
DA:237,1
DA:244,0
DA:256,1
DA:257,1
DA:259,8
DA:260,1
DA:261,1
DA:264,1
DA:265,1
DA:272,0
DA:280,0
DA:284,8
DA:285,1
DA:291,8
DA:292,2
DA:299,2
DA:300,1
DA:302,8
DA:303,3
DA:309,3
DA:310,1
DA:312,8
DA:313,1
DA:315,1
DA:321,1
DA:322,1
DA:328,1
DA:329,1
DA:331,1
DA:342,8
DA:343,1
DA:344,1
DA:346,2
DA:349,2
DA:352,2
DA:373,2
DA:389,2
DA:392,1
DA:406,8
DA:407,1
DA:409,1
DA:422,8
DA:423,1
DA:425,3
DA:440,8
DA:441,1
LF:56
LH:50
BRDA:264,0,0,1
BRDA:264,0,1,0
BRDA:299,1,0,1
BRDA:299,1,1,1
BRDA:309,2,0,2
BRDA:309,2,1,1
BRDA:321,3,0,1
BRDA:321,3,1,0
BRDA:321,4,0,1
BRDA:321,4,1,1
BRDA:329,5,0,1
BRDA:329,5,1,1
BRDA:349,6,0,1
BRDA:349,6,1,1
BRDA:357,7,0,2
BRDA:357,7,1,0
BRDA:373,8,0,1
BRDA:373,8,1,1
BRDA:380,9,0,1
BRDA:380,9,1,0
BRF:20
BRH:16
end_of_record
TN:
SF:src\services\userService.js
FN:11,(anonymous_0)
FN:33,(anonymous_1)
FN:48,(anonymous_2)
FN:64,(anonymous_3)
FN:99,(anonymous_4)
FN:120,(anonymous_5)
FN:149,(anonymous_6)
FN:169,(anonymous_7)
FN:181,(anonymous_8)
FN:197,(anonymous_9)
FN:218,(anonymous_10)
FN:237,(anonymous_11)
FN:258,(anonymous_12)
FN:275,(anonymous_13)
FN:293,(anonymous_14)
FN:317,(anonymous_15)
FN:335,(anonymous_16)
FN:346,(anonymous_17)
FNF:18
FNH:12
FNDA:2,(anonymous_0)
FNDA:2,(anonymous_1)
FNDA:2,(anonymous_2)
FNDA:2,(anonymous_3)
FNDA:5,(anonymous_4)
FNDA:0,(anonymous_5)
FNDA:21,(anonymous_6)
FNDA:7,(anonymous_7)
FNDA:0,(anonymous_8)
FNDA:4,(anonymous_9)
FNDA:3,(anonymous_10)
FNDA:0,(anonymous_11)
FNDA:0,(anonymous_12)
FNDA:0,(anonymous_13)
FNDA:0,(anonymous_14)
FNDA:1,(anonymous_15)
FNDA:1,(anonymous_16)
FNDA:4,(anonymous_17)
DA:11,8
DA:12,2
DA:33,8
DA:34,2
DA:48,8
DA:49,2
DA:64,8
DA:65,2
DA:99,8
DA:100,5
DA:120,8
DA:128,0
DA:149,8
DA:150,21
DA:166,21
DA:169,8
DA:170,7
DA:178,7
DA:181,8
DA:182,0
DA:194,0
DA:197,8
DA:198,4
DA:218,8
DA:219,3
DA:224,3
DA:237,8
DA:238,0
DA:247,0
DA:258,8
DA:259,0
DA:275,8
DA:276,0
DA:293,8
DA:294,0
DA:307,0
DA:317,8
DA:318,1
DA:335,8
DA:336,1
DA:346,8
DA:347,4
DA:348,1
DA:350,4
LF:44
LH:35
BRDA:149,0,0,0
BRDA:347,1,0,1
BRDA:347,1,1,3
BRF:3
BRH:2
end_of_record
TN:
SF:src\test\fixtures\db.js
FN:8,(anonymous_0)
FN:34,(anonymous_1)
FN:58,(anonymous_2)
FN:82,(anonymous_3)
FN:105,(anonymous_4)
FN:133,(anonymous_5)
FN:142,(anonymous_6)
FN:151,(anonymous_7)
FN:160,(anonymous_8)
FN:171,(anonymous_9)
FN:175,(anonymous_10)
FN:178,(anonymous_11)
FN:182,(anonymous_12)
FN:186,(anonymous_13)
FN:189,(anonymous_14)
FN:197,(anonymous_15)
FNF:16
FNH:14
FNDA:26,(anonymous_0)
FNDA:9,(anonymous_1)
FNDA:5,(anonymous_2)
FNDA:3,(anonymous_3)
FNDA:3,(anonymous_4)
FNDA:1,(anonymous_5)
FNDA:1,(anonymous_6)
FNDA:0,(anonymous_7)
FNDA:0,(anonymous_8)
FNDA:16,(anonymous_9)
FNDA:41,(anonymous_10)
FNDA:4,(anonymous_11)
FNDA:21,(anonymous_12)
FNDA:4,(anonymous_13)
FNDA:2,(anonymous_14)
FNDA:5,(anonymous_15)
DA:8,8
DA:9,26
DA:10,26
DA:34,8
DA:35,9
DA:36,9
DA:58,8
DA:59,5
DA:60,5
DA:82,8
DA:83,3
DA:105,8
DA:106,3
DA:133,8
DA:134,1
DA:142,8
DA:143,1
DA:151,8
DA:152,0
DA:160,8
DA:161,0
DA:171,8
DA:172,16
DA:175,8
DA:176,41
DA:178,8
DA:179,4
DA:182,8
DA:183,21
DA:186,8
DA:187,4
DA:189,8
DA:190,2
DA:197,8
DA:198,5
DA:202,5
DA:204,8
LF:37
LH:35
BRF:0
BRH:0
end_of_record
TN:
SF:src\utils\addAuthCookie.js
FN:13,(anonymous_0)
FNF:1
FNH:1
FNDA:6,(anonymous_0)
DA:13,8
DA:18,6
DA:23,6
DA:27,6
LF:4
LH:4
BRF:0
BRH:0
end_of_record
TN:
SF:src\utils\catchAsync.js
FN:16,(anonymous_0)
FN:24,(anonymous_1)
FNF:2
FNH:2
FNDA:208,(anonymous_0)
FNDA:75,(anonymous_1)
DA:16,8
DA:24,208
DA:25,75
LF:3
LH:3
BRF:0
BRH:0
end_of_record
TN:
SF:src\utils\checkVerificationTokens.js
FN:19,checkVerificationTokens
FNF:1
FNH:1
FNDA:5,checkVerificationTokens
DA:21,5
DA:23,5
LF:2
LH:2
BRF:0
BRH:0
end_of_record
TN:
SF:src\utils\createRandomByteToken.js
FN:21,createRandomByteToken
FNF:1
FNH:1
FNDA:8,createRandomByteToken
DA:22,8
DA:24,8
DA:29,8
LF:3
LH:3
BRDA:21,0,0,0
BRF:1
BRH:0
end_of_record
TN:
SF:src\utils\generateToken.js
FN:19,(anonymous_0)
FNF:1
FNH:1
FNDA:14,(anonymous_0)
DA:19,8
DA:20,14
DA:24,14
LF:3
LH:3
BRF:0
BRH:0
end_of_record
TN:
SF:src\utils\getFullUrl.js
FN:19,(anonymous_0)
FNF:1
FNH:1
FNDA:1,(anonymous_0)
DA:19,8
DA:20,1
DA:22,1
LF:3
LH:3
BRF:0
BRH:0
end_of_record
TN:
SF:src\utils\handleWrongEmailVerification.js
FN:29,(anonymous_0)
FNF:1
FNH:0
FNDA:0,(anonymous_0)
DA:29,8
DA:31,0
DA:33,0
DA:34,0
DA:38,0
DA:40,0
DA:42,0
DA:43,0
DA:46,0
DA:47,0
LF:10
LH:1
BRDA:33,0,0,0
BRDA:33,0,1,0
BRDA:42,1,0,0
BRDA:42,1,1,0
BRDA:46,2,0,0
BRDA:46,2,1,0
BRF:6
BRH:0
end_of_record
TN:
SF:src\utils\handleWrongResetToken.js
FN:30,(anonymous_0)
FNF:1
FNH:1
FNDA:7,(anonymous_0)
DA:30,8
DA:32,7
DA:35,7
DA:42,7
DA:43,1
DA:46,6
DA:47,0
DA:50,6
DA:51,1
DA:54,5
DA:55,1
DA:58,4
LF:12
LH:11
BRDA:42,0,0,1
BRDA:42,0,1,6
BRDA:46,1,0,0
BRDA:46,1,1,6
BRDA:50,2,0,1
BRDA:50,2,1,5
BRDA:54,3,0,1
BRDA:54,3,1,4
BRF:8
BRH:7
end_of_record
TN:
SF:src\utils\index.js
FNF:0
FNH:0
LF:0
LH:0
BRF:0
BRH:0
end_of_record
TN:
SF:src\utils\isUUID.js
FN:13,isUUID
FNF:1
FNH:1
FNDA:25,isUUID
DA:18,25
DA:24,25
DA:27,25
DA:30,6
DA:31,4
DA:34,2
LF:6
LH:6
BRDA:27,0,0,19
BRDA:27,0,1,6
BRDA:27,1,0,25
BRDA:27,1,1,10
BRDA:30,2,0,4
BRDA:30,2,1,2
BRDA:30,3,0,6
BRDA:30,3,1,6
BRDA:30,3,2,4
BRF:9
BRH:9
end_of_record
TN:
SF:src\utils\pagination.js
FN:33,(anonymous_0)
FN:50,(anonymous_1)
FN:65,(anonymous_2)
FN:111,(anonymous_3)
FNF:4
FNH:2
FNDA:1,(anonymous_0)
FNDA:0,(anonymous_1)
FNDA:1,(anonymous_2)
FNDA:0,(anonymous_3)
DA:33,8
DA:34,1
DA:36,1
DA:37,1
DA:39,1
DA:50,8
DA:51,0
DA:65,8
DA:66,1
DA:68,1
DA:69,1
DA:71,1
DA:77,1
DA:83,1
DA:86,1
DA:90,1
DA:111,8
DA:113,0
DA:116,0
DA:119,0
DA:121,0
DA:123,0
DA:126,0
LF:23
LH:16
BRDA:34,0,0,0
BRDA:34,1,0,0
BRDA:83,2,0,1
BRDA:83,2,1,0
BRDA:86,3,0,1
BRDA:86,3,1,0
BRF:6
BRH:2
end_of_record
TN:
SF:src\utils\sendEmail.js
FN:17,(anonymous_0)
FN:36,(anonymous_1)
FN:61,(anonymous_2)
FN:86,(anonymous_3)
FN:108,(anonymous_4)
FN:124,(anonymous_5)
FNF:6
FNH:0
FNDA:0,(anonymous_0)
FNDA:0,(anonymous_1)
FNDA:0,(anonymous_2)
FNDA:0,(anonymous_3)
FNDA:0,(anonymous_4)
FNDA:0,(anonymous_5)
DA:3,8
DA:17,8
DA:36,8
DA:37,0
DA:49,0
DA:61,8
DA:62,0
DA:72,0
DA:86,8
DA:87,0
DA:95,0
DA:108,8
DA:109,0
DA:110,0
DA:124,8
DA:125,0
DA:126,0
LF:17
LH:7
BRF:0
BRH:0
end_of_record
TN:
SF:src\utils\separateMentionsTrends.js
FN:1,(anonymous_0)
FN:11,(anonymous_1)
FN:12,(anonymous_2)
FNF:3
FNH:3
FNDA:1,(anonymous_0)
FNDA:1,(anonymous_1)
FNDA:1,(anonymous_2)
DA:1,8
DA:3,1
DA:4,1
DA:7,1
DA:8,1
DA:10,1
DA:11,1
DA:12,1
LF:8
LH:8
BRDA:7,0,0,1
BRDA:7,0,1,0
BRDA:8,1,0,1
BRDA:8,1,1,0
BRF:4
BRH:2
end_of_record
TN:
SF:src\validations\authSchema.js
FNF:0
FNH:0
DA:3,8
DA:13,8
DA:33,8
DA:39,8
DA:46,8
DA:52,8
DA:62,8
LF:7
LH:7
BRF:0
BRH:0
end_of_record
TN:
SF:src\validations\fields.js
FN:42,(anonymous_0)
FNF:1
FNH:1
FNDA:24,(anonymous_0)
DA:4,8
DA:8,8
DA:13,8
DA:18,8
DA:30,8
DA:36,8
DA:42,8
DA:43,24
LF:8
LH:8
BRF:0
BRH:0
end_of_record
TN:
SF:src\validations\tweetSchema.js
FNF:0
FNH:0
DA:3,8
DA:6,8
LF:2
LH:2
BRF:0
BRH:0
end_of_record
TN:
SF:src\validations\userSchema.js
FNF:0
FNH:0
DA:3,8
DA:9,8
DA:15,8
DA:20,8
DA:26,8
DA:32,8
LF:6
LH:6
BRF:0
BRH:0
end_of_record
